[1.984s] Invoking command in '/home/submarine/ros_ws/src/orientation_package': DEBUGINFOD_URLS=https://debuginfod.ubuntu.com PS1=(bluerobotics-ping) \[\e]0;\u@\h: \w\a\]${debian_chroot:+($debian_chroot)}\[\033[01;32m\]\u@\h\[\033[00m\]:\[\033[01;34m\]\w\[\033[00m\]\$ PYTHONPATH=/home/submarine/ros_ws/build/orientation_package/prefix_override:/usr/lib/python3/dist-packages/colcon_core/task/python/colcon_distutils_commands:/home/submarine/ros_ws/install/orientation_package/lib/python3.12/site-packages:${PYTHONPATH} VIRTUAL_ENV_PROMPT=(bluerobotics-ping) /usr/bin/python3 -W ignore:setup.py install is deprecated setup.py egg_info --egg-base ../../build/orientation_package build --build-base /home/submarine/ros_ws/build/orientation_package/build install --record /home/submarine/ros_ws/build/orientation_package/install.log --single-version-externally-managed install_data
[2.521s] running egg_info
[2.552s] writing ../../build/orientation_package/orientation_package.egg-info/PKG-INFO
[2.552s] writing dependency_links to ../../build/orientation_package/orientation_package.egg-info/dependency_links.txt
[2.553s] writing entry points to ../../build/orientation_package/orientation_package.egg-info/entry_points.txt
[2.554s] writing requirements to ../../build/orientation_package/orientation_package.egg-info/requires.txt
[2.555s] writing top-level names to ../../build/orientation_package/orientation_package.egg-info/top_level.txt
[2.630s] reading manifest file '../../build/orientation_package/orientation_package.egg-info/SOURCES.txt'
[2.631s] adding license file 'LICENSE'
[2.631s] writing manifest file '../../build/orientation_package/orientation_package.egg-info/SOURCES.txt'
[2.635s] running build
[2.635s] running build_py
[2.635s] running install
[2.644s] running install_lib
[2.683s] running install_data
[2.686s] running install_egg_info
[2.730s] removing '/home/submarine/ros_ws/install/orientation_package/lib/python3.12/site-packages/orientation_package-0.0.1-py3.12.egg-info' (and everything under it)
[2.731s] Copying ../../build/orientation_package/orientation_package.egg-info to /home/submarine/ros_ws/install/orientation_package/lib/python3.12/site-packages/orientation_package-0.0.1-py3.12.egg-info
[2.736s] running install_scripts
[3.003s] Installing imu script to /home/submarine/ros_ws/install/orientation_package/lib/orientation_package
[3.003s] Installing orientation_publisher script to /home/submarine/ros_ws/install/orientation_package/lib/orientation_package
[3.005s] writing list of installed files to '/home/submarine/ros_ws/build/orientation_package/install.log'
[3.231s] Invoked command in '/home/submarine/ros_ws/src/orientation_package' returned '0': DEBUGINFOD_URLS=https://debuginfod.ubuntu.com PS1=(bluerobotics-ping) \[\e]0;\u@\h: \w\a\]${debian_chroot:+($debian_chroot)}\[\033[01;32m\]\u@\h\[\033[00m\]:\[\033[01;34m\]\w\[\033[00m\]\$ PYTHONPATH=/home/submarine/ros_ws/build/orientation_package/prefix_override:/usr/lib/python3/dist-packages/colcon_core/task/python/colcon_distutils_commands:/home/submarine/ros_ws/install/orientation_package/lib/python3.12/site-packages:${PYTHONPATH} VIRTUAL_ENV_PROMPT=(bluerobotics-ping) /usr/bin/python3 -W ignore:setup.py install is deprecated setup.py egg_info --egg-base ../../build/orientation_package build --build-base /home/submarine/ros_ws/build/orientation_package/build install --record /home/submarine/ros_ws/build/orientation_package/install.log --single-version-externally-managed install_data
