[0.042s] Invoking command in '/home/submarine/ros_ws/build/orientation_msg': CMAKE_PREFIX_PATH=${CMAKE_PREFIX_PATH}:/home/submarine/ros_ws/install/joy_controller_to_esc:/home/submarine/ryans_ws/install/esc_pkg:/home/submarine/ros_ws/install/speed_sensor:/home/submarine/ros_ws/install/sonars:/home/submarine/ros_ws/install/orientation_package:/home/submarine/ros_ws/install/esc_pkg:/opt/ros/jazzy DEBUGINFOD_URLS=https://debuginfod.ubuntu.com PS1=(bluerobotics-ping) \[\e]0;\u@\h: \w\a\]${debian_chroot:+($debian_chroot)}\[\033[01;32m\]\u@\h\[\033[00m\]:\[\033[01;34m\]\w\[\033[00m\]\$ VIRTUAL_ENV_PROMPT=(bluerobotics-ping) /usr/bin/cmake --build /home/submarine/ros_ws/build/orientation_msg -- -j4 -l4
[0.259s] [  2%] Built target orientation_msg__rosidl_generator_type_description
[0.311s] [  2%] Built target ament_cmake_python_copy_orientation_msg
[0.393s] [  4%] Built target orientation_msg__cpp
[0.431s] [ 22%] Built target orientation_msg__rosidl_generator_c
[0.600s] [ 31%] Built target orientation_msg__rosidl_typesupport_cpp
[0.602s] [ 40%] Built target orientation_msg__rosidl_typesupport_fastrtps_c
[0.653s] [ 50%] Built target orientation_msg__rosidl_typesupport_introspection_c
[0.818s] [ 59%] Built target orientation_msg__rosidl_typesupport_fastrtps_cpp
[0.838s] [ 68%] Built target orientation_msg__rosidl_typesupport_c
[0.847s] [ 77%] Built target orientation_msg__rosidl_typesupport_introspection_cpp
[0.960s] [ 77%] Built target orientation_msg
[1.080s] [ 79%] Built target orientation_msg__py
[1.218s] [ 86%] Built target orientation_msg__rosidl_generator_py
[1.336s] [ 90%] Built target orientation_msg_s__rosidl_typesupport_fastrtps_c
[1.348s] [ 95%] Built target orientation_msg_s__rosidl_typesupport_c
[1.362s] [100%] Built target orientation_msg_s__rosidl_typesupport_introspection_c
[1.409s] running egg_info
[1.437s] writing orientation_msg.egg-info/PKG-INFO
[1.437s] writing dependency_links to orientation_msg.egg-info/dependency_links.txt
[1.438s] writing top-level names to orientation_msg.egg-info/top_level.txt
[1.526s] reading manifest file 'orientation_msg.egg-info/SOURCES.txt'
[1.526s] writing manifest file 'orientation_msg.egg-info/SOURCES.txt'
[1.646s] [100%] Built target ament_cmake_python_build_orientation_msg_egg
[1.675s] Invoked command in '/home/submarine/ros_ws/build/orientation_msg' returned '0': CMAKE_PREFIX_PATH=${CMAKE_PREFIX_PATH}:/home/submarine/ros_ws/install/joy_controller_to_esc:/home/submarine/ryans_ws/install/esc_pkg:/home/submarine/ros_ws/install/speed_sensor:/home/submarine/ros_ws/install/sonars:/home/submarine/ros_ws/install/orientation_package:/home/submarine/ros_ws/install/esc_pkg:/opt/ros/jazzy DEBUGINFOD_URLS=https://debuginfod.ubuntu.com PS1=(bluerobotics-ping) \[\e]0;\u@\h: \w\a\]${debian_chroot:+($debian_chroot)}\[\033[01;32m\]\u@\h\[\033[00m\]:\[\033[01;34m\]\w\[\033[00m\]\$ VIRTUAL_ENV_PROMPT=(bluerobotics-ping) /usr/bin/cmake --build /home/submarine/ros_ws/build/orientation_msg -- -j4 -l4
[1.914s] Invoking command in '/home/submarine/ros_ws/build/orientation_msg': CMAKE_PREFIX_PATH=${CMAKE_PREFIX_PATH}:/home/submarine/ros_ws/install/joy_controller_to_esc:/home/submarine/ryans_ws/install/esc_pkg:/home/submarine/ros_ws/install/speed_sensor:/home/submarine/ros_ws/install/sonars:/home/submarine/ros_ws/install/orientation_package:/home/submarine/ros_ws/install/esc_pkg:/opt/ros/jazzy DEBUGINFOD_URLS=https://debuginfod.ubuntu.com PS1=(bluerobotics-ping) \[\e]0;\u@\h: \w\a\]${debian_chroot:+($debian_chroot)}\[\033[01;32m\]\u@\h\[\033[00m\]:\[\033[01;34m\]\w\[\033[00m\]\$ VIRTUAL_ENV_PROMPT=(bluerobotics-ping) /usr/bin/cmake --install /home/submarine/ros_ws/build/orientation_msg
[1.967s] -- Install configuration: ""
[1.970s] -- Up-to-date: /home/submarine/ros_ws/install/orientation_msg/share/ament_index/resource_index/rosidl_interfaces/orientation_msg
[1.971s] -- Up-to-date: /home/submarine/ros_ws/install/orientation_msg/share/orientation_msg/msg/Orientation.json
[1.972s] -- Up-to-date: /home/submarine/ros_ws/install/orientation_msg/share/orientation_msg/msg/Esc.json
[1.972s] -- Up-to-date: /home/submarine/ros_ws/install/orientation_msg/include/orientation_msg/orientation_msg
[1.974s] -- Up-to-date: /home/submarine/ros_ws/install/orientation_msg/include/orientation_msg/orientation_msg/msg
[1.978s] -- Up-to-date: /home/submarine/ros_ws/install/orientation_msg/include/orientation_msg/orientation_msg/msg/detail
[1.979s] -- Up-to-date: /home/submarine/ros_ws/install/orientation_msg/include/orientation_msg/orientation_msg/msg/detail/esc__description.c
[1.979s] -- Up-to-date: /home/submarine/ros_ws/install/orientation_msg/include/orientation_msg/orientation_msg/msg/detail/orientation__description.c
[1.979s] -- Up-to-date: /home/submarine/ros_ws/install/orientation_msg/include/orientation_msg/orientation_msg/msg/detail/orientation__type_support.c
[1.979s] -- Up-to-date: /home/submarine/ros_ws/install/orientation_msg/include/orientation_msg/orientation_msg/msg/detail/esc__functions.c
[1.979s] -- Up-to-date: /home/submarine/ros_ws/install/orientation_msg/include/orientation_msg/orientation_msg/msg/detail/orientation__struct.h
[1.979s] -- Up-to-date: /home/submarine/ros_ws/install/orientation_msg/include/orientation_msg/orientation_msg/msg/detail/orientation__type_support.h
[1.980s] -- Up-to-date: /home/submarine/ros_ws/install/orientation_msg/include/orientation_msg/orientation_msg/msg/detail/esc__struct.h
[1.980s] -- Up-to-date: /home/submarine/ros_ws/install/orientation_msg/include/orientation_msg/orientation_msg/msg/detail/orientation__functions.h
[1.980s] -- Up-to-date: /home/submarine/ros_ws/install/orientation_msg/include/orientation_msg/orientation_msg/msg/detail/esc__functions.h
[1.980s] -- Up-to-date: /home/submarine/ros_ws/install/orientation_msg/include/orientation_msg/orientation_msg/msg/detail/esc__type_support.c
[1.980s] -- Up-to-date: /home/submarine/ros_ws/install/orientation_msg/include/orientation_msg/orientation_msg/msg/detail/esc__type_support.h
[1.981s] -- Up-to-date: /home/submarine/ros_ws/install/orientation_msg/include/orientation_msg/orientation_msg/msg/detail/orientation__functions.c
[1.981s] -- Up-to-date: /home/submarine/ros_ws/install/orientation_msg/include/orientation_msg/orientation_msg/msg/esc.h
[1.981s] -- Up-to-date: /home/submarine/ros_ws/install/orientation_msg/include/orientation_msg/orientation_msg/msg/orientation.h
[1.981s] -- Up-to-date: /home/submarine/ros_ws/install/orientation_msg/include/orientation_msg/orientation_msg/msg/rosidl_generator_c__visibility_control.h
[1.981s] -- Up-to-date: /home/submarine/ros_ws/install/orientation_msg/share/orientation_msg/environment/library_path.sh
[1.986s] -- Up-to-date: /home/submarine/ros_ws/install/orientation_msg/share/orientation_msg/environment/library_path.dsv
[1.987s] -- Up-to-date: /home/submarine/ros_ws/install/orientation_msg/lib/liborientation_msg__rosidl_generator_c.so
[1.987s] -- Up-to-date: /home/submarine/ros_ws/install/orientation_msg/include/orientation_msg/orientation_msg
[1.987s] -- Up-to-date: /home/submarine/ros_ws/install/orientation_msg/include/orientation_msg/orientation_msg/msg
[1.987s] -- Up-to-date: /home/submarine/ros_ws/install/orientation_msg/include/orientation_msg/orientation_msg/msg/detail
[1.987s] -- Up-to-date: /home/submarine/ros_ws/install/orientation_msg/include/orientation_msg/orientation_msg/msg/detail/orientation__rosidl_typesupport_fastrtps_c.h
[1.990s] -- Up-to-date: /home/submarine/ros_ws/install/orientation_msg/include/orientation_msg/orientation_msg/msg/detail/esc__rosidl_typesupport_fastrtps_c.h
[1.990s] -- Up-to-date: /home/submarine/ros_ws/install/orientation_msg/include/orientation_msg/orientation_msg/msg/rosidl_typesupport_fastrtps_c__visibility_control.h
[1.991s] -- Up-to-date: /home/submarine/ros_ws/install/orientation_msg/lib/liborientation_msg__rosidl_typesupport_fastrtps_c.so
[1.995s] -- Up-to-date: /home/submarine/ros_ws/install/orientation_msg/include/orientation_msg/orientation_msg
[1.995s] -- Up-to-date: /home/submarine/ros_ws/install/orientation_msg/include/orientation_msg/orientation_msg/msg
[1.996s] -- Up-to-date: /home/submarine/ros_ws/install/orientation_msg/include/orientation_msg/orientation_msg/msg/detail
[1.996s] -- Up-to-date: /home/submarine/ros_ws/install/orientation_msg/include/orientation_msg/orientation_msg/msg/detail/orientation__type_support.c
[1.997s] -- Up-to-date: /home/submarine/ros_ws/install/orientation_msg/include/orientation_msg/orientation_msg/msg/detail/esc__rosidl_typesupport_introspection_c.h
[1.997s] -- Up-to-date: /home/submarine/ros_ws/install/orientation_msg/include/orientation_msg/orientation_msg/msg/detail/orientation__rosidl_typesupport_introspection_c.h
[1.997s] -- Up-to-date: /home/submarine/ros_ws/install/orientation_msg/include/orientation_msg/orientation_msg/msg/detail/esc__type_support.c
[1.997s] -- Up-to-date: /home/submarine/ros_ws/install/orientation_msg/include/orientation_msg/orientation_msg/msg/rosidl_typesupport_introspection_c__visibility_control.h
[1.997s] -- Up-to-date: /home/submarine/ros_ws/install/orientation_msg/lib/liborientation_msg__rosidl_typesupport_introspection_c.so
[1.997s] -- Up-to-date: /home/submarine/ros_ws/install/orientation_msg/lib/liborientation_msg__rosidl_typesupport_c.so
[1.999s] -- Up-to-date: /home/submarine/ros_ws/install/orientation_msg/include/orientation_msg/orientation_msg
[2.001s] -- Up-to-date: /home/submarine/ros_ws/install/orientation_msg/include/orientation_msg/orientation_msg/msg
[2.005s] -- Up-to-date: /home/submarine/ros_ws/install/orientation_msg/include/orientation_msg/orientation_msg/msg/detail
[2.005s] -- Up-to-date: /home/submarine/ros_ws/install/orientation_msg/include/orientation_msg/orientation_msg/msg/detail/esc__traits.hpp
[2.005s] -- Up-to-date: /home/submarine/ros_ws/install/orientation_msg/include/orientation_msg/orientation_msg/msg/detail/esc__struct.hpp
[2.005s] -- Up-to-date: /home/submarine/ros_ws/install/orientation_msg/include/orientation_msg/orientation_msg/msg/detail/esc__type_support.hpp
[2.006s] -- Up-to-date: /home/submarine/ros_ws/install/orientation_msg/include/orientation_msg/orientation_msg/msg/detail/orientation__traits.hpp
[2.006s] -- Up-to-date: /home/submarine/ros_ws/install/orientation_msg/include/orientation_msg/orientation_msg/msg/detail/orientation__builder.hpp
[2.006s] -- Up-to-date: /home/submarine/ros_ws/install/orientation_msg/include/orientation_msg/orientation_msg/msg/detail/orientation__struct.hpp
[2.006s] -- Up-to-date: /home/submarine/ros_ws/install/orientation_msg/include/orientation_msg/orientation_msg/msg/detail/esc__builder.hpp
[2.007s] -- Up-to-date: /home/submarine/ros_ws/install/orientation_msg/include/orientation_msg/orientation_msg/msg/detail/orientation__type_support.hpp
[2.011s] -- Up-to-date: /home/submarine/ros_ws/install/orientation_msg/include/orientation_msg/orientation_msg/msg/esc.hpp
[2.011s] -- Up-to-date: /home/submarine/ros_ws/install/orientation_msg/include/orientation_msg/orientation_msg/msg/rosidl_generator_cpp__visibility_control.hpp
[2.012s] -- Up-to-date: /home/submarine/ros_ws/install/orientation_msg/include/orientation_msg/orientation_msg/msg/orientation.hpp
[2.012s] -- Up-to-date: /home/submarine/ros_ws/install/orientation_msg/include/orientation_msg/orientation_msg
[2.012s] -- Up-to-date: /home/submarine/ros_ws/install/orientation_msg/include/orientation_msg/orientation_msg/msg
[2.012s] -- Up-to-date: /home/submarine/ros_ws/install/orientation_msg/include/orientation_msg/orientation_msg/msg/detail
[2.012s] -- Up-to-date: /home/submarine/ros_ws/install/orientation_msg/include/orientation_msg/orientation_msg/msg/detail/dds_fastrtps
[2.016s] -- Up-to-date: /home/submarine/ros_ws/install/orientation_msg/include/orientation_msg/orientation_msg/msg/detail/esc__rosidl_typesupport_fastrtps_cpp.hpp
[2.016s] -- Up-to-date: /home/submarine/ros_ws/install/orientation_msg/include/orientation_msg/orientation_msg/msg/detail/orientation__rosidl_typesupport_fastrtps_cpp.hpp
[2.016s] -- Up-to-date: /home/submarine/ros_ws/install/orientation_msg/include/orientation_msg/orientation_msg/msg/rosidl_typesupport_fastrtps_cpp__visibility_control.h
[2.016s] -- Up-to-date: /home/submarine/ros_ws/install/orientation_msg/lib/liborientation_msg__rosidl_typesupport_fastrtps_cpp.so
[2.016s] -- Up-to-date: /home/submarine/ros_ws/install/orientation_msg/include/orientation_msg/orientation_msg
[2.017s] -- Up-to-date: /home/submarine/ros_ws/install/orientation_msg/include/orientation_msg/orientation_msg/msg
[2.017s] -- Up-to-date: /home/submarine/ros_ws/install/orientation_msg/include/orientation_msg/orientation_msg/msg/detail
[2.017s] -- Up-to-date: /home/submarine/ros_ws/install/orientation_msg/include/orientation_msg/orientation_msg/msg/detail/esc__rosidl_typesupport_introspection_cpp.hpp
[2.017s] -- Up-to-date: /home/submarine/ros_ws/install/orientation_msg/include/orientation_msg/orientation_msg/msg/detail/orientation__type_support.cpp
[2.017s] -- Up-to-date: /home/submarine/ros_ws/install/orientation_msg/include/orientation_msg/orientation_msg/msg/detail/esc__type_support.cpp
[2.017s] -- Up-to-date: /home/submarine/ros_ws/install/orientation_msg/include/orientation_msg/orientation_msg/msg/detail/orientation__rosidl_typesupport_introspection_cpp.hpp
[2.017s] -- Up-to-date: /home/submarine/ros_ws/install/orientation_msg/lib/liborientation_msg__rosidl_typesupport_introspection_cpp.so
[2.017s] -- Up-to-date: /home/submarine/ros_ws/install/orientation_msg/lib/liborientation_msg__rosidl_typesupport_cpp.so
[2.017s] -- Up-to-date: /home/submarine/ros_ws/install/orientation_msg/share/orientation_msg/environment/pythonpath.sh
[2.017s] -- Up-to-date: /home/submarine/ros_ws/install/orientation_msg/share/orientation_msg/environment/pythonpath.dsv
[2.018s] -- Up-to-date: /home/submarine/ros_ws/install/orientation_msg/lib/python3.12/site-packages/orientation_msg-0.0.0-py3.12.egg-info
[2.018s] -- Installing: /home/submarine/ros_ws/install/orientation_msg/lib/python3.12/site-packages/orientation_msg-0.0.0-py3.12.egg-info/SOURCES.txt
[2.018s] -- Installing: /home/submarine/ros_ws/install/orientation_msg/lib/python3.12/site-packages/orientation_msg-0.0.0-py3.12.egg-info/PKG-INFO
[2.018s] -- Installing: /home/submarine/ros_ws/install/orientation_msg/lib/python3.12/site-packages/orientation_msg-0.0.0-py3.12.egg-info/dependency_links.txt
[2.018s] -- Installing: /home/submarine/ros_ws/install/orientation_msg/lib/python3.12/site-packages/orientation_msg-0.0.0-py3.12.egg-info/top_level.txt
[2.019s] -- Up-to-date: /home/submarine/ros_ws/install/orientation_msg/lib/python3.12/site-packages/orientation_msg
[2.020s] -- Up-to-date: /home/submarine/ros_ws/install/orientation_msg/lib/python3.12/site-packages/orientation_msg/orientation_msg_s__rosidl_typesupport_introspection_c.so
[2.020s] -- Up-to-date: /home/submarine/ros_ws/install/orientation_msg/lib/python3.12/site-packages/orientation_msg/_orientation_msg_s.ep.rosidl_typesupport_fastrtps_c.c
[2.020s] -- Up-to-date: /home/submarine/ros_ws/install/orientation_msg/lib/python3.12/site-packages/orientation_msg/_orientation_msg_s.ep.rosidl_typesupport_c.c
[2.020s] -- Up-to-date: /home/submarine/ros_ws/install/orientation_msg/lib/python3.12/site-packages/orientation_msg/orientation_msg_s__rosidl_typesupport_c.so
[2.020s] -- Up-to-date: /home/submarine/ros_ws/install/orientation_msg/lib/python3.12/site-packages/orientation_msg/orientation_msg_s__rosidl_typesupport_fastrtps_c.so
[2.020s] -- Up-to-date: /home/submarine/ros_ws/install/orientation_msg/lib/python3.12/site-packages/orientation_msg/__init__.py
[2.020s] -- Up-to-date: /home/submarine/ros_ws/install/orientation_msg/lib/python3.12/site-packages/orientation_msg/_orientation_msg_s.ep.rosidl_typesupport_introspection_c.c
[2.021s] -- Up-to-date: /home/submarine/ros_ws/install/orientation_msg/lib/python3.12/site-packages/orientation_msg/msg
[2.021s] -- Up-to-date: /home/submarine/ros_ws/install/orientation_msg/lib/python3.12/site-packages/orientation_msg/msg/_esc.py
[2.022s] -- Up-to-date: /home/submarine/ros_ws/install/orientation_msg/lib/python3.12/site-packages/orientation_msg/msg/_esc_s.c
[2.022s] -- Up-to-date: /home/submarine/ros_ws/install/orientation_msg/lib/python3.12/site-packages/orientation_msg/msg/__init__.py
[2.024s] -- Up-to-date: /home/submarine/ros_ws/install/orientation_msg/lib/python3.12/site-packages/orientation_msg/msg/_orientation.py
[2.024s] -- Up-to-date: /home/submarine/ros_ws/install/orientation_msg/lib/python3.12/site-packages/orientation_msg/msg/_orientation_s.c
[2.119s] Listing '/home/submarine/ros_ws/install/orientation_msg/lib/python3.12/site-packages/orientation_msg'...
[2.119s] Listing '/home/submarine/ros_ws/install/orientation_msg/lib/python3.12/site-packages/orientation_msg/msg'...
[2.151s] -- Up-to-date: /home/submarine/ros_ws/install/orientation_msg/lib/python3.12/site-packages/orientation_msg/orientation_msg_s__rosidl_typesupport_fastrtps_c.so
[2.151s] -- Up-to-date: /home/submarine/ros_ws/install/orientation_msg/lib/python3.12/site-packages/orientation_msg/orientation_msg_s__rosidl_typesupport_introspection_c.so
[2.152s] -- Up-to-date: /home/submarine/ros_ws/install/orientation_msg/lib/python3.12/site-packages/orientation_msg/orientation_msg_s__rosidl_typesupport_c.so
[2.154s] -- Up-to-date: /home/submarine/ros_ws/install/orientation_msg/lib/liborientation_msg__rosidl_generator_py.so
[2.155s] -- Up-to-date: /home/submarine/ros_ws/install/orientation_msg/share/orientation_msg/msg/Orientation.idl
[2.155s] -- Up-to-date: /home/submarine/ros_ws/install/orientation_msg/share/orientation_msg/msg/Esc.idl
[2.155s] -- Up-to-date: /home/submarine/ros_ws/install/orientation_msg/share/orientation_msg/msg/Orientation.msg
[2.155s] -- Up-to-date: /home/submarine/ros_ws/install/orientation_msg/share/orientation_msg/msg/Esc.msg
[2.155s] -- Up-to-date: /home/submarine/ros_ws/install/orientation_msg/share/ament_index/resource_index/package_run_dependencies/orientation_msg
[2.156s] -- Up-to-date: /home/submarine/ros_ws/install/orientation_msg/share/ament_index/resource_index/parent_prefix_path/orientation_msg
[2.156s] -- Up-to-date: /home/submarine/ros_ws/install/orientation_msg/share/orientation_msg/environment/ament_prefix_path.sh
[2.156s] -- Up-to-date: /home/submarine/ros_ws/install/orientation_msg/share/orientation_msg/environment/ament_prefix_path.dsv
[2.157s] -- Up-to-date: /home/submarine/ros_ws/install/orientation_msg/share/orientation_msg/environment/path.sh
[2.157s] -- Up-to-date: /home/submarine/ros_ws/install/orientation_msg/share/orientation_msg/environment/path.dsv
[2.157s] -- Up-to-date: /home/submarine/ros_ws/install/orientation_msg/share/orientation_msg/local_setup.bash
[2.157s] -- Up-to-date: /home/submarine/ros_ws/install/orientation_msg/share/orientation_msg/local_setup.sh
[2.157s] -- Up-to-date: /home/submarine/ros_ws/install/orientation_msg/share/orientation_msg/local_setup.zsh
[2.157s] -- Up-to-date: /home/submarine/ros_ws/install/orientation_msg/share/orientation_msg/local_setup.dsv
[2.157s] -- Installing: /home/submarine/ros_ws/install/orientation_msg/share/orientation_msg/package.dsv
[2.158s] -- Up-to-date: /home/submarine/ros_ws/install/orientation_msg/share/ament_index/resource_index/packages/orientation_msg
[2.158s] -- Up-to-date: /home/submarine/ros_ws/install/orientation_msg/share/orientation_msg/cmake/export_orientation_msg__rosidl_generator_cExport.cmake
[2.158s] -- Up-to-date: /home/submarine/ros_ws/install/orientation_msg/share/orientation_msg/cmake/export_orientation_msg__rosidl_generator_cExport-noconfig.cmake
[2.161s] -- Up-to-date: /home/submarine/ros_ws/install/orientation_msg/share/orientation_msg/cmake/export_orientation_msg__rosidl_typesupport_fastrtps_cExport.cmake
[2.161s] -- Up-to-date: /home/submarine/ros_ws/install/orientation_msg/share/orientation_msg/cmake/export_orientation_msg__rosidl_typesupport_fastrtps_cExport-noconfig.cmake
[2.162s] -- Up-to-date: /home/submarine/ros_ws/install/orientation_msg/share/orientation_msg/cmake/orientation_msg__rosidl_typesupport_introspection_cExport.cmake
[2.164s] -- Up-to-date: /home/submarine/ros_ws/install/orientation_msg/share/orientation_msg/cmake/orientation_msg__rosidl_typesupport_introspection_cExport-noconfig.cmake
[2.165s] -- Up-to-date: /home/submarine/ros_ws/install/orientation_msg/share/orientation_msg/cmake/orientation_msg__rosidl_typesupport_cExport.cmake
[2.165s] -- Up-to-date: /home/submarine/ros_ws/install/orientation_msg/share/orientation_msg/cmake/orientation_msg__rosidl_typesupport_cExport-noconfig.cmake
[2.165s] -- Up-to-date: /home/submarine/ros_ws/install/orientation_msg/share/orientation_msg/cmake/export_orientation_msg__rosidl_generator_cppExport.cmake
[2.165s] -- Up-to-date: /home/submarine/ros_ws/install/orientation_msg/share/orientation_msg/cmake/export_orientation_msg__rosidl_typesupport_fastrtps_cppExport.cmake
[2.165s] -- Up-to-date: /home/submarine/ros_ws/install/orientation_msg/share/orientation_msg/cmake/export_orientation_msg__rosidl_typesupport_fastrtps_cppExport-noconfig.cmake
[2.165s] -- Up-to-date: /home/submarine/ros_ws/install/orientation_msg/share/orientation_msg/cmake/orientation_msg__rosidl_typesupport_introspection_cppExport.cmake
[2.165s] -- Up-to-date: /home/submarine/ros_ws/install/orientation_msg/share/orientation_msg/cmake/orientation_msg__rosidl_typesupport_introspection_cppExport-noconfig.cmake
[2.165s] -- Up-to-date: /home/submarine/ros_ws/install/orientation_msg/share/orientation_msg/cmake/orientation_msg__rosidl_typesupport_cppExport.cmake
[2.166s] -- Up-to-date: /home/submarine/ros_ws/install/orientation_msg/share/orientation_msg/cmake/orientation_msg__rosidl_typesupport_cppExport-noconfig.cmake
[2.166s] -- Up-to-date: /home/submarine/ros_ws/install/orientation_msg/share/orientation_msg/cmake/export_orientation_msg__rosidl_generator_pyExport.cmake
[2.166s] -- Up-to-date: /home/submarine/ros_ws/install/orientation_msg/share/orientation_msg/cmake/export_orientation_msg__rosidl_generator_pyExport-noconfig.cmake
[2.166s] -- Up-to-date: /home/submarine/ros_ws/install/orientation_msg/share/orientation_msg/cmake/rosidl_cmake-extras.cmake
[2.166s] -- Up-to-date: /home/submarine/ros_ws/install/orientation_msg/share/orientation_msg/cmake/ament_cmake_export_include_directories-extras.cmake
[2.166s] -- Up-to-date: /home/submarine/ros_ws/install/orientation_msg/share/orientation_msg/cmake/ament_cmake_export_libraries-extras.cmake
[2.168s] -- Up-to-date: /home/submarine/ros_ws/install/orientation_msg/share/orientation_msg/cmake/ament_cmake_export_targets-extras.cmake
[2.168s] -- Up-to-date: /home/submarine/ros_ws/install/orientation_msg/share/orientation_msg/cmake/rosidl_cmake_export_typesupport_targets-extras.cmake
[2.170s] -- Up-to-date: /home/submarine/ros_ws/install/orientation_msg/share/orientation_msg/cmake/ament_cmake_export_dependencies-extras.cmake
[2.172s] -- Up-to-date: /home/submarine/ros_ws/install/orientation_msg/share/orientation_msg/cmake/rosidl_cmake_export_typesupport_libraries-extras.cmake
[2.173s] -- Up-to-date: /home/submarine/ros_ws/install/orientation_msg/share/orientation_msg/cmake/orientation_msgConfig.cmake
[2.173s] -- Up-to-date: /home/submarine/ros_ws/install/orientation_msg/share/orientation_msg/cmake/orientation_msgConfig-version.cmake
[2.173s] -- Up-to-date: /home/submarine/ros_ws/install/orientation_msg/share/orientation_msg/package.xml
[2.175s] Invoked command in '/home/submarine/ros_ws/build/orientation_msg' returned '0': CMAKE_PREFIX_PATH=${CMAKE_PREFIX_PATH}:/home/submarine/ros_ws/install/joy_controller_to_esc:/home/submarine/ryans_ws/install/esc_pkg:/home/submarine/ros_ws/install/speed_sensor:/home/submarine/ros_ws/install/sonars:/home/submarine/ros_ws/install/orientation_package:/home/submarine/ros_ws/install/esc_pkg:/opt/ros/jazzy DEBUGINFOD_URLS=https://debuginfod.ubuntu.com PS1=(bluerobotics-ping) \[\e]0;\u@\h: \w\a\]${debian_chroot:+($debian_chroot)}\[\033[01;32m\]\u@\h\[\033[00m\]:\[\033[01;34m\]\w\[\033[00m\]\$ VIRTUAL_ENV_PROMPT=(bluerobotics-ping) /usr/bin/cmake --install /home/submarine/ros_ws/build/orientation_msg
