[1.967s] Invoking command in '/home/submarine/ros_ws/src/orientation_package': DEBUGINFOD_URLS=https://debuginfod.ubuntu.com PS1=(bluerobotics-ping) \[\e]0;\u@\h: \w\a\]${debian_chroot:+($debian_chroot)}\[\033[01;32m\]\u@\h\[\033[00m\]:\[\033[01;34m\]\w\[\033[00m\]\$ PYTHONPATH=/home/submarine/ros_ws/build/orientation_package/prefix_override:/usr/lib/python3/dist-packages/colcon_core/task/python/colcon_distutils_commands:/home/submarine/ros_ws/install/orientation_package/lib/python3.12/site-packages:${PYTHONPATH} VIRTUAL_ENV_PROMPT=(bluerobotics-ping) /usr/bin/python3 -W ignore:setup.py install is deprecated setup.py egg_info --egg-base ../../build/orientation_package build --build-base /home/submarine/ros_ws/build/orientation_package/build install --record /home/submarine/ros_ws/build/orientation_package/install.log --single-version-externally-managed install_data
[2.484s] running egg_info
[2.515s] writing ../../build/orientation_package/orientation_package.egg-info/PKG-INFO
[2.516s] writing dependency_links to ../../build/orientation_package/orientation_package.egg-info/dependency_links.txt
[2.517s] writing entry points to ../../build/orientation_package/orientation_package.egg-info/entry_points.txt
[2.518s] writing requirements to ../../build/orientation_package/orientation_package.egg-info/requires.txt
[2.519s] writing top-level names to ../../build/orientation_package/orientation_package.egg-info/top_level.txt
[2.598s] reading manifest file '../../build/orientation_package/orientation_package.egg-info/SOURCES.txt'
[2.598s] adding license file 'LICENSE'
[2.599s] writing manifest file '../../build/orientation_package/orientation_package.egg-info/SOURCES.txt'
[2.599s] running build
[2.600s] running build_py
[2.600s] copying orientation_package/orientation_publisher.py -> /home/submarine/ros_ws/build/orientation_package/build/lib/orientation_package
[2.601s] running install
[2.614s] running install_lib
[2.653s] copying /home/submarine/ros_ws/build/orientation_package/build/lib/orientation_package/orientation_publisher.py -> /home/submarine/ros_ws/install/orientation_package/lib/python3.12/site-packages/orientation_package
[2.654s] byte-compiling /home/submarine/ros_ws/install/orientation_package/lib/python3.12/site-packages/orientation_package/orientation_publisher.py to orientation_publisher.cpython-312.pyc
[2.656s] running install_data
[2.656s] running install_egg_info
[2.701s] removing '/home/submarine/ros_ws/install/orientation_package/lib/python3.12/site-packages/orientation_package-0.0.1-py3.12.egg-info' (and everything under it)
[2.702s] Copying ../../build/orientation_package/orientation_package.egg-info to /home/submarine/ros_ws/install/orientation_package/lib/python3.12/site-packages/orientation_package-0.0.1-py3.12.egg-info
[2.704s] running install_scripts
[2.983s] Installing imu script to /home/submarine/ros_ws/install/orientation_package/lib/orientation_package
[2.985s] Installing orientation_publisher script to /home/submarine/ros_ws/install/orientation_package/lib/orientation_package
[2.992s] writing list of installed files to '/home/submarine/ros_ws/build/orientation_package/install.log'
[3.243s] Invoked command in '/home/submarine/ros_ws/src/orientation_package' returned '0': DEBUGINFOD_URLS=https://debuginfod.ubuntu.com PS1=(bluerobotics-ping) \[\e]0;\u@\h: \w\a\]${debian_chroot:+($debian_chroot)}\[\033[01;32m\]\u@\h\[\033[00m\]:\[\033[01;34m\]\w\[\033[00m\]\$ PYTHONPATH=/home/submarine/ros_ws/build/orientation_package/prefix_override:/usr/lib/python3/dist-packages/colcon_core/task/python/colcon_distutils_commands:/home/submarine/ros_ws/install/orientation_package/lib/python3.12/site-packages:${PYTHONPATH} VIRTUAL_ENV_PROMPT=(bluerobotics-ping) /usr/bin/python3 -W ignore:setup.py install is deprecated setup.py egg_info --egg-base ../../build/orientation_package build --build-base /home/submarine/ros_ws/build/orientation_package/build install --record /home/submarine/ros_ws/build/orientation_package/install.log --single-version-externally-managed install_data
