[0.026s] Invoking command in '/home/submarine/ros_ws/build/ros2_sub': CMAKE_PREFIX_PATH=${CMAKE_PREFIX_PATH}:/home/submarine/ros_ws/install/speed_sensor:/home/submarine/ros_ws/install/sonars:/home/submarine/ros_ws/install/servo_node:/home/submarine/ryans_ws/install/orientation_package:/opt/ros/jazzy DEBUGINFOD_URLS=https://debuginfod.ubuntu.com /usr/bin/cmake --build /home/submarine/ros_ws/build/ros2_sub -- -j4 -l4
[0.235s] [100%] Built target octo
[0.316s] Invoked command in '/home/submarine/ros_ws/build/ros2_sub' returned '0': CMAKE_PREFIX_PATH=${CMAKE_PREFIX_PATH}:/home/submarine/ros_ws/install/speed_sensor:/home/submarine/ros_ws/install/sonars:/home/submarine/ros_ws/install/servo_node:/home/submarine/ryans_ws/install/orientation_package:/opt/ros/jazzy DEBUGINFOD_URLS=https://debuginfod.ubuntu.com /usr/bin/cmake --build /home/submarine/ros_ws/build/ros2_sub -- -j4 -l4
[0.384s] Invoking command in '/home/submarine/ros_ws/build/ros2_sub': CMAKE_PREFIX_PATH=${CMAKE_PREFIX_PATH}:/home/submarine/ros_ws/install/speed_sensor:/home/submarine/ros_ws/install/sonars:/home/submarine/ros_ws/install/servo_node:/home/submarine/ryans_ws/install/orientation_package:/opt/ros/jazzy DEBUGINFOD_URLS=https://debuginfod.ubuntu.com /usr/bin/cmake --install /home/submarine/ros_ws/build/ros2_sub
[0.409s] -- Install configuration: ""
[0.410s] -- Up-to-date: /home/submarine/ros_ws/install/ros2_sub/share/ros2_sub//launch
[0.411s] -- Up-to-date: /home/submarine/ros_ws/install/ros2_sub/share/ros2_sub//launch/sub_launch.py
[0.412s] -- Up-to-date: /home/submarine/ros_ws/install/ros2_sub/share/ros2_sub//launch/online_async_launch.py
[0.412s] -- Up-to-date: /home/submarine/ros_ws/install/ros2_sub/share/ros2_sub//launch/octomap_mapping.launch.xml
[0.412s] -- Up-to-date: /home/submarine/ros_ws/install/ros2_sub/share/ros2_sub//config
[0.412s] -- Up-to-date: /home/submarine/ros_ws/install/ros2_sub/share/ros2_sub//config/Pool Map.json
[0.412s] -- Up-to-date: /home/submarine/ros_ws/install/ros2_sub/share/ros2_sub//config/ekf.yaml
[0.412s] -- Up-to-date: /home/submarine/ros_ws/install/ros2_sub/share/ros2_sub//config/mapper_params_online_async.yaml
[0.412s] -- Up-to-date: /home/submarine/ros_ws/install/ros2_sub/share/ros2_sub//models
[0.415s] -- Up-to-date: /home/submarine/ros_ws/install/ros2_sub/share/ros2_sub//models/tethys
[0.415s] -- Up-to-date: /home/submarine/ros_ws/install/ros2_sub/share/ros2_sub//models/tethys/materials
[0.416s] -- Up-to-date: /home/submarine/ros_ws/install/ros2_sub/share/ros2_sub//models/tethys/materials/textures
[0.416s] -- Up-to-date: /home/submarine/ros_ws/install/ros2_sub/share/ros2_sub//models/tethys/materials/textures/Tethys_Roughness.png
[0.416s] -- Up-to-date: /home/submarine/ros_ws/install/ros2_sub/share/ros2_sub//models/tethys/materials/textures/Tethys_Normal.png
[0.416s] -- Up-to-date: /home/submarine/ros_ws/install/ros2_sub/share/ros2_sub//models/tethys/materials/textures/Tethys_Albedo.png
[0.416s] -- Up-to-date: /home/submarine/ros_ws/install/ros2_sub/share/ros2_sub//models/tethys/materials/textures/Tethys_Metalness.png
[0.416s] -- Up-to-date: /home/submarine/ros_ws/install/ros2_sub/share/ros2_sub//models/tethys/materials/scripts
[0.416s] -- Up-to-date: /home/submarine/ros_ws/install/ros2_sub/share/ros2_sub//models/tethys/materials/scripts/model.material
[0.416s] -- Up-to-date: /home/submarine/ros_ws/install/ros2_sub/share/ros2_sub//models/tethys/model.sdf
[0.416s] -- Up-to-date: /home/submarine/ros_ws/install/ros2_sub/share/ros2_sub//models/tethys/meshes
[0.417s] -- Up-to-date: /home/submarine/ros_ws/install/ros2_sub/share/ros2_sub//models/tethys/meshes/tethys.dae
[0.417s] -- Up-to-date: /home/submarine/ros_ws/install/ros2_sub/share/ros2_sub//models/tethys/meshes/propeller.dae
[0.417s] -- Up-to-date: /home/submarine/ros_ws/install/ros2_sub/share/ros2_sub//models/tethys/meshes/base.dae
[0.417s] -- Up-to-date: /home/submarine/ros_ws/install/ros2_sub/share/ros2_sub//models/tethys/meshes/MaxSonar.dae
[0.417s] -- Up-to-date: /home/submarine/ros_ws/install/ros2_sub/share/ros2_sub//models/tethys/model.config
[0.417s] -- Up-to-date: /home/submarine/ros_ws/install/ros2_sub/lib/ros2_sub/octo
[0.417s] -- Up-to-date: /home/submarine/ros_ws/install/ros2_sub/share/ament_index/resource_index/package_run_dependencies/ros2_sub
[0.417s] -- Up-to-date: /home/submarine/ros_ws/install/ros2_sub/share/ament_index/resource_index/parent_prefix_path/ros2_sub
[0.417s] -- Up-to-date: /home/submarine/ros_ws/install/ros2_sub/share/ros2_sub/environment/ament_prefix_path.sh
[0.418s] -- Up-to-date: /home/submarine/ros_ws/install/ros2_sub/share/ros2_sub/environment/ament_prefix_path.dsv
[0.418s] -- Up-to-date: /home/submarine/ros_ws/install/ros2_sub/share/ros2_sub/environment/path.sh
[0.418s] -- Up-to-date: /home/submarine/ros_ws/install/ros2_sub/share/ros2_sub/environment/path.dsv
[0.418s] -- Up-to-date: /home/submarine/ros_ws/install/ros2_sub/share/ros2_sub/local_setup.bash
[0.418s] -- Up-to-date: /home/submarine/ros_ws/install/ros2_sub/share/ros2_sub/local_setup.sh
[0.418s] -- Up-to-date: /home/submarine/ros_ws/install/ros2_sub/share/ros2_sub/local_setup.zsh
[0.418s] -- Up-to-date: /home/submarine/ros_ws/install/ros2_sub/share/ros2_sub/local_setup.dsv
[0.418s] -- Installing: /home/submarine/ros_ws/install/ros2_sub/share/ros2_sub/package.dsv
[0.418s] -- Up-to-date: /home/submarine/ros_ws/install/ros2_sub/share/ament_index/resource_index/packages/ros2_sub
[0.423s] -- Up-to-date: /home/submarine/ros_ws/install/ros2_sub/share/ros2_sub/cmake/ros2_subConfig.cmake
[0.423s] -- Up-to-date: /home/submarine/ros_ws/install/ros2_sub/share/ros2_sub/cmake/ros2_subConfig-version.cmake
[0.423s] -- Up-to-date: /home/submarine/ros_ws/install/ros2_sub/share/ros2_sub/package.xml
[0.423s] Invoked command in '/home/submarine/ros_ws/build/ros2_sub' returned '0': CMAKE_PREFIX_PATH=${CMAKE_PREFIX_PATH}:/home/submarine/ros_ws/install/speed_sensor:/home/submarine/ros_ws/install/sonars:/home/submarine/ros_ws/install/servo_node:/home/submarine/ryans_ws/install/orientation_package:/opt/ros/jazzy DEBUGINFOD_URLS=https://debuginfod.ubuntu.com /usr/bin/cmake --install /home/submarine/ros_ws/build/ros2_sub
