[0.037s] Invoking command in '/home/submarine/gridmap_ws/build/grid_map_pcl': AMENT_PREFIX_PATH=/home/submarine/gridmap_ws/install/grid_map_ros:/home/submarine/gridmap_ws/install/grid_map_cv:/home/submarine/gridmap_ws/install/grid_map_msgs:/home/submarine/gridmap_ws/install/grid_map_core:/home/submarine/gridmap_ws/install/grid_map_cmake_helpers:${AMENT_PREFIX_PATH} CMAKE_PREFIX_PATH=/home/submarine/gridmap_ws/install/grid_map_ros:/home/submarine/gridmap_ws/install/grid_map_cv:/home/submarine/gridmap_ws/install/grid_map_msgs:/home/submarine/gridmap_ws/install/grid_map_core:/home/submarine/gridmap_ws/install/grid_map_cmake_helpers:/home/submarine/submarine/ros_ws/install/ros_bt:/home/submarine/submarine/ros_ws/install/ros_interfaces:/home/submarine/submarine/ros_ws/install/ros2_sub:/home/submarine/submarine/ros_ws/install/btcpp_ros2_samples:/home/submarine/submarine/ros_ws/install/btcpp_ros2_interfaces:/home/submarine/submarine/ros_ws/install/behaviortree_ros2:/home/submarine/submarine/ros_ws/install/behaviortree_cpp:/opt/ros/humble LD_LIBRARY_PATH=/home/submarine/gridmap_ws/install/grid_map_ros/lib:/home/submarine/gridmap_ws/install/grid_map_cv/lib:/home/submarine/gridmap_ws/install/grid_map_msgs/lib:/home/submarine/gridmap_ws/install/grid_map_core/lib:${LD_LIBRARY_PATH} PYTHONPATH=/home/submarine/gridmap_ws/install/grid_map_msgs/local/lib/python3.10/dist-packages:${PYTHONPATH} /usr/bin/cmake /home/submarine/gridmap_ws/src/grid_map/grid_map_pcl -DAMENT_CMAKE_SYMLINK_INSTALL=1 -DCMAKE_INSTALL_PREFIX=/home/submarine/gridmap_ws/install/grid_map_pcl
[0.156s] -- The C compiler identification is GNU 11.4.0
[0.266s] -- The CXX compiler identification is GNU 11.4.0
[0.280s] -- Detecting C compiler ABI info
[0.419s] -- Detecting C compiler ABI info - done
[0.430s] -- Check for working C compiler: /usr/bin/cc - skipped
[0.430s] -- Detecting C compile features
[0.431s] -- Detecting C compile features - done
[0.435s] -- Detecting CXX compiler ABI info
[0.585s] -- Detecting CXX compiler ABI info - done
[0.598s] -- Check for working CXX compiler: /usr/bin/c++ - skipped
[0.598s] -- Detecting CXX compile features
[0.599s] -- Detecting CXX compile features - done
[0.606s] -- Found ament_cmake: 1.3.8 (/opt/ros/humble/share/ament_cmake/cmake)
[0.896s] -- Found Python3: /usr/bin/python3 (found version "3.10.12") found components: Interpreter 
[1.035s] -- Override CMake install command with custom implementation using symlinks instead of copying resources
[1.120s] -- Found grid_map_cmake_helpers: 2.0.0 (/home/submarine/gridmap_ws/install/grid_map_cmake_helpers/share/grid_map_cmake_helpers/cmake)
[1.121s] -- Found grid_map_core: 2.0.0 (/home/submarine/gridmap_ws/install/grid_map_core/share/grid_map_core/cmake)
[1.141s] -- Found grid_map_msgs: 2.0.0 (/home/submarine/gridmap_ws/install/grid_map_msgs/share/grid_map_msgs/cmake)
[1.241s] -- Found rosidl_generator_c: 3.1.5 (/opt/ros/humble/share/rosidl_generator_c/cmake)
[1.256s] -- Found rosidl_adapter: 3.1.5 (/opt/ros/humble/share/rosidl_adapter/cmake)
[1.278s] -- Found rosidl_generator_cpp: 3.1.5 (/opt/ros/humble/share/rosidl_generator_cpp/cmake)
[1.312s] -- Using all available rosidl_typesupport_c: rosidl_typesupport_fastrtps_c;rosidl_typesupport_introspection_c
[1.362s] -- Using all available rosidl_typesupport_cpp: rosidl_typesupport_fastrtps_cpp;rosidl_typesupport_introspection_cpp
[1.771s] -- Found grid_map_ros: 2.0.0 (/home/submarine/gridmap_ws/install/grid_map_ros/share/grid_map_ros/cmake)
[2.292s] -- Found rmw_implementation_cmake: 6.1.1 (/opt/ros/humble/share/rmw_implementation_cmake/cmake)
[2.299s] -- Found rmw_fastrtps_cpp: 6.2.6 (/opt/ros/humble/share/rmw_fastrtps_cpp/cmake)
[2.378s] -- Found TinyXML2 via Config file: TinyXML2_DIR-NOTFOUND
[2.504s] -- Found OpenSSL: /usr/lib/x86_64-linux-gnu/libcrypto.so (found version "3.0.2")  
[2.508s] -- Found TinyXML2 via Config file: TinyXML2_DIR-NOTFOUND
[2.537s] -- Found FastRTPS: /opt/ros/humble/include  
[2.552s] -- Found TinyXML2 via Config file: TinyXML2_DIR-NOTFOUND
[2.566s] -- Found TinyXML2 via Config file: TinyXML2_DIR-NOTFOUND
[2.585s] -- Using RMW implementation 'rmw_fastrtps_cpp' as default
[2.607s] -- Looking for pthread.h
[2.734s] -- Looking for pthread.h - found
[2.735s] -- Performing Test CMAKE_HAVE_LIBC_PTHREAD
[2.864s] -- Performing Test CMAKE_HAVE_LIBC_PTHREAD - Success
[2.866s] -- Found Threads: TRUE  
[3.997s] -- Checking for module 'eigen3'
[4.025s] --   Found eigen3, version 3.4.0
[4.100s] -- Found Eigen: /usr/include/eigen3 (Required is at least version "3.1") 
[4.100s] -- Eigen found (include: /usr/include/eigen3, version: 3.4.0)
[4.147s] -- Found Boost: /usr/lib/x86_64-linux-gnu/cmake/Boost-1.74.0/BoostConfig.cmake (found suitable version "1.74.0", minimum required is "1.65.0") found components: system filesystem date_time iostreams serialization 
[4.183s] -- Checking for module 'flann'
[4.214s] --   Found flann, version 1.9.1
[4.308s] -- Found FLANN: /usr/lib/x86_64-linux-gnu/libflann_cpp.so  
[4.308s] -- FLANN found (include: /usr/include, lib: /usr/lib/x86_64-linux-gnu/libflann_cpp.so)
[4.371s] -- Found GLEW: /usr/lib/x86_64-linux-gnu/libGLEW.so  
[4.384s] -- Found OpenGL: /usr/lib/x86_64-linux-gnu/libOpenGL.so  found components: OpenGL GLX 
[4.662s] -- Found MPI_C: /usr/lib/x86_64-linux-gnu/libmpi.so (found version "3.1") 
[4.662s] -- Found MPI: TRUE (found version "3.1") found components: C 
[4.668s] -- Found JsonCpp: /usr/lib/x86_64-linux-gnu/libjsoncpp.so (found suitable version "1.9.5", minimum required is "0.7.0") 
[4.687s] -- Found ZLIB: /usr/lib/x86_64-linux-gnu/libz.so (found version "1.2.11") 
[4.722s] -- Found PNG: /usr/lib/x86_64-linux-gnu/libpng.so (found version "1.6.37") 
[4.742s] -- Found Eigen3: /usr/include/eigen3 (found version "3.4.0") 
[4.957s] -- Found X11: /usr/include   
[4.958s] -- Looking for XOpenDisplay in /usr/lib/x86_64-linux-gnu/libX11.so;/usr/lib/x86_64-linux-gnu/libXext.so
[5.096s] -- Looking for XOpenDisplay in /usr/lib/x86_64-linux-gnu/libX11.so;/usr/lib/x86_64-linux-gnu/libXext.so - found
[5.096s] -- Looking for gethostbyname
[5.227s] -- Looking for gethostbyname - found
[5.227s] -- Looking for connect
[5.362s] -- Looking for connect - found
[5.363s] -- Looking for remove
[5.501s] -- Looking for remove - found
[5.501s] -- Looking for shmat
[5.645s] -- Looking for shmat - found
[5.646s] -- Looking for IceConnectionNumber in ICE
[5.799s] -- Looking for IceConnectionNumber in ICE - found
[6.328s] -- Found EXPAT: /usr/lib/x86_64-linux-gnu/libexpat.so (found version "2.4.7") 
[6.332s] -- Found double-conversion: /usr/lib/x86_64-linux-gnu/libdouble-conversion.so  
[6.343s] -- Found LZ4: /usr/lib/x86_64-linux-gnu/liblz4.so (found version "1.9.3") 
[6.360s] -- Found LZMA: /usr/lib/x86_64-linux-gnu/liblzma.so (found version "5.2.5") 
[6.469s] -- Found JPEG: /usr/lib/x86_64-linux-gnu/libjpeg.so (found version "80") 
[6.498s] -- Found TIFF: /usr/lib/x86_64-linux-gnu/libtiff.so (found version "4.3.0")  
[6.507s] -- Found Freetype: /usr/lib/x86_64-linux-gnu/libfreetype.so (found version "2.11.1") 
[6.535s] -- Found utf8cpp: /usr/include/utf8cpp  
[7.189s] -- Checking for module 'libusb-1.0'
[7.352s] --   Found libusb-1.0, version 1.0.25
[7.646s] -- Found libusb: /usr/lib/x86_64-linux-gnu/libusb-1.0.so  
[7.652s] -- Found OpenNI: /usr/lib/libOpenNI.so;libusb::libusb (found version "1.5.4.0") 
[7.652s] -- OpenNI found (version: 1.5.4.0, include: /usr/include/ni, lib: /usr/lib/libOpenNI.so;libusb::libusb)
[8.185s] -- Found OpenNI2: /usr/lib/x86_64-linux-gnu/libOpenNI2.so;libusb::libusb (found version "2.2.0.33") 
[8.185s] -- OpenNI2 found (version: 2.2.0.33, include: /usr/include/openni2, lib: /usr/lib/x86_64-linux-gnu/libOpenNI2.so;libusb::libusb)
[8.186s] [0m** WARNING ** io features related to pcap will be disabled[0m
[8.879s] -- Eigen found (include: /usr/include/eigen3, version: 3.4.0)
[8.908s] -- OpenNI found (version: 1.5.4.0, include: /usr/include/ni, lib: /usr/lib/libOpenNI.so;libusb::libusb)
[8.949s] -- OpenNI2 found (version: 2.2.0.33, include: /usr/include/openni2, lib: /usr/lib/x86_64-linux-gnu/libOpenNI2.so;libusb::libusb)
[9.823s] -- Found Qhull version 8.0.2
[10.738s] -- OpenNI found (version: 1.5.4.0, include: /usr/include/ni, lib: /usr/lib/libOpenNI.so;libusb::libusb)
[11.704s] -- looking for PCL_COMMON
[11.707s] -- Found PCL_COMMON: /usr/lib/x86_64-linux-gnu/libpcl_common.so  
[11.707s] -- looking for PCL_KDTREE
[11.731s] -- Found PCL_KDTREE: /usr/lib/x86_64-linux-gnu/libpcl_kdtree.so  
[11.732s] -- looking for PCL_OCTREE
[11.736s] -- Found PCL_OCTREE: /usr/lib/x86_64-linux-gnu/libpcl_octree.so  
[11.736s] -- looking for PCL_SEARCH
[11.739s] -- Found PCL_SEARCH: /usr/lib/x86_64-linux-gnu/libpcl_search.so  
[11.740s] -- looking for PCL_SAMPLE_CONSENSUS
[11.747s] -- Found PCL_SAMPLE_CONSENSUS: /usr/lib/x86_64-linux-gnu/libpcl_sample_consensus.so  
[11.748s] -- looking for PCL_FILTERS
[11.763s] -- Found PCL_FILTERS: /usr/lib/x86_64-linux-gnu/libpcl_filters.so  
[11.763s] -- looking for PCL_2D
[11.764s] -- Found PCL_2D: /usr/include/pcl-1.12  
[11.765s] -- looking for PCL_GEOMETRY
[11.766s] -- Found PCL_GEOMETRY: /usr/include/pcl-1.12  
[11.766s] -- looking for PCL_IO
[11.769s] -- Found PCL_IO: /usr/lib/x86_64-linux-gnu/libpcl_io.so  
[11.769s] -- looking for PCL_FEATURES
[11.772s] -- Found PCL_FEATURES: /usr/lib/x86_64-linux-gnu/libpcl_features.so  
[11.773s] -- looking for PCL_ML
[11.776s] -- Found PCL_ML: /usr/lib/x86_64-linux-gnu/libpcl_ml.so  
[11.776s] -- looking for PCL_SEGMENTATION
[11.779s] -- Found PCL_SEGMENTATION: /usr/lib/x86_64-linux-gnu/libpcl_segmentation.so  
[11.780s] -- looking for PCL_VISUALIZATION
[11.793s] -- Found PCL_VISUALIZATION: /usr/lib/x86_64-linux-gnu/libpcl_visualization.so  
[11.794s] -- looking for PCL_SURFACE
[11.797s] -- Found PCL_SURFACE: /usr/lib/x86_64-linux-gnu/libpcl_surface.so  
[11.797s] -- looking for PCL_REGISTRATION
[11.815s] -- Found PCL_REGISTRATION: /usr/lib/x86_64-linux-gnu/libpcl_registration.so  
[11.815s] -- looking for PCL_KEYPOINTS
[11.819s] -- Found PCL_KEYPOINTS: /usr/lib/x86_64-linux-gnu/libpcl_keypoints.so  
[11.825s] -- looking for PCL_TRACKING
[11.828s] -- Found PCL_TRACKING: /usr/lib/x86_64-linux-gnu/libpcl_tracking.so  
[11.829s] -- looking for PCL_RECOGNITION
[11.834s] -- Found PCL_RECOGNITION: /usr/lib/x86_64-linux-gnu/libpcl_recognition.so  
[11.844s] -- looking for PCL_STEREO
[11.847s] -- Found PCL_STEREO: /usr/lib/x86_64-linux-gnu/libpcl_stereo.so  
[11.848s] -- looking for PCL_APPS
[11.851s] -- Found PCL_APPS: /usr/lib/x86_64-linux-gnu/libpcl_apps.so  
[11.866s] -- looking for PCL_IN_HAND_SCANNER
[11.866s] -- Found PCL_IN_HAND_SCANNER: /usr/include/pcl-1.12  
[11.866s] -- looking for PCL_MODELER
[11.869s] -- Found PCL_MODELER: /usr/include/pcl-1.12  
[11.871s] -- looking for PCL_POINT_CLOUD_EDITOR
[11.873s] -- Found PCL_POINT_CLOUD_EDITOR: /usr/include/pcl-1.12  
[11.874s] -- looking for PCL_OUTOFCORE
[11.876s] -- Found PCL_OUTOFCORE: /usr/lib/x86_64-linux-gnu/libpcl_outofcore.so  
[11.877s] -- looking for PCL_PEOPLE
[11.884s] -- Found PCL_PEOPLE: /usr/lib/x86_64-linux-gnu/libpcl_people.so  
[11.891s] -- Found PCL: pcl_common;pcl_kdtree;pcl_octree;pcl_search;pcl_sample_consensus;pcl_filters;pcl_io;pcl_features;pcl_ml;pcl_segmentation;pcl_visualization;pcl_surface;pcl_registration;pcl_keypoints;pcl_tracking;pcl_recognition;pcl_stereo;pcl_apps;pcl_outofcore;pcl_people;Boost::system;Boost::filesystem;Boost::date_time;Boost::iostreams;Boost::serialization;/usr/lib/libOpenNI.so;libusb::libusb;/usr/lib/x86_64-linux-gnu/libOpenNI2.so;libusb::libusb;VTK::ChartsCore;VTK::CommonColor;VTK::CommonComputationalGeometry;VTK::CommonCore;VTK::CommonDataModel;VTK::CommonExecutionModel;VTK::CommonMath;VTK::CommonMisc;VTK::CommonTransforms;VTK::FiltersCore;VTK::FiltersExtraction;VTK::FiltersGeneral;VTK::FiltersGeometry;VTK::FiltersModeling;VTK::FiltersSources;VTK::ImagingCore;VTK::ImagingSources;VTK::InteractionImage;VTK::InteractionStyle;VTK::InteractionWidgets;VTK::IOCore;VTK::IOGeometry;VTK::IOImage;VTK::IOLegacy;VTK::IOPLY;VTK::RenderingAnnotation;VTK::RenderingCore;VTK::RenderingContext2D;VTK::RenderingLOD;VTK::RenderingFreeType;VTK::ViewsCore;VTK::ViewsContext2D;VTK::RenderingOpenGL2;VTK::GUISupportQt;FLANN::FLANN;QHULL::QHULL  
[14.466s] -- Setting build type to Release as none was specified.
[20.435s] -- Found ament_lint_auto: 0.12.10 (/opt/ros/humble/share/ament_lint_auto/cmake)
[21.453s] -- Found gtest sources under '/opt/ros/humble/src/gtest_vendor': C++ tests using 'Google Test' will be built
[21.643s] -- Added test 'cppcheck' to perform static code analysis on C / C++ code
[21.646s] -- Configured cppcheck include dirs: /home/submarine/gridmap_ws/src/grid_map/grid_map_pcl/include
[21.646s] -- Configured cppcheck exclude dirs and/or files: 
[21.666s] -- Added test 'flake8' to check Python code syntax and style conventions
[21.669s] -- Added test 'lint_cmake' to check CMake code style
[21.672s] -- Added test 'pep257' to check Python code against some of the docstring style conventions in PEP 257
[21.688s] -- Added test 'uncrustify' to check C / C++ code style
[21.689s] -- Configured uncrustify additional arguments: 
[21.691s] -- Added test 'xmllint' to check XML markup files
[21.730s] -- Configuring done
[23.552s] -- Generating done
[23.580s] -- Build files have been written to: /home/submarine/gridmap_ws/build/grid_map_pcl
[23.905s] Invoked command in '/home/submarine/gridmap_ws/build/grid_map_pcl' returned '0': AMENT_PREFIX_PATH=/home/submarine/gridmap_ws/install/grid_map_ros:/home/submarine/gridmap_ws/install/grid_map_cv:/home/submarine/gridmap_ws/install/grid_map_msgs:/home/submarine/gridmap_ws/install/grid_map_core:/home/submarine/gridmap_ws/install/grid_map_cmake_helpers:${AMENT_PREFIX_PATH} CMAKE_PREFIX_PATH=/home/submarine/gridmap_ws/install/grid_map_ros:/home/submarine/gridmap_ws/install/grid_map_cv:/home/submarine/gridmap_ws/install/grid_map_msgs:/home/submarine/gridmap_ws/install/grid_map_core:/home/submarine/gridmap_ws/install/grid_map_cmake_helpers:/home/submarine/submarine/ros_ws/install/ros_bt:/home/submarine/submarine/ros_ws/install/ros_interfaces:/home/submarine/submarine/ros_ws/install/ros2_sub:/home/submarine/submarine/ros_ws/install/btcpp_ros2_samples:/home/submarine/submarine/ros_ws/install/btcpp_ros2_interfaces:/home/submarine/submarine/ros_ws/install/behaviortree_ros2:/home/submarine/submarine/ros_ws/install/behaviortree_cpp:/opt/ros/humble LD_LIBRARY_PATH=/home/submarine/gridmap_ws/install/grid_map_ros/lib:/home/submarine/gridmap_ws/install/grid_map_cv/lib:/home/submarine/gridmap_ws/install/grid_map_msgs/lib:/home/submarine/gridmap_ws/install/grid_map_core/lib:${LD_LIBRARY_PATH} PYTHONPATH=/home/submarine/gridmap_ws/install/grid_map_msgs/local/lib/python3.10/dist-packages:${PYTHONPATH} /usr/bin/cmake /home/submarine/gridmap_ws/src/grid_map/grid_map_pcl -DAMENT_CMAKE_SYMLINK_INSTALL=1 -DCMAKE_INSTALL_PREFIX=/home/submarine/gridmap_ws/install/grid_map_pcl
[23.915s] Invoking command in '/home/submarine/gridmap_ws/build/grid_map_pcl': AMENT_PREFIX_PATH=/home/submarine/gridmap_ws/install/grid_map_ros:/home/submarine/gridmap_ws/install/grid_map_cv:/home/submarine/gridmap_ws/install/grid_map_msgs:/home/submarine/gridmap_ws/install/grid_map_core:/home/submarine/gridmap_ws/install/grid_map_cmake_helpers:${AMENT_PREFIX_PATH} CMAKE_PREFIX_PATH=/home/submarine/gridmap_ws/install/grid_map_ros:/home/submarine/gridmap_ws/install/grid_map_cv:/home/submarine/gridmap_ws/install/grid_map_msgs:/home/submarine/gridmap_ws/install/grid_map_core:/home/submarine/gridmap_ws/install/grid_map_cmake_helpers:/home/submarine/submarine/ros_ws/install/ros_bt:/home/submarine/submarine/ros_ws/install/ros_interfaces:/home/submarine/submarine/ros_ws/install/ros2_sub:/home/submarine/submarine/ros_ws/install/btcpp_ros2_samples:/home/submarine/submarine/ros_ws/install/btcpp_ros2_interfaces:/home/submarine/submarine/ros_ws/install/behaviortree_ros2:/home/submarine/submarine/ros_ws/install/behaviortree_cpp:/opt/ros/humble LD_LIBRARY_PATH=/home/submarine/gridmap_ws/install/grid_map_ros/lib:/home/submarine/gridmap_ws/install/grid_map_cv/lib:/home/submarine/gridmap_ws/install/grid_map_msgs/lib:/home/submarine/gridmap_ws/install/grid_map_core/lib:${LD_LIBRARY_PATH} PYTHONPATH=/home/submarine/gridmap_ws/install/grid_map_msgs/local/lib/python3.10/dist-packages:${PYTHONPATH} /usr/bin/cmake --build /home/submarine/gridmap_ws/build/grid_map_pcl -- -j8 -l8
[24.782s] [  5%] [32mBuilding CXX object CMakeFiles/grid_map_pcl.dir/src/PclLoaderParameters.cpp.o[0m
[24.837s] [ 10%] [32mBuilding CXX object gtest/CMakeFiles/gtest_main.dir/src/gtest_main.cc.o[0m
[24.896s] [ 15%] [32mBuilding CXX object CMakeFiles/grid_map_pcl.dir/src/GridMapPclLoader.cpp.o[0m
[32.340s] [ 21%] [32m[1mLinking CXX static library libgtest_main.a[0m
[32.699s] [ 21%] Built target gtest_main
[57.876s] [ 26%] [32mBuilding CXX object CMakeFiles/grid_map_pcl.dir/src/GridMapPclConverter.cpp.o[0m
[65.619s] [ 31%] [32mBuilding CXX object CMakeFiles/grid_map_pcl.dir/src/helpers.cpp.o[0m
[82.646s] [ 36%] [32mBuilding CXX object CMakeFiles/grid_map_pcl.dir/src/PointcloudProcessor.cpp.o[0m
[95.245s] [ 42%] [32m[1mLinking CXX shared library libgrid_map_pcl.so[0m
[99.187s] [ 42%] Built target grid_map_pcl
[99.296s] [ 47%] [32mBuilding CXX object gtest/CMakeFiles/gtest.dir/src/gtest-all.cc.o[0m
[99.325s] [ 52%] [32mBuilding CXX object CMakeFiles/grid_map_pcl_loader_node.dir/src/grid_map_pcl_loader_node.cpp.o[0m
[128.016s] [ 57%] [32m[1mLinking CXX static library libgtest.a[0m
[128.300s] [ 57%] Built target gtest
[135.808s] [ 63%] [32m[1mLinking CXX executable grid_map_pcl_loader_node[0m
[140.338s] [ 63%] Built target grid_map_pcl_loader_node
[140.601s] [ 68%] [32mBuilding CXX object CMakeFiles/grid_map_pcl-test.dir/test/GridMapPclLoaderTest.cpp.o[0m
[174.454s] [ 73%] [32mBuilding CXX object CMakeFiles/grid_map_pcl-test.dir/test/test_grid_map_pcl.cpp.o[0m
[183.443s] [ 78%] [32mBuilding CXX object CMakeFiles/grid_map_pcl-test.dir/test/test_helpers.cpp.o[0m
[196.047s] [ 84%] [32mBuilding CXX object CMakeFiles/grid_map_pcl-test.dir/test/PointcloudProcessorTest.cpp.o[0m
[208.390s] [ 89%] [32mBuilding CXX object CMakeFiles/grid_map_pcl-test.dir/test/PointcloudCreator.cpp.o[0m
[213.184s] [ 94%] [32mBuilding CXX object CMakeFiles/grid_map_pcl-test.dir/test/HelpersTest.cpp.o[0m
[223.778s] [100%] [32m[1mLinking CXX executable grid_map_pcl-test[0m
[226.174s] [100%] Built target grid_map_pcl-test
[226.219s] Invoked command in '/home/submarine/gridmap_ws/build/grid_map_pcl' returned '0': AMENT_PREFIX_PATH=/home/submarine/gridmap_ws/install/grid_map_ros:/home/submarine/gridmap_ws/install/grid_map_cv:/home/submarine/gridmap_ws/install/grid_map_msgs:/home/submarine/gridmap_ws/install/grid_map_core:/home/submarine/gridmap_ws/install/grid_map_cmake_helpers:${AMENT_PREFIX_PATH} CMAKE_PREFIX_PATH=/home/submarine/gridmap_ws/install/grid_map_ros:/home/submarine/gridmap_ws/install/grid_map_cv:/home/submarine/gridmap_ws/install/grid_map_msgs:/home/submarine/gridmap_ws/install/grid_map_core:/home/submarine/gridmap_ws/install/grid_map_cmake_helpers:/home/submarine/submarine/ros_ws/install/ros_bt:/home/submarine/submarine/ros_ws/install/ros_interfaces:/home/submarine/submarine/ros_ws/install/ros2_sub:/home/submarine/submarine/ros_ws/install/btcpp_ros2_samples:/home/submarine/submarine/ros_ws/install/btcpp_ros2_interfaces:/home/submarine/submarine/ros_ws/install/behaviortree_ros2:/home/submarine/submarine/ros_ws/install/behaviortree_cpp:/opt/ros/humble LD_LIBRARY_PATH=/home/submarine/gridmap_ws/install/grid_map_ros/lib:/home/submarine/gridmap_ws/install/grid_map_cv/lib:/home/submarine/gridmap_ws/install/grid_map_msgs/lib:/home/submarine/gridmap_ws/install/grid_map_core/lib:${LD_LIBRARY_PATH} PYTHONPATH=/home/submarine/gridmap_ws/install/grid_map_msgs/local/lib/python3.10/dist-packages:${PYTHONPATH} /usr/bin/cmake --build /home/submarine/gridmap_ws/build/grid_map_pcl -- -j8 -l8
[226.354s] Invoking command in '/home/submarine/gridmap_ws/build/grid_map_pcl': AMENT_PREFIX_PATH=/home/submarine/gridmap_ws/install/grid_map_ros:/home/submarine/gridmap_ws/install/grid_map_cv:/home/submarine/gridmap_ws/install/grid_map_msgs:/home/submarine/gridmap_ws/install/grid_map_core:/home/submarine/gridmap_ws/install/grid_map_cmake_helpers:${AMENT_PREFIX_PATH} CMAKE_PREFIX_PATH=/home/submarine/gridmap_ws/install/grid_map_ros:/home/submarine/gridmap_ws/install/grid_map_cv:/home/submarine/gridmap_ws/install/grid_map_msgs:/home/submarine/gridmap_ws/install/grid_map_core:/home/submarine/gridmap_ws/install/grid_map_cmake_helpers:/home/submarine/submarine/ros_ws/install/ros_bt:/home/submarine/submarine/ros_ws/install/ros_interfaces:/home/submarine/submarine/ros_ws/install/ros2_sub:/home/submarine/submarine/ros_ws/install/btcpp_ros2_samples:/home/submarine/submarine/ros_ws/install/btcpp_ros2_interfaces:/home/submarine/submarine/ros_ws/install/behaviortree_ros2:/home/submarine/submarine/ros_ws/install/behaviortree_cpp:/opt/ros/humble LD_LIBRARY_PATH=/home/submarine/gridmap_ws/install/grid_map_ros/lib:/home/submarine/gridmap_ws/install/grid_map_cv/lib:/home/submarine/gridmap_ws/install/grid_map_msgs/lib:/home/submarine/gridmap_ws/install/grid_map_core/lib:${LD_LIBRARY_PATH} PYTHONPATH=/home/submarine/gridmap_ws/install/grid_map_msgs/local/lib/python3.10/dist-packages:${PYTHONPATH} /usr/bin/cmake --install /home/submarine/gridmap_ws/build/grid_map_pcl
[226.376s] -- Install configuration: "Release"
[226.378s] -- Execute custom install script
[226.379s] -- Symlinking: /home/submarine/gridmap_ws/install/grid_map_pcl/lib/libgrid_map_pcl.so
[226.398s] -- Symlinking: /home/submarine/gridmap_ws/install/grid_map_pcl/lib/grid_map_pcl/grid_map_pcl_loader_node
[226.421s] -- Symlinking: /home/submarine/gridmap_ws/install/grid_map_pcl/share/grid_map_pcl/config/parameters.yaml
[226.440s] -- Symlinking: /home/submarine/gridmap_ws/install/grid_map_pcl/share/grid_map_pcl/launch/grid_map_pcl_loader_launch.py
[226.459s] -- Symlinking: /home/submarine/gridmap_ws/install/grid_map_pcl/share/grid_map_pcl/test_data//parameters.yaml
[226.477s] -- Symlinking: /home/submarine/gridmap_ws/install/grid_map_pcl/share/grid_map_pcl/test_data//plane_noisy.pcd
[226.497s] -- Symlinking: /home/submarine/gridmap_ws/install/grid_map_pcl/share/grid_map_pcl/environment/library_path.sh
[226.516s] -- Symlinking: /home/submarine/gridmap_ws/install/grid_map_pcl/share/grid_map_pcl/environment/library_path.dsv
[226.535s] -- Symlinking: /home/submarine/gridmap_ws/install/grid_map_pcl/share/ament_index/resource_index/package_run_dependencies/grid_map_pcl
[226.553s] -- Symlinking: /home/submarine/gridmap_ws/install/grid_map_pcl/share/ament_index/resource_index/parent_prefix_path/grid_map_pcl
[226.573s] -- Symlinking: /home/submarine/gridmap_ws/install/grid_map_pcl/share/grid_map_pcl/environment/ament_prefix_path.sh
[226.590s] -- Symlinking: /home/submarine/gridmap_ws/install/grid_map_pcl/share/grid_map_pcl/environment/ament_prefix_path.dsv
[226.607s] -- Symlinking: /home/submarine/gridmap_ws/install/grid_map_pcl/share/grid_map_pcl/environment/path.sh
[226.626s] -- Symlinking: /home/submarine/gridmap_ws/install/grid_map_pcl/share/grid_map_pcl/environment/path.dsv
[226.648s] -- Symlinking: /home/submarine/gridmap_ws/install/grid_map_pcl/share/grid_map_pcl/local_setup.bash
[226.668s] -- Symlinking: /home/submarine/gridmap_ws/install/grid_map_pcl/share/grid_map_pcl/local_setup.sh
[226.687s] -- Symlinking: /home/submarine/gridmap_ws/install/grid_map_pcl/share/grid_map_pcl/local_setup.zsh
[226.705s] -- Symlinking: /home/submarine/gridmap_ws/install/grid_map_pcl/share/grid_map_pcl/local_setup.dsv
[226.723s] -- Symlinking: /home/submarine/gridmap_ws/install/grid_map_pcl/share/grid_map_pcl/package.dsv
[226.745s] -- Symlinking: /home/submarine/gridmap_ws/install/grid_map_pcl/share/ament_index/resource_index/packages/grid_map_pcl
[226.762s] -- Symlinking: /home/submarine/gridmap_ws/install/grid_map_pcl/share/grid_map_pcl/cmake/ament_cmake_export_include_directories-extras.cmake
[226.780s] -- Symlinking: /home/submarine/gridmap_ws/install/grid_map_pcl/share/grid_map_pcl/cmake/ament_cmake_export_libraries-extras.cmake
[226.797s] -- Symlinking: /home/submarine/gridmap_ws/install/grid_map_pcl/share/grid_map_pcl/cmake/grid_map_pclConfig.cmake
[226.819s] -- Symlinking: /home/submarine/gridmap_ws/install/grid_map_pcl/share/grid_map_pcl/cmake/grid_map_pclConfig-version.cmake
[226.838s] -- Symlinking: /home/submarine/gridmap_ws/install/grid_map_pcl/share/grid_map_pcl/package.xml
[226.855s] -- Installing: /home/submarine/gridmap_ws/install/grid_map_pcl/include/grid_map_pcl
[226.855s] -- Installing: /home/submarine/gridmap_ws/install/grid_map_pcl/include/grid_map_pcl/GridMapPclLoader.hpp
[226.855s] -- Installing: /home/submarine/gridmap_ws/install/grid_map_pcl/include/grid_map_pcl/helpers.hpp
[226.856s] -- Installing: /home/submarine/gridmap_ws/install/grid_map_pcl/include/grid_map_pcl/GridMapPclConverter.hpp
[226.856s] -- Installing: /home/submarine/gridmap_ws/install/grid_map_pcl/include/grid_map_pcl/PointcloudProcessor.hpp
[226.857s] -- Installing: /home/submarine/gridmap_ws/install/grid_map_pcl/include/grid_map_pcl/PclLoaderParameters.hpp
[226.857s] -- Installing: /home/submarine/gridmap_ws/install/grid_map_pcl/include/grid_map_pcl/grid_map_pcl.hpp
[226.866s] Invoked command in '/home/submarine/gridmap_ws/build/grid_map_pcl' returned '0': AMENT_PREFIX_PATH=/home/submarine/gridmap_ws/install/grid_map_ros:/home/submarine/gridmap_ws/install/grid_map_cv:/home/submarine/gridmap_ws/install/grid_map_msgs:/home/submarine/gridmap_ws/install/grid_map_core:/home/submarine/gridmap_ws/install/grid_map_cmake_helpers:${AMENT_PREFIX_PATH} CMAKE_PREFIX_PATH=/home/submarine/gridmap_ws/install/grid_map_ros:/home/submarine/gridmap_ws/install/grid_map_cv:/home/submarine/gridmap_ws/install/grid_map_msgs:/home/submarine/gridmap_ws/install/grid_map_core:/home/submarine/gridmap_ws/install/grid_map_cmake_helpers:/home/submarine/submarine/ros_ws/install/ros_bt:/home/submarine/submarine/ros_ws/install/ros_interfaces:/home/submarine/submarine/ros_ws/install/ros2_sub:/home/submarine/submarine/ros_ws/install/btcpp_ros2_samples:/home/submarine/submarine/ros_ws/install/btcpp_ros2_interfaces:/home/submarine/submarine/ros_ws/install/behaviortree_ros2:/home/submarine/submarine/ros_ws/install/behaviortree_cpp:/opt/ros/humble LD_LIBRARY_PATH=/home/submarine/gridmap_ws/install/grid_map_ros/lib:/home/submarine/gridmap_ws/install/grid_map_cv/lib:/home/submarine/gridmap_ws/install/grid_map_msgs/lib:/home/submarine/gridmap_ws/install/grid_map_core/lib:${LD_LIBRARY_PATH} PYTHONPATH=/home/submarine/gridmap_ws/install/grid_map_msgs/local/lib/python3.10/dist-packages:${PYTHONPATH} /usr/bin/cmake --install /home/submarine/gridmap_ws/build/grid_map_pcl
