[2.053s] Invoking command in '/home/submarine/ros_ws/src/esc_pkg': CMAKE_PREFIX_PATH=/home/submarine/ros_ws/install/orientation_msg:/home/submarine/ryans_ws/install/orientation_msg:/home/submarine/ros_ws/install/ros_bt:/home/submarine/ros_ws/install/ros2_sub:/home/submarine/ros_ws/install/perception_pcl:/home/submarine/ros_ws/install/octomap_mapping:/home/submarine/ros_ws/install/octomap_server:/home/submarine/ros_ws/install/pcl_ros:/home/submarine/ros_ws/install/octomap_rviz_plugins:/home/submarine/ros_ws/install/btcpp_ros2_samples:/home/submarine/ros_ws/install/behaviortree_ros2:/home/submarine/ros_ws/install/btcpp_ros2_interfaces:/opt/ros/jazzy/opt/gz_sim_vendor:/opt/ros/jazzy/opt/gz_sensors_vendor:/opt/ros/jazzy/opt/gz_physics_vendor:/opt/ros/jazzy/opt/sdformat_vendor:/opt/ros/jazzy/opt/gz_gui_vendor:/opt/ros/jazzy/opt/gz_transport_vendor:/opt/ros/jazzy/opt/gz_rendering_vendor:/opt/ros/jazzy/opt/gz_plugin_vendor:/opt/ros/jazzy/opt/gz_fuel_tools_vendor:/opt/ros/jazzy/opt/gz_msgs_vendor:/opt/ros/jazzy/opt/gz_common_vendor:/opt/ros/jazzy/opt/gz_math_vendor:/opt/ros/jazzy/opt/gz_utils_vendor:/opt/ros/jazzy/opt/gz_tools_vendor:/opt/ros/jazzy/opt/gz_ogre_next_vendor:/opt/ros/jazzy/opt/gz_dartsim_vendor:/opt/ros/jazzy/opt/gz_cmake_vendor DEBUGINFOD_URLS=https://debuginfod.ubuntu.com LD_LIBRARY_PATH=/home/submarine/ros_ws/install/orientation_msg/lib:/home/submarine/ryans_ws/install/orientation_msg/lib:/home/submarine/ros_ws/install/octomap_server/lib:/home/submarine/ros_ws/install/pcl_ros/lib:/home/submarine/ros_ws/install/octomap_rviz_plugins/lib:/home/submarine/ros_ws/install/behaviortree_ros2/lib:/home/submarine/ros_ws/install/btcpp_ros2_interfaces/lib:/opt/ros/jazzy/opt/gz_sim_vendor/lib:/opt/ros/jazzy/opt/gz_sensors_vendor/lib:/opt/ros/jazzy/opt/gz_physics_vendor/lib:/opt/ros/jazzy/opt/sdformat_vendor/lib:/opt/ros/jazzy/opt/rviz_ogre_vendor/lib:/opt/ros/jazzy/lib/aarch64-linux-gnu:/opt/ros/jazzy/opt/gz_gui_vendor/lib:/opt/ros/jazzy/opt/gz_transport_vendor/lib:/opt/ros/jazzy/opt/gz_rendering_vendor/lib:/opt/ros/jazzy/opt/gz_plugin_vendor/lib:/opt/ros/jazzy/opt/gz_fuel_tools_vendor/lib:/opt/ros/jazzy/opt/gz_msgs_vendor/lib:/opt/ros/jazzy/opt/gz_common_vendor/lib:/opt/ros/jazzy/opt/gz_math_vendor/lib:/opt/ros/jazzy/opt/gz_utils_vendor/lib:/opt/ros/jazzy/opt/gz_tools_vendor/lib:/opt/ros/jazzy/opt/gz_ogre_next_vendor/lib:/opt/ros/jazzy/opt/gz_dartsim_vendor/lib:/opt/ros/jazzy/opt/gz_cmake_vendor/lib:/opt/ros/jazzy/lib PS1=(bluerobotics-ping) \[\e]0;\u@\h: \w\a\]${debian_chroot:+($debian_chroot)}\[\033[01;32m\]\u@\h\[\033[00m\]:\[\033[01;34m\]\w\[\033[00m\]\$ PYTHONPATH=/home/submarine/ros_ws/build/esc_pkg/prefix_override:/usr/lib/python3/dist-packages/colcon_core/task/python/colcon_distutils_commands:/home/submarine/ros_ws/install/esc_pkg/lib/python3.12/site-packages:/home/submarine/ros_ws/install/orientation_msg/lib/python3.12/site-packages:/home/submarine/ryans_ws/install/esc_pkg/lib/python3.12/site-packages:/home/submarine/ryans_ws/install/orientation_msg/lib/python3.12/site-packages:/home/submarine/ros_ws/install/speed_sensor/lib/python3.12/site-packages:/home/submarine/ros_ws/install/sonars/lib/python3.12/site-packages:/home/submarine/ros_ws/install/orientation_package/lib/python3.12/site-packages:/home/submarine/ros_ws/install/btcpp_ros2_interfaces/lib/python3.12/site-packages:/opt/ros/jazzy/lib/python3.12/site-packages VIRTUAL_ENV_PROMPT=(bluerobotics-ping) /usr/bin/python3 -W ignore:setup.py install is deprecated setup.py egg_info --egg-base ../../build/esc_pkg build --build-base /home/submarine/ros_ws/build/esc_pkg/build install --record /home/submarine/ros_ws/build/esc_pkg/install.log --single-version-externally-managed install_data
[2.613s] running egg_info
[2.613s] creating ../../build/esc_pkg/esc_pkg.egg-info
[2.649s] writing ../../build/esc_pkg/esc_pkg.egg-info/PKG-INFO
[2.650s] writing dependency_links to ../../build/esc_pkg/esc_pkg.egg-info/dependency_links.txt
[2.650s] writing entry points to ../../build/esc_pkg/esc_pkg.egg-info/entry_points.txt
[2.650s] writing requirements to ../../build/esc_pkg/esc_pkg.egg-info/requires.txt
[2.651s] writing top-level names to ../../build/esc_pkg/esc_pkg.egg-info/top_level.txt
[2.652s] writing manifest file '../../build/esc_pkg/esc_pkg.egg-info/SOURCES.txt'
[2.724s] reading manifest file '../../build/esc_pkg/esc_pkg.egg-info/SOURCES.txt'
[2.725s] writing manifest file '../../build/esc_pkg/esc_pkg.egg-info/SOURCES.txt'
[2.726s] running build
[2.727s] running build_py
[2.727s] creating /home/submarine/ros_ws/build/esc_pkg/build
[2.727s] creating /home/submarine/ros_ws/build/esc_pkg/build/lib
[2.728s] creating /home/submarine/ros_ws/build/esc_pkg/build/lib/esc_pkg
[2.728s] copying esc_pkg/esc_publisher.py -> /home/submarine/ros_ws/build/esc_pkg/build/lib/esc_pkg
[2.728s] copying esc_pkg/__init__.py -> /home/submarine/ros_ws/build/esc_pkg/build/lib/esc_pkg
[2.728s] copying esc_pkg/esc_subscriber.py -> /home/submarine/ros_ws/build/esc_pkg/build/lib/esc_pkg
[2.728s] running install
[2.741s] running install_lib
[2.779s] creating /home/submarine/ros_ws/install/esc_pkg/lib/python3.12/site-packages/esc_pkg
[2.779s] copying /home/submarine/ros_ws/build/esc_pkg/build/lib/esc_pkg/esc_publisher.py -> /home/submarine/ros_ws/install/esc_pkg/lib/python3.12/site-packages/esc_pkg
[2.780s] copying /home/submarine/ros_ws/build/esc_pkg/build/lib/esc_pkg/__init__.py -> /home/submarine/ros_ws/install/esc_pkg/lib/python3.12/site-packages/esc_pkg
[2.780s] copying /home/submarine/ros_ws/build/esc_pkg/build/lib/esc_pkg/esc_subscriber.py -> /home/submarine/ros_ws/install/esc_pkg/lib/python3.12/site-packages/esc_pkg
[2.782s] byte-compiling /home/submarine/ros_ws/install/esc_pkg/lib/python3.12/site-packages/esc_pkg/esc_publisher.py to esc_publisher.cpython-312.pyc
[2.783s] byte-compiling /home/submarine/ros_ws/install/esc_pkg/lib/python3.12/site-packages/esc_pkg/__init__.py to __init__.cpython-312.pyc
[2.783s] byte-compiling /home/submarine/ros_ws/install/esc_pkg/lib/python3.12/site-packages/esc_pkg/esc_subscriber.py to esc_subscriber.cpython-312.pyc
[2.785s] running install_data
[2.785s] creating /home/submarine/ros_ws/install/esc_pkg/share/ament_index
[2.785s] creating /home/submarine/ros_ws/install/esc_pkg/share/ament_index/resource_index
[2.785s] creating /home/submarine/ros_ws/install/esc_pkg/share/ament_index/resource_index/packages
[2.785s] copying resource/esc_pkg -> /home/submarine/ros_ws/install/esc_pkg/share/ament_index/resource_index/packages
[2.785s] copying package.xml -> /home/submarine/ros_ws/install/esc_pkg/share/esc_pkg
[2.785s] running install_egg_info
[2.850s] Copying ../../build/esc_pkg/esc_pkg.egg-info to /home/submarine/ros_ws/install/esc_pkg/lib/python3.12/site-packages/esc_pkg-0.0.1-py3.12.egg-info
[2.854s] running install_scripts
[3.219s] Installing esc_publisher script to /home/submarine/ros_ws/install/esc_pkg/lib/esc_pkg
[3.220s] Installing esc_subscriber script to /home/submarine/ros_ws/install/esc_pkg/lib/esc_pkg
[3.225s] writing list of installed files to '/home/submarine/ros_ws/build/esc_pkg/install.log'
[3.378s] Invoked command in '/home/submarine/ros_ws/src/esc_pkg' returned '0': CMAKE_PREFIX_PATH=/home/submarine/ros_ws/install/orientation_msg:/home/submarine/ryans_ws/install/orientation_msg:/home/submarine/ros_ws/install/ros_bt:/home/submarine/ros_ws/install/ros2_sub:/home/submarine/ros_ws/install/perception_pcl:/home/submarine/ros_ws/install/octomap_mapping:/home/submarine/ros_ws/install/octomap_server:/home/submarine/ros_ws/install/pcl_ros:/home/submarine/ros_ws/install/octomap_rviz_plugins:/home/submarine/ros_ws/install/btcpp_ros2_samples:/home/submarine/ros_ws/install/behaviortree_ros2:/home/submarine/ros_ws/install/btcpp_ros2_interfaces:/opt/ros/jazzy/opt/gz_sim_vendor:/opt/ros/jazzy/opt/gz_sensors_vendor:/opt/ros/jazzy/opt/gz_physics_vendor:/opt/ros/jazzy/opt/sdformat_vendor:/opt/ros/jazzy/opt/gz_gui_vendor:/opt/ros/jazzy/opt/gz_transport_vendor:/opt/ros/jazzy/opt/gz_rendering_vendor:/opt/ros/jazzy/opt/gz_plugin_vendor:/opt/ros/jazzy/opt/gz_fuel_tools_vendor:/opt/ros/jazzy/opt/gz_msgs_vendor:/opt/ros/jazzy/opt/gz_common_vendor:/opt/ros/jazzy/opt/gz_math_vendor:/opt/ros/jazzy/opt/gz_utils_vendor:/opt/ros/jazzy/opt/gz_tools_vendor:/opt/ros/jazzy/opt/gz_ogre_next_vendor:/opt/ros/jazzy/opt/gz_dartsim_vendor:/opt/ros/jazzy/opt/gz_cmake_vendor DEBUGINFOD_URLS=https://debuginfod.ubuntu.com LD_LIBRARY_PATH=/home/submarine/ros_ws/install/orientation_msg/lib:/home/submarine/ryans_ws/install/orientation_msg/lib:/home/submarine/ros_ws/install/octomap_server/lib:/home/submarine/ros_ws/install/pcl_ros/lib:/home/submarine/ros_ws/install/octomap_rviz_plugins/lib:/home/submarine/ros_ws/install/behaviortree_ros2/lib:/home/submarine/ros_ws/install/btcpp_ros2_interfaces/lib:/opt/ros/jazzy/opt/gz_sim_vendor/lib:/opt/ros/jazzy/opt/gz_sensors_vendor/lib:/opt/ros/jazzy/opt/gz_physics_vendor/lib:/opt/ros/jazzy/opt/sdformat_vendor/lib:/opt/ros/jazzy/opt/rviz_ogre_vendor/lib:/opt/ros/jazzy/lib/aarch64-linux-gnu:/opt/ros/jazzy/opt/gz_gui_vendor/lib:/opt/ros/jazzy/opt/gz_transport_vendor/lib:/opt/ros/jazzy/opt/gz_rendering_vendor/lib:/opt/ros/jazzy/opt/gz_plugin_vendor/lib:/opt/ros/jazzy/opt/gz_fuel_tools_vendor/lib:/opt/ros/jazzy/opt/gz_msgs_vendor/lib:/opt/ros/jazzy/opt/gz_common_vendor/lib:/opt/ros/jazzy/opt/gz_math_vendor/lib:/opt/ros/jazzy/opt/gz_utils_vendor/lib:/opt/ros/jazzy/opt/gz_tools_vendor/lib:/opt/ros/jazzy/opt/gz_ogre_next_vendor/lib:/opt/ros/jazzy/opt/gz_dartsim_vendor/lib:/opt/ros/jazzy/opt/gz_cmake_vendor/lib:/opt/ros/jazzy/lib PS1=(bluerobotics-ping) \[\e]0;\u@\h: \w\a\]${debian_chroot:+($debian_chroot)}\[\033[01;32m\]\u@\h\[\033[00m\]:\[\033[01;34m\]\w\[\033[00m\]\$ PYTHONPATH=/home/submarine/ros_ws/build/esc_pkg/prefix_override:/usr/lib/python3/dist-packages/colcon_core/task/python/colcon_distutils_commands:/home/submarine/ros_ws/install/esc_pkg/lib/python3.12/site-packages:/home/submarine/ros_ws/install/orientation_msg/lib/python3.12/site-packages:/home/submarine/ryans_ws/install/esc_pkg/lib/python3.12/site-packages:/home/submarine/ryans_ws/install/orientation_msg/lib/python3.12/site-packages:/home/submarine/ros_ws/install/speed_sensor/lib/python3.12/site-packages:/home/submarine/ros_ws/install/sonars/lib/python3.12/site-packages:/home/submarine/ros_ws/install/orientation_package/lib/python3.12/site-packages:/home/submarine/ros_ws/install/btcpp_ros2_interfaces/lib/python3.12/site-packages:/opt/ros/jazzy/lib/python3.12/site-packages VIRTUAL_ENV_PROMPT=(bluerobotics-ping) /usr/bin/python3 -W ignore:setup.py install is deprecated setup.py egg_info --egg-base ../../build/esc_pkg build --build-base /home/submarine/ros_ws/build/esc_pkg/build install --record /home/submarine/ros_ws/build/esc_pkg/install.log --single-version-externally-managed install_data
