running egg_info
writing ../../build/sonars/sonars.egg-info/PKG-INFO
writing dependency_links to ../../build/sonars/sonars.egg-info/dependency_links.txt
writing entry points to ../../build/sonars/sonars.egg-info/entry_points.txt
writing requirements to ../../build/sonars/sonars.egg-info/requires.txt
writing top-level names to ../../build/sonars/sonars.egg-info/top_level.txt
reading manifest file '../../build/sonars/sonars.egg-info/SOURCES.txt'
writing manifest file '../../build/sonars/sonars.egg-info/SOURCES.txt'
running build
running build_py
copying sonars/front_sonar_node.py -> /home/submarine/ros_ws/build/sonars/build/lib/sonars
running install
running install_lib
copying /home/submarine/ros_ws/build/sonars/build/lib/sonars/front_sonar_node.py -> /home/submarine/ros_ws/install/sonars/lib/python3.12/site-packages/sonars
byte-compiling /home/submarine/ros_ws/install/sonars/lib/python3.12/site-packages/sonars/front_sonar_node.py to front_sonar_node.cpython-312.pyc
running install_data
running install_egg_info
removing '/home/submarine/ros_ws/install/sonars/lib/python3.12/site-packages/sonars-0.0.0-py3.12.egg-info' (and everything under it)
Copying ../../build/sonars/sonars.egg-info to /home/submarine/ros_ws/install/sonars/lib/python3.12/site-packages/sonars-0.0.0-py3.12.egg-info
running install_scripts
Installing down_sonar_node script to /home/submarine/ros_ws/install/sonars/lib/sonars
Installing front_sonar_node script to /home/submarine/ros_ws/install/sonars/lib/sonars
Installing side_sonar_node script to /home/submarine/ros_ws/install/sonars/lib/sonars
writing list of installed files to '/home/submarine/ros_ws/build/sonars/install.log'
