[1.826s] Invoking command in '/home/submarine/ros_ws/src/sonars': DEBUGINFOD_URLS=https://debuginfod.ubuntu.com PYTHONPATH=/home/submarine/ros_ws/build/sonars/prefix_override:/usr/lib/python3/dist-packages/colcon_core/task/python/colcon_distutils_commands:/home/submarine/ros_ws/install/sonars/lib/python3.12/site-packages:${PYTHONPATH} /usr/bin/python3 -W ignore:setup.py install is deprecated setup.py egg_info --egg-base ../../build/sonars build --build-base /home/submarine/ros_ws/build/sonars/build install --record /home/submarine/ros_ws/build/sonars/install.log --single-version-externally-managed install_data
[2.485s] running egg_info
[2.525s] writing ../../build/sonars/sonars.egg-info/PKG-INFO
[2.525s] writing dependency_links to ../../build/sonars/sonars.egg-info/dependency_links.txt
[2.527s] writing entry points to ../../build/sonars/sonars.egg-info/entry_points.txt
[2.528s] writing requirements to ../../build/sonars/sonars.egg-info/requires.txt
[2.530s] writing top-level names to ../../build/sonars/sonars.egg-info/top_level.txt
[2.611s] reading manifest file '../../build/sonars/sonars.egg-info/SOURCES.txt'
[2.612s] writing manifest file '../../build/sonars/sonars.egg-info/SOURCES.txt'
[2.612s] running build
[2.612s] running build_py
[2.613s] running install
[2.624s] running install_lib
[2.663s] running install_data
[2.663s] running install_egg_info
[2.702s] removing '/home/submarine/ros_ws/install/sonars/lib/python3.12/site-packages/sonars-0.0.0-py3.12.egg-info' (and everything under it)
[2.702s] Copying ../../build/sonars/sonars.egg-info to /home/submarine/ros_ws/install/sonars/lib/python3.12/site-packages/sonars-0.0.0-py3.12.egg-info
[2.704s] running install_scripts
[2.918s] Installing down_sonar_node script to /home/submarine/ros_ws/install/sonars/lib/sonars
[2.918s] Installing side_sonar_node script to /home/submarine/ros_ws/install/sonars/lib/sonars
[2.920s] writing list of installed files to '/home/submarine/ros_ws/build/sonars/install.log'
[3.010s] Invoked command in '/home/submarine/ros_ws/src/sonars' returned '0': DEBUGINFOD_URLS=https://debuginfod.ubuntu.com PYTHONPATH=/home/submarine/ros_ws/build/sonars/prefix_override:/usr/lib/python3/dist-packages/colcon_core/task/python/colcon_distutils_commands:/home/submarine/ros_ws/install/sonars/lib/python3.12/site-packages:${PYTHONPATH} /usr/bin/python3 -W ignore:setup.py install is deprecated setup.py egg_info --egg-base ../../build/sonars build --build-base /home/submarine/ros_ws/build/sonars/build install --record /home/submarine/ros_ws/build/sonars/install.log --single-version-externally-managed install_data
