[0.037s] Invoking command in '/home/submarine/ros_ws/build/ros_bt': CMAKE_PREFIX_PATH=${CMAKE_PREFIX_PATH}:/home/submarine/ryans_ws/install/orientation_package:/home/submarine/ryans_ws/install/esc_pkg:/home/submarine/ros_ws/install/speed_sensor:/home/submarine/ros_ws/install/sonars:/home/submarine/ros_ws/install/orientation_package:/opt/ros/jazzy DEBUGINFOD_URLS=https://debuginfod.ubuntu.com PS1=(bluerobotics-ping) \[\e]0;\u@\h: \w\a\]${debian_chroot:+($debian_chroot)}\[\033[01;32m\]\u@\h\[\033[00m\]:\[\033[01;34m\]\w\[\033[00m\]\$ VIRTUAL_ENV_PROMPT=(bluerobotics-ping) /usr/bin/cmake --build /home/submarine/ros_ws/build/ros_bt -- -j4 -l4
[0.205s] [100%] Built target sub_exec
[0.265s] Invoked command in '/home/submarine/ros_ws/build/ros_bt' returned '0': CMAKE_PREFIX_PATH=${CMAKE_PREFIX_PATH}:/home/submarine/ryans_ws/install/orientation_package:/home/submarine/ryans_ws/install/esc_pkg:/home/submarine/ros_ws/install/speed_sensor:/home/submarine/ros_ws/install/sonars:/home/submarine/ros_ws/install/orientation_package:/opt/ros/jazzy DEBUGINFOD_URLS=https://debuginfod.ubuntu.com PS1=(bluerobotics-ping) \[\e]0;\u@\h: \w\a\]${debian_chroot:+($debian_chroot)}\[\033[01;32m\]\u@\h\[\033[00m\]:\[\033[01;34m\]\w\[\033[00m\]\$ VIRTUAL_ENV_PROMPT=(bluerobotics-ping) /usr/bin/cmake --build /home/submarine/ros_ws/build/ros_bt -- -j4 -l4
[0.333s] Invoking command in '/home/submarine/ros_ws/build/ros_bt': CMAKE_PREFIX_PATH=${CMAKE_PREFIX_PATH}:/home/submarine/ryans_ws/install/orientation_package:/home/submarine/ryans_ws/install/esc_pkg:/home/submarine/ros_ws/install/speed_sensor:/home/submarine/ros_ws/install/sonars:/home/submarine/ros_ws/install/orientation_package:/opt/ros/jazzy DEBUGINFOD_URLS=https://debuginfod.ubuntu.com PS1=(bluerobotics-ping) \[\e]0;\u@\h: \w\a\]${debian_chroot:+($debian_chroot)}\[\033[01;32m\]\u@\h\[\033[00m\]:\[\033[01;34m\]\w\[\033[00m\]\$ VIRTUAL_ENV_PROMPT=(bluerobotics-ping) /usr/bin/cmake --install /home/submarine/ros_ws/build/ros_bt
[0.353s] -- Install configuration: ""
[0.355s] -- Up-to-date: /home/submarine/ros_ws/install/ros_bt/lib/ros_bt/sub_exec
[0.356s] -- Up-to-date: /home/submarine/ros_ws/install/ros_bt/share/ament_index/resource_index/package_run_dependencies/ros_bt
[0.356s] -- Up-to-date: /home/submarine/ros_ws/install/ros_bt/share/ament_index/resource_index/parent_prefix_path/ros_bt
[0.356s] -- Up-to-date: /home/submarine/ros_ws/install/ros_bt/share/ros_bt/environment/ament_prefix_path.sh
[0.357s] -- Up-to-date: /home/submarine/ros_ws/install/ros_bt/share/ros_bt/environment/ament_prefix_path.dsv
[0.358s] -- Up-to-date: /home/submarine/ros_ws/install/ros_bt/share/ros_bt/environment/path.sh
[0.358s] -- Up-to-date: /home/submarine/ros_ws/install/ros_bt/share/ros_bt/environment/path.dsv
[0.358s] -- Up-to-date: /home/submarine/ros_ws/install/ros_bt/share/ros_bt/local_setup.bash
[0.358s] -- Up-to-date: /home/submarine/ros_ws/install/ros_bt/share/ros_bt/local_setup.sh
[0.359s] -- Up-to-date: /home/submarine/ros_ws/install/ros_bt/share/ros_bt/local_setup.zsh
[0.360s] -- Up-to-date: /home/submarine/ros_ws/install/ros_bt/share/ros_bt/local_setup.dsv
[0.360s] -- Installing: /home/submarine/ros_ws/install/ros_bt/share/ros_bt/package.dsv
[0.360s] -- Up-to-date: /home/submarine/ros_ws/install/ros_bt/share/ament_index/resource_index/packages/ros_bt
[0.361s] -- Up-to-date: /home/submarine/ros_ws/install/ros_bt/share/ros_bt/cmake/ros_btConfig.cmake
[0.361s] -- Up-to-date: /home/submarine/ros_ws/install/ros_bt/share/ros_bt/cmake/ros_btConfig-version.cmake
[0.361s] -- Up-to-date: /home/submarine/ros_ws/install/ros_bt/share/ros_bt/package.xml
[0.367s] Invoked command in '/home/submarine/ros_ws/build/ros_bt' returned '0': CMAKE_PREFIX_PATH=${CMAKE_PREFIX_PATH}:/home/submarine/ryans_ws/install/orientation_package:/home/submarine/ryans_ws/install/esc_pkg:/home/submarine/ros_ws/install/speed_sensor:/home/submarine/ros_ws/install/sonars:/home/submarine/ros_ws/install/orientation_package:/opt/ros/jazzy DEBUGINFOD_URLS=https://debuginfod.ubuntu.com PS1=(bluerobotics-ping) \[\e]0;\u@\h: \w\a\]${debian_chroot:+($debian_chroot)}\[\033[01;32m\]\u@\h\[\033[00m\]:\[\033[01;34m\]\w\[\033[00m\]\$ VIRTUAL_ENV_PROMPT=(bluerobotics-ping) /usr/bin/cmake --install /home/submarine/ros_ws/build/ros_bt
