-- The C compiler identification is GNU 11.4.0
-- The CXX compiler identification is GNU 11.4.0
-- Detecting C compiler ABI info
-- Detecting C compiler ABI info - done
-- Check for working C compiler: /usr/bin/cc - skipped
-- Detecting C compile features
-- Detecting C compile features - done
-- Detecting CXX compiler ABI info
-- Detecting CXX compiler ABI info - done
-- Check for working CXX compiler: /usr/bin/c++ - skipped
-- Detecting CXX compile features
-- Detecting CXX compile features - done
-- Found ament_cmake: 1.3.8 (/opt/ros/humble/share/ament_cmake/cmake)
-- Found Python3: /usr/bin/python3 (found version "3.10.12") found components: Interpreter 
-- Override CMake install command with custom implementation using symlinks instead of copying resources
-- Found grid_map_cmake_helpers: 2.0.0 (/home/submarine/gridmap_ws/install/grid_map_cmake_helpers/share/grid_map_cmake_helpers/cmake)
-- Found grid_map_core: 2.0.0 (/home/submarine/gridmap_ws/install/grid_map_core/share/grid_map_core/cmake)
-- Found geometry_msgs: 4.2.3 (/opt/ros/humble/share/geometry_msgs/cmake)
-- Found rosidl_generator_c: 3.1.5 (/opt/ros/humble/share/rosidl_generator_c/cmake)
-- Found rosidl_adapter: 3.1.5 (/opt/ros/humble/share/rosidl_adapter/cmake)
-- Found rosidl_generator_cpp: 3.1.5 (/opt/ros/humble/share/rosidl_generator_cpp/cmake)
-- Using all available rosidl_typesupport_c: rosidl_typesupport_fastrtps_c;rosidl_typesupport_introspection_c
-- Using all available rosidl_typesupport_cpp: rosidl_typesupport_fastrtps_cpp;rosidl_typesupport_introspection_cpp
-- Found nav2_costmap_2d: 1.1.13 (/opt/ros/humble/share/nav2_costmap_2d/cmake)
-- Found rmw_implementation_cmake: 6.1.1 (/opt/ros/humble/share/rmw_implementation_cmake/cmake)
-- Found rmw_fastrtps_cpp: 6.2.6 (/opt/ros/humble/share/rmw_fastrtps_cpp/cmake)
-- Found OpenSSL: /usr/lib/x86_64-linux-gnu/libcrypto.so (found version "3.0.2")  
-- Found FastRTPS: /opt/ros/humble/include  
-- Using RMW implementation 'rmw_fastrtps_cpp' as default
-- Looking for pthread.h
-- Looking for pthread.h - found
-- Performing Test CMAKE_HAVE_LIBC_PTHREAD
-- Performing Test CMAKE_HAVE_LIBC_PTHREAD - Success
-- Found Threads: TRUE  
-- Found Eigen3: TRUE (found version "3.4.0") 
-- Ensuring Eigen3 include directory is part of orocos-kdl CMake target
-- Setting build type to Release as none was specified.
-- Found ament_lint_auto: 0.12.10 (/opt/ros/humble/share/ament_lint_auto/cmake)
-- Found gtest sources under '/opt/ros/humble/src/gtest_vendor': C++ tests using 'Google Test' will be built
-- Added test 'cppcheck' to perform static code analysis on C / C++ code
-- Configured cppcheck include dirs: /home/submarine/gridmap_ws/src/grid_map/grid_map_costmap_2d/include
-- Configured cppcheck exclude dirs and/or files: 
-- Added test 'lint_cmake' to check CMake code style
-- Added test 'uncrustify' to check C / C++ code style
-- Configured uncrustify additional arguments: 
-- Added test 'xmllint' to check XML markup files
-- Configuring done
-- Generating done
-- Build files have been written to: /home/submarine/gridmap_ws/build/grid_map_costmap_2d
[ 11%] [32mBuilding CXX object gtest/CMakeFiles/gtest.dir/src/gtest-all.cc.o[0m
[ 22%] [32mBuilding CXX object gtest/CMakeFiles/gtest_main.dir/src/gtest_main.cc.o[0m
[ 33%] [32m[1mLinking CXX static library libgtest_main.a[0m
[ 33%] Built target gtest_main
[ 44%] [32m[1mLinking CXX static library libgtest.a[0m
[ 44%] Built target gtest
[ 55%] [32mBuilding CXX object test/CMakeFiles/grid_map_costmap_2d-test.dir/test_grid_map_costmap_2d.cpp.o[0m
[ 77%] [32mBuilding CXX object test/CMakeFiles/grid_map_costmap_2d-test.dir/test_costmap_2d_converter.cpp.o[0m
[ 77%] [32mBuilding CXX object test/CMakeFiles/costmap-2d-ros-test.dir/test_costmap_2d_ros.cpp.o[0m
[ 88%] [32m[1mLinking CXX executable grid_map_costmap_2d-test[0m
[ 88%] Built target grid_map_costmap_2d-test
[100%] [32m[1mLinking CXX executable costmap-2d-ros-test[0m
[100%] Built target costmap-2d-ros-test
-- Install configuration: "Release"
-- Execute custom install script
-- Symlinking: /home/submarine/gridmap_ws/install/grid_map_costmap_2d/share/ament_index/resource_index/package_run_dependencies/grid_map_costmap_2d
-- Symlinking: /home/submarine/gridmap_ws/install/grid_map_costmap_2d/share/ament_index/resource_index/parent_prefix_path/grid_map_costmap_2d
-- Symlinking: /home/submarine/gridmap_ws/install/grid_map_costmap_2d/share/grid_map_costmap_2d/environment/ament_prefix_path.sh
-- Symlinking: /home/submarine/gridmap_ws/install/grid_map_costmap_2d/share/grid_map_costmap_2d/environment/ament_prefix_path.dsv
-- Symlinking: /home/submarine/gridmap_ws/install/grid_map_costmap_2d/share/grid_map_costmap_2d/environment/path.sh
-- Symlinking: /home/submarine/gridmap_ws/install/grid_map_costmap_2d/share/grid_map_costmap_2d/environment/path.dsv
-- Symlinking: /home/submarine/gridmap_ws/install/grid_map_costmap_2d/share/grid_map_costmap_2d/local_setup.bash
-- Symlinking: /home/submarine/gridmap_ws/install/grid_map_costmap_2d/share/grid_map_costmap_2d/local_setup.sh
-- Symlinking: /home/submarine/gridmap_ws/install/grid_map_costmap_2d/share/grid_map_costmap_2d/local_setup.zsh
-- Symlinking: /home/submarine/gridmap_ws/install/grid_map_costmap_2d/share/grid_map_costmap_2d/local_setup.dsv
-- Symlinking: /home/submarine/gridmap_ws/install/grid_map_costmap_2d/share/grid_map_costmap_2d/package.dsv
-- Symlinking: /home/submarine/gridmap_ws/install/grid_map_costmap_2d/share/ament_index/resource_index/packages/grid_map_costmap_2d
-- Symlinking: /home/submarine/gridmap_ws/install/grid_map_costmap_2d/share/grid_map_costmap_2d/cmake/ament_cmake_export_include_directories-extras.cmake
-- Symlinking: /home/submarine/gridmap_ws/install/grid_map_costmap_2d/share/grid_map_costmap_2d/cmake/ament_cmake_export_dependencies-extras.cmake
-- Symlinking: /home/submarine/gridmap_ws/install/grid_map_costmap_2d/share/grid_map_costmap_2d/cmake/grid_map_costmap_2dConfig.cmake
-- Symlinking: /home/submarine/gridmap_ws/install/grid_map_costmap_2d/share/grid_map_costmap_2d/cmake/grid_map_costmap_2dConfig-version.cmake
-- Symlinking: /home/submarine/gridmap_ws/install/grid_map_costmap_2d/share/grid_map_costmap_2d/package.xml
-- Installing: /home/submarine/gridmap_ws/install/grid_map_costmap_2d/include/grid_map_costmap_2d
-- Installing: /home/submarine/gridmap_ws/install/grid_map_costmap_2d/include/grid_map_costmap_2d/grid_map_costmap_2d.hpp
-- Installing: /home/submarine/gridmap_ws/install/grid_map_costmap_2d/include/grid_map_costmap_2d/costmap_2d_converter.hpp
