[0.034s] Invoking command in '/home/submarine/gridmap_ws/build/grid_map_costmap_2d': AMENT_PREFIX_PATH=/home/submarine/gridmap_ws/install/grid_map_core:/home/submarine/gridmap_ws/install/grid_map_cmake_helpers:${AMENT_PREFIX_PATH} CMAKE_PREFIX_PATH=/home/submarine/gridmap_ws/install/grid_map_core:/home/submarine/gridmap_ws/install/grid_map_cmake_helpers:/home/submarine/submarine/ros_ws/install/ros_bt:/home/submarine/submarine/ros_ws/install/ros_interfaces:/home/submarine/submarine/ros_ws/install/ros2_sub:/home/submarine/submarine/ros_ws/install/btcpp_ros2_samples:/home/submarine/submarine/ros_ws/install/btcpp_ros2_interfaces:/home/submarine/submarine/ros_ws/install/behaviortree_ros2:/home/submarine/submarine/ros_ws/install/behaviortree_cpp:/opt/ros/humble LD_LIBRARY_PATH=/home/submarine/gridmap_ws/install/grid_map_core/lib:${LD_LIBRARY_PATH} /usr/bin/cmake /home/submarine/gridmap_ws/src/grid_map/grid_map_costmap_2d -DAMENT_CMAKE_SYMLINK_INSTALL=1 -DCMAKE_INSTALL_PREFIX=/home/submarine/gridmap_ws/install/grid_map_costmap_2d
[0.139s] -- The C compiler identification is GNU 11.4.0
[0.263s] -- The CXX compiler identification is GNU 11.4.0
[0.277s] -- Detecting C compiler ABI info
[0.418s] -- Detecting C compiler ABI info - done
[0.434s] -- Check for working C compiler: /usr/bin/cc - skipped
[0.434s] -- Detecting C compile features
[0.434s] -- Detecting C compile features - done
[0.440s] -- Detecting CXX compiler ABI info
[0.603s] -- Detecting CXX compiler ABI info - done
[0.617s] -- Check for working CXX compiler: /usr/bin/c++ - skipped
[0.618s] -- Detecting CXX compile features
[0.619s] -- Detecting CXX compile features - done
[0.626s] -- Found ament_cmake: 1.3.8 (/opt/ros/humble/share/ament_cmake/cmake)
[0.915s] -- Found Python3: /usr/bin/python3 (found version "3.10.12") found components: Interpreter 
[1.052s] -- Override CMake install command with custom implementation using symlinks instead of copying resources
[1.119s] -- Found grid_map_cmake_helpers: 2.0.0 (/home/submarine/gridmap_ws/install/grid_map_cmake_helpers/share/grid_map_cmake_helpers/cmake)
[1.119s] -- Found grid_map_core: 2.0.0 (/home/submarine/gridmap_ws/install/grid_map_core/share/grid_map_core/cmake)
[1.148s] -- Found geometry_msgs: 4.2.3 (/opt/ros/humble/share/geometry_msgs/cmake)
[1.262s] -- Found rosidl_generator_c: 3.1.5 (/opt/ros/humble/share/rosidl_generator_c/cmake)
[1.278s] -- Found rosidl_adapter: 3.1.5 (/opt/ros/humble/share/rosidl_adapter/cmake)
[1.295s] -- Found rosidl_generator_cpp: 3.1.5 (/opt/ros/humble/share/rosidl_generator_cpp/cmake)
[1.324s] -- Using all available rosidl_typesupport_c: rosidl_typesupport_fastrtps_c;rosidl_typesupport_introspection_c
[1.367s] -- Using all available rosidl_typesupport_cpp: rosidl_typesupport_fastrtps_cpp;rosidl_typesupport_introspection_cpp
[1.599s] -- Found nav2_costmap_2d: 1.1.13 (/opt/ros/humble/share/nav2_costmap_2d/cmake)
[1.803s] -- Found rmw_implementation_cmake: 6.1.1 (/opt/ros/humble/share/rmw_implementation_cmake/cmake)
[1.815s] -- Found rmw_fastrtps_cpp: 6.2.6 (/opt/ros/humble/share/rmw_fastrtps_cpp/cmake)
[2.145s] -- Found OpenSSL: /usr/lib/x86_64-linux-gnu/libcrypto.so (found version "3.0.2")  
[2.256s] -- Found FastRTPS: /opt/ros/humble/include  
[2.394s] -- Using RMW implementation 'rmw_fastrtps_cpp' as default
[2.440s] -- Looking for pthread.h
[2.773s] -- Looking for pthread.h - found
[2.773s] -- Performing Test CMAKE_HAVE_LIBC_PTHREAD
[3.006s] -- Performing Test CMAKE_HAVE_LIBC_PTHREAD - Success
[3.008s] -- Found Threads: TRUE  
[6.578s] -- Found Eigen3: TRUE (found version "3.4.0") 
[6.578s] -- Ensuring Eigen3 include directory is part of orocos-kdl CMake target
[9.056s] -- Setting build type to Release as none was specified.
[9.062s] -- Found ament_lint_auto: 0.12.10 (/opt/ros/humble/share/ament_lint_auto/cmake)
[9.323s] -- Found gtest sources under '/opt/ros/humble/src/gtest_vendor': C++ tests using 'Google Test' will be built
[11.788s] -- Added test 'cppcheck' to perform static code analysis on C / C++ code
[11.790s] -- Configured cppcheck include dirs: /home/submarine/gridmap_ws/src/grid_map/grid_map_costmap_2d/include
[11.790s] -- Configured cppcheck exclude dirs and/or files: 
[11.793s] -- Added test 'lint_cmake' to check CMake code style
[11.796s] -- Added test 'uncrustify' to check C / C++ code style
[11.796s] -- Configured uncrustify additional arguments: 
[11.798s] -- Added test 'xmllint' to check XML markup files
[11.806s] -- Configuring done
[12.079s] -- Generating done
[12.086s] -- Build files have been written to: /home/submarine/gridmap_ws/build/grid_map_costmap_2d
[12.126s] Invoked command in '/home/submarine/gridmap_ws/build/grid_map_costmap_2d' returned '0': AMENT_PREFIX_PATH=/home/submarine/gridmap_ws/install/grid_map_core:/home/submarine/gridmap_ws/install/grid_map_cmake_helpers:${AMENT_PREFIX_PATH} CMAKE_PREFIX_PATH=/home/submarine/gridmap_ws/install/grid_map_core:/home/submarine/gridmap_ws/install/grid_map_cmake_helpers:/home/submarine/submarine/ros_ws/install/ros_bt:/home/submarine/submarine/ros_ws/install/ros_interfaces:/home/submarine/submarine/ros_ws/install/ros2_sub:/home/submarine/submarine/ros_ws/install/btcpp_ros2_samples:/home/submarine/submarine/ros_ws/install/btcpp_ros2_interfaces:/home/submarine/submarine/ros_ws/install/behaviortree_ros2:/home/submarine/submarine/ros_ws/install/behaviortree_cpp:/opt/ros/humble LD_LIBRARY_PATH=/home/submarine/gridmap_ws/install/grid_map_core/lib:${LD_LIBRARY_PATH} /usr/bin/cmake /home/submarine/gridmap_ws/src/grid_map/grid_map_costmap_2d -DAMENT_CMAKE_SYMLINK_INSTALL=1 -DCMAKE_INSTALL_PREFIX=/home/submarine/gridmap_ws/install/grid_map_costmap_2d
[12.130s] Invoking command in '/home/submarine/gridmap_ws/build/grid_map_costmap_2d': AMENT_PREFIX_PATH=/home/submarine/gridmap_ws/install/grid_map_core:/home/submarine/gridmap_ws/install/grid_map_cmake_helpers:${AMENT_PREFIX_PATH} CMAKE_PREFIX_PATH=/home/submarine/gridmap_ws/install/grid_map_core:/home/submarine/gridmap_ws/install/grid_map_cmake_helpers:/home/submarine/submarine/ros_ws/install/ros_bt:/home/submarine/submarine/ros_ws/install/ros_interfaces:/home/submarine/submarine/ros_ws/install/ros2_sub:/home/submarine/submarine/ros_ws/install/btcpp_ros2_samples:/home/submarine/submarine/ros_ws/install/btcpp_ros2_interfaces:/home/submarine/submarine/ros_ws/install/behaviortree_ros2:/home/submarine/submarine/ros_ws/install/behaviortree_cpp:/opt/ros/humble LD_LIBRARY_PATH=/home/submarine/gridmap_ws/install/grid_map_core/lib:${LD_LIBRARY_PATH} /usr/bin/cmake --build /home/submarine/gridmap_ws/build/grid_map_costmap_2d -- -j8 -l8
[12.256s] [ 11%] [32mBuilding CXX object gtest/CMakeFiles/gtest.dir/src/gtest-all.cc.o[0m
[12.265s] [ 22%] [32mBuilding CXX object gtest/CMakeFiles/gtest_main.dir/src/gtest_main.cc.o[0m
[14.805s] [ 33%] [32m[1mLinking CXX static library libgtest_main.a[0m
[14.895s] [ 33%] Built target gtest_main
[24.558s] [ 44%] [32m[1mLinking CXX static library libgtest.a[0m
[24.633s] [ 44%] Built target gtest
[24.675s] [ 55%] [32mBuilding CXX object test/CMakeFiles/grid_map_costmap_2d-test.dir/test_grid_map_costmap_2d.cpp.o[0m
[24.678s] [ 77%] [32mBuilding CXX object test/CMakeFiles/grid_map_costmap_2d-test.dir/test_costmap_2d_converter.cpp.o[0m
[24.679s] [ 77%] [32mBuilding CXX object test/CMakeFiles/costmap-2d-ros-test.dir/test_costmap_2d_ros.cpp.o[0m
[38.917s] [ 88%] [32m[1mLinking CXX executable grid_map_costmap_2d-test[0m
[39.398s] [ 88%] Built target grid_map_costmap_2d-test
[41.216s] [100%] [32m[1mLinking CXX executable costmap-2d-ros-test[0m
[41.753s] [100%] Built target costmap-2d-ros-test
[41.775s] Invoked command in '/home/submarine/gridmap_ws/build/grid_map_costmap_2d' returned '0': AMENT_PREFIX_PATH=/home/submarine/gridmap_ws/install/grid_map_core:/home/submarine/gridmap_ws/install/grid_map_cmake_helpers:${AMENT_PREFIX_PATH} CMAKE_PREFIX_PATH=/home/submarine/gridmap_ws/install/grid_map_core:/home/submarine/gridmap_ws/install/grid_map_cmake_helpers:/home/submarine/submarine/ros_ws/install/ros_bt:/home/submarine/submarine/ros_ws/install/ros_interfaces:/home/submarine/submarine/ros_ws/install/ros2_sub:/home/submarine/submarine/ros_ws/install/btcpp_ros2_samples:/home/submarine/submarine/ros_ws/install/btcpp_ros2_interfaces:/home/submarine/submarine/ros_ws/install/behaviortree_ros2:/home/submarine/submarine/ros_ws/install/behaviortree_cpp:/opt/ros/humble LD_LIBRARY_PATH=/home/submarine/gridmap_ws/install/grid_map_core/lib:${LD_LIBRARY_PATH} /usr/bin/cmake --build /home/submarine/gridmap_ws/build/grid_map_costmap_2d -- -j8 -l8
[41.848s] Invoking command in '/home/submarine/gridmap_ws/build/grid_map_costmap_2d': AMENT_PREFIX_PATH=/home/submarine/gridmap_ws/install/grid_map_core:/home/submarine/gridmap_ws/install/grid_map_cmake_helpers:${AMENT_PREFIX_PATH} CMAKE_PREFIX_PATH=/home/submarine/gridmap_ws/install/grid_map_core:/home/submarine/gridmap_ws/install/grid_map_cmake_helpers:/home/submarine/submarine/ros_ws/install/ros_bt:/home/submarine/submarine/ros_ws/install/ros_interfaces:/home/submarine/submarine/ros_ws/install/ros2_sub:/home/submarine/submarine/ros_ws/install/btcpp_ros2_samples:/home/submarine/submarine/ros_ws/install/btcpp_ros2_interfaces:/home/submarine/submarine/ros_ws/install/behaviortree_ros2:/home/submarine/submarine/ros_ws/install/behaviortree_cpp:/opt/ros/humble LD_LIBRARY_PATH=/home/submarine/gridmap_ws/install/grid_map_core/lib:${LD_LIBRARY_PATH} /usr/bin/cmake --install /home/submarine/gridmap_ws/build/grid_map_costmap_2d
[41.864s] -- Install configuration: "Release"
[41.864s] -- Execute custom install script
[41.865s] -- Symlinking: /home/submarine/gridmap_ws/install/grid_map_costmap_2d/share/ament_index/resource_index/package_run_dependencies/grid_map_costmap_2d
[41.883s] -- Symlinking: /home/submarine/gridmap_ws/install/grid_map_costmap_2d/share/ament_index/resource_index/parent_prefix_path/grid_map_costmap_2d
[41.902s] -- Symlinking: /home/submarine/gridmap_ws/install/grid_map_costmap_2d/share/grid_map_costmap_2d/environment/ament_prefix_path.sh
[41.919s] -- Symlinking: /home/submarine/gridmap_ws/install/grid_map_costmap_2d/share/grid_map_costmap_2d/environment/ament_prefix_path.dsv
[41.936s] -- Symlinking: /home/submarine/gridmap_ws/install/grid_map_costmap_2d/share/grid_map_costmap_2d/environment/path.sh
[41.953s] -- Symlinking: /home/submarine/gridmap_ws/install/grid_map_costmap_2d/share/grid_map_costmap_2d/environment/path.dsv
[41.971s] -- Symlinking: /home/submarine/gridmap_ws/install/grid_map_costmap_2d/share/grid_map_costmap_2d/local_setup.bash
[41.988s] -- Symlinking: /home/submarine/gridmap_ws/install/grid_map_costmap_2d/share/grid_map_costmap_2d/local_setup.sh
[42.004s] -- Symlinking: /home/submarine/gridmap_ws/install/grid_map_costmap_2d/share/grid_map_costmap_2d/local_setup.zsh
[42.020s] -- Symlinking: /home/submarine/gridmap_ws/install/grid_map_costmap_2d/share/grid_map_costmap_2d/local_setup.dsv
[42.037s] -- Symlinking: /home/submarine/gridmap_ws/install/grid_map_costmap_2d/share/grid_map_costmap_2d/package.dsv
[42.053s] -- Symlinking: /home/submarine/gridmap_ws/install/grid_map_costmap_2d/share/ament_index/resource_index/packages/grid_map_costmap_2d
[42.071s] -- Symlinking: /home/submarine/gridmap_ws/install/grid_map_costmap_2d/share/grid_map_costmap_2d/cmake/ament_cmake_export_include_directories-extras.cmake
[42.087s] -- Symlinking: /home/submarine/gridmap_ws/install/grid_map_costmap_2d/share/grid_map_costmap_2d/cmake/ament_cmake_export_dependencies-extras.cmake
[42.103s] -- Symlinking: /home/submarine/gridmap_ws/install/grid_map_costmap_2d/share/grid_map_costmap_2d/cmake/grid_map_costmap_2dConfig.cmake
[42.119s] -- Symlinking: /home/submarine/gridmap_ws/install/grid_map_costmap_2d/share/grid_map_costmap_2d/cmake/grid_map_costmap_2dConfig-version.cmake
[42.135s] -- Symlinking: /home/submarine/gridmap_ws/install/grid_map_costmap_2d/share/grid_map_costmap_2d/package.xml
[42.164s] -- Installing: /home/submarine/gridmap_ws/install/grid_map_costmap_2d/include/grid_map_costmap_2d
[42.164s] -- Installing: /home/submarine/gridmap_ws/install/grid_map_costmap_2d/include/grid_map_costmap_2d/grid_map_costmap_2d.hpp
[42.164s] -- Installing: /home/submarine/gridmap_ws/install/grid_map_costmap_2d/include/grid_map_costmap_2d/costmap_2d_converter.hpp
[42.169s] Invoked command in '/home/submarine/gridmap_ws/build/grid_map_costmap_2d' returned '0': AMENT_PREFIX_PATH=/home/submarine/gridmap_ws/install/grid_map_core:/home/submarine/gridmap_ws/install/grid_map_cmake_helpers:${AMENT_PREFIX_PATH} CMAKE_PREFIX_PATH=/home/submarine/gridmap_ws/install/grid_map_core:/home/submarine/gridmap_ws/install/grid_map_cmake_helpers:/home/submarine/submarine/ros_ws/install/ros_bt:/home/submarine/submarine/ros_ws/install/ros_interfaces:/home/submarine/submarine/ros_ws/install/ros2_sub:/home/submarine/submarine/ros_ws/install/btcpp_ros2_samples:/home/submarine/submarine/ros_ws/install/btcpp_ros2_interfaces:/home/submarine/submarine/ros_ws/install/behaviortree_ros2:/home/submarine/submarine/ros_ws/install/behaviortree_cpp:/opt/ros/humble LD_LIBRARY_PATH=/home/submarine/gridmap_ws/install/grid_map_core/lib:${LD_LIBRARY_PATH} /usr/bin/cmake --install /home/submarine/gridmap_ws/build/grid_map_costmap_2d
