[0.038s] Invoking command in '/home/submarine/ros_ws/build/octomap_rviz_plugins': CMAKE_PREFIX_PATH=${CMAKE_PREFIX_PATH}:/home/submarine/ryans_ws/install/esc_pkg:/home/submarine/ros_ws/install/speed_sensor:/home/submarine/ros_ws/install/sonars:/home/submarine/ros_ws/install/orientation_package:/opt/ros/jazzy DEBUGINFOD_URLS=https://debuginfod.ubuntu.com PS1=(bluerobotics-ping) \[\e]0;\u@\h: \w\a\]${debian_chroot:+($debian_chroot)}\[\033[01;32m\]\u@\h\[\033[00m\]:\[\033[01;34m\]\w\[\033[00m\]\$ VIRTUAL_ENV_PROMPT=(bluerobotics-ping) /usr/bin/cmake --build /home/submarine/ros_ws/build/octomap_rviz_plugins -- -j4 -l4
[0.303s] [  0%] Built target octomap_rviz_plugins_autogen_timestamp_deps
[0.596s] [ 10%] Built target octomap_rviz_plugins_autogen
[0.873s] [100%] Built target octomap_rviz_plugins
[0.929s] Invoked command in '/home/submarine/ros_ws/build/octomap_rviz_plugins' returned '0': CMAKE_PREFIX_PATH=${CMAKE_PREFIX_PATH}:/home/submarine/ryans_ws/install/esc_pkg:/home/submarine/ros_ws/install/speed_sensor:/home/submarine/ros_ws/install/sonars:/home/submarine/ros_ws/install/orientation_package:/opt/ros/jazzy DEBUGINFOD_URLS=https://debuginfod.ubuntu.com PS1=(bluerobotics-ping) \[\e]0;\u@\h: \w\a\]${debian_chroot:+($debian_chroot)}\[\033[01;32m\]\u@\h\[\033[00m\]:\[\033[01;34m\]\w\[\033[00m\]\$ VIRTUAL_ENV_PROMPT=(bluerobotics-ping) /usr/bin/cmake --build /home/submarine/ros_ws/build/octomap_rviz_plugins -- -j4 -l4
[1.153s] Invoking command in '/home/submarine/ros_ws/build/octomap_rviz_plugins': CMAKE_PREFIX_PATH=${CMAKE_PREFIX_PATH}:/home/submarine/ryans_ws/install/esc_pkg:/home/submarine/ros_ws/install/speed_sensor:/home/submarine/ros_ws/install/sonars:/home/submarine/ros_ws/install/orientation_package:/opt/ros/jazzy DEBUGINFOD_URLS=https://debuginfod.ubuntu.com PS1=(bluerobotics-ping) \[\e]0;\u@\h: \w\a\]${debian_chroot:+($debian_chroot)}\[\033[01;32m\]\u@\h\[\033[00m\]:\[\033[01;34m\]\w\[\033[00m\]\$ VIRTUAL_ENV_PROMPT=(bluerobotics-ping) /usr/bin/cmake --install /home/submarine/ros_ws/build/octomap_rviz_plugins
[1.192s] -- Install configuration: ""
[1.192s] -- Up-to-date: /home/submarine/ros_ws/install/octomap_rviz_plugins/share/octomap_rviz_plugins/plugins_description.xml
[1.193s] -- Up-to-date: /home/submarine/ros_ws/install/octomap_rviz_plugins/include
[1.193s] -- Up-to-date: /home/submarine/ros_ws/install/octomap_rviz_plugins/include/octomap_rviz_plugins
[1.193s] -- Up-to-date: /home/submarine/ros_ws/install/octomap_rviz_plugins/include/octomap_rviz_plugins/occupancy_grid_display.hpp
[1.194s] -- Up-to-date: /home/submarine/ros_ws/install/octomap_rviz_plugins/include/octomap_rviz_plugins/occupancy_map_display.hpp
[1.194s] -- Up-to-date: /home/submarine/ros_ws/install/octomap_rviz_plugins/share/octomap_rviz_plugins/environment/library_path.sh
[1.194s] -- Up-to-date: /home/submarine/ros_ws/install/octomap_rviz_plugins/share/octomap_rviz_plugins/environment/library_path.dsv
[1.194s] -- Up-to-date: /home/submarine/ros_ws/install/octomap_rviz_plugins/lib/liboctomap_rviz_plugins.so
[1.194s] -- Up-to-date: /home/submarine/ros_ws/install/octomap_rviz_plugins/share/octomap_rviz_plugins/icons
[1.196s] -- Up-to-date: /home/submarine/ros_ws/install/octomap_rviz_plugins/share/octomap_rviz_plugins/icons/classes
[1.196s] -- Up-to-date: /home/submarine/ros_ws/install/octomap_rviz_plugins/share/octomap_rviz_plugins/icons/classes/OccupancyMapStamped.png
[1.197s] -- Up-to-date: /home/submarine/ros_ws/install/octomap_rviz_plugins/share/octomap_rviz_plugins/icons/classes/OccupancyGrid.png
[1.197s] -- Up-to-date: /home/submarine/ros_ws/install/octomap_rviz_plugins/share/octomap_rviz_plugins/icons/classes/ColorOccupancyGrid.png
[1.198s] -- Up-to-date: /home/submarine/ros_ws/install/octomap_rviz_plugins/share/octomap_rviz_plugins/icons/classes/OccupancyGridStamped.png
[1.198s] -- Up-to-date: /home/submarine/ros_ws/install/octomap_rviz_plugins/share/octomap_rviz_plugins/icons/classes/OccupancyMap.png
[1.198s] -- Up-to-date: /home/submarine/ros_ws/install/octomap_rviz_plugins/share/ament_index/resource_index/package_run_dependencies/octomap_rviz_plugins
[1.198s] -- Up-to-date: /home/submarine/ros_ws/install/octomap_rviz_plugins/share/ament_index/resource_index/parent_prefix_path/octomap_rviz_plugins
[1.198s] -- Up-to-date: /home/submarine/ros_ws/install/octomap_rviz_plugins/share/octomap_rviz_plugins/environment/ament_prefix_path.sh
[1.201s] -- Up-to-date: /home/submarine/ros_ws/install/octomap_rviz_plugins/share/octomap_rviz_plugins/environment/ament_prefix_path.dsv
[1.201s] -- Up-to-date: /home/submarine/ros_ws/install/octomap_rviz_plugins/share/octomap_rviz_plugins/environment/path.sh
[1.201s] -- Up-to-date: /home/submarine/ros_ws/install/octomap_rviz_plugins/share/octomap_rviz_plugins/environment/path.dsv
[1.201s] -- Up-to-date: /home/submarine/ros_ws/install/octomap_rviz_plugins/share/octomap_rviz_plugins/local_setup.bash
[1.201s] -- Up-to-date: /home/submarine/ros_ws/install/octomap_rviz_plugins/share/octomap_rviz_plugins/local_setup.sh
[1.201s] -- Up-to-date: /home/submarine/ros_ws/install/octomap_rviz_plugins/share/octomap_rviz_plugins/local_setup.zsh
[1.201s] -- Up-to-date: /home/submarine/ros_ws/install/octomap_rviz_plugins/share/octomap_rviz_plugins/local_setup.dsv
[1.202s] -- Installing: /home/submarine/ros_ws/install/octomap_rviz_plugins/share/octomap_rviz_plugins/package.dsv
[1.202s] -- Up-to-date: /home/submarine/ros_ws/install/octomap_rviz_plugins/share/ament_index/resource_index/packages/octomap_rviz_plugins
[1.202s] -- Up-to-date: /home/submarine/ros_ws/install/octomap_rviz_plugins/share/ament_index/resource_index/rviz_common__pluginlib__plugin/octomap_rviz_plugins
[1.213s] -- Up-to-date: /home/submarine/ros_ws/install/octomap_rviz_plugins/share/octomap_rviz_plugins/cmake/ament_cmake_export_dependencies-extras.cmake
[1.214s] -- Up-to-date: /home/submarine/ros_ws/install/octomap_rviz_plugins/share/octomap_rviz_plugins/cmake/ament_cmake_export_include_directories-extras.cmake
[1.214s] -- Up-to-date: /home/submarine/ros_ws/install/octomap_rviz_plugins/share/octomap_rviz_plugins/cmake/ament_cmake_export_libraries-extras.cmake
[1.214s] -- Up-to-date: /home/submarine/ros_ws/install/octomap_rviz_plugins/share/octomap_rviz_plugins/cmake/octomap_rviz_pluginsConfig.cmake
[1.214s] -- Up-to-date: /home/submarine/ros_ws/install/octomap_rviz_plugins/share/octomap_rviz_plugins/cmake/octomap_rviz_pluginsConfig-version.cmake
[1.214s] -- Up-to-date: /home/submarine/ros_ws/install/octomap_rviz_plugins/share/octomap_rviz_plugins/package.xml
[1.214s] Invoked command in '/home/submarine/ros_ws/build/octomap_rviz_plugins' returned '0': CMAKE_PREFIX_PATH=${CMAKE_PREFIX_PATH}:/home/submarine/ryans_ws/install/esc_pkg:/home/submarine/ros_ws/install/speed_sensor:/home/submarine/ros_ws/install/sonars:/home/submarine/ros_ws/install/orientation_package:/opt/ros/jazzy DEBUGINFOD_URLS=https://debuginfod.ubuntu.com PS1=(bluerobotics-ping) \[\e]0;\u@\h: \w\a\]${debian_chroot:+($debian_chroot)}\[\033[01;32m\]\u@\h\[\033[00m\]:\[\033[01;34m\]\w\[\033[00m\]\$ VIRTUAL_ENV_PROMPT=(bluerobotics-ping) /usr/bin/cmake --install /home/submarine/ros_ws/build/octomap_rviz_plugins
