[2.248s] Invoking command in '/home/submarine/ros_ws/src/orientation_package': DEBUGINFOD_URLS=https://debuginfod.ubuntu.com PS1=(bluerobotics-ping) \[\e]0;\u@\h: \w\a\]${debian_chroot:+($debian_chroot)}\[\033[01;32m\]\u@\h\[\033[00m\]:\[\033[01;34m\]\w\[\033[00m\]\$ PYTHONPATH=/home/submarine/ros_ws/build/orientation_package/prefix_override:/usr/lib/python3/dist-packages/colcon_core/task/python/colcon_distutils_commands:/home/submarine/ros_ws/install/orientation_package/lib/python3.12/site-packages:${PYTHONPATH} VIRTUAL_ENV_PROMPT=(bluerobotics-ping) /usr/bin/python3 -W ignore:setup.py install is deprecated setup.py egg_info --egg-base ../../build/orientation_package build --build-base /home/submarine/ros_ws/build/orientation_package/build install --record /home/submarine/ros_ws/build/orientation_package/install.log --single-version-externally-managed install_data
[2.691s] running egg_info
[2.722s] writing ../../build/orientation_package/orientation_package.egg-info/PKG-INFO
[2.722s] writing dependency_links to ../../build/orientation_package/orientation_package.egg-info/dependency_links.txt
[2.723s] writing entry points to ../../build/orientation_package/orientation_package.egg-info/entry_points.txt
[2.725s] writing requirements to ../../build/orientation_package/orientation_package.egg-info/requires.txt
[2.726s] writing top-level names to ../../build/orientation_package/orientation_package.egg-info/top_level.txt
[2.789s] reading manifest file '../../build/orientation_package/orientation_package.egg-info/SOURCES.txt'
[2.790s] adding license file 'LICENSE'
[2.791s] writing manifest file '../../build/orientation_package/orientation_package.egg-info/SOURCES.txt'
[2.791s] running build
[2.791s] running build_py
[2.791s] running install
[2.801s] running install_lib
[2.832s] running install_data
[2.833s] running install_egg_info
[2.866s] removing '/home/submarine/ros_ws/install/orientation_package/lib/python3.12/site-packages/orientation_package-0.0.1-py3.12.egg-info' (and everything under it)
[2.866s] Copying ../../build/orientation_package/orientation_package.egg-info to /home/submarine/ros_ws/install/orientation_package/lib/python3.12/site-packages/orientation_package-0.0.1-py3.12.egg-info
[2.868s] running install_scripts
[3.084s] Installing imu script to /home/submarine/ros_ws/install/orientation_package/lib/orientation_package
[3.084s] Installing orientation_publisher script to /home/submarine/ros_ws/install/orientation_package/lib/orientation_package
[3.086s] writing list of installed files to '/home/submarine/ros_ws/build/orientation_package/install.log'
[3.205s] Invoked command in '/home/submarine/ros_ws/src/orientation_package' returned '0': DEBUGINFOD_URLS=https://debuginfod.ubuntu.com PS1=(bluerobotics-ping) \[\e]0;\u@\h: \w\a\]${debian_chroot:+($debian_chroot)}\[\033[01;32m\]\u@\h\[\033[00m\]:\[\033[01;34m\]\w\[\033[00m\]\$ PYTHONPATH=/home/submarine/ros_ws/build/orientation_package/prefix_override:/usr/lib/python3/dist-packages/colcon_core/task/python/colcon_distutils_commands:/home/submarine/ros_ws/install/orientation_package/lib/python3.12/site-packages:${PYTHONPATH} VIRTUAL_ENV_PROMPT=(bluerobotics-ping) /usr/bin/python3 -W ignore:setup.py install is deprecated setup.py egg_info --egg-base ../../build/orientation_package build --build-base /home/submarine/ros_ws/build/orientation_package/build install --record /home/submarine/ros_ws/build/orientation_package/install.log --single-version-externally-managed install_data
