[0.038s] Invoking command in '/home/submarine/gridmap_ws/build/grid_map_rviz_plugin': AMENT_PREFIX_PATH=/home/submarine/gridmap_ws/install/grid_map_ros:/home/submarine/gridmap_ws/install/grid_map_cv:/home/submarine/gridmap_ws/install/grid_map_msgs:/home/submarine/gridmap_ws/install/grid_map_core:/home/submarine/gridmap_ws/install/grid_map_cmake_helpers:${AMENT_PREFIX_PATH} CMAKE_PREFIX_PATH=/home/submarine/gridmap_ws/install/grid_map_ros:/home/submarine/gridmap_ws/install/grid_map_cv:/home/submarine/gridmap_ws/install/grid_map_msgs:/home/submarine/gridmap_ws/install/grid_map_core:/home/submarine/gridmap_ws/install/grid_map_cmake_helpers:/home/submarine/submarine/ros_ws/install/ros_bt:/home/submarine/submarine/ros_ws/install/ros_interfaces:/home/submarine/submarine/ros_ws/install/ros2_sub:/home/submarine/submarine/ros_ws/install/btcpp_ros2_samples:/home/submarine/submarine/ros_ws/install/btcpp_ros2_interfaces:/home/submarine/submarine/ros_ws/install/behaviortree_ros2:/home/submarine/submarine/ros_ws/install/behaviortree_cpp:/opt/ros/humble LD_LIBRARY_PATH=/home/submarine/gridmap_ws/install/grid_map_ros/lib:/home/submarine/gridmap_ws/install/grid_map_cv/lib:/home/submarine/gridmap_ws/install/grid_map_msgs/lib:/home/submarine/gridmap_ws/install/grid_map_core/lib:${LD_LIBRARY_PATH} PYTHONPATH=/home/submarine/gridmap_ws/install/grid_map_msgs/local/lib/python3.10/dist-packages:${PYTHONPATH} /usr/bin/cmake /home/submarine/gridmap_ws/src/grid_map/grid_map_rviz_plugin -DAMENT_CMAKE_SYMLINK_INSTALL=1 -DCMAKE_INSTALL_PREFIX=/home/submarine/gridmap_ws/install/grid_map_rviz_plugin
[0.155s] -- The C compiler identification is GNU 11.4.0
[0.276s] -- The CXX compiler identification is GNU 11.4.0
[0.288s] -- Detecting C compiler ABI info
[0.429s] -- Detecting C compiler ABI info - done
[0.445s] -- Check for working C compiler: /usr/bin/cc - skipped
[0.445s] -- Detecting C compile features
[0.446s] -- Detecting C compile features - done
[0.451s] -- Detecting CXX compiler ABI info
[0.609s] -- Detecting CXX compiler ABI info - done
[0.621s] -- Check for working CXX compiler: /usr/bin/c++ - skipped
[0.621s] -- Detecting CXX compile features
[0.622s] -- Detecting CXX compile features - done
[0.628s] -- Found ament_cmake: 1.3.8 (/opt/ros/humble/share/ament_cmake/cmake)
[0.914s] -- Found Python3: /usr/bin/python3 (found version "3.10.12") found components: Interpreter 
[1.052s] -- Override CMake install command with custom implementation using symlinks instead of copying resources
[1.121s] -- Found grid_map_cmake_helpers: 2.0.0 (/home/submarine/gridmap_ws/install/grid_map_cmake_helpers/share/grid_map_cmake_helpers/cmake)
[1.122s] -- Found grid_map_msgs: 2.0.0 (/home/submarine/gridmap_ws/install/grid_map_msgs/share/grid_map_msgs/cmake)
[1.201s] -- Found rosidl_generator_c: 3.1.5 (/opt/ros/humble/share/rosidl_generator_c/cmake)
[1.213s] -- Found rosidl_adapter: 3.1.5 (/opt/ros/humble/share/rosidl_adapter/cmake)
[1.229s] -- Found rosidl_generator_cpp: 3.1.5 (/opt/ros/humble/share/rosidl_generator_cpp/cmake)
[1.253s] -- Using all available rosidl_typesupport_c: rosidl_typesupport_fastrtps_c;rosidl_typesupport_introspection_c
[1.289s] -- Using all available rosidl_typesupport_cpp: rosidl_typesupport_fastrtps_cpp;rosidl_typesupport_introspection_cpp
[1.551s] -- Found grid_map_ros: 2.0.0 (/home/submarine/gridmap_ws/install/grid_map_ros/share/grid_map_ros/cmake)
[1.927s] -- Found rmw_implementation_cmake: 6.1.1 (/opt/ros/humble/share/rmw_implementation_cmake/cmake)
[1.934s] -- Found rmw_fastrtps_cpp: 6.2.6 (/opt/ros/humble/share/rmw_fastrtps_cpp/cmake)
[2.001s] -- Found TinyXML2 via Config file: TinyXML2_DIR-NOTFOUND
[2.120s] -- Found OpenSSL: /usr/lib/x86_64-linux-gnu/libcrypto.so (found version "3.0.2")  
[2.124s] -- Found TinyXML2 via Config file: TinyXML2_DIR-NOTFOUND
[2.153s] -- Found FastRTPS: /opt/ros/humble/include  
[2.169s] -- Found TinyXML2 via Config file: TinyXML2_DIR-NOTFOUND
[2.185s] -- Found TinyXML2 via Config file: TinyXML2_DIR-NOTFOUND
[2.207s] -- Using RMW implementation 'rmw_fastrtps_cpp' as default
[2.234s] -- Looking for pthread.h
[2.375s] -- Looking for pthread.h - found
[2.376s] -- Performing Test CMAKE_HAVE_LIBC_PTHREAD
[2.523s] -- Performing Test CMAKE_HAVE_LIBC_PTHREAD - Success
[2.525s] -- Found Threads: TRUE  
[4.292s] -- Found rviz_common: 11.2.11 (/opt/ros/humble/share/rviz_common/cmake)
[4.336s] -- Setting OGRE_DIR to: '/opt/ros/humble/share/rviz_ogre_vendor/cmake/../../../opt/rviz_ogre_vendor/lib/OGRE/cmake'
[4.339s] -- Found OGRE
[4.340s] --   static     : OFF
[4.340s] --   components : HLMS;MeshLodGenerator;Overlay;Paging;Property;RTShaderSystem;Terrain;Volume
[4.340s] --   plugins    : Plugin_BSPSceneManager;Plugin_OctreeSceneManager;Plugin_PCZSceneManager;Plugin_ParticleFX;RenderSystem_GL;RenderSystem_GL3Plus;Codec_STBI
[4.340s] --   media      : /opt/ros/humble/opt/rviz_ogre_vendor/share/OGRE/Media
[4.340s] -- OGRE_LIBRARIES: OgreHLMS;OgreMeshLodGenerator;OgreOverlay;OgrePaging;OgreProperty;OgreRTShaderSystem;OgreTerrain;OgreVolume;OgreMain
[4.340s] -- OGRE_LIBRARY_DIRS: /opt/ros/humble/opt/rviz_ogre_vendor/lib
[4.340s] -- OGRE_PLUGINS: Plugin_BSPSceneManager;Plugin_OctreeSceneManager;Plugin_PCZSceneManager;Plugin_ParticleFX;RenderSystem_GL;RenderSystem_GL3Plus;Codec_STBI
[4.340s] -- OGRE_PLUGIN_DIR: /opt/ros/humble/opt/rviz_ogre_vendor/lib/OGRE
[4.340s] -- rviz_ogre_vendor::OgreOverlay for IMPORTED_LOCATION_RELEASE: /opt/ros/humble/opt/rviz_ogre_vendor/lib/libOgreOverlay.so
[4.341s] -- rviz_ogre_vendor::OgreOverlay for IMPORTED_LOCATION_DEBUG: /opt/ros/humble/opt/rviz_ogre_vendor/lib/libOgreOverlay.so
[4.341s] -- rviz_ogre_vendor::OgreMain for IMPORTED_LOCATION_RELEASE: /opt/ros/humble/opt/rviz_ogre_vendor/lib/libOgreMain.so
[4.341s] -- rviz_ogre_vendor::OgreMain for IMPORTED_LOCATION_DEBUG: /opt/ros/humble/opt/rviz_ogre_vendor/lib/libOgreMain.so
[4.343s] -- Could not find freeimage library
[4.388s] -- Found ZLIB: /usr/lib/x86_64-linux-gnu/libz.so (found version "1.2.11") 
[4.399s] -- Found OpenGL: /usr/lib/x86_64-linux-gnu/libOpenGL.so   
[4.647s] -- Found X11: /usr/include   
[4.648s] -- Looking for XOpenDisplay in /usr/lib/x86_64-linux-gnu/libX11.so;/usr/lib/x86_64-linux-gnu/libXext.so
[4.799s] -- Looking for XOpenDisplay in /usr/lib/x86_64-linux-gnu/libX11.so;/usr/lib/x86_64-linux-gnu/libXext.so - found
[4.799s] -- Looking for gethostbyname
[4.931s] -- Looking for gethostbyname - found
[4.931s] -- Looking for connect
[5.058s] -- Looking for connect - found
[5.058s] -- Looking for remove
[5.196s] -- Looking for remove - found
[5.196s] -- Looking for shmat
[5.327s] -- Looking for shmat - found
[5.327s] -- Looking for IceConnectionNumber in ICE
[5.473s] -- Looking for IceConnectionNumber in ICE - found
[5.477s] -- rviz_ogre_vendor::RenderSystem_GL for IMPORTED_LOCATION_RELEASE: _render_system_gl_static_library_abs-NOTFOUND
[5.477s] -- rviz_ogre_vendor::RenderSystem_GL for IMPORTED_LOCATION_DEBUG: _render_system_gl_static_library_abs-NOTFOUND
[5.690s] -- library: /usr/lib/x86_64-linux-gnu/libcurl.so
[5.778s] -- Found Eigen3: TRUE (found version "3.4.0") 
[5.778s] -- Ensuring Eigen3 include directory is part of orocos-kdl CMake target
[6.850s] -- Setting build type to Release as none was specified.
[8.343s] -- Found ament_lint_auto: 0.12.10 (/opt/ros/humble/share/ament_lint_auto/cmake)
[8.891s] -- Added test 'cppcheck' to perform static code analysis on C / C++ code
[8.892s] -- Configured cppcheck include dirs: /home/submarine/gridmap_ws/src/grid_map/grid_map_rviz_plugin/include
[8.896s] -- Configured cppcheck exclude dirs and/or files: 
[8.899s] -- Added test 'lint_cmake' to check CMake code style
[8.911s] -- Added test 'uncrustify' to check C / C++ code style
[8.911s] -- Configured uncrustify additional arguments: 
[8.914s] -- Added test 'xmllint' to check XML markup files
[8.944s] -- Configuring done
[9.282s] -- Generating done
[9.299s] -- Build files have been written to: /home/submarine/gridmap_ws/build/grid_map_rviz_plugin
[9.451s] Invoked command in '/home/submarine/gridmap_ws/build/grid_map_rviz_plugin' returned '0': AMENT_PREFIX_PATH=/home/submarine/gridmap_ws/install/grid_map_ros:/home/submarine/gridmap_ws/install/grid_map_cv:/home/submarine/gridmap_ws/install/grid_map_msgs:/home/submarine/gridmap_ws/install/grid_map_core:/home/submarine/gridmap_ws/install/grid_map_cmake_helpers:${AMENT_PREFIX_PATH} CMAKE_PREFIX_PATH=/home/submarine/gridmap_ws/install/grid_map_ros:/home/submarine/gridmap_ws/install/grid_map_cv:/home/submarine/gridmap_ws/install/grid_map_msgs:/home/submarine/gridmap_ws/install/grid_map_core:/home/submarine/gridmap_ws/install/grid_map_cmake_helpers:/home/submarine/submarine/ros_ws/install/ros_bt:/home/submarine/submarine/ros_ws/install/ros_interfaces:/home/submarine/submarine/ros_ws/install/ros2_sub:/home/submarine/submarine/ros_ws/install/btcpp_ros2_samples:/home/submarine/submarine/ros_ws/install/btcpp_ros2_interfaces:/home/submarine/submarine/ros_ws/install/behaviortree_ros2:/home/submarine/submarine/ros_ws/install/behaviortree_cpp:/opt/ros/humble LD_LIBRARY_PATH=/home/submarine/gridmap_ws/install/grid_map_ros/lib:/home/submarine/gridmap_ws/install/grid_map_cv/lib:/home/submarine/gridmap_ws/install/grid_map_msgs/lib:/home/submarine/gridmap_ws/install/grid_map_core/lib:${LD_LIBRARY_PATH} PYTHONPATH=/home/submarine/gridmap_ws/install/grid_map_msgs/local/lib/python3.10/dist-packages:${PYTHONPATH} /usr/bin/cmake /home/submarine/gridmap_ws/src/grid_map/grid_map_rviz_plugin -DAMENT_CMAKE_SYMLINK_INSTALL=1 -DCMAKE_INSTALL_PREFIX=/home/submarine/gridmap_ws/install/grid_map_rviz_plugin
[9.452s] Invoking command in '/home/submarine/gridmap_ws/build/grid_map_rviz_plugin': AMENT_PREFIX_PATH=/home/submarine/gridmap_ws/install/grid_map_ros:/home/submarine/gridmap_ws/install/grid_map_cv:/home/submarine/gridmap_ws/install/grid_map_msgs:/home/submarine/gridmap_ws/install/grid_map_core:/home/submarine/gridmap_ws/install/grid_map_cmake_helpers:${AMENT_PREFIX_PATH} CMAKE_PREFIX_PATH=/home/submarine/gridmap_ws/install/grid_map_ros:/home/submarine/gridmap_ws/install/grid_map_cv:/home/submarine/gridmap_ws/install/grid_map_msgs:/home/submarine/gridmap_ws/install/grid_map_core:/home/submarine/gridmap_ws/install/grid_map_cmake_helpers:/home/submarine/submarine/ros_ws/install/ros_bt:/home/submarine/submarine/ros_ws/install/ros_interfaces:/home/submarine/submarine/ros_ws/install/ros2_sub:/home/submarine/submarine/ros_ws/install/btcpp_ros2_samples:/home/submarine/submarine/ros_ws/install/btcpp_ros2_interfaces:/home/submarine/submarine/ros_ws/install/behaviortree_ros2:/home/submarine/submarine/ros_ws/install/behaviortree_cpp:/opt/ros/humble LD_LIBRARY_PATH=/home/submarine/gridmap_ws/install/grid_map_ros/lib:/home/submarine/gridmap_ws/install/grid_map_cv/lib:/home/submarine/gridmap_ws/install/grid_map_msgs/lib:/home/submarine/gridmap_ws/install/grid_map_core/lib:${LD_LIBRARY_PATH} PYTHONPATH=/home/submarine/gridmap_ws/install/grid_map_msgs/local/lib/python3.10/dist-packages:${PYTHONPATH} /usr/bin/cmake --build /home/submarine/gridmap_ws/build/grid_map_rviz_plugin -- -j8 -l8
[9.938s] [ 14%] [34m[1mAutomatic MOC for target grid_map_rviz_plugin[0m
[10.241s] [ 14%] Built target grid_map_rviz_plugin_autogen
[10.357s] [ 28%] [34m[1mGenerating include/grid_map_rviz_plugin/moc_GridMapDisplay.cpp[0m
[10.595s] [ 42%] [32mBuilding CXX object CMakeFiles/grid_map_rviz_plugin.dir/grid_map_rviz_plugin_autogen/mocs_compilation.cpp.o[0m
[10.595s] [ 57%] [32mBuilding CXX object CMakeFiles/grid_map_rviz_plugin.dir/src/GridMapVisual.cpp.o[0m
[10.595s] [ 71%] [32mBuilding CXX object CMakeFiles/grid_map_rviz_plugin.dir/src/GridMapDisplay.cpp.o[0m
[10.627s] [ 85%] [32mBuilding CXX object CMakeFiles/grid_map_rviz_plugin.dir/include/grid_map_rviz_plugin/moc_GridMapDisplay.cpp.o[0m
[73.669s] [100%] [32m[1mLinking CXX shared library libgrid_map_rviz_plugin.so[0m
[76.103s] [100%] Built target grid_map_rviz_plugin
[76.135s] Invoked command in '/home/submarine/gridmap_ws/build/grid_map_rviz_plugin' returned '0': AMENT_PREFIX_PATH=/home/submarine/gridmap_ws/install/grid_map_ros:/home/submarine/gridmap_ws/install/grid_map_cv:/home/submarine/gridmap_ws/install/grid_map_msgs:/home/submarine/gridmap_ws/install/grid_map_core:/home/submarine/gridmap_ws/install/grid_map_cmake_helpers:${AMENT_PREFIX_PATH} CMAKE_PREFIX_PATH=/home/submarine/gridmap_ws/install/grid_map_ros:/home/submarine/gridmap_ws/install/grid_map_cv:/home/submarine/gridmap_ws/install/grid_map_msgs:/home/submarine/gridmap_ws/install/grid_map_core:/home/submarine/gridmap_ws/install/grid_map_cmake_helpers:/home/submarine/submarine/ros_ws/install/ros_bt:/home/submarine/submarine/ros_ws/install/ros_interfaces:/home/submarine/submarine/ros_ws/install/ros2_sub:/home/submarine/submarine/ros_ws/install/btcpp_ros2_samples:/home/submarine/submarine/ros_ws/install/btcpp_ros2_interfaces:/home/submarine/submarine/ros_ws/install/behaviortree_ros2:/home/submarine/submarine/ros_ws/install/behaviortree_cpp:/opt/ros/humble LD_LIBRARY_PATH=/home/submarine/gridmap_ws/install/grid_map_ros/lib:/home/submarine/gridmap_ws/install/grid_map_cv/lib:/home/submarine/gridmap_ws/install/grid_map_msgs/lib:/home/submarine/gridmap_ws/install/grid_map_core/lib:${LD_LIBRARY_PATH} PYTHONPATH=/home/submarine/gridmap_ws/install/grid_map_msgs/local/lib/python3.10/dist-packages:${PYTHONPATH} /usr/bin/cmake --build /home/submarine/gridmap_ws/build/grid_map_rviz_plugin -- -j8 -l8
[76.226s] Invoking command in '/home/submarine/gridmap_ws/build/grid_map_rviz_plugin': AMENT_PREFIX_PATH=/home/submarine/gridmap_ws/install/grid_map_ros:/home/submarine/gridmap_ws/install/grid_map_cv:/home/submarine/gridmap_ws/install/grid_map_msgs:/home/submarine/gridmap_ws/install/grid_map_core:/home/submarine/gridmap_ws/install/grid_map_cmake_helpers:${AMENT_PREFIX_PATH} CMAKE_PREFIX_PATH=/home/submarine/gridmap_ws/install/grid_map_ros:/home/submarine/gridmap_ws/install/grid_map_cv:/home/submarine/gridmap_ws/install/grid_map_msgs:/home/submarine/gridmap_ws/install/grid_map_core:/home/submarine/gridmap_ws/install/grid_map_cmake_helpers:/home/submarine/submarine/ros_ws/install/ros_bt:/home/submarine/submarine/ros_ws/install/ros_interfaces:/home/submarine/submarine/ros_ws/install/ros2_sub:/home/submarine/submarine/ros_ws/install/btcpp_ros2_samples:/home/submarine/submarine/ros_ws/install/btcpp_ros2_interfaces:/home/submarine/submarine/ros_ws/install/behaviortree_ros2:/home/submarine/submarine/ros_ws/install/behaviortree_cpp:/opt/ros/humble LD_LIBRARY_PATH=/home/submarine/gridmap_ws/install/grid_map_ros/lib:/home/submarine/gridmap_ws/install/grid_map_cv/lib:/home/submarine/gridmap_ws/install/grid_map_msgs/lib:/home/submarine/gridmap_ws/install/grid_map_core/lib:${LD_LIBRARY_PATH} PYTHONPATH=/home/submarine/gridmap_ws/install/grid_map_msgs/local/lib/python3.10/dist-packages:${PYTHONPATH} /usr/bin/cmake --install /home/submarine/gridmap_ws/build/grid_map_rviz_plugin
[76.245s] -- Install configuration: "Release"
[76.247s] -- Execute custom install script
[76.248s] -- Symlinking: /home/submarine/gridmap_ws/install/grid_map_rviz_plugin/share/grid_map_rviz_plugin//plugin_description.xml
[76.270s] -- Symlinking: /home/submarine/gridmap_ws/install/grid_map_rviz_plugin/include/grid_map_rviz_plugin/GridMapDisplay.hpp
[76.290s] -- Symlinking: /home/submarine/gridmap_ws/install/grid_map_rviz_plugin/include/grid_map_rviz_plugin/GridMapVisual.hpp
[76.311s] -- Up-to-date symlink: /home/submarine/gridmap_ws/install/grid_map_rviz_plugin/share/grid_map_rviz_plugin/plugin_description.xml
[76.312s] -- Symlinking: /home/submarine/gridmap_ws/install/grid_map_rviz_plugin/share/grid_map_rviz_plugin/icons/icons/classes/GridMap.png
[76.334s] -- Symlinking: /home/submarine/gridmap_ws/install/grid_map_rviz_plugin/share/grid_map_rviz_plugin/doc/grid_map_rviz_plugin.png
[76.356s] -- Symlinking: /home/submarine/gridmap_ws/install/grid_map_rviz_plugin/share/grid_map_rviz_plugin/doc/grid_map_rviz_plugin_example.png
[76.375s] -- Symlinking: /home/submarine/gridmap_ws/install/grid_map_rviz_plugin/share/grid_map_rviz_plugin/environment/library_path.sh
[76.397s] -- Symlinking: /home/submarine/gridmap_ws/install/grid_map_rviz_plugin/share/grid_map_rviz_plugin/environment/library_path.dsv
[76.419s] -- Symlinking: /home/submarine/gridmap_ws/install/grid_map_rviz_plugin/share/ament_index/resource_index/package_run_dependencies/grid_map_rviz_plugin
[76.441s] -- Symlinking: /home/submarine/gridmap_ws/install/grid_map_rviz_plugin/share/ament_index/resource_index/parent_prefix_path/grid_map_rviz_plugin
[76.461s] -- Symlinking: /home/submarine/gridmap_ws/install/grid_map_rviz_plugin/share/grid_map_rviz_plugin/environment/ament_prefix_path.sh
[76.480s] -- Symlinking: /home/submarine/gridmap_ws/install/grid_map_rviz_plugin/share/grid_map_rviz_plugin/environment/ament_prefix_path.dsv
[76.500s] -- Symlinking: /home/submarine/gridmap_ws/install/grid_map_rviz_plugin/share/grid_map_rviz_plugin/environment/path.sh
[76.520s] -- Symlinking: /home/submarine/gridmap_ws/install/grid_map_rviz_plugin/share/grid_map_rviz_plugin/environment/path.dsv
[76.540s] -- Symlinking: /home/submarine/gridmap_ws/install/grid_map_rviz_plugin/share/grid_map_rviz_plugin/local_setup.bash
[76.562s] -- Symlinking: /home/submarine/gridmap_ws/install/grid_map_rviz_plugin/share/grid_map_rviz_plugin/local_setup.sh
[76.582s] -- Symlinking: /home/submarine/gridmap_ws/install/grid_map_rviz_plugin/share/grid_map_rviz_plugin/local_setup.zsh
[76.602s] -- Symlinking: /home/submarine/gridmap_ws/install/grid_map_rviz_plugin/share/grid_map_rviz_plugin/local_setup.dsv
[76.622s] -- Symlinking: /home/submarine/gridmap_ws/install/grid_map_rviz_plugin/share/grid_map_rviz_plugin/package.dsv
[76.641s] -- Symlinking: /home/submarine/gridmap_ws/install/grid_map_rviz_plugin/share/ament_index/resource_index/packages/grid_map_rviz_plugin
[76.661s] -- Symlinking: /home/submarine/gridmap_ws/install/grid_map_rviz_plugin/share/ament_index/resource_index/rviz_common__pluginlib__plugin/grid_map_rviz_plugin
[76.682s] -- Symlinking: /home/submarine/gridmap_ws/install/grid_map_rviz_plugin/share/grid_map_rviz_plugin/cmake/ament_cmake_export_include_directories-extras.cmake
[76.702s] -- Symlinking: /home/submarine/gridmap_ws/install/grid_map_rviz_plugin/share/grid_map_rviz_plugin/cmake/ament_cmake_export_targets-extras.cmake
[76.722s] -- Symlinking: /home/submarine/gridmap_ws/install/grid_map_rviz_plugin/share/grid_map_rviz_plugin/cmake/ament_cmake_export_dependencies-extras.cmake
[76.742s] -- Symlinking: /home/submarine/gridmap_ws/install/grid_map_rviz_plugin/share/grid_map_rviz_plugin/cmake/grid_map_rviz_pluginConfig.cmake
[76.761s] -- Symlinking: /home/submarine/gridmap_ws/install/grid_map_rviz_plugin/share/grid_map_rviz_plugin/cmake/grid_map_rviz_pluginConfig-version.cmake
[76.781s] -- Symlinking: /home/submarine/gridmap_ws/install/grid_map_rviz_plugin/share/grid_map_rviz_plugin/package.xml
[76.803s] -- Installing: /home/submarine/gridmap_ws/install/grid_map_rviz_plugin/lib/libgrid_map_rviz_plugin.so
[76.807s] -- Set runtime path of "/home/submarine/gridmap_ws/install/grid_map_rviz_plugin/lib/libgrid_map_rviz_plugin.so" to ""
[76.810s] -- Installing: /home/submarine/gridmap_ws/install/grid_map_rviz_plugin/share/grid_map_rviz_plugin/cmake/grid_map_rviz_pluginExport.cmake
[76.811s] -- Installing: /home/submarine/gridmap_ws/install/grid_map_rviz_plugin/share/grid_map_rviz_plugin/cmake/grid_map_rviz_pluginExport-release.cmake
[76.816s] Invoked command in '/home/submarine/gridmap_ws/build/grid_map_rviz_plugin' returned '0': AMENT_PREFIX_PATH=/home/submarine/gridmap_ws/install/grid_map_ros:/home/submarine/gridmap_ws/install/grid_map_cv:/home/submarine/gridmap_ws/install/grid_map_msgs:/home/submarine/gridmap_ws/install/grid_map_core:/home/submarine/gridmap_ws/install/grid_map_cmake_helpers:${AMENT_PREFIX_PATH} CMAKE_PREFIX_PATH=/home/submarine/gridmap_ws/install/grid_map_ros:/home/submarine/gridmap_ws/install/grid_map_cv:/home/submarine/gridmap_ws/install/grid_map_msgs:/home/submarine/gridmap_ws/install/grid_map_core:/home/submarine/gridmap_ws/install/grid_map_cmake_helpers:/home/submarine/submarine/ros_ws/install/ros_bt:/home/submarine/submarine/ros_ws/install/ros_interfaces:/home/submarine/submarine/ros_ws/install/ros2_sub:/home/submarine/submarine/ros_ws/install/btcpp_ros2_samples:/home/submarine/submarine/ros_ws/install/btcpp_ros2_interfaces:/home/submarine/submarine/ros_ws/install/behaviortree_ros2:/home/submarine/submarine/ros_ws/install/behaviortree_cpp:/opt/ros/humble LD_LIBRARY_PATH=/home/submarine/gridmap_ws/install/grid_map_ros/lib:/home/submarine/gridmap_ws/install/grid_map_cv/lib:/home/submarine/gridmap_ws/install/grid_map_msgs/lib:/home/submarine/gridmap_ws/install/grid_map_core/lib:${LD_LIBRARY_PATH} PYTHONPATH=/home/submarine/gridmap_ws/install/grid_map_msgs/local/lib/python3.10/dist-packages:${PYTHONPATH} /usr/bin/cmake --install /home/submarine/gridmap_ws/build/grid_map_rviz_plugin
