[0.039s] Invoking command in '/home/submarine/ros_ws/build/btcpp_ros2_interfaces': CMAKE_PREFIX_PATH=${CMAKE_PREFIX_PATH}:/home/submarine/ryans_ws/install/esc_pkg:/home/submarine/ros_ws/install/speed_sensor:/home/submarine/ros_ws/install/sonars:/home/submarine/ros_ws/install/orientation_package:/opt/ros/jazzy DEBUGINFOD_URLS=https://debuginfod.ubuntu.com PS1=(bluerobotics-ping) \[\e]0;\u@\h: \w\a\]${debian_chroot:+($debian_chroot)}\[\033[01;32m\]\u@\h\[\033[00m\]:\[\033[01;34m\]\w\[\033[00m\]\$ VIRTUAL_ENV_PROMPT=(bluerobotics-ping) /usr/bin/cmake --build /home/submarine/ros_ws/build/btcpp_ros2_interfaces -- -j4 -l4
[0.265s] [  1%] Built target btcpp_ros2_interfaces__rosidl_generator_type_description
[0.299s] [  1%] Built target ament_cmake_python_copy_btcpp_ros2_interfaces
[0.410s] [ 22%] Built target btcpp_ros2_interfaces__rosidl_generator_c
[0.424s] [ 24%] Built target btcpp_ros2_interfaces__cpp
[0.582s] [ 33%] Built target btcpp_ros2_interfaces__rosidl_typesupport_fastrtps_c
[0.595s] [ 42%] Built target btcpp_ros2_interfaces__rosidl_typesupport_c
[0.651s] [ 51%] Built target btcpp_ros2_interfaces__rosidl_typesupport_introspection_c
[0.717s] [ 61%] Built target btcpp_ros2_interfaces__rosidl_typesupport_fastrtps_cpp
[0.780s] [ 70%] Built target btcpp_ros2_interfaces__rosidl_typesupport_introspection_cpp
[0.812s] [ 79%] Built target btcpp_ros2_interfaces__rosidl_typesupport_cpp
[0.908s] [ 79%] Built target btcpp_ros2_interfaces
[1.007s] [ 81%] Built target btcpp_ros2_interfaces__py
[1.108s] [ 88%] Built target btcpp_ros2_interfaces__rosidl_generator_py
[1.253s] [ 92%] Built target btcpp_ros2_interfaces_s__rosidl_typesupport_fastrtps_c
[1.254s] [ 96%] Built target btcpp_ros2_interfaces_s__rosidl_typesupport_c
[1.254s] [100%] Built target btcpp_ros2_interfaces_s__rosidl_typesupport_introspection_c
[1.346s] running egg_info
[1.381s] writing btcpp_ros2_interfaces.egg-info/PKG-INFO
[1.381s] writing dependency_links to btcpp_ros2_interfaces.egg-info/dependency_links.txt
[1.383s] writing top-level names to btcpp_ros2_interfaces.egg-info/top_level.txt
[1.536s] reading manifest file 'btcpp_ros2_interfaces.egg-info/SOURCES.txt'
[1.539s] writing manifest file 'btcpp_ros2_interfaces.egg-info/SOURCES.txt'
[1.656s] [100%] Built target ament_cmake_python_build_btcpp_ros2_interfaces_egg
[1.687s] Invoked command in '/home/submarine/ros_ws/build/btcpp_ros2_interfaces' returned '0': CMAKE_PREFIX_PATH=${CMAKE_PREFIX_PATH}:/home/submarine/ryans_ws/install/esc_pkg:/home/submarine/ros_ws/install/speed_sensor:/home/submarine/ros_ws/install/sonars:/home/submarine/ros_ws/install/orientation_package:/opt/ros/jazzy DEBUGINFOD_URLS=https://debuginfod.ubuntu.com PS1=(bluerobotics-ping) \[\e]0;\u@\h: \w\a\]${debian_chroot:+($debian_chroot)}\[\033[01;32m\]\u@\h\[\033[00m\]:\[\033[01;34m\]\w\[\033[00m\]\$ VIRTUAL_ENV_PROMPT=(bluerobotics-ping) /usr/bin/cmake --build /home/submarine/ros_ws/build/btcpp_ros2_interfaces -- -j4 -l4
[2.046s] Invoking command in '/home/submarine/ros_ws/build/btcpp_ros2_interfaces': CMAKE_PREFIX_PATH=${CMAKE_PREFIX_PATH}:/home/submarine/ryans_ws/install/esc_pkg:/home/submarine/ros_ws/install/speed_sensor:/home/submarine/ros_ws/install/sonars:/home/submarine/ros_ws/install/orientation_package:/opt/ros/jazzy DEBUGINFOD_URLS=https://debuginfod.ubuntu.com PS1=(bluerobotics-ping) \[\e]0;\u@\h: \w\a\]${debian_chroot:+($debian_chroot)}\[\033[01;32m\]\u@\h\[\033[00m\]:\[\033[01;34m\]\w\[\033[00m\]\$ VIRTUAL_ENV_PROMPT=(bluerobotics-ping) /usr/bin/cmake --install /home/submarine/ros_ws/build/btcpp_ros2_interfaces
[2.071s] -- Install configuration: ""
[2.072s] -- Up-to-date: /home/submarine/ros_ws/install/btcpp_ros2_interfaces/share/ament_index/resource_index/rosidl_interfaces/btcpp_ros2_interfaces
[2.072s] -- Up-to-date: /home/submarine/ros_ws/install/btcpp_ros2_interfaces/share/btcpp_ros2_interfaces/msg/NodeStatus.json
[2.075s] -- Up-to-date: /home/submarine/ros_ws/install/btcpp_ros2_interfaces/share/btcpp_ros2_interfaces/action/ExecuteTree.json
[2.077s] -- Up-to-date: /home/submarine/ros_ws/install/btcpp_ros2_interfaces/share/btcpp_ros2_interfaces/action/Sleep.json
[2.077s] -- Up-to-date: /home/submarine/ros_ws/install/btcpp_ros2_interfaces/include/btcpp_ros2_interfaces/btcpp_ros2_interfaces
[2.077s] -- Up-to-date: /home/submarine/ros_ws/install/btcpp_ros2_interfaces/include/btcpp_ros2_interfaces/btcpp_ros2_interfaces/action
[2.077s] -- Up-to-date: /home/submarine/ros_ws/install/btcpp_ros2_interfaces/include/btcpp_ros2_interfaces/btcpp_ros2_interfaces/action/detail
[2.078s] -- Up-to-date: /home/submarine/ros_ws/install/btcpp_ros2_interfaces/include/btcpp_ros2_interfaces/btcpp_ros2_interfaces/action/detail/execute_tree__type_support.h
[2.078s] -- Up-to-date: /home/submarine/ros_ws/install/btcpp_ros2_interfaces/include/btcpp_ros2_interfaces/btcpp_ros2_interfaces/action/detail/sleep__description.c
[2.078s] -- Up-to-date: /home/submarine/ros_ws/install/btcpp_ros2_interfaces/include/btcpp_ros2_interfaces/btcpp_ros2_interfaces/action/detail/sleep__type_support.h
[2.078s] -- Up-to-date: /home/submarine/ros_ws/install/btcpp_ros2_interfaces/include/btcpp_ros2_interfaces/btcpp_ros2_interfaces/action/detail/sleep__functions.c
[2.078s] -- Up-to-date: /home/submarine/ros_ws/install/btcpp_ros2_interfaces/include/btcpp_ros2_interfaces/btcpp_ros2_interfaces/action/detail/execute_tree__functions.c
[2.078s] -- Up-to-date: /home/submarine/ros_ws/install/btcpp_ros2_interfaces/include/btcpp_ros2_interfaces/btcpp_ros2_interfaces/action/detail/execute_tree__struct.h
[2.078s] -- Up-to-date: /home/submarine/ros_ws/install/btcpp_ros2_interfaces/include/btcpp_ros2_interfaces/btcpp_ros2_interfaces/action/detail/sleep__functions.h
[2.079s] -- Up-to-date: /home/submarine/ros_ws/install/btcpp_ros2_interfaces/include/btcpp_ros2_interfaces/btcpp_ros2_interfaces/action/detail/sleep__struct.h
[2.079s] -- Up-to-date: /home/submarine/ros_ws/install/btcpp_ros2_interfaces/include/btcpp_ros2_interfaces/btcpp_ros2_interfaces/action/detail/execute_tree__description.c
[2.079s] -- Installing: /home/submarine/ros_ws/install/btcpp_ros2_interfaces/include/btcpp_ros2_interfaces/btcpp_ros2_interfaces/action/detail/sleep__type_support.c
[2.079s] -- Up-to-date: /home/submarine/ros_ws/install/btcpp_ros2_interfaces/include/btcpp_ros2_interfaces/btcpp_ros2_interfaces/action/detail/execute_tree__functions.h
[2.079s] -- Installing: /home/submarine/ros_ws/install/btcpp_ros2_interfaces/include/btcpp_ros2_interfaces/btcpp_ros2_interfaces/action/detail/execute_tree__type_support.c
[2.079s] -- Up-to-date: /home/submarine/ros_ws/install/btcpp_ros2_interfaces/include/btcpp_ros2_interfaces/btcpp_ros2_interfaces/action/execute_tree.h
[2.079s] -- Up-to-date: /home/submarine/ros_ws/install/btcpp_ros2_interfaces/include/btcpp_ros2_interfaces/btcpp_ros2_interfaces/action/sleep.h
[2.079s] -- Up-to-date: /home/submarine/ros_ws/install/btcpp_ros2_interfaces/include/btcpp_ros2_interfaces/btcpp_ros2_interfaces/msg
[2.080s] -- Up-to-date: /home/submarine/ros_ws/install/btcpp_ros2_interfaces/include/btcpp_ros2_interfaces/btcpp_ros2_interfaces/msg/detail
[2.080s] -- Up-to-date: /home/submarine/ros_ws/install/btcpp_ros2_interfaces/include/btcpp_ros2_interfaces/btcpp_ros2_interfaces/msg/detail/node_status__description.c
[2.080s] -- Installing: /home/submarine/ros_ws/install/btcpp_ros2_interfaces/include/btcpp_ros2_interfaces/btcpp_ros2_interfaces/msg/detail/node_status__type_support.c
[2.081s] -- Up-to-date: /home/submarine/ros_ws/install/btcpp_ros2_interfaces/include/btcpp_ros2_interfaces/btcpp_ros2_interfaces/msg/detail/node_status__struct.h
[2.081s] -- Up-to-date: /home/submarine/ros_ws/install/btcpp_ros2_interfaces/include/btcpp_ros2_interfaces/btcpp_ros2_interfaces/msg/detail/node_status__type_support.h
[2.081s] -- Up-to-date: /home/submarine/ros_ws/install/btcpp_ros2_interfaces/include/btcpp_ros2_interfaces/btcpp_ros2_interfaces/msg/detail/node_status__functions.c
[2.081s] -- Up-to-date: /home/submarine/ros_ws/install/btcpp_ros2_interfaces/include/btcpp_ros2_interfaces/btcpp_ros2_interfaces/msg/detail/node_status__functions.h
[2.081s] -- Up-to-date: /home/submarine/ros_ws/install/btcpp_ros2_interfaces/include/btcpp_ros2_interfaces/btcpp_ros2_interfaces/msg/node_status.h
[2.081s] -- Up-to-date: /home/submarine/ros_ws/install/btcpp_ros2_interfaces/include/btcpp_ros2_interfaces/btcpp_ros2_interfaces/msg/rosidl_generator_c__visibility_control.h
[2.081s] -- Up-to-date: /home/submarine/ros_ws/install/btcpp_ros2_interfaces/share/btcpp_ros2_interfaces/environment/library_path.sh
[2.081s] -- Up-to-date: /home/submarine/ros_ws/install/btcpp_ros2_interfaces/share/btcpp_ros2_interfaces/environment/library_path.dsv
[2.081s] -- Up-to-date: /home/submarine/ros_ws/install/btcpp_ros2_interfaces/lib/libbtcpp_ros2_interfaces__rosidl_generator_c.so
[2.081s] -- Up-to-date: /home/submarine/ros_ws/install/btcpp_ros2_interfaces/include/btcpp_ros2_interfaces/btcpp_ros2_interfaces
[2.082s] -- Up-to-date: /home/submarine/ros_ws/install/btcpp_ros2_interfaces/include/btcpp_ros2_interfaces/btcpp_ros2_interfaces/action
[2.082s] -- Up-to-date: /home/submarine/ros_ws/install/btcpp_ros2_interfaces/include/btcpp_ros2_interfaces/btcpp_ros2_interfaces/action/detail
[2.082s] -- Up-to-date: /home/submarine/ros_ws/install/btcpp_ros2_interfaces/include/btcpp_ros2_interfaces/btcpp_ros2_interfaces/action/detail/sleep__rosidl_typesupport_fastrtps_c.h
[2.082s] -- Up-to-date: /home/submarine/ros_ws/install/btcpp_ros2_interfaces/include/btcpp_ros2_interfaces/btcpp_ros2_interfaces/action/detail/execute_tree__rosidl_typesupport_fastrtps_c.h
[2.082s] -- Up-to-date: /home/submarine/ros_ws/install/btcpp_ros2_interfaces/include/btcpp_ros2_interfaces/btcpp_ros2_interfaces/msg
[2.082s] -- Up-to-date: /home/submarine/ros_ws/install/btcpp_ros2_interfaces/include/btcpp_ros2_interfaces/btcpp_ros2_interfaces/msg/detail
[2.082s] -- Up-to-date: /home/submarine/ros_ws/install/btcpp_ros2_interfaces/include/btcpp_ros2_interfaces/btcpp_ros2_interfaces/msg/detail/node_status__rosidl_typesupport_fastrtps_c.h
[2.082s] -- Up-to-date: /home/submarine/ros_ws/install/btcpp_ros2_interfaces/include/btcpp_ros2_interfaces/btcpp_ros2_interfaces/msg/rosidl_typesupport_fastrtps_c__visibility_control.h
[2.082s] -- Up-to-date: /home/submarine/ros_ws/install/btcpp_ros2_interfaces/lib/libbtcpp_ros2_interfaces__rosidl_typesupport_fastrtps_c.so
[2.082s] -- Up-to-date: /home/submarine/ros_ws/install/btcpp_ros2_interfaces/include/btcpp_ros2_interfaces/btcpp_ros2_interfaces
[2.082s] -- Up-to-date: /home/submarine/ros_ws/install/btcpp_ros2_interfaces/include/btcpp_ros2_interfaces/btcpp_ros2_interfaces/action
[2.083s] -- Up-to-date: /home/submarine/ros_ws/install/btcpp_ros2_interfaces/include/btcpp_ros2_interfaces/btcpp_ros2_interfaces/action/detail
[2.083s] -- Up-to-date: /home/submarine/ros_ws/install/btcpp_ros2_interfaces/include/btcpp_ros2_interfaces/btcpp_ros2_interfaces/action/detail/sleep__rosidl_typesupport_introspection_c.h
[2.083s] -- Up-to-date: /home/submarine/ros_ws/install/btcpp_ros2_interfaces/include/btcpp_ros2_interfaces/btcpp_ros2_interfaces/action/detail/execute_tree__rosidl_typesupport_introspection_c.h
[2.083s] -- Installing: /home/submarine/ros_ws/install/btcpp_ros2_interfaces/include/btcpp_ros2_interfaces/btcpp_ros2_interfaces/action/detail/sleep__type_support.c
[2.083s] -- Installing: /home/submarine/ros_ws/install/btcpp_ros2_interfaces/include/btcpp_ros2_interfaces/btcpp_ros2_interfaces/action/detail/execute_tree__type_support.c
[2.083s] -- Up-to-date: /home/submarine/ros_ws/install/btcpp_ros2_interfaces/include/btcpp_ros2_interfaces/btcpp_ros2_interfaces/msg
[2.083s] -- Up-to-date: /home/submarine/ros_ws/install/btcpp_ros2_interfaces/include/btcpp_ros2_interfaces/btcpp_ros2_interfaces/msg/detail
[2.083s] -- Up-to-date: /home/submarine/ros_ws/install/btcpp_ros2_interfaces/include/btcpp_ros2_interfaces/btcpp_ros2_interfaces/msg/detail/node_status__rosidl_typesupport_introspection_c.h
[2.084s] -- Installing: /home/submarine/ros_ws/install/btcpp_ros2_interfaces/include/btcpp_ros2_interfaces/btcpp_ros2_interfaces/msg/detail/node_status__type_support.c
[2.085s] -- Up-to-date: /home/submarine/ros_ws/install/btcpp_ros2_interfaces/include/btcpp_ros2_interfaces/btcpp_ros2_interfaces/msg/rosidl_typesupport_introspection_c__visibility_control.h
[2.085s] -- Up-to-date: /home/submarine/ros_ws/install/btcpp_ros2_interfaces/lib/libbtcpp_ros2_interfaces__rosidl_typesupport_introspection_c.so
[2.086s] -- Up-to-date: /home/submarine/ros_ws/install/btcpp_ros2_interfaces/lib/libbtcpp_ros2_interfaces__rosidl_typesupport_c.so
[2.086s] -- Up-to-date: /home/submarine/ros_ws/install/btcpp_ros2_interfaces/include/btcpp_ros2_interfaces/btcpp_ros2_interfaces
[2.086s] -- Up-to-date: /home/submarine/ros_ws/install/btcpp_ros2_interfaces/include/btcpp_ros2_interfaces/btcpp_ros2_interfaces/action
[2.086s] -- Up-to-date: /home/submarine/ros_ws/install/btcpp_ros2_interfaces/include/btcpp_ros2_interfaces/btcpp_ros2_interfaces/action/detail
[2.086s] -- Up-to-date: /home/submarine/ros_ws/install/btcpp_ros2_interfaces/include/btcpp_ros2_interfaces/btcpp_ros2_interfaces/action/detail/execute_tree__type_support.hpp
[2.086s] -- Up-to-date: /home/submarine/ros_ws/install/btcpp_ros2_interfaces/include/btcpp_ros2_interfaces/btcpp_ros2_interfaces/action/detail/sleep__builder.hpp
[2.087s] -- Up-to-date: /home/submarine/ros_ws/install/btcpp_ros2_interfaces/include/btcpp_ros2_interfaces/btcpp_ros2_interfaces/action/detail/sleep__struct.hpp
[2.087s] -- Up-to-date: /home/submarine/ros_ws/install/btcpp_ros2_interfaces/include/btcpp_ros2_interfaces/btcpp_ros2_interfaces/action/detail/execute_tree__struct.hpp
[2.090s] -- Up-to-date: /home/submarine/ros_ws/install/btcpp_ros2_interfaces/include/btcpp_ros2_interfaces/btcpp_ros2_interfaces/action/detail/execute_tree__builder.hpp
[2.090s] -- Up-to-date: /home/submarine/ros_ws/install/btcpp_ros2_interfaces/include/btcpp_ros2_interfaces/btcpp_ros2_interfaces/action/detail/sleep__traits.hpp
[2.090s] -- Up-to-date: /home/submarine/ros_ws/install/btcpp_ros2_interfaces/include/btcpp_ros2_interfaces/btcpp_ros2_interfaces/action/detail/execute_tree__traits.hpp
[2.090s] -- Up-to-date: /home/submarine/ros_ws/install/btcpp_ros2_interfaces/include/btcpp_ros2_interfaces/btcpp_ros2_interfaces/action/detail/sleep__type_support.hpp
[2.090s] -- Up-to-date: /home/submarine/ros_ws/install/btcpp_ros2_interfaces/include/btcpp_ros2_interfaces/btcpp_ros2_interfaces/action/execute_tree.hpp
[2.090s] -- Up-to-date: /home/submarine/ros_ws/install/btcpp_ros2_interfaces/include/btcpp_ros2_interfaces/btcpp_ros2_interfaces/action/sleep.hpp
[2.091s] -- Up-to-date: /home/submarine/ros_ws/install/btcpp_ros2_interfaces/include/btcpp_ros2_interfaces/btcpp_ros2_interfaces/msg
[2.091s] -- Up-to-date: /home/submarine/ros_ws/install/btcpp_ros2_interfaces/include/btcpp_ros2_interfaces/btcpp_ros2_interfaces/msg/detail
[2.091s] -- Up-to-date: /home/submarine/ros_ws/install/btcpp_ros2_interfaces/include/btcpp_ros2_interfaces/btcpp_ros2_interfaces/msg/detail/node_status__traits.hpp
[2.091s] -- Up-to-date: /home/submarine/ros_ws/install/btcpp_ros2_interfaces/include/btcpp_ros2_interfaces/btcpp_ros2_interfaces/msg/detail/node_status__struct.hpp
[2.091s] -- Up-to-date: /home/submarine/ros_ws/install/btcpp_ros2_interfaces/include/btcpp_ros2_interfaces/btcpp_ros2_interfaces/msg/detail/node_status__builder.hpp
[2.093s] -- Up-to-date: /home/submarine/ros_ws/install/btcpp_ros2_interfaces/include/btcpp_ros2_interfaces/btcpp_ros2_interfaces/msg/detail/node_status__type_support.hpp
[2.093s] -- Up-to-date: /home/submarine/ros_ws/install/btcpp_ros2_interfaces/include/btcpp_ros2_interfaces/btcpp_ros2_interfaces/msg/node_status.hpp
[2.093s] -- Up-to-date: /home/submarine/ros_ws/install/btcpp_ros2_interfaces/include/btcpp_ros2_interfaces/btcpp_ros2_interfaces/msg/rosidl_generator_cpp__visibility_control.hpp
[2.093s] -- Up-to-date: /home/submarine/ros_ws/install/btcpp_ros2_interfaces/include/btcpp_ros2_interfaces/btcpp_ros2_interfaces
[2.093s] -- Up-to-date: /home/submarine/ros_ws/install/btcpp_ros2_interfaces/include/btcpp_ros2_interfaces/btcpp_ros2_interfaces/action
[2.093s] -- Up-to-date: /home/submarine/ros_ws/install/btcpp_ros2_interfaces/include/btcpp_ros2_interfaces/btcpp_ros2_interfaces/action/detail
[2.094s] -- Up-to-date: /home/submarine/ros_ws/install/btcpp_ros2_interfaces/include/btcpp_ros2_interfaces/btcpp_ros2_interfaces/action/detail/dds_fastrtps
[2.094s] -- Up-to-date: /home/submarine/ros_ws/install/btcpp_ros2_interfaces/include/btcpp_ros2_interfaces/btcpp_ros2_interfaces/action/detail/sleep__rosidl_typesupport_fastrtps_cpp.hpp
[2.094s] -- Up-to-date: /home/submarine/ros_ws/install/btcpp_ros2_interfaces/include/btcpp_ros2_interfaces/btcpp_ros2_interfaces/action/detail/execute_tree__rosidl_typesupport_fastrtps_cpp.hpp
[2.094s] -- Up-to-date: /home/submarine/ros_ws/install/btcpp_ros2_interfaces/include/btcpp_ros2_interfaces/btcpp_ros2_interfaces/msg
[2.094s] -- Up-to-date: /home/submarine/ros_ws/install/btcpp_ros2_interfaces/include/btcpp_ros2_interfaces/btcpp_ros2_interfaces/msg/detail
[2.094s] -- Up-to-date: /home/submarine/ros_ws/install/btcpp_ros2_interfaces/include/btcpp_ros2_interfaces/btcpp_ros2_interfaces/msg/detail/dds_fastrtps
[2.095s] -- Up-to-date: /home/submarine/ros_ws/install/btcpp_ros2_interfaces/include/btcpp_ros2_interfaces/btcpp_ros2_interfaces/msg/detail/node_status__rosidl_typesupport_fastrtps_cpp.hpp
[2.095s] -- Up-to-date: /home/submarine/ros_ws/install/btcpp_ros2_interfaces/include/btcpp_ros2_interfaces/btcpp_ros2_interfaces/msg/rosidl_typesupport_fastrtps_cpp__visibility_control.h
[2.095s] -- Up-to-date: /home/submarine/ros_ws/install/btcpp_ros2_interfaces/lib/libbtcpp_ros2_interfaces__rosidl_typesupport_fastrtps_cpp.so
[2.095s] -- Up-to-date: /home/submarine/ros_ws/install/btcpp_ros2_interfaces/include/btcpp_ros2_interfaces/btcpp_ros2_interfaces
[2.097s] -- Up-to-date: /home/submarine/ros_ws/install/btcpp_ros2_interfaces/include/btcpp_ros2_interfaces/btcpp_ros2_interfaces/action
[2.097s] -- Up-to-date: /home/submarine/ros_ws/install/btcpp_ros2_interfaces/include/btcpp_ros2_interfaces/btcpp_ros2_interfaces/action/detail
[2.097s] -- Up-to-date: /home/submarine/ros_ws/install/btcpp_ros2_interfaces/include/btcpp_ros2_interfaces/btcpp_ros2_interfaces/action/detail/sleep__rosidl_typesupport_introspection_cpp.hpp
[2.097s] -- Up-to-date: /home/submarine/ros_ws/install/btcpp_ros2_interfaces/include/btcpp_ros2_interfaces/btcpp_ros2_interfaces/action/detail/execute_tree__type_support.cpp
[2.097s] -- Up-to-date: /home/submarine/ros_ws/install/btcpp_ros2_interfaces/include/btcpp_ros2_interfaces/btcpp_ros2_interfaces/action/detail/execute_tree__rosidl_typesupport_introspection_cpp.hpp
[2.099s] -- Up-to-date: /home/submarine/ros_ws/install/btcpp_ros2_interfaces/include/btcpp_ros2_interfaces/btcpp_ros2_interfaces/action/detail/sleep__type_support.cpp
[2.099s] -- Up-to-date: /home/submarine/ros_ws/install/btcpp_ros2_interfaces/include/btcpp_ros2_interfaces/btcpp_ros2_interfaces/msg
[2.099s] -- Up-to-date: /home/submarine/ros_ws/install/btcpp_ros2_interfaces/include/btcpp_ros2_interfaces/btcpp_ros2_interfaces/msg/detail
[2.100s] -- Up-to-date: /home/submarine/ros_ws/install/btcpp_ros2_interfaces/include/btcpp_ros2_interfaces/btcpp_ros2_interfaces/msg/detail/node_status__type_support.cpp
[2.100s] -- Up-to-date: /home/submarine/ros_ws/install/btcpp_ros2_interfaces/include/btcpp_ros2_interfaces/btcpp_ros2_interfaces/msg/detail/node_status__rosidl_typesupport_introspection_cpp.hpp
[2.100s] -- Up-to-date: /home/submarine/ros_ws/install/btcpp_ros2_interfaces/lib/libbtcpp_ros2_interfaces__rosidl_typesupport_introspection_cpp.so
[2.100s] -- Up-to-date: /home/submarine/ros_ws/install/btcpp_ros2_interfaces/lib/libbtcpp_ros2_interfaces__rosidl_typesupport_cpp.so
[2.100s] -- Up-to-date: /home/submarine/ros_ws/install/btcpp_ros2_interfaces/share/btcpp_ros2_interfaces/environment/pythonpath.sh
[2.100s] -- Up-to-date: /home/submarine/ros_ws/install/btcpp_ros2_interfaces/share/btcpp_ros2_interfaces/environment/pythonpath.dsv
[2.100s] -- Up-to-date: /home/submarine/ros_ws/install/btcpp_ros2_interfaces/lib/python3.12/site-packages/btcpp_ros2_interfaces-0.2.0-py3.12.egg-info
[2.102s] -- Installing: /home/submarine/ros_ws/install/btcpp_ros2_interfaces/lib/python3.12/site-packages/btcpp_ros2_interfaces-0.2.0-py3.12.egg-info/SOURCES.txt
[2.103s] -- Installing: /home/submarine/ros_ws/install/btcpp_ros2_interfaces/lib/python3.12/site-packages/btcpp_ros2_interfaces-0.2.0-py3.12.egg-info/PKG-INFO
[2.103s] -- Installing: /home/submarine/ros_ws/install/btcpp_ros2_interfaces/lib/python3.12/site-packages/btcpp_ros2_interfaces-0.2.0-py3.12.egg-info/dependency_links.txt
[2.103s] -- Installing: /home/submarine/ros_ws/install/btcpp_ros2_interfaces/lib/python3.12/site-packages/btcpp_ros2_interfaces-0.2.0-py3.12.egg-info/top_level.txt
[2.103s] -- Up-to-date: /home/submarine/ros_ws/install/btcpp_ros2_interfaces/lib/python3.12/site-packages/btcpp_ros2_interfaces
[2.104s] -- Up-to-date: /home/submarine/ros_ws/install/btcpp_ros2_interfaces/lib/python3.12/site-packages/btcpp_ros2_interfaces/action
[2.104s] -- Up-to-date: /home/submarine/ros_ws/install/btcpp_ros2_interfaces/lib/python3.12/site-packages/btcpp_ros2_interfaces/action/_sleep_s.c
[2.106s] -- Up-to-date: /home/submarine/ros_ws/install/btcpp_ros2_interfaces/lib/python3.12/site-packages/btcpp_ros2_interfaces/action/_execute_tree.py
[2.106s] -- Up-to-date: /home/submarine/ros_ws/install/btcpp_ros2_interfaces/lib/python3.12/site-packages/btcpp_ros2_interfaces/action/__init__.py
[2.106s] -- Up-to-date: /home/submarine/ros_ws/install/btcpp_ros2_interfaces/lib/python3.12/site-packages/btcpp_ros2_interfaces/action/_execute_tree_s.c
[2.106s] -- Up-to-date: /home/submarine/ros_ws/install/btcpp_ros2_interfaces/lib/python3.12/site-packages/btcpp_ros2_interfaces/action/_sleep.py
[2.106s] -- Up-to-date: /home/submarine/ros_ws/install/btcpp_ros2_interfaces/lib/python3.12/site-packages/btcpp_ros2_interfaces/btcpp_ros2_interfaces_s__rosidl_typesupport_c.so
[2.106s] -- Up-to-date: /home/submarine/ros_ws/install/btcpp_ros2_interfaces/lib/python3.12/site-packages/btcpp_ros2_interfaces/btcpp_ros2_interfaces_s__rosidl_typesupport_fastrtps_c.so
[2.106s] -- Up-to-date: /home/submarine/ros_ws/install/btcpp_ros2_interfaces/lib/python3.12/site-packages/btcpp_ros2_interfaces/_btcpp_ros2_interfaces_s.ep.rosidl_typesupport_c.c
[2.106s] -- Up-to-date: /home/submarine/ros_ws/install/btcpp_ros2_interfaces/lib/python3.12/site-packages/btcpp_ros2_interfaces/_btcpp_ros2_interfaces_s.ep.rosidl_typesupport_fastrtps_c.c
[2.109s] -- Up-to-date: /home/submarine/ros_ws/install/btcpp_ros2_interfaces/lib/python3.12/site-packages/btcpp_ros2_interfaces/__init__.py
[2.109s] -- Up-to-date: /home/submarine/ros_ws/install/btcpp_ros2_interfaces/lib/python3.12/site-packages/btcpp_ros2_interfaces/btcpp_ros2_interfaces_s__rosidl_typesupport_introspection_c.so
[2.110s] -- Up-to-date: /home/submarine/ros_ws/install/btcpp_ros2_interfaces/lib/python3.12/site-packages/btcpp_ros2_interfaces/_btcpp_ros2_interfaces_s.ep.rosidl_typesupport_introspection_c.c
[2.110s] -- Up-to-date: /home/submarine/ros_ws/install/btcpp_ros2_interfaces/lib/python3.12/site-packages/btcpp_ros2_interfaces/msg
[2.110s] -- Up-to-date: /home/submarine/ros_ws/install/btcpp_ros2_interfaces/lib/python3.12/site-packages/btcpp_ros2_interfaces/msg/_node_status.py
[2.110s] -- Up-to-date: /home/submarine/ros_ws/install/btcpp_ros2_interfaces/lib/python3.12/site-packages/btcpp_ros2_interfaces/msg/__init__.py
[2.111s] -- Up-to-date: /home/submarine/ros_ws/install/btcpp_ros2_interfaces/lib/python3.12/site-packages/btcpp_ros2_interfaces/msg/_node_status_s.c
[2.173s] Listing '/home/submarine/ros_ws/install/btcpp_ros2_interfaces/lib/python3.12/site-packages/btcpp_ros2_interfaces'...
[2.173s] Listing '/home/submarine/ros_ws/install/btcpp_ros2_interfaces/lib/python3.12/site-packages/btcpp_ros2_interfaces/action'...
[2.173s] Listing '/home/submarine/ros_ws/install/btcpp_ros2_interfaces/lib/python3.12/site-packages/btcpp_ros2_interfaces/msg'...
[2.195s] -- Up-to-date: /home/submarine/ros_ws/install/btcpp_ros2_interfaces/lib/python3.12/site-packages/btcpp_ros2_interfaces/btcpp_ros2_interfaces_s__rosidl_typesupport_fastrtps_c.so
[2.196s] -- Up-to-date: /home/submarine/ros_ws/install/btcpp_ros2_interfaces/lib/python3.12/site-packages/btcpp_ros2_interfaces/btcpp_ros2_interfaces_s__rosidl_typesupport_introspection_c.so
[2.196s] -- Up-to-date: /home/submarine/ros_ws/install/btcpp_ros2_interfaces/lib/python3.12/site-packages/btcpp_ros2_interfaces/btcpp_ros2_interfaces_s__rosidl_typesupport_c.so
[2.197s] -- Up-to-date: /home/submarine/ros_ws/install/btcpp_ros2_interfaces/lib/libbtcpp_ros2_interfaces__rosidl_generator_py.so
[2.198s] -- Up-to-date: /home/submarine/ros_ws/install/btcpp_ros2_interfaces/share/btcpp_ros2_interfaces/msg/NodeStatus.idl
[2.198s] -- Up-to-date: /home/submarine/ros_ws/install/btcpp_ros2_interfaces/share/btcpp_ros2_interfaces/action/ExecuteTree.idl
[2.198s] -- Up-to-date: /home/submarine/ros_ws/install/btcpp_ros2_interfaces/share/btcpp_ros2_interfaces/action/Sleep.idl
[2.199s] -- Up-to-date: /home/submarine/ros_ws/install/btcpp_ros2_interfaces/share/btcpp_ros2_interfaces/msg/NodeStatus.msg
[2.199s] -- Up-to-date: /home/submarine/ros_ws/install/btcpp_ros2_interfaces/share/btcpp_ros2_interfaces/action/ExecuteTree.action
[2.199s] -- Up-to-date: /home/submarine/ros_ws/install/btcpp_ros2_interfaces/share/btcpp_ros2_interfaces/action/Sleep.action
[2.199s] -- Up-to-date: /home/submarine/ros_ws/install/btcpp_ros2_interfaces/share/ament_index/resource_index/package_run_dependencies/btcpp_ros2_interfaces
[2.199s] -- Up-to-date: /home/submarine/ros_ws/install/btcpp_ros2_interfaces/share/ament_index/resource_index/parent_prefix_path/btcpp_ros2_interfaces
[2.203s] -- Up-to-date: /home/submarine/ros_ws/install/btcpp_ros2_interfaces/share/btcpp_ros2_interfaces/environment/ament_prefix_path.sh
[2.205s] -- Up-to-date: /home/submarine/ros_ws/install/btcpp_ros2_interfaces/share/btcpp_ros2_interfaces/environment/ament_prefix_path.dsv
[2.206s] -- Up-to-date: /home/submarine/ros_ws/install/btcpp_ros2_interfaces/share/btcpp_ros2_interfaces/environment/path.sh
[2.206s] -- Up-to-date: /home/submarine/ros_ws/install/btcpp_ros2_interfaces/share/btcpp_ros2_interfaces/environment/path.dsv
[2.206s] -- Up-to-date: /home/submarine/ros_ws/install/btcpp_ros2_interfaces/share/btcpp_ros2_interfaces/local_setup.bash
[2.206s] -- Up-to-date: /home/submarine/ros_ws/install/btcpp_ros2_interfaces/share/btcpp_ros2_interfaces/local_setup.sh
[2.206s] -- Up-to-date: /home/submarine/ros_ws/install/btcpp_ros2_interfaces/share/btcpp_ros2_interfaces/local_setup.zsh
[2.207s] -- Up-to-date: /home/submarine/ros_ws/install/btcpp_ros2_interfaces/share/btcpp_ros2_interfaces/local_setup.dsv
[2.207s] -- Installing: /home/submarine/ros_ws/install/btcpp_ros2_interfaces/share/btcpp_ros2_interfaces/package.dsv
[2.210s] -- Up-to-date: /home/submarine/ros_ws/install/btcpp_ros2_interfaces/share/ament_index/resource_index/packages/btcpp_ros2_interfaces
[2.210s] -- Up-to-date: /home/submarine/ros_ws/install/btcpp_ros2_interfaces/share/btcpp_ros2_interfaces/cmake/export_btcpp_ros2_interfaces__rosidl_generator_cExport.cmake
[2.210s] -- Up-to-date: /home/submarine/ros_ws/install/btcpp_ros2_interfaces/share/btcpp_ros2_interfaces/cmake/export_btcpp_ros2_interfaces__rosidl_generator_cExport-noconfig.cmake
[2.210s] -- Up-to-date: /home/submarine/ros_ws/install/btcpp_ros2_interfaces/share/btcpp_ros2_interfaces/cmake/export_btcpp_ros2_interfaces__rosidl_typesupport_fastrtps_cExport.cmake
[2.211s] -- Up-to-date: /home/submarine/ros_ws/install/btcpp_ros2_interfaces/share/btcpp_ros2_interfaces/cmake/export_btcpp_ros2_interfaces__rosidl_typesupport_fastrtps_cExport-noconfig.cmake
[2.211s] -- Up-to-date: /home/submarine/ros_ws/install/btcpp_ros2_interfaces/share/btcpp_ros2_interfaces/cmake/btcpp_ros2_interfaces__rosidl_typesupport_introspection_cExport.cmake
[2.211s] -- Up-to-date: /home/submarine/ros_ws/install/btcpp_ros2_interfaces/share/btcpp_ros2_interfaces/cmake/btcpp_ros2_interfaces__rosidl_typesupport_introspection_cExport-noconfig.cmake
[2.211s] -- Up-to-date: /home/submarine/ros_ws/install/btcpp_ros2_interfaces/share/btcpp_ros2_interfaces/cmake/btcpp_ros2_interfaces__rosidl_typesupport_cExport.cmake
[2.212s] -- Up-to-date: /home/submarine/ros_ws/install/btcpp_ros2_interfaces/share/btcpp_ros2_interfaces/cmake/btcpp_ros2_interfaces__rosidl_typesupport_cExport-noconfig.cmake
[2.212s] -- Up-to-date: /home/submarine/ros_ws/install/btcpp_ros2_interfaces/share/btcpp_ros2_interfaces/cmake/export_btcpp_ros2_interfaces__rosidl_generator_cppExport.cmake
[2.212s] -- Up-to-date: /home/submarine/ros_ws/install/btcpp_ros2_interfaces/share/btcpp_ros2_interfaces/cmake/export_btcpp_ros2_interfaces__rosidl_typesupport_fastrtps_cppExport.cmake
[2.212s] -- Up-to-date: /home/submarine/ros_ws/install/btcpp_ros2_interfaces/share/btcpp_ros2_interfaces/cmake/export_btcpp_ros2_interfaces__rosidl_typesupport_fastrtps_cppExport-noconfig.cmake
[2.212s] -- Up-to-date: /home/submarine/ros_ws/install/btcpp_ros2_interfaces/share/btcpp_ros2_interfaces/cmake/btcpp_ros2_interfaces__rosidl_typesupport_introspection_cppExport.cmake
[2.212s] -- Up-to-date: /home/submarine/ros_ws/install/btcpp_ros2_interfaces/share/btcpp_ros2_interfaces/cmake/btcpp_ros2_interfaces__rosidl_typesupport_introspection_cppExport-noconfig.cmake
[2.213s] -- Up-to-date: /home/submarine/ros_ws/install/btcpp_ros2_interfaces/share/btcpp_ros2_interfaces/cmake/btcpp_ros2_interfaces__rosidl_typesupport_cppExport.cmake
[2.213s] -- Up-to-date: /home/submarine/ros_ws/install/btcpp_ros2_interfaces/share/btcpp_ros2_interfaces/cmake/btcpp_ros2_interfaces__rosidl_typesupport_cppExport-noconfig.cmake
[2.213s] -- Up-to-date: /home/submarine/ros_ws/install/btcpp_ros2_interfaces/share/btcpp_ros2_interfaces/cmake/export_btcpp_ros2_interfaces__rosidl_generator_pyExport.cmake
[2.213s] -- Up-to-date: /home/submarine/ros_ws/install/btcpp_ros2_interfaces/share/btcpp_ros2_interfaces/cmake/export_btcpp_ros2_interfaces__rosidl_generator_pyExport-noconfig.cmake
[2.213s] -- Up-to-date: /home/submarine/ros_ws/install/btcpp_ros2_interfaces/share/btcpp_ros2_interfaces/cmake/rosidl_cmake-extras.cmake
[2.213s] -- Up-to-date: /home/submarine/ros_ws/install/btcpp_ros2_interfaces/share/btcpp_ros2_interfaces/cmake/ament_cmake_export_dependencies-extras.cmake
[2.214s] -- Up-to-date: /home/submarine/ros_ws/install/btcpp_ros2_interfaces/share/btcpp_ros2_interfaces/cmake/ament_cmake_export_include_directories-extras.cmake
[2.214s] -- Up-to-date: /home/submarine/ros_ws/install/btcpp_ros2_interfaces/share/btcpp_ros2_interfaces/cmake/ament_cmake_export_libraries-extras.cmake
[2.214s] -- Up-to-date: /home/submarine/ros_ws/install/btcpp_ros2_interfaces/share/btcpp_ros2_interfaces/cmake/ament_cmake_export_targets-extras.cmake
[2.214s] -- Up-to-date: /home/submarine/ros_ws/install/btcpp_ros2_interfaces/share/btcpp_ros2_interfaces/cmake/rosidl_cmake_export_typesupport_targets-extras.cmake
[2.216s] -- Up-to-date: /home/submarine/ros_ws/install/btcpp_ros2_interfaces/share/btcpp_ros2_interfaces/cmake/rosidl_cmake_export_typesupport_libraries-extras.cmake
[2.216s] -- Up-to-date: /home/submarine/ros_ws/install/btcpp_ros2_interfaces/share/btcpp_ros2_interfaces/cmake/btcpp_ros2_interfacesConfig.cmake
[2.216s] -- Up-to-date: /home/submarine/ros_ws/install/btcpp_ros2_interfaces/share/btcpp_ros2_interfaces/cmake/btcpp_ros2_interfacesConfig-version.cmake
[2.216s] -- Up-to-date: /home/submarine/ros_ws/install/btcpp_ros2_interfaces/share/btcpp_ros2_interfaces/package.xml
[2.216s] Invoked command in '/home/submarine/ros_ws/build/btcpp_ros2_interfaces' returned '0': CMAKE_PREFIX_PATH=${CMAKE_PREFIX_PATH}:/home/submarine/ryans_ws/install/esc_pkg:/home/submarine/ros_ws/install/speed_sensor:/home/submarine/ros_ws/install/sonars:/home/submarine/ros_ws/install/orientation_package:/opt/ros/jazzy DEBUGINFOD_URLS=https://debuginfod.ubuntu.com PS1=(bluerobotics-ping) \[\e]0;\u@\h: \w\a\]${debian_chroot:+($debian_chroot)}\[\033[01;32m\]\u@\h\[\033[00m\]:\[\033[01;34m\]\w\[\033[00m\]\$ VIRTUAL_ENV_PROMPT=(bluerobotics-ping) /usr/bin/cmake --install /home/submarine/ros_ws/build/btcpp_ros2_interfaces
