[0.021s] Invoking command in '/home/submarine/ros_ws/build/ros2_sub': CMAKE_PREFIX_PATH=${CMAKE_PREFIX_PATH}:/home/submarine/ros_ws/install/speed_sensor:/home/submarine/ros_ws/install/sonars:/home/submarine/ros_ws/install/servo_node:/home/submarine/ryans_ws/install/orientation_package:/opt/ros/jazzy DEBUGINFOD_URLS=https://debuginfod.ubuntu.com /usr/bin/cmake /home/submarine/ros_ws/src/ros_pkg/ros2_sub -DCMAKE_INSTALL_PREFIX=/home/submarine/ros_ws/install/ros2_sub
[0.209s] -- The C compiler identification is GNU 13.2.0
[0.499s] -- The CXX compiler identification is GNU 13.2.0
[0.572s] -- Detecting C compiler ABI info
[1.015s] -- Detecting C compiler ABI info - done
[1.049s] -- Check for working C compiler: /usr/bin/cc - skipped
[1.054s] -- Detecting C compile features
[1.054s] -- Detecting C compile features - done
[1.102s] -- Detecting CXX compiler ABI info
[1.589s] -- Detecting CXX compiler ABI info - done
[1.606s] -- Check for working CXX compiler: /usr/bin/c++ - skipped
[1.608s] -- Detecting CXX compile features
[1.609s] -- Detecting CXX compile features - done
[1.631s] -- Found ament_cmake: 2.5.2 (/opt/ros/jazzy/share/ament_cmake/cmake)
[2.419s] -- Found Python3: /usr/bin/python3 (found version "3.12.3") found components: Interpreter 
[3.112s] -- Found rclcpp: 28.1.3 (/opt/ros/jazzy/share/rclcpp/cmake)
[3.317s] -- Found rosidl_generator_c: 4.6.3 (/opt/ros/jazzy/share/rosidl_generator_c/cmake)
[3.354s] -- Found rosidl_generator_cpp: 4.6.3 (/opt/ros/jazzy/share/rosidl_generator_cpp/cmake)
[3.394s] -- Using all available rosidl_typesupport_c: rosidl_typesupport_fastrtps_c;rosidl_typesupport_introspection_c
[3.442s] -- Using all available rosidl_typesupport_cpp: rosidl_typesupport_fastrtps_cpp;rosidl_typesupport_introspection_cpp
[3.682s] -- Found rmw_implementation_cmake: 7.3.1 (/opt/ros/jazzy/share/rmw_implementation_cmake/cmake)
[3.693s] -- Found rmw_fastrtps_cpp: 8.4.1 (/opt/ros/jazzy/share/rmw_fastrtps_cpp/cmake)
[3.971s] -- Found OpenSSL: /usr/lib/aarch64-linux-gnu/libcrypto.so (found version "3.0.13")  
[4.025s] -- Found FastRTPS: /opt/ros/jazzy/include (Required is at least version "2.13") 
[4.085s] -- Using RMW implementation 'rmw_fastrtps_cpp' as default
[4.264s] -- Found std_msgs: 5.3.5 (/opt/ros/jazzy/share/std_msgs/cmake)
[4.298s] -- Found nav_msgs: 5.3.5 (/opt/ros/jazzy/share/nav_msgs/cmake)
[4.413s] -- Found sensor_msgs: 5.3.5 (/opt/ros/jazzy/share/sensor_msgs/cmake)
[4.477s] -- Found tf2_geometry_msgs: 0.36.4 (/opt/ros/jazzy/share/tf2_geometry_msgs/cmake)
[4.518s] -- Found eigen3_cmake_module: 0.3.0 (/opt/ros/jazzy/share/eigen3_cmake_module/cmake)
[4.519s] -- Found Eigen3: TRUE (found version "3.4.0") 
[4.520s] -- Ensuring Eigen3 include directory is part of orocos-kdl CMake target
[4.902s] -- Found octomap_msgs: 2.0.0 (/opt/ros/jazzy/share/octomap_msgs/cmake)
[5.763s] -- Found OpenMP_C: -fopenmp (found version "4.5") 
[6.288s] -- Found OpenMP_CXX: -fopenmp (found version "4.5") 
[6.288s] -- Found OpenMP: TRUE (found version "4.5")  
[6.341s] -- Found ament_lint_auto: 0.17.1 (/opt/ros/jazzy/share/ament_lint_auto/cmake)
[6.795s] -- Added test 'cppcheck' to perform static code analysis on C / C++ code
[6.795s] -- Configured cppcheck include dirs: 
[6.795s] -- Configured cppcheck exclude dirs and/or files: 
[6.802s] -- Added test 'flake8' to check Python code syntax and style conventions
[6.803s] -- Configured 'flake8' exclude dirs and/or files: 
[6.806s] -- Added test 'lint_cmake' to check CMake code style
[6.811s] -- Added test 'pep257' to check Python code against some of the docstring style conventions in PEP 257
[6.823s] -- Added test 'uncrustify' to check C / C++ code style
[6.823s] -- Configured uncrustify additional arguments: 
[6.829s] -- Added test 'xmllint' to check XML markup files
[6.838s] -- Configuring done (6.8s)
[6.851s] [31mCMake Error at CMakeLists.txt:31 (add_executable):
[6.851s]   Cannot find source file:
[6.851s] 
[6.851s]     src/odom.cpp
[6.851s] 
[6.851s]   Tried extensions .c .C .c++ .cc .cpp .cxx .cu .mpp .m .M .mm .ixx .cppm
[6.852s]   .ccm .cxxm .c++m .h .hh .h++ .hm .hpp .hxx .in .txx .f .F .for .f77 .f90
[6.852s]   .f95 .f03 .hip .ispc
[6.852s] 
[6.852s] [0m
[6.881s] [31mCMake Error at CMakeLists.txt:31 (add_executable):
[6.881s]   No SOURCES given to target: odom
[6.881s] 
[6.881s] [0m
[6.882s] [0mCMake Generate step failed.  Build files cannot be regenerated correctly.[0m
[6.946s] Invoked command in '/home/submarine/ros_ws/build/ros2_sub' returned '1': CMAKE_PREFIX_PATH=${CMAKE_PREFIX_PATH}:/home/submarine/ros_ws/install/speed_sensor:/home/submarine/ros_ws/install/sonars:/home/submarine/ros_ws/install/servo_node:/home/submarine/ryans_ws/install/orientation_package:/opt/ros/jazzy DEBUGINFOD_URLS=https://debuginfod.ubuntu.com /usr/bin/cmake /home/submarine/ros_ws/src/ros_pkg/ros2_sub -DCMAKE_INSTALL_PREFIX=/home/submarine/ros_ws/install/ros2_sub
