[0.029s] Invoking command in '/home/submarine/ros_ws/build/btcpp_ros2_samples': CMAKE_PREFIX_PATH=/home/submarine/ros_ws/install/behaviortree_ros2:/home/submarine/ros_ws/install/btcpp_ros2_interfaces:/home/submarine/ros_ws/install/ros_bt:/home/submarine/ros_ws/install/ros2_sub:/home/submarine/ros_ws/install/perception_pcl:/home/submarine/ros_ws/install/octomap_mapping:/home/submarine/ros_ws/install/octomap_server:/home/submarine/ros_ws/install/pcl_ros:/home/submarine/ros_ws/install/octomap_rviz_plugins:/home/submarine/ros_ws/install/controller_sub:/home/submarine/ros_ws/install/btcpp_ros2_samples:/home/submarine/ros_ws/install/behaviortree_cpp:/home/submarine/ryans_ws/install/orientation_msg:/opt/ros/jazzy/opt/gz_sim_vendor:/opt/ros/jazzy/opt/gz_sensors_vendor:/opt/ros/jazzy/opt/gz_physics_vendor:/opt/ros/jazzy/opt/sdformat_vendor:/opt/ros/jazzy/opt/gz_gui_vendor:/opt/ros/jazzy/opt/gz_transport_vendor:/opt/ros/jazzy/opt/gz_rendering_vendor:/opt/ros/jazzy/opt/gz_plugin_vendor:/opt/ros/jazzy/opt/gz_fuel_tools_vendor:/opt/ros/jazzy/opt/gz_msgs_vendor:/opt/ros/jazzy/opt/gz_common_vendor:/opt/ros/jazzy/opt/gz_math_vendor:/opt/ros/jazzy/opt/gz_utils_vendor:/opt/ros/jazzy/opt/gz_tools_vendor:/opt/ros/jazzy/opt/gz_ogre_next_vendor:/opt/ros/jazzy/opt/gz_dartsim_vendor:/opt/ros/jazzy/opt/gz_cmake_vendor:/home/submarine/ros_ws/install/speed_sensor:/home/submarine/ros_ws/install/sonars:/home/submarine/ros_ws/install/servo_node:/home/submarine/ryans_ws/install/orientation_package:/opt/ros/jazzy DEBUGINFOD_URLS=https://debuginfod.ubuntu.com LD_LIBRARY_PATH=/home/submarine/ros_ws/install/btcpp_ros2_interfaces/lib:/home/submarine/ros_ws/install/octomap_server/lib:/home/submarine/ros_ws/install/pcl_ros/lib:/home/submarine/ros_ws/install/octomap_rviz_plugins/lib:/home/submarine/ros_ws/install/behaviortree_ros2/lib:/home/submarine/ros_ws/install/behaviortree_cpp/lib:/home/submarine/ryans_ws/install/orientation_msg/lib:/opt/ros/jazzy/opt/gz_sim_vendor/lib:/opt/ros/jazzy/opt/gz_sensors_vendor/lib:/opt/ros/jazzy/opt/gz_physics_vendor/lib:/opt/ros/jazzy/opt/sdformat_vendor/lib:/opt/ros/jazzy/opt/rviz_ogre_vendor/lib:/opt/ros/jazzy/lib/aarch64-linux-gnu:/opt/ros/jazzy/opt/gz_gui_vendor/lib:/opt/ros/jazzy/opt/gz_transport_vendor/lib:/opt/ros/jazzy/opt/gz_rendering_vendor/lib:/opt/ros/jazzy/opt/gz_plugin_vendor/lib:/opt/ros/jazzy/opt/gz_fuel_tools_vendor/lib:/opt/ros/jazzy/opt/gz_msgs_vendor/lib:/opt/ros/jazzy/opt/gz_common_vendor/lib:/opt/ros/jazzy/opt/gz_math_vendor/lib:/opt/ros/jazzy/opt/gz_utils_vendor/lib:/opt/ros/jazzy/opt/gz_tools_vendor/lib:/opt/ros/jazzy/opt/gz_ogre_next_vendor/lib:/opt/ros/jazzy/opt/gz_dartsim_vendor/lib:/opt/ros/jazzy/opt/gz_cmake_vendor/lib:/opt/ros/jazzy/lib PYTHONPATH=/home/submarine/ros_ws/install/btcpp_ros2_interfaces/lib/python3.12/site-packages:/home/submarine/ros_ws/install/speed_sensor/lib/python3.12/site-packages:/home/submarine/ros_ws/install/sonars/lib/python3.12/site-packages:/home/submarine/ros_ws/install/servo_node/lib/python3.12/site-packages:/home/submarine/ryans_ws/install/orientation_package/lib/python3.12/site-packages:/home/submarine/ryans_ws/install/orientation_msg/lib/python3.12/site-packages:/opt/ros/jazzy/lib/python3.12/site-packages /usr/bin/cmake /home/submarine/ros_ws/src/BehaviorTree.ROS2/btcpp_ros2_samples -DCMAKE_INSTALL_PREFIX=/home/submarine/ros_ws/install/btcpp_ros2_samples
[0.191s] -- The C compiler identification is GNU 13.2.0
[0.338s] -- The CXX compiler identification is GNU 13.2.0
[0.376s] -- Detecting C compiler ABI info
[0.615s] -- Detecting C compiler ABI info - done
[0.633s] -- Check for working C compiler: /usr/bin/cc - skipped
[0.635s] -- Detecting C compile features
[0.635s] -- Detecting C compile features - done
[0.658s] -- Detecting CXX compiler ABI info
[0.930s] -- Detecting CXX compiler ABI info - done
[0.952s] -- Check for working CXX compiler: /usr/bin/c++ - skipped
[0.954s] -- Detecting CXX compile features
[0.955s] -- Detecting CXX compile features - done
[0.965s] -- Found ament_cmake: 2.5.2 (/opt/ros/jazzy/share/ament_cmake/cmake)
[1.378s] -- Found Python3: /usr/bin/python3 (found version "3.12.3") found components: Interpreter 
[1.734s] -- Found behaviortree_ros2: 0.2.0 (/home/submarine/ros_ws/install/behaviortree_ros2/share/behaviortree_ros2/cmake)
[1.846s] -- Found rosidl_generator_c: 4.6.3 (/opt/ros/jazzy/share/rosidl_generator_c/cmake)
[1.883s] -- Found rosidl_generator_cpp: 4.6.3 (/opt/ros/jazzy/share/rosidl_generator_cpp/cmake)
[1.925s] -- Using all available rosidl_typesupport_c: rosidl_typesupport_fastrtps_c;rosidl_typesupport_introspection_c
[1.976s] -- Using all available rosidl_typesupport_cpp: rosidl_typesupport_fastrtps_cpp;rosidl_typesupport_introspection_cpp
[2.138s] -- Found rmw_implementation_cmake: 7.3.1 (/opt/ros/jazzy/share/rmw_implementation_cmake/cmake)
[2.149s] -- Found rmw_fastrtps_cpp: 8.4.1 (/opt/ros/jazzy/share/rmw_fastrtps_cpp/cmake)
[2.355s] -- Found OpenSSL: /usr/lib/aarch64-linux-gnu/libcrypto.so (found version "3.0.13")  
[2.394s] -- Found FastRTPS: /opt/ros/jazzy/include (Required is at least version "2.13") 
[2.439s] -- Using RMW implementation 'rmw_fastrtps_cpp' as default
[2.735s] -- Found parameter_traits: 0.3.8 (/opt/ros/jazzy/share/parameter_traits/cmake)
[2.789s] -- Found rclcpp_lifecycle: 28.1.3 (/opt/ros/jazzy/share/rclcpp_lifecycle/cmake)
[2.857s] -- Found std_msgs: 5.3.5 (/opt/ros/jazzy/share/std_msgs/cmake)
[2.888s] -- Found std_srvs: 5.3.5 (/opt/ros/jazzy/share/std_srvs/cmake)
[3.161s] -- Configuring done (3.1s)
[3.241s] -- Generating done (0.1s)
[3.245s] -- Build files have been written to: /home/submarine/ros_ws/build/btcpp_ros2_samples
[3.274s] Invoked command in '/home/submarine/ros_ws/build/btcpp_ros2_samples' returned '0': CMAKE_PREFIX_PATH=/home/submarine/ros_ws/install/behaviortree_ros2:/home/submarine/ros_ws/install/btcpp_ros2_interfaces:/home/submarine/ros_ws/install/ros_bt:/home/submarine/ros_ws/install/ros2_sub:/home/submarine/ros_ws/install/perception_pcl:/home/submarine/ros_ws/install/octomap_mapping:/home/submarine/ros_ws/install/octomap_server:/home/submarine/ros_ws/install/pcl_ros:/home/submarine/ros_ws/install/octomap_rviz_plugins:/home/submarine/ros_ws/install/controller_sub:/home/submarine/ros_ws/install/btcpp_ros2_samples:/home/submarine/ros_ws/install/behaviortree_cpp:/home/submarine/ryans_ws/install/orientation_msg:/opt/ros/jazzy/opt/gz_sim_vendor:/opt/ros/jazzy/opt/gz_sensors_vendor:/opt/ros/jazzy/opt/gz_physics_vendor:/opt/ros/jazzy/opt/sdformat_vendor:/opt/ros/jazzy/opt/gz_gui_vendor:/opt/ros/jazzy/opt/gz_transport_vendor:/opt/ros/jazzy/opt/gz_rendering_vendor:/opt/ros/jazzy/opt/gz_plugin_vendor:/opt/ros/jazzy/opt/gz_fuel_tools_vendor:/opt/ros/jazzy/opt/gz_msgs_vendor:/opt/ros/jazzy/opt/gz_common_vendor:/opt/ros/jazzy/opt/gz_math_vendor:/opt/ros/jazzy/opt/gz_utils_vendor:/opt/ros/jazzy/opt/gz_tools_vendor:/opt/ros/jazzy/opt/gz_ogre_next_vendor:/opt/ros/jazzy/opt/gz_dartsim_vendor:/opt/ros/jazzy/opt/gz_cmake_vendor:/home/submarine/ros_ws/install/speed_sensor:/home/submarine/ros_ws/install/sonars:/home/submarine/ros_ws/install/servo_node:/home/submarine/ryans_ws/install/orientation_package:/opt/ros/jazzy DEBUGINFOD_URLS=https://debuginfod.ubuntu.com LD_LIBRARY_PATH=/home/submarine/ros_ws/install/btcpp_ros2_interfaces/lib:/home/submarine/ros_ws/install/octomap_server/lib:/home/submarine/ros_ws/install/pcl_ros/lib:/home/submarine/ros_ws/install/octomap_rviz_plugins/lib:/home/submarine/ros_ws/install/behaviortree_ros2/lib:/home/submarine/ros_ws/install/behaviortree_cpp/lib:/home/submarine/ryans_ws/install/orientation_msg/lib:/opt/ros/jazzy/opt/gz_sim_vendor/lib:/opt/ros/jazzy/opt/gz_sensors_vendor/lib:/opt/ros/jazzy/opt/gz_physics_vendor/lib:/opt/ros/jazzy/opt/sdformat_vendor/lib:/opt/ros/jazzy/opt/rviz_ogre_vendor/lib:/opt/ros/jazzy/lib/aarch64-linux-gnu:/opt/ros/jazzy/opt/gz_gui_vendor/lib:/opt/ros/jazzy/opt/gz_transport_vendor/lib:/opt/ros/jazzy/opt/gz_rendering_vendor/lib:/opt/ros/jazzy/opt/gz_plugin_vendor/lib:/opt/ros/jazzy/opt/gz_fuel_tools_vendor/lib:/opt/ros/jazzy/opt/gz_msgs_vendor/lib:/opt/ros/jazzy/opt/gz_common_vendor/lib:/opt/ros/jazzy/opt/gz_math_vendor/lib:/opt/ros/jazzy/opt/gz_utils_vendor/lib:/opt/ros/jazzy/opt/gz_tools_vendor/lib:/opt/ros/jazzy/opt/gz_ogre_next_vendor/lib:/opt/ros/jazzy/opt/gz_dartsim_vendor/lib:/opt/ros/jazzy/opt/gz_cmake_vendor/lib:/opt/ros/jazzy/lib PYTHONPATH=/home/submarine/ros_ws/install/btcpp_ros2_interfaces/lib/python3.12/site-packages:/home/submarine/ros_ws/install/speed_sensor/lib/python3.12/site-packages:/home/submarine/ros_ws/install/sonars/lib/python3.12/site-packages:/home/submarine/ros_ws/install/servo_node/lib/python3.12/site-packages:/home/submarine/ryans_ws/install/orientation_package/lib/python3.12/site-packages:/home/submarine/ryans_ws/install/orientation_msg/lib/python3.12/site-packages:/opt/ros/jazzy/lib/python3.12/site-packages /usr/bin/cmake /home/submarine/ros_ws/src/BehaviorTree.ROS2/btcpp_ros2_samples -DCMAKE_INSTALL_PREFIX=/home/submarine/ros_ws/install/btcpp_ros2_samples
[3.277s] Invoking command in '/home/submarine/ros_ws/build/btcpp_ros2_samples': CMAKE_PREFIX_PATH=/home/submarine/ros_ws/install/behaviortree_ros2:/home/submarine/ros_ws/install/btcpp_ros2_interfaces:/home/submarine/ros_ws/install/ros_bt:/home/submarine/ros_ws/install/ros2_sub:/home/submarine/ros_ws/install/perception_pcl:/home/submarine/ros_ws/install/octomap_mapping:/home/submarine/ros_ws/install/octomap_server:/home/submarine/ros_ws/install/pcl_ros:/home/submarine/ros_ws/install/octomap_rviz_plugins:/home/submarine/ros_ws/install/controller_sub:/home/submarine/ros_ws/install/btcpp_ros2_samples:/home/submarine/ros_ws/install/behaviortree_cpp:/home/submarine/ryans_ws/install/orientation_msg:/opt/ros/jazzy/opt/gz_sim_vendor:/opt/ros/jazzy/opt/gz_sensors_vendor:/opt/ros/jazzy/opt/gz_physics_vendor:/opt/ros/jazzy/opt/sdformat_vendor:/opt/ros/jazzy/opt/gz_gui_vendor:/opt/ros/jazzy/opt/gz_transport_vendor:/opt/ros/jazzy/opt/gz_rendering_vendor:/opt/ros/jazzy/opt/gz_plugin_vendor:/opt/ros/jazzy/opt/gz_fuel_tools_vendor:/opt/ros/jazzy/opt/gz_msgs_vendor:/opt/ros/jazzy/opt/gz_common_vendor:/opt/ros/jazzy/opt/gz_math_vendor:/opt/ros/jazzy/opt/gz_utils_vendor:/opt/ros/jazzy/opt/gz_tools_vendor:/opt/ros/jazzy/opt/gz_ogre_next_vendor:/opt/ros/jazzy/opt/gz_dartsim_vendor:/opt/ros/jazzy/opt/gz_cmake_vendor:/home/submarine/ros_ws/install/speed_sensor:/home/submarine/ros_ws/install/sonars:/home/submarine/ros_ws/install/servo_node:/home/submarine/ryans_ws/install/orientation_package:/opt/ros/jazzy DEBUGINFOD_URLS=https://debuginfod.ubuntu.com LD_LIBRARY_PATH=/home/submarine/ros_ws/install/btcpp_ros2_interfaces/lib:/home/submarine/ros_ws/install/octomap_server/lib:/home/submarine/ros_ws/install/pcl_ros/lib:/home/submarine/ros_ws/install/octomap_rviz_plugins/lib:/home/submarine/ros_ws/install/behaviortree_ros2/lib:/home/submarine/ros_ws/install/behaviortree_cpp/lib:/home/submarine/ryans_ws/install/orientation_msg/lib:/opt/ros/jazzy/opt/gz_sim_vendor/lib:/opt/ros/jazzy/opt/gz_sensors_vendor/lib:/opt/ros/jazzy/opt/gz_physics_vendor/lib:/opt/ros/jazzy/opt/sdformat_vendor/lib:/opt/ros/jazzy/opt/rviz_ogre_vendor/lib:/opt/ros/jazzy/lib/aarch64-linux-gnu:/opt/ros/jazzy/opt/gz_gui_vendor/lib:/opt/ros/jazzy/opt/gz_transport_vendor/lib:/opt/ros/jazzy/opt/gz_rendering_vendor/lib:/opt/ros/jazzy/opt/gz_plugin_vendor/lib:/opt/ros/jazzy/opt/gz_fuel_tools_vendor/lib:/opt/ros/jazzy/opt/gz_msgs_vendor/lib:/opt/ros/jazzy/opt/gz_common_vendor/lib:/opt/ros/jazzy/opt/gz_math_vendor/lib:/opt/ros/jazzy/opt/gz_utils_vendor/lib:/opt/ros/jazzy/opt/gz_tools_vendor/lib:/opt/ros/jazzy/opt/gz_ogre_next_vendor/lib:/opt/ros/jazzy/opt/gz_dartsim_vendor/lib:/opt/ros/jazzy/opt/gz_cmake_vendor/lib:/opt/ros/jazzy/lib PYTHONPATH=/home/submarine/ros_ws/install/btcpp_ros2_interfaces/lib/python3.12/site-packages:/home/submarine/ros_ws/install/speed_sensor/lib/python3.12/site-packages:/home/submarine/ros_ws/install/sonars/lib/python3.12/site-packages:/home/submarine/ros_ws/install/servo_node/lib/python3.12/site-packages:/home/submarine/ryans_ws/install/orientation_package/lib/python3.12/site-packages:/home/submarine/ryans_ws/install/orientation_msg/lib/python3.12/site-packages:/opt/ros/jazzy/lib/python3.12/site-packages /usr/bin/cmake --build /home/submarine/ros_ws/build/btcpp_ros2_samples -- -j4 -l4
[3.404s] [  5%] [32mBuilding CXX object CMakeFiles/sleep_client.dir/src/sleep_action.cpp.o[0m
[3.406s] [ 11%] [32mBuilding CXX object CMakeFiles/sleep_server.dir/src/sleep_server.cpp.o[0m
[3.406s] [ 16%] [32mBuilding CXX object CMakeFiles/sample_bt_executor.dir/src/sample_bt_executor.cpp.o[0m
[3.433s] [ 22%] [32mBuilding CXX object CMakeFiles/sleep_plugin.dir/src/sleep_action.cpp.o[0m
[20.613s] [ 27%] [32m[1mLinking CXX executable sleep_server[0m
[21.825s] [ 27%] Built target sleep_server
[21.912s] [ 33%] [32mBuilding CXX object CMakeFiles/subscriber_test.dir/src/subscriber_test.cpp.o[0m
[23.596s] [ 38%] [32m[1mLinking CXX shared library libsleep_plugin.so[0m
[24.421s] [ 44%] [32mBuilding CXX object CMakeFiles/sleep_client.dir/src/sleep_client.cpp.o[0m
[24.565s] [ 44%] Built target sleep_plugin
[24.679s] [ 50%] [32mBuilding CXX object CMakeFiles/bool_client.dir/src/bool_client.cpp.o[0m
[35.492s] [ 55%] [32m[1mLinking CXX executable sample_bt_executor[0m
[37.458s] [ 55%] Built target sample_bt_executor
[37.574s] [ 61%] [32mBuilding CXX object CMakeFiles/bool_server.dir/src/bool_server.cpp.o[0m
[44.358s] [ 66%] [32mBuilding CXX object CMakeFiles/bool_client.dir/src/set_bool_node.cpp.o[0m
[45.212s] [ 72%] [32m[1mLinking CXX executable sleep_client[0m
[46.313s] [ 72%] Built target sleep_client
[46.426s] [ 77%] [32mBuilding CXX object CMakeFiles/sleep_client_dyn.dir/src/sleep_client.cpp.o[0m
[48.877s] [ 83%] [32m[1mLinking CXX executable bool_server[0m
[49.561s] [ 83%] Built target bool_server
[56.007s] [ 88%] [32m[1mLinking CXX executable subscriber_test[0m
[57.408s] [ 88%] Built target subscriber_test
[60.226s] [ 94%] [32m[1mLinking CXX executable bool_client[0m
[60.877s] [ 94%] Built target bool_client
[60.951s] [100%] [32m[1mLinking CXX executable sleep_client_dyn[0m
[61.361s] [100%] Built target sleep_client_dyn
[61.386s] Invoked command in '/home/submarine/ros_ws/build/btcpp_ros2_samples' returned '0': CMAKE_PREFIX_PATH=/home/submarine/ros_ws/install/behaviortree_ros2:/home/submarine/ros_ws/install/btcpp_ros2_interfaces:/home/submarine/ros_ws/install/ros_bt:/home/submarine/ros_ws/install/ros2_sub:/home/submarine/ros_ws/install/perception_pcl:/home/submarine/ros_ws/install/octomap_mapping:/home/submarine/ros_ws/install/octomap_server:/home/submarine/ros_ws/install/pcl_ros:/home/submarine/ros_ws/install/octomap_rviz_plugins:/home/submarine/ros_ws/install/controller_sub:/home/submarine/ros_ws/install/btcpp_ros2_samples:/home/submarine/ros_ws/install/behaviortree_cpp:/home/submarine/ryans_ws/install/orientation_msg:/opt/ros/jazzy/opt/gz_sim_vendor:/opt/ros/jazzy/opt/gz_sensors_vendor:/opt/ros/jazzy/opt/gz_physics_vendor:/opt/ros/jazzy/opt/sdformat_vendor:/opt/ros/jazzy/opt/gz_gui_vendor:/opt/ros/jazzy/opt/gz_transport_vendor:/opt/ros/jazzy/opt/gz_rendering_vendor:/opt/ros/jazzy/opt/gz_plugin_vendor:/opt/ros/jazzy/opt/gz_fuel_tools_vendor:/opt/ros/jazzy/opt/gz_msgs_vendor:/opt/ros/jazzy/opt/gz_common_vendor:/opt/ros/jazzy/opt/gz_math_vendor:/opt/ros/jazzy/opt/gz_utils_vendor:/opt/ros/jazzy/opt/gz_tools_vendor:/opt/ros/jazzy/opt/gz_ogre_next_vendor:/opt/ros/jazzy/opt/gz_dartsim_vendor:/opt/ros/jazzy/opt/gz_cmake_vendor:/home/submarine/ros_ws/install/speed_sensor:/home/submarine/ros_ws/install/sonars:/home/submarine/ros_ws/install/servo_node:/home/submarine/ryans_ws/install/orientation_package:/opt/ros/jazzy DEBUGINFOD_URLS=https://debuginfod.ubuntu.com LD_LIBRARY_PATH=/home/submarine/ros_ws/install/btcpp_ros2_interfaces/lib:/home/submarine/ros_ws/install/octomap_server/lib:/home/submarine/ros_ws/install/pcl_ros/lib:/home/submarine/ros_ws/install/octomap_rviz_plugins/lib:/home/submarine/ros_ws/install/behaviortree_ros2/lib:/home/submarine/ros_ws/install/behaviortree_cpp/lib:/home/submarine/ryans_ws/install/orientation_msg/lib:/opt/ros/jazzy/opt/gz_sim_vendor/lib:/opt/ros/jazzy/opt/gz_sensors_vendor/lib:/opt/ros/jazzy/opt/gz_physics_vendor/lib:/opt/ros/jazzy/opt/sdformat_vendor/lib:/opt/ros/jazzy/opt/rviz_ogre_vendor/lib:/opt/ros/jazzy/lib/aarch64-linux-gnu:/opt/ros/jazzy/opt/gz_gui_vendor/lib:/opt/ros/jazzy/opt/gz_transport_vendor/lib:/opt/ros/jazzy/opt/gz_rendering_vendor/lib:/opt/ros/jazzy/opt/gz_plugin_vendor/lib:/opt/ros/jazzy/opt/gz_fuel_tools_vendor/lib:/opt/ros/jazzy/opt/gz_msgs_vendor/lib:/opt/ros/jazzy/opt/gz_common_vendor/lib:/opt/ros/jazzy/opt/gz_math_vendor/lib:/opt/ros/jazzy/opt/gz_utils_vendor/lib:/opt/ros/jazzy/opt/gz_tools_vendor/lib:/opt/ros/jazzy/opt/gz_ogre_next_vendor/lib:/opt/ros/jazzy/opt/gz_dartsim_vendor/lib:/opt/ros/jazzy/opt/gz_cmake_vendor/lib:/opt/ros/jazzy/lib PYTHONPATH=/home/submarine/ros_ws/install/btcpp_ros2_interfaces/lib/python3.12/site-packages:/home/submarine/ros_ws/install/speed_sensor/lib/python3.12/site-packages:/home/submarine/ros_ws/install/sonars/lib/python3.12/site-packages:/home/submarine/ros_ws/install/servo_node/lib/python3.12/site-packages:/home/submarine/ryans_ws/install/orientation_package/lib/python3.12/site-packages:/home/submarine/ryans_ws/install/orientation_msg/lib/python3.12/site-packages:/opt/ros/jazzy/lib/python3.12/site-packages /usr/bin/cmake --build /home/submarine/ros_ws/build/btcpp_ros2_samples -- -j4 -l4
[61.466s] Invoking command in '/home/submarine/ros_ws/build/btcpp_ros2_samples': CMAKE_PREFIX_PATH=/home/submarine/ros_ws/install/behaviortree_ros2:/home/submarine/ros_ws/install/btcpp_ros2_interfaces:/home/submarine/ros_ws/install/ros_bt:/home/submarine/ros_ws/install/ros2_sub:/home/submarine/ros_ws/install/perception_pcl:/home/submarine/ros_ws/install/octomap_mapping:/home/submarine/ros_ws/install/octomap_server:/home/submarine/ros_ws/install/pcl_ros:/home/submarine/ros_ws/install/octomap_rviz_plugins:/home/submarine/ros_ws/install/controller_sub:/home/submarine/ros_ws/install/btcpp_ros2_samples:/home/submarine/ros_ws/install/behaviortree_cpp:/home/submarine/ryans_ws/install/orientation_msg:/opt/ros/jazzy/opt/gz_sim_vendor:/opt/ros/jazzy/opt/gz_sensors_vendor:/opt/ros/jazzy/opt/gz_physics_vendor:/opt/ros/jazzy/opt/sdformat_vendor:/opt/ros/jazzy/opt/gz_gui_vendor:/opt/ros/jazzy/opt/gz_transport_vendor:/opt/ros/jazzy/opt/gz_rendering_vendor:/opt/ros/jazzy/opt/gz_plugin_vendor:/opt/ros/jazzy/opt/gz_fuel_tools_vendor:/opt/ros/jazzy/opt/gz_msgs_vendor:/opt/ros/jazzy/opt/gz_common_vendor:/opt/ros/jazzy/opt/gz_math_vendor:/opt/ros/jazzy/opt/gz_utils_vendor:/opt/ros/jazzy/opt/gz_tools_vendor:/opt/ros/jazzy/opt/gz_ogre_next_vendor:/opt/ros/jazzy/opt/gz_dartsim_vendor:/opt/ros/jazzy/opt/gz_cmake_vendor:/home/submarine/ros_ws/install/speed_sensor:/home/submarine/ros_ws/install/sonars:/home/submarine/ros_ws/install/servo_node:/home/submarine/ryans_ws/install/orientation_package:/opt/ros/jazzy DEBUGINFOD_URLS=https://debuginfod.ubuntu.com LD_LIBRARY_PATH=/home/submarine/ros_ws/install/btcpp_ros2_interfaces/lib:/home/submarine/ros_ws/install/octomap_server/lib:/home/submarine/ros_ws/install/pcl_ros/lib:/home/submarine/ros_ws/install/octomap_rviz_plugins/lib:/home/submarine/ros_ws/install/behaviortree_ros2/lib:/home/submarine/ros_ws/install/behaviortree_cpp/lib:/home/submarine/ryans_ws/install/orientation_msg/lib:/opt/ros/jazzy/opt/gz_sim_vendor/lib:/opt/ros/jazzy/opt/gz_sensors_vendor/lib:/opt/ros/jazzy/opt/gz_physics_vendor/lib:/opt/ros/jazzy/opt/sdformat_vendor/lib:/opt/ros/jazzy/opt/rviz_ogre_vendor/lib:/opt/ros/jazzy/lib/aarch64-linux-gnu:/opt/ros/jazzy/opt/gz_gui_vendor/lib:/opt/ros/jazzy/opt/gz_transport_vendor/lib:/opt/ros/jazzy/opt/gz_rendering_vendor/lib:/opt/ros/jazzy/opt/gz_plugin_vendor/lib:/opt/ros/jazzy/opt/gz_fuel_tools_vendor/lib:/opt/ros/jazzy/opt/gz_msgs_vendor/lib:/opt/ros/jazzy/opt/gz_common_vendor/lib:/opt/ros/jazzy/opt/gz_math_vendor/lib:/opt/ros/jazzy/opt/gz_utils_vendor/lib:/opt/ros/jazzy/opt/gz_tools_vendor/lib:/opt/ros/jazzy/opt/gz_ogre_next_vendor/lib:/opt/ros/jazzy/opt/gz_dartsim_vendor/lib:/opt/ros/jazzy/opt/gz_cmake_vendor/lib:/opt/ros/jazzy/lib PYTHONPATH=/home/submarine/ros_ws/install/btcpp_ros2_interfaces/lib/python3.12/site-packages:/home/submarine/ros_ws/install/speed_sensor/lib/python3.12/site-packages:/home/submarine/ros_ws/install/sonars/lib/python3.12/site-packages:/home/submarine/ros_ws/install/servo_node/lib/python3.12/site-packages:/home/submarine/ryans_ws/install/orientation_package/lib/python3.12/site-packages:/home/submarine/ryans_ws/install/orientation_msg/lib/python3.12/site-packages:/opt/ros/jazzy/lib/python3.12/site-packages /usr/bin/cmake --install /home/submarine/ros_ws/build/btcpp_ros2_samples
[61.484s] -- Install configuration: ""
[61.484s] -- Installing: /home/submarine/ros_ws/install/btcpp_ros2_samples/lib/btcpp_ros2_samples/sleep_client
[61.488s] -- Set non-toolchain portion of runtime path of "/home/submarine/ros_ws/install/btcpp_ros2_samples/lib/btcpp_ros2_samples/sleep_client" to ""
[61.489s] -- Installing: /home/submarine/ros_ws/install/btcpp_ros2_samples/lib/btcpp_ros2_samples/sleep_client_dyn
[61.490s] -- Set non-toolchain portion of runtime path of "/home/submarine/ros_ws/install/btcpp_ros2_samples/lib/btcpp_ros2_samples/sleep_client_dyn" to ""
[61.490s] -- Installing: /home/submarine/ros_ws/install/btcpp_ros2_samples/lib/btcpp_ros2_samples/sleep_server
[61.493s] -- Set non-toolchain portion of runtime path of "/home/submarine/ros_ws/install/btcpp_ros2_samples/lib/btcpp_ros2_samples/sleep_server" to ""
[61.493s] -- Installing: /home/submarine/ros_ws/install/btcpp_ros2_samples/lib/btcpp_ros2_samples/libsleep_plugin.so
[61.497s] -- Set non-toolchain portion of runtime path of "/home/submarine/ros_ws/install/btcpp_ros2_samples/lib/btcpp_ros2_samples/libsleep_plugin.so" to ""
[61.497s] -- Installing: /home/submarine/ros_ws/install/btcpp_ros2_samples/lib/btcpp_ros2_samples/subscriber_test
[61.506s] -- Set non-toolchain portion of runtime path of "/home/submarine/ros_ws/install/btcpp_ros2_samples/lib/btcpp_ros2_samples/subscriber_test" to ""
[61.507s] -- Installing: /home/submarine/ros_ws/install/btcpp_ros2_samples/lib/btcpp_ros2_samples/sample_bt_executor
[61.517s] -- Set non-toolchain portion of runtime path of "/home/submarine/ros_ws/install/btcpp_ros2_samples/lib/btcpp_ros2_samples/sample_bt_executor" to ""
[61.517s] -- Installing: /home/submarine/ros_ws/install/btcpp_ros2_samples/lib/btcpp_ros2_samples/bool_client
[61.520s] -- Set non-toolchain portion of runtime path of "/home/submarine/ros_ws/install/btcpp_ros2_samples/lib/btcpp_ros2_samples/bool_client" to ""
[61.520s] -- Installing: /home/submarine/ros_ws/install/btcpp_ros2_samples/lib/btcpp_ros2_samples/bool_server
[61.522s] -- Set non-toolchain portion of runtime path of "/home/submarine/ros_ws/install/btcpp_ros2_samples/lib/btcpp_ros2_samples/bool_server" to ""
[61.522s] -- Installing: /home/submarine/ros_ws/install/btcpp_ros2_samples/share/btcpp_ros2_samples/bt_plugins/libsleep_plugin.so
[61.526s] -- Set non-toolchain portion of runtime path of "/home/submarine/ros_ws/install/btcpp_ros2_samples/share/btcpp_ros2_samples/bt_plugins/libsleep_plugin.so" to ""
[61.526s] -- Installing: /home/submarine/ros_ws/install/btcpp_ros2_samples/share/btcpp_ros2_samples//behavior_trees
[61.527s] -- Installing: /home/submarine/ros_ws/install/btcpp_ros2_samples/share/btcpp_ros2_samples//behavior_trees/sleep_action.xml
[61.528s] -- Installing: /home/submarine/ros_ws/install/btcpp_ros2_samples/share/btcpp_ros2_samples//behavior_trees/door_closed.xml
[61.528s] -- Installing: /home/submarine/ros_ws/install/btcpp_ros2_samples/share/btcpp_ros2_samples//behavior_trees/cross_door.xml
[61.528s] -- Installing: /home/submarine/ros_ws/install/btcpp_ros2_samples/share/btcpp_ros2_samples//config
[61.529s] -- Installing: /home/submarine/ros_ws/install/btcpp_ros2_samples/share/btcpp_ros2_samples//config/sample_bt_executor.yaml
[61.529s] -- Installing: /home/submarine/ros_ws/install/btcpp_ros2_samples/share/btcpp_ros2_samples//launch
[61.530s] -- Installing: /home/submarine/ros_ws/install/btcpp_ros2_samples/share/btcpp_ros2_samples//launch/sample_bt_executor.launch.xml
[61.530s] -- Installing: /home/submarine/ros_ws/install/btcpp_ros2_samples/share/ament_index/resource_index/package_run_dependencies/btcpp_ros2_samples
[61.531s] -- Installing: /home/submarine/ros_ws/install/btcpp_ros2_samples/share/ament_index/resource_index/parent_prefix_path/btcpp_ros2_samples
[61.531s] -- Installing: /home/submarine/ros_ws/install/btcpp_ros2_samples/share/btcpp_ros2_samples/environment/ament_prefix_path.sh
[61.531s] -- Installing: /home/submarine/ros_ws/install/btcpp_ros2_samples/share/btcpp_ros2_samples/environment/ament_prefix_path.dsv
[61.531s] -- Installing: /home/submarine/ros_ws/install/btcpp_ros2_samples/share/btcpp_ros2_samples/environment/path.sh
[61.532s] -- Installing: /home/submarine/ros_ws/install/btcpp_ros2_samples/share/btcpp_ros2_samples/environment/path.dsv
[61.532s] -- Installing: /home/submarine/ros_ws/install/btcpp_ros2_samples/share/btcpp_ros2_samples/local_setup.bash
[61.532s] -- Installing: /home/submarine/ros_ws/install/btcpp_ros2_samples/share/btcpp_ros2_samples/local_setup.sh
[61.532s] -- Installing: /home/submarine/ros_ws/install/btcpp_ros2_samples/share/btcpp_ros2_samples/local_setup.zsh
[61.532s] -- Installing: /home/submarine/ros_ws/install/btcpp_ros2_samples/share/btcpp_ros2_samples/local_setup.dsv
[61.533s] -- Installing: /home/submarine/ros_ws/install/btcpp_ros2_samples/share/btcpp_ros2_samples/package.dsv
[61.533s] -- Installing: /home/submarine/ros_ws/install/btcpp_ros2_samples/share/ament_index/resource_index/packages/btcpp_ros2_samples
[61.533s] -- Installing: /home/submarine/ros_ws/install/btcpp_ros2_samples/share/btcpp_ros2_samples/cmake/ament_cmake_export_dependencies-extras.cmake
[61.533s] -- Installing: /home/submarine/ros_ws/install/btcpp_ros2_samples/share/btcpp_ros2_samples/cmake/btcpp_ros2_samplesConfig.cmake
[61.534s] -- Installing: /home/submarine/ros_ws/install/btcpp_ros2_samples/share/btcpp_ros2_samples/cmake/btcpp_ros2_samplesConfig-version.cmake
[61.534s] -- Installing: /home/submarine/ros_ws/install/btcpp_ros2_samples/share/btcpp_ros2_samples/package.xml
[61.538s] Invoked command in '/home/submarine/ros_ws/build/btcpp_ros2_samples' returned '0': CMAKE_PREFIX_PATH=/home/submarine/ros_ws/install/behaviortree_ros2:/home/submarine/ros_ws/install/btcpp_ros2_interfaces:/home/submarine/ros_ws/install/ros_bt:/home/submarine/ros_ws/install/ros2_sub:/home/submarine/ros_ws/install/perception_pcl:/home/submarine/ros_ws/install/octomap_mapping:/home/submarine/ros_ws/install/octomap_server:/home/submarine/ros_ws/install/pcl_ros:/home/submarine/ros_ws/install/octomap_rviz_plugins:/home/submarine/ros_ws/install/controller_sub:/home/submarine/ros_ws/install/btcpp_ros2_samples:/home/submarine/ros_ws/install/behaviortree_cpp:/home/submarine/ryans_ws/install/orientation_msg:/opt/ros/jazzy/opt/gz_sim_vendor:/opt/ros/jazzy/opt/gz_sensors_vendor:/opt/ros/jazzy/opt/gz_physics_vendor:/opt/ros/jazzy/opt/sdformat_vendor:/opt/ros/jazzy/opt/gz_gui_vendor:/opt/ros/jazzy/opt/gz_transport_vendor:/opt/ros/jazzy/opt/gz_rendering_vendor:/opt/ros/jazzy/opt/gz_plugin_vendor:/opt/ros/jazzy/opt/gz_fuel_tools_vendor:/opt/ros/jazzy/opt/gz_msgs_vendor:/opt/ros/jazzy/opt/gz_common_vendor:/opt/ros/jazzy/opt/gz_math_vendor:/opt/ros/jazzy/opt/gz_utils_vendor:/opt/ros/jazzy/opt/gz_tools_vendor:/opt/ros/jazzy/opt/gz_ogre_next_vendor:/opt/ros/jazzy/opt/gz_dartsim_vendor:/opt/ros/jazzy/opt/gz_cmake_vendor:/home/submarine/ros_ws/install/speed_sensor:/home/submarine/ros_ws/install/sonars:/home/submarine/ros_ws/install/servo_node:/home/submarine/ryans_ws/install/orientation_package:/opt/ros/jazzy DEBUGINFOD_URLS=https://debuginfod.ubuntu.com LD_LIBRARY_PATH=/home/submarine/ros_ws/install/btcpp_ros2_interfaces/lib:/home/submarine/ros_ws/install/octomap_server/lib:/home/submarine/ros_ws/install/pcl_ros/lib:/home/submarine/ros_ws/install/octomap_rviz_plugins/lib:/home/submarine/ros_ws/install/behaviortree_ros2/lib:/home/submarine/ros_ws/install/behaviortree_cpp/lib:/home/submarine/ryans_ws/install/orientation_msg/lib:/opt/ros/jazzy/opt/gz_sim_vendor/lib:/opt/ros/jazzy/opt/gz_sensors_vendor/lib:/opt/ros/jazzy/opt/gz_physics_vendor/lib:/opt/ros/jazzy/opt/sdformat_vendor/lib:/opt/ros/jazzy/opt/rviz_ogre_vendor/lib:/opt/ros/jazzy/lib/aarch64-linux-gnu:/opt/ros/jazzy/opt/gz_gui_vendor/lib:/opt/ros/jazzy/opt/gz_transport_vendor/lib:/opt/ros/jazzy/opt/gz_rendering_vendor/lib:/opt/ros/jazzy/opt/gz_plugin_vendor/lib:/opt/ros/jazzy/opt/gz_fuel_tools_vendor/lib:/opt/ros/jazzy/opt/gz_msgs_vendor/lib:/opt/ros/jazzy/opt/gz_common_vendor/lib:/opt/ros/jazzy/opt/gz_math_vendor/lib:/opt/ros/jazzy/opt/gz_utils_vendor/lib:/opt/ros/jazzy/opt/gz_tools_vendor/lib:/opt/ros/jazzy/opt/gz_ogre_next_vendor/lib:/opt/ros/jazzy/opt/gz_dartsim_vendor/lib:/opt/ros/jazzy/opt/gz_cmake_vendor/lib:/opt/ros/jazzy/lib PYTHONPATH=/home/submarine/ros_ws/install/btcpp_ros2_interfaces/lib/python3.12/site-packages:/home/submarine/ros_ws/install/speed_sensor/lib/python3.12/site-packages:/home/submarine/ros_ws/install/sonars/lib/python3.12/site-packages:/home/submarine/ros_ws/install/servo_node/lib/python3.12/site-packages:/home/submarine/ryans_ws/install/orientation_package/lib/python3.12/site-packages:/home/submarine/ryans_ws/install/orientation_msg/lib/python3.12/site-packages:/opt/ros/jazzy/lib/python3.12/site-packages /usr/bin/cmake --install /home/submarine/ros_ws/build/btcpp_ros2_samples
