running egg_info
writing ../../build/esc_pkg/esc_pkg.egg-info/PKG-INFO
writing dependency_links to ../../build/esc_pkg/esc_pkg.egg-info/dependency_links.txt
writing entry points to ../../build/esc_pkg/esc_pkg.egg-info/entry_points.txt
writing requirements to ../../build/esc_pkg/esc_pkg.egg-info/requires.txt
writing top-level names to ../../build/esc_pkg/esc_pkg.egg-info/top_level.txt
reading manifest file '../../build/esc_pkg/esc_pkg.egg-info/SOURCES.txt'
writing manifest file '../../build/esc_pkg/esc_pkg.egg-info/SOURCES.txt'
running build
running build_py
running install
running install_lib
running install_data
running install_egg_info
removing '/home/submarine/ros_ws/install/esc_pkg/lib/python3.12/site-packages/esc_pkg-0.0.1-py3.12.egg-info' (and everything under it)
Copying ../../build/esc_pkg/esc_pkg.egg-info to /home/submarine/ros_ws/install/esc_pkg/lib/python3.12/site-packages/esc_pkg-0.0.1-py3.12.egg-info
running install_scripts
Installing esc_publisher script to /home/submarine/ros_ws/install/esc_pkg/lib/esc_pkg
Installing esc_subscriber script to /home/submarine/ros_ws/install/esc_pkg/lib/esc_pkg
writing list of installed files to '/home/submarine/ros_ws/build/esc_pkg/install.log'
