[  3%] [32mBuilding CXX object CMakeFiles/octomap_server_node.dir/rclcpp_components/node_main_octomap_server_node.cpp.o[0m
[  7%] [32mBuilding CXX object CMakeFiles/octomap_server_static.dir/src/octomap_server_static.cpp.o[0m
[ 11%] [32mBuilding CXX object CMakeFiles/octomap_server_static_node.dir/rclcpp_components/node_main_octomap_server_static_node.cpp.o[0m
[ 15%] [32mBuilding CXX object CMakeFiles/octomap_server_multilayer_node.dir/rclcpp_components/node_main_octomap_server_multilayer_node.cpp.o[0m
[ 19%] [32m[1mLinking CXX executable octomap_server_multilayer_node[0m
[ 19%] Built target octomap_server_multilayer_node
[ 23%] [32mBuilding CXX object CMakeFiles/tracking_octomap_server_node.dir/rclcpp_components/node_main_tracking_octomap_server_node.cpp.o[0m
[ 26%] [32m[1mLinking CXX executable octomap_server_static_node[0m
[ 26%] Built target octomap_server_static_node
[ 30%] [32mBuilding CXX object CMakeFiles/color_octomap_server_node.dir/rclcpp_components/node_main_color_octomap_server_node.cpp.o[0m
[ 34%] [32m[1mLinking CXX executable octomap_server_node[0m
[ 34%] Built target octomap_server_node
[ 38%] [32mBuilding CXX object CMakeFiles/octomap_saver_node.dir/rclcpp_components/node_main_octomap_saver_node.cpp.o[0m
[ 42%] [32m[1mLinking CXX shared library liboctomap_server_static.so[0m
[ 42%] Built target octomap_server_static
[ 46%] [32mBuilding CXX object CMakeFiles/octomap_server.dir/src/octomap_server.cpp.o[0m
[ 50%] [32m[1mLinking CXX executable tracking_octomap_server_node[0m
[ 53%] [32m[1mLinking CXX executable color_octomap_server_node[0m
[ 53%] Built target tracking_octomap_server_node
[ 53%] Built target color_octomap_server_node
[ 57%] [32m[1mLinking CXX executable octomap_saver_node[0m
[ 57%] Built target octomap_saver_node
[ 61%] [32m[1mLinking CXX shared library liboctomap_server.so[0m
[ 61%] Built target octomap_server
[ 69%] [32mBuilding CXX object CMakeFiles/octomap_server_multilayer.dir/src/octomap_server.cpp.o[0m
[ 69%] [32mBuilding CXX object CMakeFiles/octomap_server_multilayer.dir/src/octomap_server_multilayer.cpp.o[0m
[ 73%] [32m[1mLinking CXX shared library liboctomap_server_multilayer.so[0m
[ 73%] Built target octomap_server_multilayer
[ 80%] [32mBuilding CXX object CMakeFiles/tracking_octomap_server.dir/src/tracking_octomap_server.cpp.o[0m
[ 80%] [32mBuilding CXX object CMakeFiles/tracking_octomap_server.dir/src/octomap_server.cpp.o[0m
[ 84%] [32m[1mLinking CXX shared library libtracking_octomap_server.so[0m
[ 84%] Built target tracking_octomap_server
[ 88%] [32mBuilding CXX object CMakeFiles/color_octomap_server.dir/src/octomap_server.cpp.o[0m
[ 92%] [32m[1mLinking CXX shared library libcolor_octomap_server.so[0m
[ 92%] Built target color_octomap_server
[ 96%] [32mBuilding CXX object CMakeFiles/octomap_saver.dir/src/octomap_saver.cpp.o[0m
[100%] [32m[1mLinking CXX shared library liboctomap_saver.so[0m
[100%] Built target octomap_saver
