-- The C compiler identification is GNU 13.2.0
-- The CXX compiler identification is GNU 13.2.0
-- Detecting C compiler ABI info
-- Detecting C compiler ABI info - done
-- Check for working C compiler: /usr/bin/cc - skipped
-- Detecting C compile features
-- Detecting C compile features - done
-- Detecting CXX compiler ABI info
-- Detecting CXX compiler ABI info - done
-- Check for working CXX compiler: /usr/bin/c++ - skipped
-- Detecting CXX compile features
-- Detecting CXX compile features - done
-- Found ament_cmake: 2.5.2 (/opt/ros/jazzy/share/ament_cmake/cmake)
-- Found Python3: /usr/bin/python3 (found version "3.12.3") found components: Interpreter 
-- Found rclcpp: 28.1.3 (/opt/ros/jazzy/share/rclcpp/cmake)
-- Found rosidl_generator_c: 4.6.3 (/opt/ros/jazzy/share/rosidl_generator_c/cmake)
-- Found rosidl_generator_cpp: 4.6.3 (/opt/ros/jazzy/share/rosidl_generator_cpp/cmake)
-- Using all available rosidl_typesupport_c: rosidl_typesupport_fastrtps_c;rosidl_typesupport_introspection_c
-- Using all available rosidl_typesupport_cpp: rosidl_typesupport_fastrtps_cpp;rosidl_typesupport_introspection_cpp
-- Found rmw_implementation_cmake: 7.3.1 (/opt/ros/jazzy/share/rmw_implementation_cmake/cmake)
-- Found rmw_fastrtps_cpp: 8.4.1 (/opt/ros/jazzy/share/rmw_fastrtps_cpp/cmake)
-- Found OpenSSL: /usr/lib/aarch64-linux-gnu/libcrypto.so (found version "3.0.13")  
-- Found FastRTPS: /opt/ros/jazzy/include (Required is at least version "2.13") 
-- Using RMW implementation 'rmw_fastrtps_cpp' as default
-- Found sensor_msgs: 5.3.5 (/opt/ros/jazzy/share/sensor_msgs/cmake)
-- Configuring done (4.2s)
-- Generating done (0.0s)
-- Build files have been written to: /home/submarine/ros_ws/build/controller_sub
[ 50%] [32mBuilding CXX object CMakeFiles/controller_sub.dir/src/controller_sub.cpp.o[0m
[100%] [32m[1mLinking CXX executable controller_sub[0m
[100%] Built target controller_sub
-- Install configuration: ""
-- Installing: /home/submarine/ros_ws/install/controller_sub/lib/controller_sub/controller_sub
-- Set non-toolchain portion of runtime path of "/home/submarine/ros_ws/install/controller_sub/lib/controller_sub/controller_sub" to ""
-- Installing: /home/submarine/ros_ws/install/controller_sub/share/controller_sub/package.xml
-- Installing: /home/submarine/ros_ws/install/controller_sub/share/ament_index/resource_index/package_run_dependencies/controller_sub
-- Installing: /home/submarine/ros_ws/install/controller_sub/share/ament_index/resource_index/parent_prefix_path/controller_sub
-- Installing: /home/submarine/ros_ws/install/controller_sub/share/controller_sub/environment/ament_prefix_path.sh
-- Installing: /home/submarine/ros_ws/install/controller_sub/share/controller_sub/environment/ament_prefix_path.dsv
-- Installing: /home/submarine/ros_ws/install/controller_sub/share/controller_sub/environment/path.sh
-- Installing: /home/submarine/ros_ws/install/controller_sub/share/controller_sub/environment/path.dsv
-- Installing: /home/submarine/ros_ws/install/controller_sub/share/controller_sub/local_setup.bash
-- Installing: /home/submarine/ros_ws/install/controller_sub/share/controller_sub/local_setup.sh
-- Installing: /home/submarine/ros_ws/install/controller_sub/share/controller_sub/local_setup.zsh
-- Installing: /home/submarine/ros_ws/install/controller_sub/share/controller_sub/local_setup.dsv
-- Installing: /home/submarine/ros_ws/install/controller_sub/share/controller_sub/package.dsv
-- Installing: /home/submarine/ros_ws/install/controller_sub/share/ament_index/resource_index/packages/controller_sub
-- Installing: /home/submarine/ros_ws/install/controller_sub/share/controller_sub/cmake/controller_subConfig.cmake
-- Installing: /home/submarine/ros_ws/install/controller_sub/share/controller_sub/cmake/controller_subConfig-version.cmake
-- Up-to-date: /home/submarine/ros_ws/install/controller_sub/share/controller_sub/package.xml
