[1.887s] Invoking command in '/home/submarine/ros_ws/src/speed_sensor': DEBUGINFOD_URLS=https://debuginfod.ubuntu.com PYTHONPATH=/home/submarine/ros_ws/build/speed_sensor/prefix_override:/usr/lib/python3/dist-packages/colcon_core/task/python/colcon_distutils_commands:/home/submarine/ros_ws/install/speed_sensor/lib/python3.12/site-packages:${PYTHONPATH} /usr/bin/python3 -W ignore:setup.py install is deprecated setup.py egg_info --egg-base ../../build/speed_sensor build --build-base /home/submarine/ros_ws/build/speed_sensor/build install --record /home/submarine/ros_ws/build/speed_sensor/install.log --single-version-externally-managed install_data
[2.597s] running egg_info
[2.598s] creating ../../build/speed_sensor/speed_sensor.egg-info
[2.656s] writing ../../build/speed_sensor/speed_sensor.egg-info/PKG-INFO
[2.656s] writing dependency_links to ../../build/speed_sensor/speed_sensor.egg-info/dependency_links.txt
[2.657s] writing entry points to ../../build/speed_sensor/speed_sensor.egg-info/entry_points.txt
[2.657s] writing requirements to ../../build/speed_sensor/speed_sensor.egg-info/requires.txt
[2.657s] writing top-level names to ../../build/speed_sensor/speed_sensor.egg-info/top_level.txt
[2.657s] writing manifest file '../../build/speed_sensor/speed_sensor.egg-info/SOURCES.txt'
[2.776s] reading manifest file '../../build/speed_sensor/speed_sensor.egg-info/SOURCES.txt'
[2.778s] writing manifest file '../../build/speed_sensor/speed_sensor.egg-info/SOURCES.txt'
[2.778s] running build
[2.779s] running build_py
[2.780s] creating /home/submarine/ros_ws/build/speed_sensor/build
[2.780s] creating /home/submarine/ros_ws/build/speed_sensor/build/lib
[2.780s] creating /home/submarine/ros_ws/build/speed_sensor/build/lib/speed_sensor
[2.780s] copying speed_sensor/__init__.py -> /home/submarine/ros_ws/build/speed_sensor/build/lib/speed_sensor
[2.780s] copying speed_sensor/velocity_sensor.py -> /home/submarine/ros_ws/build/speed_sensor/build/lib/speed_sensor
[2.783s] running install
[2.796s] running install_lib
[2.851s] creating /home/submarine/ros_ws/install/speed_sensor/lib/python3.12/site-packages/speed_sensor
[2.851s] copying /home/submarine/ros_ws/build/speed_sensor/build/lib/speed_sensor/__init__.py -> /home/submarine/ros_ws/install/speed_sensor/lib/python3.12/site-packages/speed_sensor
[2.852s] copying /home/submarine/ros_ws/build/speed_sensor/build/lib/speed_sensor/velocity_sensor.py -> /home/submarine/ros_ws/install/speed_sensor/lib/python3.12/site-packages/speed_sensor
[2.852s] byte-compiling /home/submarine/ros_ws/install/speed_sensor/lib/python3.12/site-packages/speed_sensor/__init__.py to __init__.cpython-312.pyc
[2.852s] byte-compiling /home/submarine/ros_ws/install/speed_sensor/lib/python3.12/site-packages/speed_sensor/velocity_sensor.py to velocity_sensor.cpython-312.pyc
[2.852s] running install_data
[2.852s] creating /home/submarine/ros_ws/install/speed_sensor/share/ament_index
[2.852s] creating /home/submarine/ros_ws/install/speed_sensor/share/ament_index/resource_index
[2.852s] creating /home/submarine/ros_ws/install/speed_sensor/share/ament_index/resource_index/packages
[2.852s] copying resource/speed_sensor -> /home/submarine/ros_ws/install/speed_sensor/share/ament_index/resource_index/packages
[2.852s] copying package.xml -> /home/submarine/ros_ws/install/speed_sensor/share/speed_sensor
[2.852s] running install_egg_info
[2.898s] Copying ../../build/speed_sensor/speed_sensor.egg-info to /home/submarine/ros_ws/install/speed_sensor/lib/python3.12/site-packages/speed_sensor-0.0.0-py3.12.egg-info
[2.898s] running install_scripts
[3.262s] Installing velocity_sensor script to /home/submarine/ros_ws/install/speed_sensor/lib/speed_sensor
[3.263s] writing list of installed files to '/home/submarine/ros_ws/build/speed_sensor/install.log'
[3.421s] Invoked command in '/home/submarine/ros_ws/src/speed_sensor' returned '0': DEBUGINFOD_URLS=https://debuginfod.ubuntu.com PYTHONPATH=/home/submarine/ros_ws/build/speed_sensor/prefix_override:/usr/lib/python3/dist-packages/colcon_core/task/python/colcon_distutils_commands:/home/submarine/ros_ws/install/speed_sensor/lib/python3.12/site-packages:${PYTHONPATH} /usr/bin/python3 -W ignore:setup.py install is deprecated setup.py egg_info --egg-base ../../build/speed_sensor build --build-base /home/submarine/ros_ws/build/speed_sensor/build install --record /home/submarine/ros_ws/build/speed_sensor/install.log --single-version-externally-managed install_data
