[0.012s] Invoking command in '/home/submarine/ros_ws/build/ros_bt': CMAKE_PREFIX_PATH=${CMAKE_PREFIX_PATH}:/home/submarine/ryans_ws/install/esc_pkg:/home/submarine/ros_ws/install/speed_sensor:/home/submarine/ros_ws/install/sonars:/home/submarine/ros_ws/install/orientation_package:/opt/ros/jazzy DEBUGINFOD_URLS=https://debuginfod.ubuntu.com PS1=(bluerobotics-ping) \[\e]0;\u@\h: \w\a\]${debian_chroot:+($debian_chroot)}\[\033[01;32m\]\u@\h\[\033[00m\]:\[\033[01;34m\]\w\[\033[00m\]\$ VIRTUAL_ENV_PROMPT=(bluerobotics-ping) /usr/bin/cmake --build /home/submarine/ros_ws/build/ros_bt -- -j4 -l4
[0.148s] -- Found ament_cmake: 2.5.2 (/opt/ros/jazzy/share/ament_cmake/cmake)
[0.725s] -- Found rclcpp: 28.1.5 (/opt/ros/jazzy/share/rclcpp/cmake)
[0.773s] -- Found rosidl_generator_c: 4.6.4 (/opt/ros/jazzy/share/rosidl_generator_c/cmake)
[0.787s] -- Found rosidl_generator_cpp: 4.6.4 (/opt/ros/jazzy/share/rosidl_generator_cpp/cmake)
[0.804s] -- Using all available rosidl_typesupport_c: rosidl_typesupport_fastrtps_c;rosidl_typesupport_introspection_c
[0.825s] -- Using all available rosidl_typesupport_cpp: rosidl_typesupport_fastrtps_cpp;rosidl_typesupport_introspection_cpp
[0.909s] -- Found rmw_implementation_cmake: 7.3.1 (/opt/ros/jazzy/share/rmw_implementation_cmake/cmake)
[0.911s] -- Found rmw_fastrtps_cpp: 8.4.1 (/opt/ros/jazzy/share/rmw_fastrtps_cpp/cmake)
[1.024s] -- Using RMW implementation 'rmw_fastrtps_cpp' as default
[1.145s] -- Found rclcpp_action: 28.1.5 (/opt/ros/jazzy/share/rclcpp_action/cmake)
[1.218s] -- Found rclcpp_components: 28.1.5 (/opt/ros/jazzy/share/rclcpp_components/cmake)
[1.267s] -- Found behaviortree_cpp: 4.6.2 (/opt/ros/jazzy/share/behaviortree_cpp/cmake)
[1.274s] -- Found behaviortree_ros2: 0.2.0 (/home/submarine/ros_ws/install/behaviortree_ros2/share/behaviortree_ros2/cmake)
[1.332s] -- Found parameter_traits: 0.3.8 (/opt/ros/jazzy/share/parameter_traits/cmake)
[1.352s] -- Found rclcpp_lifecycle: 28.1.5 (/opt/ros/jazzy/share/rclcpp_lifecycle/cmake)
[1.404s] -- Found nav2_msgs: 1.3.2 (/opt/ros/jazzy/share/nav2_msgs/cmake)
[1.616s] -- Found sensor_msgs: 5.3.5 (/opt/ros/jazzy/share/sensor_msgs/cmake)
[1.646s] -- Found tf2: 0.36.4 (/opt/ros/jazzy/share/tf2/cmake)
[1.652s] -- Found tf2_ros: 0.36.4 (/opt/ros/jazzy/share/tf2_ros/cmake)
[1.704s] -- Found tf2_geometry_msgs: 0.36.4 (/opt/ros/jazzy/share/tf2_geometry_msgs/cmake)
[1.708s] -- Found eigen3_cmake_module: 0.3.0 (/opt/ros/jazzy/share/eigen3_cmake_module/cmake)
[1.710s] -- Ensuring Eigen3 include directory is part of orocos-kdl CMake target
[1.713s] -- Found nav2_util: 1.3.2 (/opt/ros/jazzy/share/nav2_util/cmake)
[1.777s] -- Found octomap_msgs: 2.0.0 (/opt/ros/jazzy/share/octomap_msgs/cmake)
[1.813s] -- Found octomap_server: 2.3.0 (/home/submarine/ros_ws/install/octomap_server/share/octomap_server/cmake)
[1.905s] [33mCMake Warning (dev) at /usr/lib/aarch64-linux-gnu/cmake/pcl/Modules/FindFLANN.cmake:45 (find_package):
[1.905s]   Policy CMP0144 is not set: find_package uses upper-case <PACKAGENAME>_ROOT
[1.905s]   variables.  Run "cmake --help-policy CMP0144" for policy details.  Use the
[1.905s]   cmake_policy command to set the policy and suppress this warning.
[1.905s] 
[1.905s]   CMake variable FLANN_ROOT is set to:
[1.905s] 
[1.905s]     /usr
[1.906s] 
[1.906s]   For compatibility, find_package is ignoring the variable, but code in a
[1.906s]   .cmake module might still use it.
[1.906s] Call Stack (most recent call first):
[1.906s]   /usr/lib/aarch64-linux-gnu/cmake/pcl/PCLConfig.cmake:261 (find_package)
[1.906s]   /usr/lib/aarch64-linux-gnu/cmake/pcl/PCLConfig.cmake:306 (find_flann)
[1.906s]   /usr/lib/aarch64-linux-gnu/cmake/pcl/PCLConfig.cmake:570 (find_external_library)
[1.906s]   /opt/ros/jazzy/share/pcl_conversions/cmake/ament_cmake_export_dependencies-extras.cmake:21 (find_package)
[1.909s]   /opt/ros/jazzy/share/pcl_conversions/cmake/pcl_conversionsConfig.cmake:41 (include)
[1.909s]   /home/submarine/ros_ws/install/octomap_server/share/octomap_server/cmake/ament_cmake_export_dependencies-extras.cmake:21 (find_package)
[1.909s]   /home/submarine/ros_ws/install/octomap_server/share/octomap_server/cmake/octomap_serverConfig.cmake:41 (include)
[1.909s]   CMakeLists.txt:27 (find_package)
[1.909s] This warning is for project developers.  Use -Wno-dev to suppress it.
[1.909s] [0m
[1.912s] -- Found flann version 1.9.2
[2.915s] -- OpenNI found (version: 1.5.4.0, include: /usr/include/ni, lib: /usr/lib/libOpenNI.so;libusb::libusb)
[2.927s] -- OpenNI2 found (version: 2.2.0.33, include: /usr/include/openni2, lib: /usr/lib/aarch64-linux-gnu/libOpenNI2.so;libusb::libusb)
[2.933s] -- Could NOT find Pcap (missing: PCAP_LIBRARIES PCAP_INCLUDE_DIRS) 
[3.950s] -- OpenNI found (version: 1.5.4.0, include: /usr/include/ni, lib: /usr/lib/libOpenNI.so;libusb::libusb)
[3.963s] -- OpenNI2 found (version: 2.2.0.33, include: /usr/include/openni2, lib: /usr/lib/aarch64-linux-gnu/libOpenNI2.so;libusb::libusb)
[5.070s] -- Found Qhull version 8.0.2
[5.780s] -- OpenNI found (version: 1.5.4.0, include: /usr/include/ni, lib: /usr/lib/libOpenNI.so;libusb::libusb)
[6.589s] -- Found orientation_msg: 0.0.0 (/home/submarine/ryans_ws/install/orientation_msg/share/orientation_msg/cmake)
[6.666s] -- Found ament_lint_auto: 0.17.1 (/opt/ros/jazzy/share/ament_lint_auto/cmake)
[6.833s] -- Added test 'cppcheck' to perform static code analysis on C / C++ code
[6.833s] -- Configured cppcheck include dirs: 
[6.833s] -- Configured cppcheck exclude dirs and/or files: 
[6.834s] -- Added test 'lint_cmake' to check CMake code style
[6.835s] -- Added test 'uncrustify' to check C / C++ code style
[6.835s] -- Configured uncrustify additional arguments: 
[6.836s] -- Added test 'xmllint' to check XML markup files
[6.838s] -- Configuring done (6.7s)
[7.051s] -- Generating done (0.1s)
[7.063s] -- Build files have been written to: /home/submarine/ros_ws/build/ros_bt
[7.207s] [ 50%] [32mBuilding CXX object CMakeFiles/sub_exec.dir/src/sub_exec.cpp.o[0m
[16.209s] [01m[K/home/submarine/ros_ws/src/ros_bt/src/sub_exec.cpp:[m[K In constructor ‘[01m[KStop::[01;32m[KStop[m[K(const std::string&, const BT::NodeConfig&, std::shared_ptr<Velocity>)[m[K’:
[16.210s] [01m[K/home/submarine/ros_ws/src/ros_bt/src/sub_exec.cpp:454:89:[m[K [01;31m[Kerror: [m[Kno match for ‘[01m[Koperator=[m[K’ (operand types are ‘[01m[Krclcpp::Publisher<std_msgs::msg::Float64_<std::allocator<void> > >::SharedPtr[m[K’ {aka ‘[01m[Kstd::shared_ptr<rclcpp::Publisher<std_msgs::msg::Float64_<std::allocator<void> > > >[m[K’} and ‘[01m[Kstd::shared_ptr<rclcpp::Publisher<orientation_msg::msg::Esc_<std::allocator<void> > > >[m[K’)
[16.210s]   454 |         publisher_ = node_->create_publisher<orientation_msg::msg::Esc>("/esc_topic", 10[01;31m[K)[m[K;
[16.210s]       |                                                                                         [01;31m[K^[m[K
[16.210s] In file included from [01m[K/usr/include/c++/13/memory:80[m[K,
[16.210s]                  from [01m[K/opt/ros/jazzy/include/geometry_msgs/geometry_msgs/msg/detail/point_stamped__struct.hpp:13[m[K,
[16.210s]                  from [01m[K/opt/ros/jazzy/include/geometry_msgs/geometry_msgs/msg/point_stamped.hpp:7[m[K,
[16.210s]                  from [01m[K/opt/ros/jazzy/include/tf2_geometry_msgs/tf2_geometry_msgs/tf2_geometry_msgs.hpp:38[m[K,
[16.210s]                  from [01m[K/home/submarine/ros_ws/src/ros_bt/src/sub_exec.cpp:4[m[K:
[16.210s] [01m[K/usr/include/c++/13/bits/shared_ptr.h:418:9:[m[K [01;36m[Knote: [m[Kcandidate: ‘[01m[Ktemplate<class _Yp> std::shared_ptr<_Tp>::_Assignable<const std::shared_ptr<_Yp>&> std::shared_ptr<_Tp>::[01;32m[Koperator=[m[K(const std::shared_ptr<_Yp>&) [35m[K[with _Tp = rclcpp::Publisher<std_msgs::msg::Float64_<std::allocator<void> > >][m[K[m[K’
[16.210s]   418 |         [01;36m[Koperator[m[K=(const shared_ptr<_Yp>& __r) noexcept
[16.210s]       |         [01;36m[K^~~~~~~~[m[K
[16.211s] [01m[K/usr/include/c++/13/bits/shared_ptr.h:418:9:[m[K [01;36m[Knote: [m[K  template argument deduction/substitution failed:
[16.211s] /usr/include/c++/13/bits/shared_ptr.h: In substitution of ‘[01m[Ktemplate<class _Tp> template<class _Arg> using std::shared_ptr<_Tp>::_Assignable = typename std::enable_if<std::is_assignable<std::__shared_ptr<_Tp>&, _Arg>::value, std::shared_ptr<_Tp>&>::type [35m[K[with _Arg = const std::shared_ptr<rclcpp::Publisher<orientation_msg::msg::Esc_<std::allocator<void> > > >&; _Tp = rclcpp::Publisher<std_msgs::msg::Float64_<std::allocator<void> > >][m[K[m[K’:
[16.211s] [01m[K/usr/include/c++/13/bits/shared_ptr.h:418:2:[m[K   required by substitution of ‘[01m[Ktemplate<class _Yp> std::shared_ptr<rclcpp::Publisher<std_msgs::msg::Float64_<std::allocator<void> > > >::_Assignable<const std::shared_ptr<_Tp>&> std::shared_ptr<rclcpp::Publisher<std_msgs::msg::Float64_<std::allocator<void> > > >::[01;32m[Koperator=[m[K(const std::shared_ptr<_Tp>&) [35m[K[with _Yp = rclcpp::Publisher<orientation_msg::msg::Esc_<std::allocator<void> > >][m[K[m[K’
[16.211s] [01m[K/home/submarine/ros_ws/src/ros_bt/src/sub_exec.cpp:454:89:[m[K   required from here
[16.211s] [01m[K/usr/include/c++/13/bits/shared_ptr.h:183:15:[m[K [01;31m[Kerror: [m[Kno type named ‘[01m[Ktype[m[K’ in ‘[01m[Kstruct std::enable_if<false, std::shared_ptr<rclcpp::Publisher<std_msgs::msg::Float64_<std::allocator<void> > > >&>[m[K’
[16.211s]   183 |         using [01;31m[K_Assignable[m[K = typename enable_if<
[16.211s]       |               [01;31m[K^~~~~~~~~~~[m[K
[16.211s] [01m[K/usr/include/c++/13/bits/shared_ptr.h:429:9:[m[K [01;36m[Knote: [m[Kcandidate: ‘[01m[Ktemplate<class _Yp> std::shared_ptr<_Tp>::_Assignable<std::auto_ptr<_Up> > std::shared_ptr<_Tp>::[01;32m[Koperator=[m[K(std::auto_ptr<_Up>&&) [35m[K[with _Tp = rclcpp::Publisher<std_msgs::msg::Float64_<std::allocator<void> > >][m[K[m[K’
[16.211s]   429 |         [01;36m[Koperator[m[K=(auto_ptr<_Yp>&& __r)
[16.211s]       |         [01;36m[K^~~~~~~~[m[K
[16.211s] [01m[K/usr/include/c++/13/bits/shared_ptr.h:429:9:[m[K [01;36m[Knote: [m[K  template argument deduction/substitution failed:
[16.211s] [01m[K/home/submarine/ros_ws/src/ros_bt/src/sub_exec.cpp:454:89:[m[K [01;36m[Knote: [m[K  ‘[01m[Kstd::shared_ptr<rclcpp::Publisher<orientation_msg::msg::Esc_<std::allocator<void> > > >[m[K’ is not derived from ‘[01m[Kstd::auto_ptr<_Up>[m[K’
[16.212s]   454 |         publisher_ = node_->create_publisher<orientation_msg::msg::Esc>("/esc_topic", 10[01;36m[K)[m[K;
[16.212s]       |                                                                                         [01;36m[K^[m[K
[16.212s] [01m[K/usr/include/c++/13/bits/shared_ptr.h:446:9:[m[K [01;36m[Knote: [m[Kcandidate: ‘[01m[Ktemplate<class _Yp> std::shared_ptr<_Tp>::_Assignable<std::shared_ptr<_Yp> > std::shared_ptr<_Tp>::[01;32m[Koperator=[m[K(std::shared_ptr<_Yp>&&) [35m[K[with _Tp = rclcpp::Publisher<std_msgs::msg::Float64_<std::allocator<void> > >][m[K[m[K’
[16.212s]   446 |         [01;36m[Koperator[m[K=(shared_ptr<_Yp>&& __r) noexcept
[16.212s]       |         [01;36m[K^~~~~~~~[m[K
[16.212s] [01m[K/usr/include/c++/13/bits/shared_ptr.h:446:9:[m[K [01;36m[Knote: [m[K  template argument deduction/substitution failed:
[16.212s] /usr/include/c++/13/bits/shared_ptr.h: In substitution of ‘[01m[Ktemplate<class _Tp> template<class _Arg> using std::shared_ptr<_Tp>::_Assignable = typename std::enable_if<std::is_assignable<std::__shared_ptr<_Tp>&, _Arg>::value, std::shared_ptr<_Tp>&>::type [35m[K[with _Arg = std::shared_ptr<rclcpp::Publisher<orientation_msg::msg::Esc_<std::allocator<void> > > >; _Tp = rclcpp::Publisher<std_msgs::msg::Float64_<std::allocator<void> > >][m[K[m[K’:
[16.212s] [01m[K/usr/include/c++/13/bits/shared_ptr.h:446:2:[m[K   required by substitution of ‘[01m[Ktemplate<class _Yp> std::shared_ptr<rclcpp::Publisher<std_msgs::msg::Float64_<std::allocator<void> > > >::_Assignable<std::shared_ptr<_Tp> > std::shared_ptr<rclcpp::Publisher<std_msgs::msg::Float64_<std::allocator<void> > > >::[01;32m[Koperator=[m[K(std::shared_ptr<_Tp>&&) [35m[K[with _Yp = rclcpp::Publisher<orientation_msg::msg::Esc_<std::allocator<void> > >][m[K[m[K’
[16.212s] [01m[K/home/submarine/ros_ws/src/ros_bt/src/sub_exec.cpp:454:89:[m[K   required from here
[16.212s] [01m[K/usr/include/c++/13/bits/shared_ptr.h:183:15:[m[K [01;31m[Kerror: [m[Kno type named ‘[01m[Ktype[m[K’ in ‘[01m[Kstruct std::enable_if<false, std::shared_ptr<rclcpp::Publisher<std_msgs::msg::Float64_<std::allocator<void> > > >&>[m[K’
[16.212s]   183 |         using [01;31m[K_Assignable[m[K = typename enable_if<
[16.212s]       |               [01;31m[K^~~~~~~~~~~[m[K
[16.213s] [01m[K/usr/include/c++/13/bits/shared_ptr.h:454:9:[m[K [01;36m[Knote: [m[Kcandidate: ‘[01m[Ktemplate<class _Yp, class _Del> std::shared_ptr<_Tp>::_Assignable<std::unique_ptr<_Up, _Ep> > std::shared_ptr<_Tp>::[01;32m[Koperator=[m[K(std::unique_ptr<_Up, _Ep>&&) [35m[K[with _Del = _Yp; _Tp = rclcpp::Publisher<std_msgs::msg::Float64_<std::allocator<void> > >][m[K[m[K’
[16.213s]   454 |         [01;36m[Koperator[m[K=(unique_ptr<_Yp, _Del>&& __r)
[16.213s]       |         [01;36m[K^~~~~~~~[m[K
[16.213s] [01m[K/usr/include/c++/13/bits/shared_ptr.h:454:9:[m[K [01;36m[Knote: [m[K  template argument deduction/substitution failed:
[16.213s] [01m[K/home/submarine/ros_ws/src/ros_bt/src/sub_exec.cpp:454:89:[m[K [01;36m[Knote: [m[K  ‘[01m[Kstd::shared_ptr<rclcpp::Publisher<orientation_msg::msg::Esc_<std::allocator<void> > > >[m[K’ is not derived from ‘[01m[Kstd::unique_ptr<_Tp, _Dp>[m[K’
[16.213s]   454 |         publisher_ = node_->create_publisher<orientation_msg::msg::Esc>("/esc_topic", 10[01;36m[K)[m[K;
[16.214s]       |                                                                                         [01;36m[K^[m[K
[16.214s] [01m[K/usr/include/c++/13/bits/shared_ptr.h:414:19:[m[K [01;36m[Knote: [m[Kcandidate: ‘[01m[Kstd::shared_ptr<_Tp>& std::shared_ptr<_Tp>::[01;32m[Koperator=[m[K(const std::shared_ptr<_Tp>&) [35m[K[with _Tp = rclcpp::Publisher<std_msgs::msg::Float64_<std::allocator<void> > >][m[K[m[K’
[16.214s]   414 |       shared_ptr& [01;36m[Koperator[m[K=(const shared_ptr&) noexcept = default;
[16.214s]       |                   [01;36m[K^~~~~~~~[m[K
[16.214s] [01m[K/usr/include/c++/13/bits/shared_ptr.h:414:29:[m[K [01;36m[Knote: [m[K  no known conversion for argument 1 from ‘[01m[Kstd::shared_ptr<rclcpp::Publisher<orientation_msg::msg::Esc_<std::allocator<void> > > >[m[K’ to ‘[01m[Kconst std::shared_ptr<rclcpp::Publisher<std_msgs::msg::Float64_<std::allocator<void> > > >&[m[K’
[16.214s]   414 |       shared_ptr& operator=([01;36m[Kconst shared_ptr&[m[K) noexcept = default;
[16.214s]       |                             [01;36m[K^~~~~~~~~~~~~~~~~[m[K
[16.215s] [01m[K/usr/include/c++/13/bits/shared_ptr.h:438:7:[m[K [01;36m[Knote: [m[Kcandidate: ‘[01m[Kstd::shared_ptr<_Tp>& std::shared_ptr<_Tp>::[01;32m[Koperator=[m[K(std::shared_ptr<_Tp>&&) [35m[K[with _Tp = rclcpp::Publisher<std_msgs::msg::Float64_<std::allocator<void> > >][m[K[m[K’
[16.215s]   438 |       [01;36m[Koperator[m[K=(shared_ptr&& __r) noexcept
[16.215s]       |       [01;36m[K^~~~~~~~[m[K
[16.215s] [01m[K/usr/include/c++/13/bits/shared_ptr.h:438:30:[m[K [01;36m[Knote: [m[K  no known conversion for argument 1 from ‘[01m[Kstd::shared_ptr<rclcpp::Publisher<orientation_msg::msg::Esc_<std::allocator<void> > > >[m[K’ to ‘[01m[Kstd::shared_ptr<rclcpp::Publisher<std_msgs::msg::Float64_<std::allocator<void> > > >&&[m[K’
[16.215s]   438 |       operator=([01;36m[Kshared_ptr&& __r[m[K) noexcept
[16.215s]       |                 [01;36m[K~~~~~~~~~~~~~^~~[m[K
[16.215s] [01m[K/home/submarine/ros_ws/src/ros_bt/src/sub_exec.cpp:[m[K In member function ‘[01m[Kvirtual BT::NodeStatus Stop::[01;32m[Ktick[m[K()[m[K’:
[16.215s] [01m[K/home/submarine/ros_ws/src/ros_bt/src/sub_exec.cpp:481:32:[m[K [01;31m[Kerror: [m[Kno matching function for call to ‘[01m[Krclcpp::Publisher<std_msgs::msg::Float64_<std::allocator<void> > >::publish(orientation_msg::msg::Esc_<std::allocator<void> >&)[m[K’
[16.215s]   481 |             [01;31m[Kpublisher_->publish(esc)[m[K;
[16.215s]       |             [01;31m[K~~~~~~~~~~~~~~~~~~~^~~~~[m[K
[16.216s] In file included from [01m[K/opt/ros/jazzy/include/rclcpp/rclcpp/topic_statistics/subscription_topic_statistics.hpp:31[m[K,
[16.216s]                  from [01m[K/opt/ros/jazzy/include/rclcpp/rclcpp/subscription.hpp:50[m[K,
[16.216s]                  from [01m[K/opt/ros/jazzy/include/rclcpp/rclcpp/any_executable.hpp:25[m[K,
[16.216s]                  from [01m[K/opt/ros/jazzy/include/rclcpp/rclcpp/memory_strategy.hpp:25[m[K,
[16.216s]                  from [01m[K/opt/ros/jazzy/include/rclcpp/rclcpp/memory_strategies.hpp:18[m[K,
[16.216s]                  from [01m[K/opt/ros/jazzy/include/rclcpp/rclcpp/executor_options.hpp:22[m[K,
[16.216s]                  from [01m[K/opt/ros/jazzy/include/rclcpp/rclcpp/executor.hpp:38[m[K,
[16.216s]                  from [01m[K/opt/ros/jazzy/include/rclcpp/rclcpp/executors/multi_threaded_executor.hpp:25[m[K,
[16.216s]                  from [01m[K/opt/ros/jazzy/include/rclcpp/rclcpp/executors.hpp:21[m[K,
[16.216s]                  from [01m[K/opt/ros/jazzy/include/rclcpp/rclcpp/rclcpp.hpp:172[m[K,
[16.217s]                  from [01m[K/opt/ros/jazzy/include/tf2_ros/tf2_ros/buffer_interface.h:48[m[K,
[16.217s]                  from [01m[K/opt/ros/jazzy/include/tf2_geometry_msgs/tf2_geometry_msgs/tf2_geometry_msgs.hpp:60[m[K:
[16.217s] [01m[K/opt/ros/jazzy/include/rclcpp/rclcpp/publisher.hpp:239:3:[m[K [01;36m[Knote: [m[Kcandidate: ‘[01m[Ktemplate<class T> std::enable_if_t<(rosidl_generator_traits::is_message<T>::value && std::is_same<T, typename rclcpp::TypeAdapter<MessageT>::ros_message_type>::value)> rclcpp::Publisher<MessageT, AllocatorT>::[01;32m[Kpublish[m[K(std::unique_ptr<T, typename std::conditional<std::is_same<typename std::allocator_traits<typename std::allocator_traits<_Allocator>::rebind_traits<typename rclcpp::TypeAdapter<MessageT, void, void>::ros_message_type>::allocator_type>::rebind_alloc<typename rclcpp::TypeAdapter<MessageT, void, void>::ros_message_type>, std::allocator<typename rclcpp::TypeAdapter<MessageT>::ros_message_type> >::value, std::default_delete<typename rclcpp::TypeAdapter<MessageT>::ros_message_type>, rclcpp::allocator::AllocatorDeleter<typename std::allocator_traits<_Allocator>::rebind_traits<typename rclcpp::TypeAdapter<MessageT, void, void>::ros_message_type>::allocator_type> >::type>) [35m[K[with MessageT = std_msgs::msg::Float64_<std::allocator<void> >; AllocatorT = std::allocator<void>][m[K[m[K’
[16.217s]   239 |   [01;36m[Kpublish[m[K(std::unique_ptr<T, ROSMessageTypeDeleter> msg)
[16.217s]       |   [01;36m[K^~~~~~~[m[K
[16.217s] [01m[K/opt/ros/jazzy/include/rclcpp/rclcpp/publisher.hpp:239:3:[m[K [01;36m[Knote: [m[K  template argument deduction/substitution failed:
[16.217s] [01m[K/home/submarine/ros_ws/src/ros_bt/src/sub_exec.cpp:481:32:[m[K [01;36m[Knote: [m[K  ‘[01m[Korientation_msg::msg::Esc_<std::allocator<void> >[m[K’ is not derived from ‘[01m[Kstd::unique_ptr<T, std::default_delete<std_msgs::msg::Float64_<std::allocator<void> > > >[m[K’
[16.217s]   481 |             [01;36m[Kpublisher_->publish(esc)[m[K;
[16.217s]       |             [01;36m[K~~~~~~~~~~~~~~~~~~~^~~~~[m[K
[16.217s] [01m[K/opt/ros/jazzy/include/rclcpp/rclcpp/publisher.hpp:289:3:[m[K [01;36m[Knote: [m[Kcandidate: ‘[01m[Ktemplate<class T> std::enable_if_t<(rosidl_generator_traits::is_message<T>::value && std::is_same<T, typename rclcpp::TypeAdapter<MessageT>::ros_message_type>::value)> rclcpp::Publisher<MessageT, AllocatorT>::[01;32m[Kpublish[m[K(const T&) [35m[K[with MessageT = std_msgs::msg::Float64_<std::allocator<void> >; AllocatorT = std::allocator<void>][m[K[m[K’
[16.217s]   289 |   [01;36m[Kpublish[m[K(const T & msg)
[16.217s]       |   [01;36m[K^~~~~~~[m[K
[16.218s] [01m[K/opt/ros/jazzy/include/rclcpp/rclcpp/publisher.hpp:289:3:[m[K [01;36m[Knote: [m[K  template argument deduction/substitution failed:
[16.218s] In file included from [01m[K/usr/include/c++/13/bits/stl_pair.h:60[m[K,
[16.218s]                  from [01m[K/usr/include/c++/13/bits/stl_algobase.h:64[m[K,
[16.218s]                  from [01m[K/usr/include/c++/13/bits/specfun.h:43[m[K,
[16.218s]                  from [01m[K/usr/include/c++/13/cmath:3699[m[K,
[16.218s]                  from [01m[K/usr/include/c++/13/math.h:36[m[K,
[16.218s]                  from [01m[K/opt/ros/jazzy/include/tf2/tf2/LinearMath/Scalar.h:26[m[K,
[16.218s]                  from [01m[K/opt/ros/jazzy/include/tf2/tf2/LinearMath/Vector3.h:21[m[K,
[16.218s]                  from [01m[K/opt/ros/jazzy/include/tf2/tf2/LinearMath/Quaternion.h:21[m[K,
[16.218s]                  from [01m[K/home/submarine/ros_ws/src/ros_bt/src/sub_exec.cpp:1[m[K:
[16.218s] /usr/include/c++/13/type_traits: In substitution of ‘[01m[Ktemplate<bool _Cond, class _Tp> using std::enable_if_t = typename std::enable_if::type [35m[K[with bool _Cond = false; _Tp = void][m[K[m[K’:
[16.218s] [01m[K/opt/ros/jazzy/include/rclcpp/rclcpp/publisher.hpp:289:3:[m[K   required by substitution of ‘[01m[Ktemplate<class T> std::enable_if_t<(rosidl_generator_traits::is_message<A>::value && std::is_same<T, std_msgs::msg::Float64_<std::allocator<void> > >::value), void> rclcpp::Publisher<std_msgs::msg::Float64_<std::allocator<void> > >::[01;32m[Kpublish[m[K(const T&) [35m[K[with T = orientation_msg::msg::Esc_<std::allocator<void> >][m[K[m[K’
[16.218s] [01m[K/home/submarine/ros_ws/src/ros_bt/src/sub_exec.cpp:481:32:[m[K   required from here
[16.219s] [01m[K/usr/include/c++/13/type_traits:2610:11:[m[K [01;31m[Kerror: [m[Kno type named ‘[01m[Ktype[m[K’ in ‘[01m[Kstruct std::enable_if<false, void>[m[K’
[16.219s]  2610 |     using [01;31m[Kenable_if_t[m[K = typename enable_if<_Cond, _Tp>::type;
[16.219s]       |           [01;31m[K^~~~~~~~~~~[m[K
[16.219s] [01m[K/opt/ros/jazzy/include/rclcpp/rclcpp/publisher.hpp:319:3:[m[K [01;36m[Knote: [m[Kcandidate: ‘[01m[Ktemplate<class T> std::enable_if_t<(typename rclcpp::TypeAdapter<MessageT>::is_specialized::value && std::is_same<T, typename rclcpp::TypeAdapter<MessageT>::custom_type>::value)> rclcpp::Publisher<MessageT, AllocatorT>::[01;32m[Kpublish[m[K(std::unique_ptr<T, typename std::conditional<std::is_same<typename std::allocator_traits<typename std::allocator_traits<_Allocator>::rebind_traits<typename rclcpp::TypeAdapter<MessageT, void, void>::custom_type>::allocator_type>::rebind_alloc<typename rclcpp::TypeAdapter<MessageT, void, void>::custom_type>, std::allocator<typename rclcpp::TypeAdapter<MessageT>::custom_type> >::value, std::default_delete<typename rclcpp::TypeAdapter<MessageT>::custom_type>, rclcpp::allocator::AllocatorDeleter<typename std::allocator_traits<_Allocator>::rebind_traits<typename rclcpp::TypeAdapter<MessageT, void, void>::custom_type>::allocator_type> >::type>) [35m[K[with MessageT = std_msgs::msg::Float64_<std::allocator<void> >; AllocatorT = std::allocator<void>][m[K[m[K’
[16.219s]   319 |   [01;36m[Kpublish[m[K(std::unique_ptr<T, PublishedTypeDeleter> msg)
[16.219s]       |   [01;36m[K^~~~~~~[m[K
[16.219s] [01m[K/opt/ros/jazzy/include/rclcpp/rclcpp/publisher.hpp:319:3:[m[K [01;36m[Knote: [m[K  template argument deduction/substitution failed:
[16.219s] [01m[K/home/submarine/ros_ws/src/ros_bt/src/sub_exec.cpp:481:32:[m[K [01;36m[Knote: [m[K  ‘[01m[Korientation_msg::msg::Esc_<std::allocator<void> >[m[K’ is not derived from ‘[01m[Kstd::unique_ptr<T, std::default_delete<std_msgs::msg::Float64_<std::allocator<void> > > >[m[K’
[16.219s]   481 |             [01;36m[Kpublisher_->publish(esc)[m[K;
[16.219s]       |             [01;36m[K~~~~~~~~~~~~~~~~~~~^~~~~[m[K
[16.219s] [01m[K/opt/ros/jazzy/include/rclcpp/rclcpp/publisher.hpp:366:3:[m[K [01;36m[Knote: [m[Kcandidate: ‘[01m[Ktemplate<class T> std::enable_if_t<(typename rclcpp::TypeAdapter<MessageT>::is_specialized::value && std::is_same<T, typename rclcpp::TypeAdapter<MessageT>::custom_type>::value)> rclcpp::Publisher<MessageT, AllocatorT>::[01;32m[Kpublish[m[K(const T&) [35m[K[with MessageT = std_msgs::msg::Float64_<std::allocator<void> >; AllocatorT = std::allocator<void>][m[K[m[K’
[16.219s]   366 |   [01;36m[Kpublish[m[K(const T & msg)
[16.219s]       |   [01;36m[K^~~~~~~[m[K
[16.220s] [01m[K/opt/ros/jazzy/include/rclcpp/rclcpp/publisher.hpp:366:3:[m[K [01;36m[Knote: [m[K  template argument deduction/substitution failed:
[16.220s] [01m[K/opt/ros/jazzy/include/rclcpp/rclcpp/publisher.hpp:384:3:[m[K [01;36m[Knote: [m[Kcandidate: ‘[01m[Kvoid rclcpp::Publisher<MessageT, AllocatorT>::[01;32m[Kpublish[m[K(const rcl_serialized_message_t&) [35m[K[with MessageT = std_msgs::msg::Float64_<std::allocator<void> >; AllocatorT = std::allocator<void>; rcl_serialized_message_t = rcutils_uint8_array_s][m[K[m[K’
[16.220s]   384 |   [01;36m[Kpublish[m[K(const rcl_serialized_message_t & serialized_msg)
[16.220s]       |   [01;36m[K^~~~~~~[m[K
[16.220s] [01m[K/opt/ros/jazzy/include/rclcpp/rclcpp/publisher.hpp:384:44:[m[K [01;36m[Knote: [m[K  no known conversion for argument 1 from ‘[01m[Korientation_msg::msg::Esc_<std::allocator<void> >[m[K’ to ‘[01m[Kconst rcl_serialized_message_t&[m[K’ {aka ‘[01m[Kconst rcutils_uint8_array_s&[m[K’}
[16.220s]   384 |   publish([01;36m[Kconst rcl_serialized_message_t & serialized_msg[m[K)
[16.220s]       |           [01;36m[K~~~~~~~~~~~~~~~~~~~~~~~~~~~~~~~~~^~~~~~~~~~~~~~[m[K
[16.220s] [01m[K/opt/ros/jazzy/include/rclcpp/rclcpp/publisher.hpp:390:3:[m[K [01;36m[Knote: [m[Kcandidate: ‘[01m[Kvoid rclcpp::Publisher<MessageT, AllocatorT>::[01;32m[Kpublish[m[K(const rclcpp::SerializedMessage&) [35m[K[with MessageT = std_msgs::msg::Float64_<std::allocator<void> >; AllocatorT = std::allocator<void>][m[K[m[K’
[16.220s]   390 |   [01;36m[Kpublish[m[K(const SerializedMessage & serialized_msg)
[16.220s]       |   [01;36m[K^~~~~~~[m[K
[16.220s] [01m[K/opt/ros/jazzy/include/rclcpp/rclcpp/publisher.hpp:390:37:[m[K [01;36m[Knote: [m[K  no known conversion for argument 1 from ‘[01m[Korientation_msg::msg::Esc_<std::allocator<void> >[m[K’ to ‘[01m[Kconst rclcpp::SerializedMessage&[m[K’
[16.220s]   390 |   publish([01;36m[Kconst SerializedMessage & serialized_msg[m[K)
[16.220s]       |           [01;36m[K~~~~~~~~~~~~~~~~~~~~~~~~~~^~~~~~~~~~~~~~[m[K
[16.221s] [01m[K/opt/ros/jazzy/include/rclcpp/rclcpp/publisher.hpp:404:3:[m[K [01;36m[Knote: [m[Kcandidate: ‘[01m[Kvoid rclcpp::Publisher<MessageT, AllocatorT>::[01;32m[Kpublish[m[K(rclcpp::LoanedMessage<typename rclcpp::TypeAdapter<MessageT>::ros_message_type, AllocatorT>&&) [35m[K[with MessageT = std_msgs::msg::Float64_<std::allocator<void> >; AllocatorT = std::allocator<void>; typename rclcpp::TypeAdapter<MessageT>::ros_message_type = std_msgs::msg::Float64_<std::allocator<void> >][m[K[m[K’
[16.221s]   404 |   [01;36m[Kpublish[m[K(rclcpp::LoanedMessage<ROSMessageType, AllocatorT> && loaned_msg)
[16.221s]       |   [01;36m[K^~~~~~~[m[K
[16.221s] [01m[K/opt/ros/jazzy/include/rclcpp/rclcpp/publisher.hpp:404:64:[m[K [01;36m[Knote: [m[K  no known conversion for argument 1 from ‘[01m[Korientation_msg::msg::Esc_<std::allocator<void> >[m[K’ to ‘[01m[Krclcpp::LoanedMessage<std_msgs::msg::Float64_<std::allocator<void> >, std::allocator<void> >&&[m[K’
[16.221s]   404 |   publish([01;36m[Krclcpp::LoanedMessage<ROSMessageType, AllocatorT> && loaned_msg[m[K)
[16.221s]       |           [01;36m[K~~~~~~~~~~~~~~~~~~~~~~~~~~~~~~~~~~~~~~~~~~~~~~~~~~~~~^~~~~~~~~~[m[K
[16.221s] [01m[K/home/submarine/ros_ws/src/ros_bt/src/sub_exec.cpp:484:32:[m[K [01;31m[Kerror: [m[Kno matching function for call to ‘[01m[Krclcpp::Publisher<std_msgs::msg::Float64_<std::allocator<void> > >::publish(orientation_msg::msg::Esc_<std::allocator<void> >&)[m[K’
[16.221s]   484 |             [01;31m[Kpublisher_->publish(esc)[m[K;
[16.221s]       |             [01;31m[K~~~~~~~~~~~~~~~~~~~^~~~~[m[K
[16.221s] [01m[K/opt/ros/jazzy/include/rclcpp/rclcpp/publisher.hpp:239:3:[m[K [01;36m[Knote: [m[Kcandidate: ‘[01m[Ktemplate<class T> std::enable_if_t<(rosidl_generator_traits::is_message<T>::value && std::is_same<T, typename rclcpp::TypeAdapter<MessageT>::ros_message_type>::value)> rclcpp::Publisher<MessageT, AllocatorT>::[01;32m[Kpublish[m[K(std::unique_ptr<T, typename std::conditional<std::is_same<typename std::allocator_traits<typename std::allocator_traits<_Allocator>::rebind_traits<typename rclcpp::TypeAdapter<MessageT, void, void>::ros_message_type>::allocator_type>::rebind_alloc<typename rclcpp::TypeAdapter<MessageT, void, void>::ros_message_type>, std::allocator<typename rclcpp::TypeAdapter<MessageT>::ros_message_type> >::value, std::default_delete<typename rclcpp::TypeAdapter<MessageT>::ros_message_type>, rclcpp::allocator::AllocatorDeleter<typename std::allocator_traits<_Allocator>::rebind_traits<typename rclcpp::TypeAdapter<MessageT, void, void>::ros_message_type>::allocator_type> >::type>) [35m[K[with MessageT = std_msgs::msg::Float64_<std::allocator<void> >; AllocatorT = std::allocator<void>][m[K[m[K’
[16.221s]   239 |   [01;36m[Kpublish[m[K(std::unique_ptr<T, ROSMessageTypeDeleter> msg)
[16.221s]       |   [01;36m[K^~~~~~~[m[K
[16.221s] [01m[K/opt/ros/jazzy/include/rclcpp/rclcpp/publisher.hpp:239:3:[m[K [01;36m[Knote: [m[K  template argument deduction/substitution failed:
[16.221s] [01m[K/home/submarine/ros_ws/src/ros_bt/src/sub_exec.cpp:484:32:[m[K [01;36m[Knote: [m[K  ‘[01m[Korientation_msg::msg::Esc_<std::allocator<void> >[m[K’ is not derived from ‘[01m[Kstd::unique_ptr<T, std::default_delete<std_msgs::msg::Float64_<std::allocator<void> > > >[m[K’
[16.222s]   484 |             [01;36m[Kpublisher_->publish(esc)[m[K;
[16.222s]       |             [01;36m[K~~~~~~~~~~~~~~~~~~~^~~~~[m[K
[16.222s] [01m[K/opt/ros/jazzy/include/rclcpp/rclcpp/publisher.hpp:289:3:[m[K [01;36m[Knote: [m[Kcandidate: ‘[01m[Ktemplate<class T> std::enable_if_t<(rosidl_generator_traits::is_message<T>::value && std::is_same<T, typename rclcpp::TypeAdapter<MessageT>::ros_message_type>::value)> rclcpp::Publisher<MessageT, AllocatorT>::[01;32m[Kpublish[m[K(const T&) [35m[K[with MessageT = std_msgs::msg::Float64_<std::allocator<void> >; AllocatorT = std::allocator<void>][m[K[m[K’
[16.222s]   289 |   [01;36m[Kpublish[m[K(const T & msg)
[16.222s]       |   [01;36m[K^~~~~~~[m[K
[16.222s] [01m[K/opt/ros/jazzy/include/rclcpp/rclcpp/publisher.hpp:289:3:[m[K [01;36m[Knote: [m[K  template argument deduction/substitution failed:
[16.222s] [01m[K/opt/ros/jazzy/include/rclcpp/rclcpp/publisher.hpp:319:3:[m[K [01;36m[Knote: [m[Kcandidate: ‘[01m[Ktemplate<class T> std::enable_if_t<(typename rclcpp::TypeAdapter<MessageT>::is_specialized::value && std::is_same<T, typename rclcpp::TypeAdapter<MessageT>::custom_type>::value)> rclcpp::Publisher<MessageT, AllocatorT>::[01;32m[Kpublish[m[K(std::unique_ptr<T, typename std::conditional<std::is_same<typename std::allocator_traits<typename std::allocator_traits<_Allocator>::rebind_traits<typename rclcpp::TypeAdapter<MessageT, void, void>::custom_type>::allocator_type>::rebind_alloc<typename rclcpp::TypeAdapter<MessageT, void, void>::custom_type>, std::allocator<typename rclcpp::TypeAdapter<MessageT>::custom_type> >::value, std::default_delete<typename rclcpp::TypeAdapter<MessageT>::custom_type>, rclcpp::allocator::AllocatorDeleter<typename std::allocator_traits<_Allocator>::rebind_traits<typename rclcpp::TypeAdapter<MessageT, void, void>::custom_type>::allocator_type> >::type>) [35m[K[with MessageT = std_msgs::msg::Float64_<std::allocator<void> >; AllocatorT = std::allocator<void>][m[K[m[K’
[16.222s]   319 |   [01;36m[Kpublish[m[K(std::unique_ptr<T, PublishedTypeDeleter> msg)
[16.222s]       |   [01;36m[K^~~~~~~[m[K
[16.222s] [01m[K/opt/ros/jazzy/include/rclcpp/rclcpp/publisher.hpp:319:3:[m[K [01;36m[Knote: [m[K  template argument deduction/substitution failed:
[16.222s] [01m[K/home/submarine/ros_ws/src/ros_bt/src/sub_exec.cpp:484:32:[m[K [01;36m[Knote: [m[K  ‘[01m[Korientation_msg::msg::Esc_<std::allocator<void> >[m[K’ is not derived from ‘[01m[Kstd::unique_ptr<T, std::default_delete<std_msgs::msg::Float64_<std::allocator<void> > > >[m[K’
[16.222s]   484 |             [01;36m[Kpublisher_->publish(esc)[m[K;
[16.222s]       |             [01;36m[K~~~~~~~~~~~~~~~~~~~^~~~~[m[K
[16.223s] [01m[K/opt/ros/jazzy/include/rclcpp/rclcpp/publisher.hpp:366:3:[m[K [01;36m[Knote: [m[Kcandidate: ‘[01m[Ktemplate<class T> std::enable_if_t<(typename rclcpp::TypeAdapter<MessageT>::is_specialized::value && std::is_same<T, typename rclcpp::TypeAdapter<MessageT>::custom_type>::value)> rclcpp::Publisher<MessageT, AllocatorT>::[01;32m[Kpublish[m[K(const T&) [35m[K[with MessageT = std_msgs::msg::Float64_<std::allocator<void> >; AllocatorT = std::allocator<void>][m[K[m[K’
[16.223s]   366 |   [01;36m[Kpublish[m[K(const T & msg)
[16.223s]       |   [01;36m[K^~~~~~~[m[K
[16.223s] [01m[K/opt/ros/jazzy/include/rclcpp/rclcpp/publisher.hpp:366:3:[m[K [01;36m[Knote: [m[K  template argument deduction/substitution failed:
[16.223s] [01m[K/opt/ros/jazzy/include/rclcpp/rclcpp/publisher.hpp:384:3:[m[K [01;36m[Knote: [m[Kcandidate: ‘[01m[Kvoid rclcpp::Publisher<MessageT, AllocatorT>::[01;32m[Kpublish[m[K(const rcl_serialized_message_t&) [35m[K[with MessageT = std_msgs::msg::Float64_<std::allocator<void> >; AllocatorT = std::allocator<void>; rcl_serialized_message_t = rcutils_uint8_array_s][m[K[m[K’
[16.223s]   384 |   [01;36m[Kpublish[m[K(const rcl_serialized_message_t & serialized_msg)
[16.223s]       |   [01;36m[K^~~~~~~[m[K
[16.223s] [01m[K/opt/ros/jazzy/include/rclcpp/rclcpp/publisher.hpp:384:44:[m[K [01;36m[Knote: [m[K  no known conversion for argument 1 from ‘[01m[Korientation_msg::msg::Esc_<std::allocator<void> >[m[K’ to ‘[01m[Kconst rcl_serialized_message_t&[m[K’ {aka ‘[01m[Kconst rcutils_uint8_array_s&[m[K’}
[16.223s]   384 |   publish([01;36m[Kconst rcl_serialized_message_t & serialized_msg[m[K)
[16.223s]       |           [01;36m[K~~~~~~~~~~~~~~~~~~~~~~~~~~~~~~~~~^~~~~~~~~~~~~~[m[K
[16.223s] [01m[K/opt/ros/jazzy/include/rclcpp/rclcpp/publisher.hpp:390:3:[m[K [01;36m[Knote: [m[Kcandidate: ‘[01m[Kvoid rclcpp::Publisher<MessageT, AllocatorT>::[01;32m[Kpublish[m[K(const rclcpp::SerializedMessage&) [35m[K[with MessageT = std_msgs::msg::Float64_<std::allocator<void> >; AllocatorT = std::allocator<void>][m[K[m[K’
[16.223s]   390 |   [01;36m[Kpublish[m[K(const SerializedMessage & serialized_msg)
[16.223s]       |   [01;36m[K^~~~~~~[m[K
[16.224s] [01m[K/opt/ros/jazzy/include/rclcpp/rclcpp/publisher.hpp:390:37:[m[K [01;36m[Knote: [m[K  no known conversion for argument 1 from ‘[01m[Korientation_msg::msg::Esc_<std::allocator<void> >[m[K’ to ‘[01m[Kconst rclcpp::SerializedMessage&[m[K’
[16.224s]   390 |   publish([01;36m[Kconst SerializedMessage & serialized_msg[m[K)
[16.224s]       |           [01;36m[K~~~~~~~~~~~~~~~~~~~~~~~~~~^~~~~~~~~~~~~~[m[K
[16.224s] [01m[K/opt/ros/jazzy/include/rclcpp/rclcpp/publisher.hpp:404:3:[m[K [01;36m[Knote: [m[Kcandidate: ‘[01m[Kvoid rclcpp::Publisher<MessageT, AllocatorT>::[01;32m[Kpublish[m[K(rclcpp::LoanedMessage<typename rclcpp::TypeAdapter<MessageT>::ros_message_type, AllocatorT>&&) [35m[K[with MessageT = std_msgs::msg::Float64_<std::allocator<void> >; AllocatorT = std::allocator<void>; typename rclcpp::TypeAdapter<MessageT>::ros_message_type = std_msgs::msg::Float64_<std::allocator<void> >][m[K[m[K’
[16.224s]   404 |   [01;36m[Kpublish[m[K(rclcpp::LoanedMessage<ROSMessageType, AllocatorT> && loaned_msg)
[16.224s]       |   [01;36m[K^~~~~~~[m[K
[16.224s] [01m[K/opt/ros/jazzy/include/rclcpp/rclcpp/publisher.hpp:404:64:[m[K [01;36m[Knote: [m[K  no known conversion for argument 1 from ‘[01m[Korientation_msg::msg::Esc_<std::allocator<void> >[m[K’ to ‘[01m[Krclcpp::LoanedMessage<std_msgs::msg::Float64_<std::allocator<void> >, std::allocator<void> >&&[m[K’
[16.224s]   404 |   publish([01;36m[Krclcpp::LoanedMessage<ROSMessageType, AllocatorT> && loaned_msg[m[K)
[16.224s]       |           [01;36m[K~~~~~~~~~~~~~~~~~~~~~~~~~~~~~~~~~~~~~~~~~~~~~~~~~~~~~^~~~~~~~~~[m[K
[16.224s] [01m[K/home/submarine/ros_ws/src/ros_bt/src/sub_exec.cpp:494:32:[m[K [01;31m[Kerror: [m[Kno matching function for call to ‘[01m[Krclcpp::Publisher<std_msgs::msg::Float64_<std::allocator<void> > >::publish(orientation_msg::msg::Esc_<std::allocator<void> >&)[m[K’
[16.224s]   494 |             [01;31m[Kpublisher_->publish(esc)[m[K;
[16.224s]       |             [01;31m[K~~~~~~~~~~~~~~~~~~~^~~~~[m[K
[16.224s] [01m[K/opt/ros/jazzy/include/rclcpp/rclcpp/publisher.hpp:239:3:[m[K [01;36m[Knote: [m[Kcandidate: ‘[01m[Ktemplate<class T> std::enable_if_t<(rosidl_generator_traits::is_message<T>::value && std::is_same<T, typename rclcpp::TypeAdapter<MessageT>::ros_message_type>::value)> rclcpp::Publisher<MessageT, AllocatorT>::[01;32m[Kpublish[m[K(std::unique_ptr<T, typename std::conditional<std::is_same<typename std::allocator_traits<typename std::allocator_traits<_Allocator>::rebind_traits<typename rclcpp::TypeAdapter<MessageT, void, void>::ros_message_type>::allocator_type>::rebind_alloc<typename rclcpp::TypeAdapter<MessageT, void, void>::ros_message_type>, std::allocator<typename rclcpp::TypeAdapter<MessageT>::ros_message_type> >::value, std::default_delete<typename rclcpp::TypeAdapter<MessageT>::ros_message_type>, rclcpp::allocator::AllocatorDeleter<typename std::allocator_traits<_Allocator>::rebind_traits<typename rclcpp::TypeAdapter<MessageT, void, void>::ros_message_type>::allocator_type> >::type>) [35m[K[with MessageT = std_msgs::msg::Float64_<std::allocator<void> >; AllocatorT = std::allocator<void>][m[K[m[K’
[16.224s]   239 |   [01;36m[Kpublish[m[K(std::unique_ptr<T, ROSMessageTypeDeleter> msg)
[16.225s]       |   [01;36m[K^~~~~~~[m[K
[16.225s] [01m[K/opt/ros/jazzy/include/rclcpp/rclcpp/publisher.hpp:239:3:[m[K [01;36m[Knote: [m[K  template argument deduction/substitution failed:
[16.225s] [01m[K/home/submarine/ros_ws/src/ros_bt/src/sub_exec.cpp:494:32:[m[K [01;36m[Knote: [m[K  ‘[01m[Korientation_msg::msg::Esc_<std::allocator<void> >[m[K’ is not derived from ‘[01m[Kstd::unique_ptr<T, std::default_delete<std_msgs::msg::Float64_<std::allocator<void> > > >[m[K’
[16.225s]   494 |             [01;36m[Kpublisher_->publish(esc)[m[K;
[16.225s]       |             [01;36m[K~~~~~~~~~~~~~~~~~~~^~~~~[m[K
[16.225s] [01m[K/opt/ros/jazzy/include/rclcpp/rclcpp/publisher.hpp:289:3:[m[K [01;36m[Knote: [m[Kcandidate: ‘[01m[Ktemplate<class T> std::enable_if_t<(rosidl_generator_traits::is_message<T>::value && std::is_same<T, typename rclcpp::TypeAdapter<MessageT>::ros_message_type>::value)> rclcpp::Publisher<MessageT, AllocatorT>::[01;32m[Kpublish[m[K(const T&) [35m[K[with MessageT = std_msgs::msg::Float64_<std::allocator<void> >; AllocatorT = std::allocator<void>][m[K[m[K’
[16.225s]   289 |   [01;36m[Kpublish[m[K(const T & msg)
[16.225s]       |   [01;36m[K^~~~~~~[m[K
[16.225s] [01m[K/opt/ros/jazzy/include/rclcpp/rclcpp/publisher.hpp:289:3:[m[K [01;36m[Knote: [m[K  template argument deduction/substitution failed:
[16.225s] [01m[K/opt/ros/jazzy/include/rclcpp/rclcpp/publisher.hpp:319:3:[m[K [01;36m[Knote: [m[Kcandidate: ‘[01m[Ktemplate<class T> std::enable_if_t<(typename rclcpp::TypeAdapter<MessageT>::is_specialized::value && std::is_same<T, typename rclcpp::TypeAdapter<MessageT>::custom_type>::value)> rclcpp::Publisher<MessageT, AllocatorT>::[01;32m[Kpublish[m[K(std::unique_ptr<T, typename std::conditional<std::is_same<typename std::allocator_traits<typename std::allocator_traits<_Allocator>::rebind_traits<typename rclcpp::TypeAdapter<MessageT, void, void>::custom_type>::allocator_type>::rebind_alloc<typename rclcpp::TypeAdapter<MessageT, void, void>::custom_type>, std::allocator<typename rclcpp::TypeAdapter<MessageT>::custom_type> >::value, std::default_delete<typename rclcpp::TypeAdapter<MessageT>::custom_type>, rclcpp::allocator::AllocatorDeleter<typename std::allocator_traits<_Allocator>::rebind_traits<typename rclcpp::TypeAdapter<MessageT, void, void>::custom_type>::allocator_type> >::type>) [35m[K[with MessageT = std_msgs::msg::Float64_<std::allocator<void> >; AllocatorT = std::allocator<void>][m[K[m[K’
[16.225s]   319 |   [01;36m[Kpublish[m[K(std::unique_ptr<T, PublishedTypeDeleter> msg)
[16.225s]       |   [01;36m[K^~~~~~~[m[K
[16.225s] [01m[K/opt/ros/jazzy/include/rclcpp/rclcpp/publisher.hpp:319:3:[m[K [01;36m[Knote: [m[K  template argument deduction/substitution failed:
[16.226s] [01m[K/home/submarine/ros_ws/src/ros_bt/src/sub_exec.cpp:494:32:[m[K [01;36m[Knote: [m[K  ‘[01m[Korientation_msg::msg::Esc_<std::allocator<void> >[m[K’ is not derived from ‘[01m[Kstd::unique_ptr<T, std::default_delete<std_msgs::msg::Float64_<std::allocator<void> > > >[m[K’
[16.226s]   494 |             [01;36m[Kpublisher_->publish(esc)[m[K;
[16.226s]       |             [01;36m[K~~~~~~~~~~~~~~~~~~~^~~~~[m[K
[16.226s] [01m[K/opt/ros/jazzy/include/rclcpp/rclcpp/publisher.hpp:366:3:[m[K [01;36m[Knote: [m[Kcandidate: ‘[01m[Ktemplate<class T> std::enable_if_t<(typename rclcpp::TypeAdapter<MessageT>::is_specialized::value && std::is_same<T, typename rclcpp::TypeAdapter<MessageT>::custom_type>::value)> rclcpp::Publisher<MessageT, AllocatorT>::[01;32m[Kpublish[m[K(const T&) [35m[K[with MessageT = std_msgs::msg::Float64_<std::allocator<void> >; AllocatorT = std::allocator<void>][m[K[m[K’
[16.226s]   366 |   [01;36m[Kpublish[m[K(const T & msg)
[16.226s]       |   [01;36m[K^~~~~~~[m[K
[16.226s] [01m[K/opt/ros/jazzy/include/rclcpp/rclcpp/publisher.hpp:366:3:[m[K [01;36m[Knote: [m[K  template argument deduction/substitution failed:
[16.226s] [01m[K/opt/ros/jazzy/include/rclcpp/rclcpp/publisher.hpp:384:3:[m[K [01;36m[Knote: [m[Kcandidate: ‘[01m[Kvoid rclcpp::Publisher<MessageT, AllocatorT>::[01;32m[Kpublish[m[K(const rcl_serialized_message_t&) [35m[K[with MessageT = std_msgs::msg::Float64_<std::allocator<void> >; AllocatorT = std::allocator<void>; rcl_serialized_message_t = rcutils_uint8_array_s][m[K[m[K’
[16.226s]   384 |   [01;36m[Kpublish[m[K(const rcl_serialized_message_t & serialized_msg)
[16.226s]       |   [01;36m[K^~~~~~~[m[K
[16.226s] [01m[K/opt/ros/jazzy/include/rclcpp/rclcpp/publisher.hpp:384:44:[m[K [01;36m[Knote: [m[K  no known conversion for argument 1 from ‘[01m[Korientation_msg::msg::Esc_<std::allocator<void> >[m[K’ to ‘[01m[Kconst rcl_serialized_message_t&[m[K’ {aka ‘[01m[Kconst rcutils_uint8_array_s&[m[K’}
[16.226s]   384 |   publish([01;36m[Kconst rcl_serialized_message_t & serialized_msg[m[K)
[16.226s]       |           [01;36m[K~~~~~~~~~~~~~~~~~~~~~~~~~~~~~~~~~^~~~~~~~~~~~~~[m[K
[16.227s] [01m[K/opt/ros/jazzy/include/rclcpp/rclcpp/publisher.hpp:390:3:[m[K [01;36m[Knote: [m[Kcandidate: ‘[01m[Kvoid rclcpp::Publisher<MessageT, AllocatorT>::[01;32m[Kpublish[m[K(const rclcpp::SerializedMessage&) [35m[K[with MessageT = std_msgs::msg::Float64_<std::allocator<void> >; AllocatorT = std::allocator<void>][m[K[m[K’
[16.227s]   390 |   [01;36m[Kpublish[m[K(const SerializedMessage & serialized_msg)
[16.227s]       |   [01;36m[K^~~~~~~[m[K
[16.227s] [01m[K/opt/ros/jazzy/include/rclcpp/rclcpp/publisher.hpp:390:37:[m[K [01;36m[Knote: [m[K  no known conversion for argument 1 from ‘[01m[Korientation_msg::msg::Esc_<std::allocator<void> >[m[K’ to ‘[01m[Kconst rclcpp::SerializedMessage&[m[K’
[16.227s]   390 |   publish([01;36m[Kconst SerializedMessage & serialized_msg[m[K)
[16.227s]       |           [01;36m[K~~~~~~~~~~~~~~~~~~~~~~~~~~^~~~~~~~~~~~~~[m[K
[16.227s] [01m[K/opt/ros/jazzy/include/rclcpp/rclcpp/publisher.hpp:404:3:[m[K [01;36m[Knote: [m[Kcandidate: ‘[01m[Kvoid rclcpp::Publisher<MessageT, AllocatorT>::[01;32m[Kpublish[m[K(rclcpp::LoanedMessage<typename rclcpp::TypeAdapter<MessageT>::ros_message_type, AllocatorT>&&) [35m[K[with MessageT = std_msgs::msg::Float64_<std::allocator<void> >; AllocatorT = std::allocator<void>; typename rclcpp::TypeAdapter<MessageT>::ros_message_type = std_msgs::msg::Float64_<std::allocator<void> >][m[K[m[K’
[16.227s]   404 |   [01;36m[Kpublish[m[K(rclcpp::LoanedMessage<ROSMessageType, AllocatorT> && loaned_msg)
[16.227s]       |   [01;36m[K^~~~~~~[m[K
[16.227s] [01m[K/opt/ros/jazzy/include/rclcpp/rclcpp/publisher.hpp:404:64:[m[K [01;36m[Knote: [m[K  no known conversion for argument 1 from ‘[01m[Korientation_msg::msg::Esc_<std::allocator<void> >[m[K’ to ‘[01m[Krclcpp::LoanedMessage<std_msgs::msg::Float64_<std::allocator<void> >, std::allocator<void> >&&[m[K’
[16.227s]   404 |   publish([01;36m[Krclcpp::LoanedMessage<ROSMessageType, AllocatorT> && loaned_msg[m[K)
[16.227s]       |           [01;36m[K~~~~~~~~~~~~~~~~~~~~~~~~~~~~~~~~~~~~~~~~~~~~~~~~~~~~~^~~~~~~~~~[m[K
[16.227s] [01m[K/home/submarine/ros_ws/src/ros_bt/src/sub_exec.cpp:497:32:[m[K [01;31m[Kerror: [m[Kno matching function for call to ‘[01m[Krclcpp::Publisher<std_msgs::msg::Float64_<std::allocator<void> > >::publish(orientation_msg::msg::Esc_<std::allocator<void> >&)[m[K’
[16.227s]   497 |             [01;31m[Kpublisher_->publish(esc)[m[K;
[16.228s]       |             [01;31m[K~~~~~~~~~~~~~~~~~~~^~~~~[m[K
[16.228s] [01m[K/opt/ros/jazzy/include/rclcpp/rclcpp/publisher.hpp:239:3:[m[K [01;36m[Knote: [m[Kcandidate: ‘[01m[Ktemplate<class T> std::enable_if_t<(rosidl_generator_traits::is_message<T>::value && std::is_same<T, typename rclcpp::TypeAdapter<MessageT>::ros_message_type>::value)> rclcpp::Publisher<MessageT, AllocatorT>::[01;32m[Kpublish[m[K(std::unique_ptr<T, typename std::conditional<std::is_same<typename std::allocator_traits<typename std::allocator_traits<_Allocator>::rebind_traits<typename rclcpp::TypeAdapter<MessageT, void, void>::ros_message_type>::allocator_type>::rebind_alloc<typename rclcpp::TypeAdapter<MessageT, void, void>::ros_message_type>, std::allocator<typename rclcpp::TypeAdapter<MessageT>::ros_message_type> >::value, std::default_delete<typename rclcpp::TypeAdapter<MessageT>::ros_message_type>, rclcpp::allocator::AllocatorDeleter<typename std::allocator_traits<_Allocator>::rebind_traits<typename rclcpp::TypeAdapter<MessageT, void, void>::ros_message_type>::allocator_type> >::type>) [35m[K[with MessageT = std_msgs::msg::Float64_<std::allocator<void> >; AllocatorT = std::allocator<void>][m[K[m[K’
[16.228s]   239 |   [01;36m[Kpublish[m[K(std::unique_ptr<T, ROSMessageTypeDeleter> msg)
[16.228s]       |   [01;36m[K^~~~~~~[m[K
[16.228s] [01m[K/opt/ros/jazzy/include/rclcpp/rclcpp/publisher.hpp:239:3:[m[K [01;36m[Knote: [m[K  template argument deduction/substitution failed:
[16.228s] [01m[K/home/submarine/ros_ws/src/ros_bt/src/sub_exec.cpp:497:32:[m[K [01;36m[Knote: [m[K  ‘[01m[Korientation_msg::msg::Esc_<std::allocator<void> >[m[K’ is not derived from ‘[01m[Kstd::unique_ptr<T, std::default_delete<std_msgs::msg::Float64_<std::allocator<void> > > >[m[K’
[16.228s]   497 |             [01;36m[Kpublisher_->publish(esc)[m[K;
[16.228s]       |             [01;36m[K~~~~~~~~~~~~~~~~~~~^~~~~[m[K
[16.228s] [01m[K/opt/ros/jazzy/include/rclcpp/rclcpp/publisher.hpp:289:3:[m[K [01;36m[Knote: [m[Kcandidate: ‘[01m[Ktemplate<class T> std::enable_if_t<(rosidl_generator_traits::is_message<T>::value && std::is_same<T, typename rclcpp::TypeAdapter<MessageT>::ros_message_type>::value)> rclcpp::Publisher<MessageT, AllocatorT>::[01;32m[Kpublish[m[K(const T&) [35m[K[with MessageT = std_msgs::msg::Float64_<std::allocator<void> >; AllocatorT = std::allocator<void>][m[K[m[K’
[16.228s]   289 |   [01;36m[Kpublish[m[K(const T & msg)
[16.228s]       |   [01;36m[K^~~~~~~[m[K
[16.228s] [01m[K/opt/ros/jazzy/include/rclcpp/rclcpp/publisher.hpp:289:3:[m[K [01;36m[Knote: [m[K  template argument deduction/substitution failed:
[16.228s] [01m[K/opt/ros/jazzy/include/rclcpp/rclcpp/publisher.hpp:319:3:[m[K [01;36m[Knote: [m[Kcandidate: ‘[01m[Ktemplate<class T> std::enable_if_t<(typename rclcpp::TypeAdapter<MessageT>::is_specialized::value && std::is_same<T, typename rclcpp::TypeAdapter<MessageT>::custom_type>::value)> rclcpp::Publisher<MessageT, AllocatorT>::[01;32m[Kpublish[m[K(std::unique_ptr<T, typename std::conditional<std::is_same<typename std::allocator_traits<typename std::allocator_traits<_Allocator>::rebind_traits<typename rclcpp::TypeAdapter<MessageT, void, void>::custom_type>::allocator_type>::rebind_alloc<typename rclcpp::TypeAdapter<MessageT, void, void>::custom_type>, std::allocator<typename rclcpp::TypeAdapter<MessageT>::custom_type> >::value, std::default_delete<typename rclcpp::TypeAdapter<MessageT>::custom_type>, rclcpp::allocator::AllocatorDeleter<typename std::allocator_traits<_Allocator>::rebind_traits<typename rclcpp::TypeAdapter<MessageT, void, void>::custom_type>::allocator_type> >::type>) [35m[K[with MessageT = std_msgs::msg::Float64_<std::allocator<void> >; AllocatorT = std::allocator<void>][m[K[m[K’
[16.229s]   319 |   [01;36m[Kpublish[m[K(std::unique_ptr<T, PublishedTypeDeleter> msg)
[16.229s]       |   [01;36m[K^~~~~~~[m[K
[16.229s] [01m[K/opt/ros/jazzy/include/rclcpp/rclcpp/publisher.hpp:319:3:[m[K [01;36m[Knote: [m[K  template argument deduction/substitution failed:
[16.229s] [01m[K/home/submarine/ros_ws/src/ros_bt/src/sub_exec.cpp:497:32:[m[K [01;36m[Knote: [m[K  ‘[01m[Korientation_msg::msg::Esc_<std::allocator<void> >[m[K’ is not derived from ‘[01m[Kstd::unique_ptr<T, std::default_delete<std_msgs::msg::Float64_<std::allocator<void> > > >[m[K’
[16.229s]   497 |             [01;36m[Kpublisher_->publish(esc)[m[K;
[16.229s]       |             [01;36m[K~~~~~~~~~~~~~~~~~~~^~~~~[m[K
[16.229s] [01m[K/opt/ros/jazzy/include/rclcpp/rclcpp/publisher.hpp:366:3:[m[K [01;36m[Knote: [m[Kcandidate: ‘[01m[Ktemplate<class T> std::enable_if_t<(typename rclcpp::TypeAdapter<MessageT>::is_specialized::value && std::is_same<T, typename rclcpp::TypeAdapter<MessageT>::custom_type>::value)> rclcpp::Publisher<MessageT, AllocatorT>::[01;32m[Kpublish[m[K(const T&) [35m[K[with MessageT = std_msgs::msg::Float64_<std::allocator<void> >; AllocatorT = std::allocator<void>][m[K[m[K’
[16.229s]   366 |   [01;36m[Kpublish[m[K(const T & msg)
[16.229s]       |   [01;36m[K^~~~~~~[m[K
[16.229s] [01m[K/opt/ros/jazzy/include/rclcpp/rclcpp/publisher.hpp:366:3:[m[K [01;36m[Knote: [m[K  template argument deduction/substitution failed:
[16.229s] [01m[K/opt/ros/jazzy/include/rclcpp/rclcpp/publisher.hpp:384:3:[m[K [01;36m[Knote: [m[Kcandidate: ‘[01m[Kvoid rclcpp::Publisher<MessageT, AllocatorT>::[01;32m[Kpublish[m[K(const rcl_serialized_message_t&) [35m[K[with MessageT = std_msgs::msg::Float64_<std::allocator<void> >; AllocatorT = std::allocator<void>; rcl_serialized_message_t = rcutils_uint8_array_s][m[K[m[K’
[16.229s]   384 |   [01;36m[Kpublish[m[K(const rcl_serialized_message_t & serialized_msg)
[16.229s]       |   [01;36m[K^~~~~~~[m[K
[16.230s] [01m[K/opt/ros/jazzy/include/rclcpp/rclcpp/publisher.hpp:384:44:[m[K [01;36m[Knote: [m[K  no known conversion for argument 1 from ‘[01m[Korientation_msg::msg::Esc_<std::allocator<void> >[m[K’ to ‘[01m[Kconst rcl_serialized_message_t&[m[K’ {aka ‘[01m[Kconst rcutils_uint8_array_s&[m[K’}
[16.230s]   384 |   publish([01;36m[Kconst rcl_serialized_message_t & serialized_msg[m[K)
[16.230s]       |           [01;36m[K~~~~~~~~~~~~~~~~~~~~~~~~~~~~~~~~~^~~~~~~~~~~~~~[m[K
[16.230s] [01m[K/opt/ros/jazzy/include/rclcpp/rclcpp/publisher.hpp:390:3:[m[K [01;36m[Knote: [m[Kcandidate: ‘[01m[Kvoid rclcpp::Publisher<MessageT, AllocatorT>::[01;32m[Kpublish[m[K(const rclcpp::SerializedMessage&) [35m[K[with MessageT = std_msgs::msg::Float64_<std::allocator<void> >; AllocatorT = std::allocator<void>][m[K[m[K’
[16.230s]   390 |   [01;36m[Kpublish[m[K(const SerializedMessage & serialized_msg)
[16.230s]       |   [01;36m[K^~~~~~~[m[K
[16.230s] [01m[K/opt/ros/jazzy/include/rclcpp/rclcpp/publisher.hpp:390:37:[m[K [01;36m[Knote: [m[K  no known conversion for argument 1 from ‘[01m[Korientation_msg::msg::Esc_<std::allocator<void> >[m[K’ to ‘[01m[Kconst rclcpp::SerializedMessage&[m[K’
[16.230s]   390 |   publish([01;36m[Kconst SerializedMessage & serialized_msg[m[K)
[16.230s]       |           [01;36m[K~~~~~~~~~~~~~~~~~~~~~~~~~~^~~~~~~~~~~~~~[m[K
[16.230s] [01m[K/opt/ros/jazzy/include/rclcpp/rclcpp/publisher.hpp:404:3:[m[K [01;36m[Knote: [m[Kcandidate: ‘[01m[Kvoid rclcpp::Publisher<MessageT, AllocatorT>::[01;32m[Kpublish[m[K(rclcpp::LoanedMessage<typename rclcpp::TypeAdapter<MessageT>::ros_message_type, AllocatorT>&&) [35m[K[with MessageT = std_msgs::msg::Float64_<std::allocator<void> >; AllocatorT = std::allocator<void>; typename rclcpp::TypeAdapter<MessageT>::ros_message_type = std_msgs::msg::Float64_<std::allocator<void> >][m[K[m[K’
[16.230s]   404 |   [01;36m[Kpublish[m[K(rclcpp::LoanedMessage<ROSMessageType, AllocatorT> && loaned_msg)
[16.230s]       |   [01;36m[K^~~~~~~[m[K
[16.230s] [01m[K/opt/ros/jazzy/include/rclcpp/rclcpp/publisher.hpp:404:64:[m[K [01;36m[Knote: [m[K  no known conversion for argument 1 from ‘[01m[Korientation_msg::msg::Esc_<std::allocator<void> >[m[K’ to ‘[01m[Krclcpp::LoanedMessage<std_msgs::msg::Float64_<std::allocator<void> >, std::allocator<void> >&&[m[K’
[16.230s]   404 |   publish([01;36m[Krclcpp::LoanedMessage<ROSMessageType, AllocatorT> && loaned_msg[m[K)
[16.231s]       |           [01;36m[K~~~~~~~~~~~~~~~~~~~~~~~~~~~~~~~~~~~~~~~~~~~~~~~~~~~~~^~~~~~~~~~[m[K
[28.468s] gmake[2]: *** [CMakeFiles/sub_exec.dir/build.make:76: CMakeFiles/sub_exec.dir/src/sub_exec.cpp.o] Error 1
[28.468s] gmake[1]: *** [CMakeFiles/Makefile2:137: CMakeFiles/sub_exec.dir/all] Error 2
[28.468s] gmake: *** [Makefile:146: all] Error 2
[28.473s] Invoked command in '/home/submarine/ros_ws/build/ros_bt' returned '2': CMAKE_PREFIX_PATH=${CMAKE_PREFIX_PATH}:/home/submarine/ryans_ws/install/esc_pkg:/home/submarine/ros_ws/install/speed_sensor:/home/submarine/ros_ws/install/sonars:/home/submarine/ros_ws/install/orientation_package:/opt/ros/jazzy DEBUGINFOD_URLS=https://debuginfod.ubuntu.com PS1=(bluerobotics-ping) \[\e]0;\u@\h: \w\a\]${debian_chroot:+($debian_chroot)}\[\033[01;32m\]\u@\h\[\033[00m\]:\[\033[01;34m\]\w\[\033[00m\]\$ VIRTUAL_ENV_PROMPT=(bluerobotics-ping) /usr/bin/cmake --build /home/submarine/ros_ws/build/ros_bt -- -j4 -l4
