-- Found ament_cmake: 2.5.2 (/opt/ros/jazzy/share/ament_cmake/cmake)
-- Found rclcpp: 28.1.3 (/opt/ros/jazzy/share/rclcpp/cmake)
-- Found rosidl_generator_c: 4.6.3 (/opt/ros/jazzy/share/rosidl_generator_c/cmake)
-- Found rosidl_generator_cpp: 4.6.3 (/opt/ros/jazzy/share/rosidl_generator_cpp/cmake)
-- Using all available rosidl_typesupport_c: rosidl_typesupport_fastrtps_c;rosidl_typesupport_introspection_c
-- Using all available rosidl_typesupport_cpp: rosidl_typesupport_fastrtps_cpp;rosidl_typesupport_introspection_cpp
-- Found rmw_implementation_cmake: 7.3.1 (/opt/ros/jazzy/share/rmw_implementation_cmake/cmake)
-- Found rmw_fastrtps_cpp: 8.4.1 (/opt/ros/jazzy/share/rmw_fastrtps_cpp/cmake)
-- Using RMW implementation 'rmw_fastrtps_cpp' as default
-- Found rclcpp_action: 28.1.3 (/opt/ros/jazzy/share/rclcpp_action/cmake)
-- Found rclcpp_components: 28.1.3 (/opt/ros/jazzy/share/rclcpp_components/cmake)
-- Found behaviortree_cpp: 4.6.2 (/opt/ros/jazzy/share/behaviortree_cpp/cmake)
-- Found behaviortree_ros2: 0.2.0 (/home/submarine/ros_ws/install/behaviortree_ros2/share/behaviortree_ros2/cmake)
-- Found parameter_traits: 0.3.8 (/opt/ros/jazzy/share/parameter_traits/cmake)
-- Found rclcpp_lifecycle: 28.1.3 (/opt/ros/jazzy/share/rclcpp_lifecycle/cmake)
-- Found nav2_msgs: 1.3.1 (/opt/ros/jazzy/share/nav2_msgs/cmake)
-- Found sensor_msgs: 5.3.5 (/opt/ros/jazzy/share/sensor_msgs/cmake)
-- Found tf2: 0.36.4 (/opt/ros/jazzy/share/tf2/cmake)
-- Found tf2_ros: 0.36.4 (/opt/ros/jazzy/share/tf2_ros/cmake)
-- Found tf2_geometry_msgs: 0.36.4 (/opt/ros/jazzy/share/tf2_geometry_msgs/cmake)
-- Found eigen3_cmake_module: 0.3.0 (/opt/ros/jazzy/share/eigen3_cmake_module/cmake)
-- Ensuring Eigen3 include directory is part of orocos-kdl CMake target
-- Found nav2_util: 1.3.1 (/opt/ros/jazzy/share/nav2_util/cmake)
-- Found octomap_msgs: 2.0.0 (/opt/ros/jazzy/share/octomap_msgs/cmake)
-- Found octomap_server: 2.3.0 (/home/submarine/ros_ws/install/octomap_server/share/octomap_server/cmake)
-- Found flann version 1.9.2
-- Found OpenMP_CXX: -fopenmp (found version "4.5") 
-- Found OpenMP: TRUE (found version "4.5") found components: CXX 
-- Checking for module 'libusb-1.0'
--   Found libusb-1.0, version 1.0.27
-- Found libusb: /usr/lib/aarch64-linux-gnu/libusb-1.0.so  
-- OpenNI found (version: 1.5.4.0, include: /usr/include/ni, lib: /usr/lib/libOpenNI.so;libusb::libusb)
-- OpenNI2 found (version: 2.2.0.33, include: /usr/include/openni2, lib: /usr/lib/aarch64-linux-gnu/libOpenNI2.so;libusb::libusb)
-- Could NOT find Pcap (missing: PCAP_LIBRARIES PCAP_INCLUDE_DIRS) 
-- Found ZLIB: /usr/lib/aarch64-linux-gnu/libz.so (found version "1.3")  
-- Found PNG: /usr/lib/aarch64-linux-gnu/libpng.so (found version "1.6.43") 
-- OpenNI found (version: 1.5.4.0, include: /usr/include/ni, lib: /usr/lib/libOpenNI.so;libusb::libusb)
-- OpenNI2 found (version: 2.2.0.33, include: /usr/include/openni2, lib: /usr/lib/aarch64-linux-gnu/libOpenNI2.so;libusb::libusb)
-- Found Qhull version 8.0.2
-- OpenNI found (version: 1.5.4.0, include: /usr/include/ni, lib: /usr/lib/libOpenNI.so;libusb::libusb)
-- Found PCL_COMMON: /usr/lib/aarch64-linux-gnu/libpcl_common.so  
-- Found PCL_KDTREE: /usr/lib/aarch64-linux-gnu/libpcl_kdtree.so  
-- Found PCL_OCTREE: /usr/lib/aarch64-linux-gnu/libpcl_octree.so  
-- Found PCL_SEARCH: /usr/lib/aarch64-linux-gnu/libpcl_search.so  
-- Found PCL_SAMPLE_CONSENSUS: /usr/lib/aarch64-linux-gnu/libpcl_sample_consensus.so  
-- Found PCL_FILTERS: /usr/lib/aarch64-linux-gnu/libpcl_filters.so  
-- Found PCL_2D: /usr/include/pcl-1.14  
-- Found PCL_GEOMETRY: /usr/include/pcl-1.14  
-- Found PCL_IO: /usr/lib/aarch64-linux-gnu/libpcl_io.so  
-- Found PCL_FEATURES: /usr/lib/aarch64-linux-gnu/libpcl_features.so  
-- Found PCL_ML: /usr/lib/aarch64-linux-gnu/libpcl_ml.so  
-- Found PCL_SEGMENTATION: /usr/lib/aarch64-linux-gnu/libpcl_segmentation.so  
-- Found PCL_VISUALIZATION: /usr/lib/aarch64-linux-gnu/libpcl_visualization.so  
-- Found PCL_SURFACE: /usr/lib/aarch64-linux-gnu/libpcl_surface.so  
-- Found PCL_REGISTRATION: /usr/lib/aarch64-linux-gnu/libpcl_registration.so  
-- Found PCL_KEYPOINTS: /usr/lib/aarch64-linux-gnu/libpcl_keypoints.so  
-- Found PCL_TRACKING: /usr/lib/aarch64-linux-gnu/libpcl_tracking.so  
-- Found PCL_RECOGNITION: /usr/lib/aarch64-linux-gnu/libpcl_recognition.so  
-- Found PCL_STEREO: /usr/lib/aarch64-linux-gnu/libpcl_stereo.so  
-- Found PCL_APPS: /usr/lib/aarch64-linux-gnu/libpcl_apps.so  
-- Found PCL_IN_HAND_SCANNER: /usr/include/pcl-1.14  
-- Found PCL_MODELER: /usr/include/pcl-1.14  
-- Found PCL_POINT_CLOUD_EDITOR: /usr/include/pcl-1.14  
-- Found PCL_OUTOFCORE: /usr/lib/aarch64-linux-gnu/libpcl_outofcore.so  
-- Found PCL_PEOPLE: /usr/lib/aarch64-linux-gnu/libpcl_people.so  
-- Found ament_lint_auto: 0.17.1 (/opt/ros/jazzy/share/ament_lint_auto/cmake)
-- Added test 'cppcheck' to perform static code analysis on C / C++ code
-- Configured cppcheck include dirs: 
-- Configured cppcheck exclude dirs and/or files: 
-- Added test 'lint_cmake' to check CMake code style
-- Added test 'uncrustify' to check C / C++ code style
-- Configured uncrustify additional arguments: 
-- Added test 'xmllint' to check XML markup files
-- Configuring done (12.7s)
-- Generating done (0.2s)
-- Build files have been written to: /home/submarine/ros_ws/build/ros_bt
[ 50%] [32mBuilding CXX object CMakeFiles/sub_exec.dir/src/sub_exec.cpp.o[0m
[100%] [32m[1mLinking CXX executable sub_exec[0m
[100%] Built target sub_exec
-- Install configuration: ""
-- Installing: /home/submarine/ros_ws/install/ros_bt/lib/ros_bt/sub_exec
-- Set non-toolchain portion of runtime path of "/home/submarine/ros_ws/install/ros_bt/lib/ros_bt/sub_exec" to ""
-- Installing: /home/submarine/ros_ws/install/ros_bt/share/ament_index/resource_index/package_run_dependencies/ros_bt
-- Installing: /home/submarine/ros_ws/install/ros_bt/share/ament_index/resource_index/parent_prefix_path/ros_bt
-- Installing: /home/submarine/ros_ws/install/ros_bt/share/ros_bt/environment/ament_prefix_path.sh
-- Installing: /home/submarine/ros_ws/install/ros_bt/share/ros_bt/environment/ament_prefix_path.dsv
-- Installing: /home/submarine/ros_ws/install/ros_bt/share/ros_bt/environment/path.sh
-- Installing: /home/submarine/ros_ws/install/ros_bt/share/ros_bt/environment/path.dsv
-- Installing: /home/submarine/ros_ws/install/ros_bt/share/ros_bt/local_setup.bash
-- Installing: /home/submarine/ros_ws/install/ros_bt/share/ros_bt/local_setup.sh
-- Installing: /home/submarine/ros_ws/install/ros_bt/share/ros_bt/local_setup.zsh
-- Installing: /home/submarine/ros_ws/install/ros_bt/share/ros_bt/local_setup.dsv
-- Installing: /home/submarine/ros_ws/install/ros_bt/share/ros_bt/package.dsv
-- Installing: /home/submarine/ros_ws/install/ros_bt/share/ament_index/resource_index/packages/ros_bt
-- Installing: /home/submarine/ros_ws/install/ros_bt/share/ros_bt/cmake/ros_btConfig.cmake
-- Installing: /home/submarine/ros_ws/install/ros_bt/share/ros_bt/cmake/ros_btConfig-version.cmake
-- Installing: /home/submarine/ros_ws/install/ros_bt/share/ros_bt/package.xml
