[2.754s] Invoking command in '/home/submarine/ros_ws/src/orientation_package': DEBUGINFOD_URLS=https://debuginfod.ubuntu.com PS1=(bluerobotics-ping) \[\e]0;\u@\h: \w\a\]${debian_chroot:+($debian_chroot)}\[\033[01;32m\]\u@\h\[\033[00m\]:\[\033[01;34m\]\w\[\033[00m\]\$ PYTHONPATH=/home/submarine/ros_ws/build/orientation_package/prefix_override:/usr/lib/python3/dist-packages/colcon_core/task/python/colcon_distutils_commands:/home/submarine/ros_ws/install/orientation_package/lib/python3.12/site-packages:${PYTHONPATH} VIRTUAL_ENV_PROMPT=(bluerobotics-ping) /usr/bin/python3 -W ignore:setup.py install is deprecated setup.py egg_info --egg-base ../../build/orientation_package build --build-base /home/submarine/ros_ws/build/orientation_package/build install --record /home/submarine/ros_ws/build/orientation_package/install.log --single-version-externally-managed install_data
[3.299s] running egg_info
[3.336s] writing ../../build/orientation_package/orientation_package.egg-info/PKG-INFO
[3.342s] writing dependency_links to ../../build/orientation_package/orientation_package.egg-info/dependency_links.txt
[3.342s] writing entry points to ../../build/orientation_package/orientation_package.egg-info/entry_points.txt
[3.343s] writing requirements to ../../build/orientation_package/orientation_package.egg-info/requires.txt
[3.343s] writing top-level names to ../../build/orientation_package/orientation_package.egg-info/top_level.txt
[3.420s] reading manifest file '../../build/orientation_package/orientation_package.egg-info/SOURCES.txt'
[3.424s] adding license file 'LICENSE'
[3.424s] writing manifest file '../../build/orientation_package/orientation_package.egg-info/SOURCES.txt'
[3.425s] running build
[3.425s] running build_py
[3.447s] running install
[3.465s] running install_lib
[3.518s] running install_data
[3.528s] running install_egg_info
[3.590s] removing '/home/submarine/ros_ws/install/orientation_package/lib/python3.12/site-packages/orientation_package-0.0.1-py3.12.egg-info' (and everything under it)
[3.591s] Copying ../../build/orientation_package/orientation_package.egg-info to /home/submarine/ros_ws/install/orientation_package/lib/python3.12/site-packages/orientation_package-0.0.1-py3.12.egg-info
[3.595s] running install_scripts
[3.937s] Installing imu script to /home/submarine/ros_ws/install/orientation_package/lib/orientation_package
[3.938s] Installing orientation_publisher script to /home/submarine/ros_ws/install/orientation_package/lib/orientation_package
[3.940s] writing list of installed files to '/home/submarine/ros_ws/build/orientation_package/install.log'
[4.088s] Invoked command in '/home/submarine/ros_ws/src/orientation_package' returned '0': DEBUGINFOD_URLS=https://debuginfod.ubuntu.com PS1=(bluerobotics-ping) \[\e]0;\u@\h: \w\a\]${debian_chroot:+($debian_chroot)}\[\033[01;32m\]\u@\h\[\033[00m\]:\[\033[01;34m\]\w\[\033[00m\]\$ PYTHONPATH=/home/submarine/ros_ws/build/orientation_package/prefix_override:/usr/lib/python3/dist-packages/colcon_core/task/python/colcon_distutils_commands:/home/submarine/ros_ws/install/orientation_package/lib/python3.12/site-packages:${PYTHONPATH} VIRTUAL_ENV_PROMPT=(bluerobotics-ping) /usr/bin/python3 -W ignore:setup.py install is deprecated setup.py egg_info --egg-base ../../build/orientation_package build --build-base /home/submarine/ros_ws/build/orientation_package/build install --record /home/submarine/ros_ws/build/orientation_package/install.log --single-version-externally-managed install_data
