[1.822s] Invoking command in '/home/submarine/ros_ws/src/sonars': DEBUGINFOD_URLS=https://debuginfod.ubuntu.com PS1=(bluerobotics-ping) \[\e]0;\u@\h: \w\a\]${debian_chroot:+($debian_chroot)}\[\033[01;32m\]\u@\h\[\033[00m\]:\[\033[01;34m\]\w\[\033[00m\]\$ PYTHONPATH=/home/submarine/ros_ws/build/sonars/prefix_override:/usr/lib/python3/dist-packages/colcon_core/task/python/colcon_distutils_commands:/home/submarine/ros_ws/install/sonars/lib/python3.12/site-packages:${PYTHONPATH} VIRTUAL_ENV_PROMPT=(bluerobotics-ping) /usr/bin/python3 -W ignore:setup.py install is deprecated setup.py egg_info --egg-base ../../build/sonars build --build-base /home/submarine/ros_ws/build/sonars/build install --record /home/submarine/ros_ws/build/sonars/install.log --single-version-externally-managed install_data
[2.321s] running egg_info
[2.354s] writing ../../build/sonars/sonars.egg-info/PKG-INFO
[2.355s] writing dependency_links to ../../build/sonars/sonars.egg-info/dependency_links.txt
[2.356s] writing entry points to ../../build/sonars/sonars.egg-info/entry_points.txt
[2.358s] writing requirements to ../../build/sonars/sonars.egg-info/requires.txt
[2.360s] writing top-level names to ../../build/sonars/sonars.egg-info/top_level.txt
[2.440s] reading manifest file '../../build/sonars/sonars.egg-info/SOURCES.txt'
[2.480s] writing manifest file '../../build/sonars/sonars.egg-info/SOURCES.txt'
[2.481s] running build
[2.481s] running build_py
[2.481s] copying sonars/front_sonar_node.py -> /home/submarine/ros_ws/build/sonars/build/lib/sonars
[2.502s] running install
[2.512s] running install_lib
[2.544s] copying /home/submarine/ros_ws/build/sonars/build/lib/sonars/front_sonar_node.py -> /home/submarine/ros_ws/install/sonars/lib/python3.12/site-packages/sonars
[2.545s] byte-compiling /home/submarine/ros_ws/install/sonars/lib/python3.12/site-packages/sonars/front_sonar_node.py to front_sonar_node.cpython-312.pyc
[2.553s] running install_data
[2.554s] running install_egg_info
[2.587s] removing '/home/submarine/ros_ws/install/sonars/lib/python3.12/site-packages/sonars-0.0.0-py3.12.egg-info' (and everything under it)
[2.588s] Copying ../../build/sonars/sonars.egg-info to /home/submarine/ros_ws/install/sonars/lib/python3.12/site-packages/sonars-0.0.0-py3.12.egg-info
[2.589s] running install_scripts
[2.797s] Installing down_sonar_node script to /home/submarine/ros_ws/install/sonars/lib/sonars
[2.798s] Installing front_sonar_node script to /home/submarine/ros_ws/install/sonars/lib/sonars
[2.799s] Installing side_sonar_node script to /home/submarine/ros_ws/install/sonars/lib/sonars
[2.801s] writing list of installed files to '/home/submarine/ros_ws/build/sonars/install.log'
[2.890s] Invoked command in '/home/submarine/ros_ws/src/sonars' returned '0': DEBUGINFOD_URLS=https://debuginfod.ubuntu.com PS1=(bluerobotics-ping) \[\e]0;\u@\h: \w\a\]${debian_chroot:+($debian_chroot)}\[\033[01;32m\]\u@\h\[\033[00m\]:\[\033[01;34m\]\w\[\033[00m\]\$ PYTHONPATH=/home/submarine/ros_ws/build/sonars/prefix_override:/usr/lib/python3/dist-packages/colcon_core/task/python/colcon_distutils_commands:/home/submarine/ros_ws/install/sonars/lib/python3.12/site-packages:${PYTHONPATH} VIRTUAL_ENV_PROMPT=(bluerobotics-ping) /usr/bin/python3 -W ignore:setup.py install is deprecated setup.py egg_info --egg-base ../../build/sonars build --build-base /home/submarine/ros_ws/build/sonars/build install --record /home/submarine/ros_ws/build/sonars/install.log --single-version-externally-managed install_data
