[0.043s] Invoking command in '/home/submarine/gridmap_ws/build/grid_map_loader': AMENT_PREFIX_PATH=/home/submarine/gridmap_ws/install/grid_map_ros:/home/submarine/gridmap_ws/install/grid_map_cv:/home/submarine/gridmap_ws/install/grid_map_msgs:/home/submarine/gridmap_ws/install/grid_map_core:/home/submarine/gridmap_ws/install/grid_map_cmake_helpers:${AMENT_PREFIX_PATH} CMAKE_PREFIX_PATH=/home/submarine/gridmap_ws/install/grid_map_ros:/home/submarine/gridmap_ws/install/grid_map_cv:/home/submarine/gridmap_ws/install/grid_map_msgs:/home/submarine/gridmap_ws/install/grid_map_core:/home/submarine/gridmap_ws/install/grid_map_cmake_helpers:/home/submarine/submarine/ros_ws/install/ros_bt:/home/submarine/submarine/ros_ws/install/ros_interfaces:/home/submarine/submarine/ros_ws/install/ros2_sub:/home/submarine/submarine/ros_ws/install/btcpp_ros2_samples:/home/submarine/submarine/ros_ws/install/btcpp_ros2_interfaces:/home/submarine/submarine/ros_ws/install/behaviortree_ros2:/home/submarine/submarine/ros_ws/install/behaviortree_cpp:/opt/ros/humble LD_LIBRARY_PATH=/home/submarine/gridmap_ws/install/grid_map_ros/lib:/home/submarine/gridmap_ws/install/grid_map_cv/lib:/home/submarine/gridmap_ws/install/grid_map_msgs/lib:/home/submarine/gridmap_ws/install/grid_map_core/lib:${LD_LIBRARY_PATH} PYTHONPATH=/home/submarine/gridmap_ws/install/grid_map_msgs/local/lib/python3.10/dist-packages:${PYTHONPATH} /usr/bin/cmake /home/submarine/gridmap_ws/src/grid_map/grid_map_loader -DAMENT_CMAKE_SYMLINK_INSTALL=1 -DCMAKE_INSTALL_PREFIX=/home/submarine/gridmap_ws/install/grid_map_loader
[0.152s] -- The C compiler identification is GNU 11.4.0
[0.257s] -- The CXX compiler identification is GNU 11.4.0
[0.273s] -- Detecting C compiler ABI info
[0.404s] -- Detecting C compiler ABI info - done
[0.419s] -- Check for working C compiler: /usr/bin/cc - skipped
[0.420s] -- Detecting C compile features
[0.421s] -- Detecting C compile features - done
[0.427s] -- Detecting CXX compiler ABI info
[0.578s] -- Detecting CXX compiler ABI info - done
[0.593s] -- Check for working CXX compiler: /usr/bin/c++ - skipped
[0.594s] -- Detecting CXX compile features
[0.595s] -- Detecting CXX compile features - done
[0.603s] -- Found ament_cmake: 1.3.8 (/opt/ros/humble/share/ament_cmake/cmake)
[0.921s] -- Found Python3: /usr/bin/python3 (found version "3.10.12") found components: Interpreter 
[1.028s] -- Override CMake install command with custom implementation using symlinks instead of copying resources
[1.111s] -- Found grid_map_cmake_helpers: 2.0.0 (/home/submarine/gridmap_ws/install/grid_map_cmake_helpers/share/grid_map_cmake_helpers/cmake)
[1.112s] -- Found grid_map_msgs: 2.0.0 (/home/submarine/gridmap_ws/install/grid_map_msgs/share/grid_map_msgs/cmake)
[1.211s] -- Found rosidl_generator_c: 3.1.5 (/opt/ros/humble/share/rosidl_generator_c/cmake)
[1.226s] -- Found rosidl_adapter: 3.1.5 (/opt/ros/humble/share/rosidl_adapter/cmake)
[1.248s] -- Found rosidl_generator_cpp: 3.1.5 (/opt/ros/humble/share/rosidl_generator_cpp/cmake)
[1.282s] -- Using all available rosidl_typesupport_c: rosidl_typesupport_fastrtps_c;rosidl_typesupport_introspection_c
[1.331s] -- Using all available rosidl_typesupport_cpp: rosidl_typesupport_fastrtps_cpp;rosidl_typesupport_introspection_cpp
[1.619s] -- Found grid_map_ros: 2.0.0 (/home/submarine/gridmap_ws/install/grid_map_ros/share/grid_map_ros/cmake)
[1.993s] -- Found rmw_implementation_cmake: 6.1.1 (/opt/ros/humble/share/rmw_implementation_cmake/cmake)
[1.999s] -- Found rmw_fastrtps_cpp: 6.2.6 (/opt/ros/humble/share/rmw_fastrtps_cpp/cmake)
[2.066s] -- Found TinyXML2 via Config file: TinyXML2_DIR-NOTFOUND
[2.184s] -- Found OpenSSL: /usr/lib/x86_64-linux-gnu/libcrypto.so (found version "3.0.2")  
[2.189s] -- Found TinyXML2 via Config file: TinyXML2_DIR-NOTFOUND
[2.218s] -- Found FastRTPS: /opt/ros/humble/include  
[2.233s] -- Found TinyXML2 via Config file: TinyXML2_DIR-NOTFOUND
[2.247s] -- Found TinyXML2 via Config file: TinyXML2_DIR-NOTFOUND
[2.267s] -- Using RMW implementation 'rmw_fastrtps_cpp' as default
[2.292s] -- Looking for pthread.h
[2.424s] -- Looking for pthread.h - found
[2.425s] -- Performing Test CMAKE_HAVE_LIBC_PTHREAD
[2.566s] -- Performing Test CMAKE_HAVE_LIBC_PTHREAD - Success
[2.568s] -- Found Threads: TRUE  
[4.274s] -- Setting build type to Release as none was specified.
[5.554s] -- Found ament_lint_auto: 0.12.10 (/opt/ros/humble/share/ament_lint_auto/cmake)
[5.733s] -- Added test 'cppcheck' to perform static code analysis on C / C++ code
[5.734s] -- Configured cppcheck include dirs: /home/submarine/gridmap_ws/src/grid_map/grid_map_loader/include
[5.734s] -- Configured cppcheck exclude dirs and/or files: 
[5.735s] -- Added test 'lint_cmake' to check CMake code style
[5.738s] -- Added test 'uncrustify' to check C / C++ code style
[5.738s] -- Configured uncrustify additional arguments: 
[5.739s] -- Added test 'xmllint' to check XML markup files
[5.745s] -- Configuring done
[5.899s] -- Generating done
[5.904s] -- Build files have been written to: /home/submarine/gridmap_ws/build/grid_map_loader
[5.932s] Invoked command in '/home/submarine/gridmap_ws/build/grid_map_loader' returned '0': AMENT_PREFIX_PATH=/home/submarine/gridmap_ws/install/grid_map_ros:/home/submarine/gridmap_ws/install/grid_map_cv:/home/submarine/gridmap_ws/install/grid_map_msgs:/home/submarine/gridmap_ws/install/grid_map_core:/home/submarine/gridmap_ws/install/grid_map_cmake_helpers:${AMENT_PREFIX_PATH} CMAKE_PREFIX_PATH=/home/submarine/gridmap_ws/install/grid_map_ros:/home/submarine/gridmap_ws/install/grid_map_cv:/home/submarine/gridmap_ws/install/grid_map_msgs:/home/submarine/gridmap_ws/install/grid_map_core:/home/submarine/gridmap_ws/install/grid_map_cmake_helpers:/home/submarine/submarine/ros_ws/install/ros_bt:/home/submarine/submarine/ros_ws/install/ros_interfaces:/home/submarine/submarine/ros_ws/install/ros2_sub:/home/submarine/submarine/ros_ws/install/btcpp_ros2_samples:/home/submarine/submarine/ros_ws/install/btcpp_ros2_interfaces:/home/submarine/submarine/ros_ws/install/behaviortree_ros2:/home/submarine/submarine/ros_ws/install/behaviortree_cpp:/opt/ros/humble LD_LIBRARY_PATH=/home/submarine/gridmap_ws/install/grid_map_ros/lib:/home/submarine/gridmap_ws/install/grid_map_cv/lib:/home/submarine/gridmap_ws/install/grid_map_msgs/lib:/home/submarine/gridmap_ws/install/grid_map_core/lib:${LD_LIBRARY_PATH} PYTHONPATH=/home/submarine/gridmap_ws/install/grid_map_msgs/local/lib/python3.10/dist-packages:${PYTHONPATH} /usr/bin/cmake /home/submarine/gridmap_ws/src/grid_map/grid_map_loader -DAMENT_CMAKE_SYMLINK_INSTALL=1 -DCMAKE_INSTALL_PREFIX=/home/submarine/gridmap_ws/install/grid_map_loader
[5.932s] Invoking command in '/home/submarine/gridmap_ws/build/grid_map_loader': AMENT_PREFIX_PATH=/home/submarine/gridmap_ws/install/grid_map_ros:/home/submarine/gridmap_ws/install/grid_map_cv:/home/submarine/gridmap_ws/install/grid_map_msgs:/home/submarine/gridmap_ws/install/grid_map_core:/home/submarine/gridmap_ws/install/grid_map_cmake_helpers:${AMENT_PREFIX_PATH} CMAKE_PREFIX_PATH=/home/submarine/gridmap_ws/install/grid_map_ros:/home/submarine/gridmap_ws/install/grid_map_cv:/home/submarine/gridmap_ws/install/grid_map_msgs:/home/submarine/gridmap_ws/install/grid_map_core:/home/submarine/gridmap_ws/install/grid_map_cmake_helpers:/home/submarine/submarine/ros_ws/install/ros_bt:/home/submarine/submarine/ros_ws/install/ros_interfaces:/home/submarine/submarine/ros_ws/install/ros2_sub:/home/submarine/submarine/ros_ws/install/btcpp_ros2_samples:/home/submarine/submarine/ros_ws/install/btcpp_ros2_interfaces:/home/submarine/submarine/ros_ws/install/behaviortree_ros2:/home/submarine/submarine/ros_ws/install/behaviortree_cpp:/opt/ros/humble LD_LIBRARY_PATH=/home/submarine/gridmap_ws/install/grid_map_ros/lib:/home/submarine/gridmap_ws/install/grid_map_cv/lib:/home/submarine/gridmap_ws/install/grid_map_msgs/lib:/home/submarine/gridmap_ws/install/grid_map_core/lib:${LD_LIBRARY_PATH} PYTHONPATH=/home/submarine/gridmap_ws/install/grid_map_msgs/local/lib/python3.10/dist-packages:${PYTHONPATH} /usr/bin/cmake --build /home/submarine/gridmap_ws/build/grid_map_loader -- -j8 -l8
[6.070s] [ 25%] [32mBuilding CXX object CMakeFiles/grid_map_loader_core.dir/src/GridMapLoader.cpp.o[0m
[54.637s] [ 50%] [32m[1mLinking CXX shared library libgrid_map_loader_core.so[0m
[55.463s] [ 50%] Built target grid_map_loader_core
[55.528s] [ 75%] [32mBuilding CXX object CMakeFiles/grid_map_loader.dir/src/grid_map_loader_node.cpp.o[0m
[65.649s] [100%] [32m[1mLinking CXX executable grid_map_loader[0m
[67.099s] [100%] Built target grid_map_loader
[67.139s] Invoked command in '/home/submarine/gridmap_ws/build/grid_map_loader' returned '0': AMENT_PREFIX_PATH=/home/submarine/gridmap_ws/install/grid_map_ros:/home/submarine/gridmap_ws/install/grid_map_cv:/home/submarine/gridmap_ws/install/grid_map_msgs:/home/submarine/gridmap_ws/install/grid_map_core:/home/submarine/gridmap_ws/install/grid_map_cmake_helpers:${AMENT_PREFIX_PATH} CMAKE_PREFIX_PATH=/home/submarine/gridmap_ws/install/grid_map_ros:/home/submarine/gridmap_ws/install/grid_map_cv:/home/submarine/gridmap_ws/install/grid_map_msgs:/home/submarine/gridmap_ws/install/grid_map_core:/home/submarine/gridmap_ws/install/grid_map_cmake_helpers:/home/submarine/submarine/ros_ws/install/ros_bt:/home/submarine/submarine/ros_ws/install/ros_interfaces:/home/submarine/submarine/ros_ws/install/ros2_sub:/home/submarine/submarine/ros_ws/install/btcpp_ros2_samples:/home/submarine/submarine/ros_ws/install/btcpp_ros2_interfaces:/home/submarine/submarine/ros_ws/install/behaviortree_ros2:/home/submarine/submarine/ros_ws/install/behaviortree_cpp:/opt/ros/humble LD_LIBRARY_PATH=/home/submarine/gridmap_ws/install/grid_map_ros/lib:/home/submarine/gridmap_ws/install/grid_map_cv/lib:/home/submarine/gridmap_ws/install/grid_map_msgs/lib:/home/submarine/gridmap_ws/install/grid_map_core/lib:${LD_LIBRARY_PATH} PYTHONPATH=/home/submarine/gridmap_ws/install/grid_map_msgs/local/lib/python3.10/dist-packages:${PYTHONPATH} /usr/bin/cmake --build /home/submarine/gridmap_ws/build/grid_map_loader -- -j8 -l8
[67.243s] Invoking command in '/home/submarine/gridmap_ws/build/grid_map_loader': AMENT_PREFIX_PATH=/home/submarine/gridmap_ws/install/grid_map_ros:/home/submarine/gridmap_ws/install/grid_map_cv:/home/submarine/gridmap_ws/install/grid_map_msgs:/home/submarine/gridmap_ws/install/grid_map_core:/home/submarine/gridmap_ws/install/grid_map_cmake_helpers:${AMENT_PREFIX_PATH} CMAKE_PREFIX_PATH=/home/submarine/gridmap_ws/install/grid_map_ros:/home/submarine/gridmap_ws/install/grid_map_cv:/home/submarine/gridmap_ws/install/grid_map_msgs:/home/submarine/gridmap_ws/install/grid_map_core:/home/submarine/gridmap_ws/install/grid_map_cmake_helpers:/home/submarine/submarine/ros_ws/install/ros_bt:/home/submarine/submarine/ros_ws/install/ros_interfaces:/home/submarine/submarine/ros_ws/install/ros2_sub:/home/submarine/submarine/ros_ws/install/btcpp_ros2_samples:/home/submarine/submarine/ros_ws/install/btcpp_ros2_interfaces:/home/submarine/submarine/ros_ws/install/behaviortree_ros2:/home/submarine/submarine/ros_ws/install/behaviortree_cpp:/opt/ros/humble LD_LIBRARY_PATH=/home/submarine/gridmap_ws/install/grid_map_ros/lib:/home/submarine/gridmap_ws/install/grid_map_cv/lib:/home/submarine/gridmap_ws/install/grid_map_msgs/lib:/home/submarine/gridmap_ws/install/grid_map_core/lib:${LD_LIBRARY_PATH} PYTHONPATH=/home/submarine/gridmap_ws/install/grid_map_msgs/local/lib/python3.10/dist-packages:${PYTHONPATH} /usr/bin/cmake --install /home/submarine/gridmap_ws/build/grid_map_loader
[67.264s] -- Install configuration: "Release"
[67.268s] -- Execute custom install script
[67.268s] -- Symlinking: /home/submarine/gridmap_ws/install/grid_map_loader/lib/libgrid_map_loader_core.so
[67.291s] -- Symlinking: /home/submarine/gridmap_ws/install/grid_map_loader/lib/grid_map_loader/grid_map_loader
[67.316s] -- Symlinking: /home/submarine/gridmap_ws/install/grid_map_loader/share/grid_map_loader/environment/library_path.sh
[67.340s] -- Symlinking: /home/submarine/gridmap_ws/install/grid_map_loader/share/grid_map_loader/environment/library_path.dsv
[67.363s] -- Symlinking: /home/submarine/gridmap_ws/install/grid_map_loader/share/ament_index/resource_index/package_run_dependencies/grid_map_loader
[67.387s] -- Symlinking: /home/submarine/gridmap_ws/install/grid_map_loader/share/ament_index/resource_index/parent_prefix_path/grid_map_loader
[67.414s] -- Symlinking: /home/submarine/gridmap_ws/install/grid_map_loader/share/grid_map_loader/environment/ament_prefix_path.sh
[67.448s] -- Symlinking: /home/submarine/gridmap_ws/install/grid_map_loader/share/grid_map_loader/environment/ament_prefix_path.dsv
[67.471s] -- Symlinking: /home/submarine/gridmap_ws/install/grid_map_loader/share/grid_map_loader/environment/path.sh
[67.496s] -- Symlinking: /home/submarine/gridmap_ws/install/grid_map_loader/share/grid_map_loader/environment/path.dsv
[67.520s] -- Symlinking: /home/submarine/gridmap_ws/install/grid_map_loader/share/grid_map_loader/local_setup.bash
[67.545s] -- Symlinking: /home/submarine/gridmap_ws/install/grid_map_loader/share/grid_map_loader/local_setup.sh
[67.571s] -- Symlinking: /home/submarine/gridmap_ws/install/grid_map_loader/share/grid_map_loader/local_setup.zsh
[67.600s] -- Symlinking: /home/submarine/gridmap_ws/install/grid_map_loader/share/grid_map_loader/local_setup.dsv
[67.629s] -- Symlinking: /home/submarine/gridmap_ws/install/grid_map_loader/share/grid_map_loader/package.dsv
[67.661s] -- Symlinking: /home/submarine/gridmap_ws/install/grid_map_loader/share/ament_index/resource_index/packages/grid_map_loader
[67.689s] -- Symlinking: /home/submarine/gridmap_ws/install/grid_map_loader/share/grid_map_loader/cmake/ament_cmake_export_include_directories-extras.cmake
[67.718s] -- Symlinking: /home/submarine/gridmap_ws/install/grid_map_loader/share/grid_map_loader/cmake/ament_cmake_export_dependencies-extras.cmake
[67.742s] -- Symlinking: /home/submarine/gridmap_ws/install/grid_map_loader/share/grid_map_loader/cmake/ament_cmake_export_libraries-extras.cmake
[67.770s] -- Symlinking: /home/submarine/gridmap_ws/install/grid_map_loader/share/grid_map_loader/cmake/grid_map_loaderConfig.cmake
[67.798s] -- Symlinking: /home/submarine/gridmap_ws/install/grid_map_loader/share/grid_map_loader/cmake/grid_map_loaderConfig-version.cmake
[67.829s] -- Symlinking: /home/submarine/gridmap_ws/install/grid_map_loader/share/grid_map_loader/package.xml
[67.871s] Invoked command in '/home/submarine/gridmap_ws/build/grid_map_loader' returned '0': AMENT_PREFIX_PATH=/home/submarine/gridmap_ws/install/grid_map_ros:/home/submarine/gridmap_ws/install/grid_map_cv:/home/submarine/gridmap_ws/install/grid_map_msgs:/home/submarine/gridmap_ws/install/grid_map_core:/home/submarine/gridmap_ws/install/grid_map_cmake_helpers:${AMENT_PREFIX_PATH} CMAKE_PREFIX_PATH=/home/submarine/gridmap_ws/install/grid_map_ros:/home/submarine/gridmap_ws/install/grid_map_cv:/home/submarine/gridmap_ws/install/grid_map_msgs:/home/submarine/gridmap_ws/install/grid_map_core:/home/submarine/gridmap_ws/install/grid_map_cmake_helpers:/home/submarine/submarine/ros_ws/install/ros_bt:/home/submarine/submarine/ros_ws/install/ros_interfaces:/home/submarine/submarine/ros_ws/install/ros2_sub:/home/submarine/submarine/ros_ws/install/btcpp_ros2_samples:/home/submarine/submarine/ros_ws/install/btcpp_ros2_interfaces:/home/submarine/submarine/ros_ws/install/behaviortree_ros2:/home/submarine/submarine/ros_ws/install/behaviortree_cpp:/opt/ros/humble LD_LIBRARY_PATH=/home/submarine/gridmap_ws/install/grid_map_ros/lib:/home/submarine/gridmap_ws/install/grid_map_cv/lib:/home/submarine/gridmap_ws/install/grid_map_msgs/lib:/home/submarine/gridmap_ws/install/grid_map_core/lib:${LD_LIBRARY_PATH} PYTHONPATH=/home/submarine/gridmap_ws/install/grid_map_msgs/local/lib/python3.10/dist-packages:${PYTHONPATH} /usr/bin/cmake --install /home/submarine/gridmap_ws/build/grid_map_loader
