[1.962s] Invoking command in '/home/submarine/ros_ws/src/orientation_package': DEBUGINFOD_URLS=https://debuginfod.ubuntu.com PS1=(bluerobotics-ping) \[\e]0;\u@\h: \w\a\]${debian_chroot:+($debian_chroot)}\[\033[01;32m\]\u@\h\[\033[00m\]:\[\033[01;34m\]\w\[\033[00m\]\$ PYTHONPATH=/home/submarine/ros_ws/build/orientation_package/prefix_override:/usr/lib/python3/dist-packages/colcon_core/task/python/colcon_distutils_commands:/home/submarine/ros_ws/install/orientation_package/lib/python3.12/site-packages:${PYTHONPATH} VIRTUAL_ENV_PROMPT=(bluerobotics-ping) /usr/bin/python3 -W ignore:setup.py install is deprecated setup.py egg_info --egg-base ../../build/orientation_package build --build-base /home/submarine/ros_ws/build/orientation_package/build install --record /home/submarine/ros_ws/build/orientation_package/install.log --single-version-externally-managed install_data
[2.377s] running egg_info
[2.409s] writing ../../build/orientation_package/orientation_package.egg-info/PKG-INFO
[2.410s] writing dependency_links to ../../build/orientation_package/orientation_package.egg-info/dependency_links.txt
[2.411s] writing entry points to ../../build/orientation_package/orientation_package.egg-info/entry_points.txt
[2.412s] writing requirements to ../../build/orientation_package/orientation_package.egg-info/requires.txt
[2.413s] writing top-level names to ../../build/orientation_package/orientation_package.egg-info/top_level.txt
[2.481s] reading manifest file '../../build/orientation_package/orientation_package.egg-info/SOURCES.txt'
[2.482s] adding license file 'LICENSE'
[2.483s] writing manifest file '../../build/orientation_package/orientation_package.egg-info/SOURCES.txt'
[2.483s] running build
[2.483s] running build_py
[2.483s] copying orientation_package/orientation_publisher.py -> /home/submarine/ros_ws/build/orientation_package/build/lib/orientation_package
[2.484s] running install
[2.494s] running install_lib
[2.525s] copying /home/submarine/ros_ws/build/orientation_package/build/lib/orientation_package/orientation_publisher.py -> /home/submarine/ros_ws/install/orientation_package/lib/python3.12/site-packages/orientation_package
[2.526s] byte-compiling /home/submarine/ros_ws/install/orientation_package/lib/python3.12/site-packages/orientation_package/orientation_publisher.py to orientation_publisher.cpython-312.pyc
[2.527s] running install_data
[2.528s] running install_egg_info
[2.560s] removing '/home/submarine/ros_ws/install/orientation_package/lib/python3.12/site-packages/orientation_package-0.0.1-py3.12.egg-info' (and everything under it)
[2.560s] Copying ../../build/orientation_package/orientation_package.egg-info to /home/submarine/ros_ws/install/orientation_package/lib/python3.12/site-packages/orientation_package-0.0.1-py3.12.egg-info
[2.562s] running install_scripts
[2.770s] Installing imu script to /home/submarine/ros_ws/install/orientation_package/lib/orientation_package
[2.770s] Installing orientation_publisher script to /home/submarine/ros_ws/install/orientation_package/lib/orientation_package
[2.772s] writing list of installed files to '/home/submarine/ros_ws/build/orientation_package/install.log'
[2.856s] Invoked command in '/home/submarine/ros_ws/src/orientation_package' returned '0': DEBUGINFOD_URLS=https://debuginfod.ubuntu.com PS1=(bluerobotics-ping) \[\e]0;\u@\h: \w\a\]${debian_chroot:+($debian_chroot)}\[\033[01;32m\]\u@\h\[\033[00m\]:\[\033[01;34m\]\w\[\033[00m\]\$ PYTHONPATH=/home/submarine/ros_ws/build/orientation_package/prefix_override:/usr/lib/python3/dist-packages/colcon_core/task/python/colcon_distutils_commands:/home/submarine/ros_ws/install/orientation_package/lib/python3.12/site-packages:${PYTHONPATH} VIRTUAL_ENV_PROMPT=(bluerobotics-ping) /usr/bin/python3 -W ignore:setup.py install is deprecated setup.py egg_info --egg-base ../../build/orientation_package build --build-base /home/submarine/ros_ws/build/orientation_package/build install --record /home/submarine/ros_ws/build/orientation_package/install.log --single-version-externally-managed install_data
