[0.017s] Invoking command in '/home/submarine/gridmap_ws/build/grid_map_cmake_helpers': CMAKE_PREFIX_PATH=${CMAKE_PREFIX_PATH}:/opt/ros/humble /usr/bin/cmake /home/submarine/gridmap_ws/src/grid_map/grid_map_cmake_helpers -DAMENT_CMAKE_SYMLINK_INSTALL=1 -DCMAKE_INSTALL_PREFIX=/home/submarine/gridmap_ws/install/grid_map_cmake_helpers
[0.056s] -- Found ament_cmake_core: 1.3.8 (/opt/ros/humble/share/ament_cmake_core/cmake)
[0.331s] -- Found Python3: /usr/bin/python3 (found version "3.10.12") found components: Interpreter 
[0.404s] -- Override CMake install command with custom implementation using symlinks instead of copying resources
[0.523s] -- Configuring done
[0.526s] -- Generating done
[0.527s] -- Build files have been written to: /home/submarine/gridmap_ws/build/grid_map_cmake_helpers
[0.531s] Invoked command in '/home/submarine/gridmap_ws/build/grid_map_cmake_helpers' returned '0': CMAKE_PREFIX_PATH=${CMAKE_PREFIX_PATH}:/opt/ros/humble /usr/bin/cmake /home/submarine/gridmap_ws/src/grid_map/grid_map_cmake_helpers -DAMENT_CMAKE_SYMLINK_INSTALL=1 -DCMAKE_INSTALL_PREFIX=/home/submarine/gridmap_ws/install/grid_map_cmake_helpers
[0.535s] Invoking command in '/home/submarine/gridmap_ws/build/grid_map_cmake_helpers': CMAKE_PREFIX_PATH=${CMAKE_PREFIX_PATH}:/opt/ros/humble /usr/bin/cmake --build /home/submarine/gridmap_ws/build/grid_map_cmake_helpers -- -j8 -l8
[0.611s] Invoked command in '/home/submarine/gridmap_ws/build/grid_map_cmake_helpers' returned '0': CMAKE_PREFIX_PATH=${CMAKE_PREFIX_PATH}:/opt/ros/humble /usr/bin/cmake --build /home/submarine/gridmap_ws/build/grid_map_cmake_helpers -- -j8 -l8
[0.661s] Invoking command in '/home/submarine/gridmap_ws/build/grid_map_cmake_helpers': CMAKE_PREFIX_PATH=${CMAKE_PREFIX_PATH}:/opt/ros/humble /usr/bin/cmake --install /home/submarine/gridmap_ws/build/grid_map_cmake_helpers
[0.673s] -- Install configuration: ""
[0.674s] -- Execute custom install script
[0.674s] -- Symlinking: /home/submarine/gridmap_ws/install/grid_map_cmake_helpers/share/ament_index/resource_index/package_run_dependencies/grid_map_cmake_helpers
[0.698s] -- Symlinking: /home/submarine/gridmap_ws/install/grid_map_cmake_helpers/share/ament_index/resource_index/parent_prefix_path/grid_map_cmake_helpers
[0.722s] -- Symlinking: /home/submarine/gridmap_ws/install/grid_map_cmake_helpers/share/grid_map_cmake_helpers/environment/ament_prefix_path.sh
[0.745s] -- Symlinking: /home/submarine/gridmap_ws/install/grid_map_cmake_helpers/share/grid_map_cmake_helpers/environment/ament_prefix_path.dsv
[0.760s] -- Symlinking: /home/submarine/gridmap_ws/install/grid_map_cmake_helpers/share/grid_map_cmake_helpers/environment/path.sh
[0.776s] -- Symlinking: /home/submarine/gridmap_ws/install/grid_map_cmake_helpers/share/grid_map_cmake_helpers/environment/path.dsv
[0.791s] -- Symlinking: /home/submarine/gridmap_ws/install/grid_map_cmake_helpers/share/grid_map_cmake_helpers/local_setup.bash
[0.817s] -- Symlinking: /home/submarine/gridmap_ws/install/grid_map_cmake_helpers/share/grid_map_cmake_helpers/local_setup.sh
[0.841s] -- Symlinking: /home/submarine/gridmap_ws/install/grid_map_cmake_helpers/share/grid_map_cmake_helpers/local_setup.zsh
[0.865s] -- Symlinking: /home/submarine/gridmap_ws/install/grid_map_cmake_helpers/share/grid_map_cmake_helpers/local_setup.dsv
[0.889s] -- Symlinking: /home/submarine/gridmap_ws/install/grid_map_cmake_helpers/share/grid_map_cmake_helpers/package.dsv
[0.913s] -- Symlinking: /home/submarine/gridmap_ws/install/grid_map_cmake_helpers/share/ament_index/resource_index/packages/grid_map_cmake_helpers
[0.936s] -- Symlinking: /home/submarine/gridmap_ws/install/grid_map_cmake_helpers/share/grid_map_cmake_helpers/cmake/grid_map_cmake_helpers-extras.cmake
[0.961s] -- Symlinking: /home/submarine/gridmap_ws/install/grid_map_cmake_helpers/share/grid_map_cmake_helpers/cmake/grid_map_cmake_helpersConfig.cmake
[0.976s] -- Symlinking: /home/submarine/gridmap_ws/install/grid_map_cmake_helpers/share/grid_map_cmake_helpers/cmake/grid_map_cmake_helpersConfig-version.cmake
[1.000s] -- Symlinking: /home/submarine/gridmap_ws/install/grid_map_cmake_helpers/share/grid_map_cmake_helpers/package.xml
[1.024s] -- Symlinking: /home/submarine/gridmap_ws/install/grid_map_cmake_helpers/share/grid_map_cmake_helpers/cmake/grid_map_package.cmake
[1.050s] Invoked command in '/home/submarine/gridmap_ws/build/grid_map_cmake_helpers' returned '0': CMAKE_PREFIX_PATH=${CMAKE_PREFIX_PATH}:/opt/ros/humble /usr/bin/cmake --install /home/submarine/gridmap_ws/build/grid_map_cmake_helpers
