running egg_info
writing ../../build/orientation_package/orientation_package.egg-info/PKG-INFO
writing dependency_links to ../../build/orientation_package/orientation_package.egg-info/dependency_links.txt
writing entry points to ../../build/orientation_package/orientation_package.egg-info/entry_points.txt
writing requirements to ../../build/orientation_package/orientation_package.egg-info/requires.txt
writing top-level names to ../../build/orientation_package/orientation_package.egg-info/top_level.txt
reading manifest file '../../build/orientation_package/orientation_package.egg-info/SOURCES.txt'
adding license file 'LICENSE'
writing manifest file '../../build/orientation_package/orientation_package.egg-info/SOURCES.txt'
running build
running build_py
running install
running install_lib
running install_data
running install_egg_info
removing '/home/submarine/ros_ws/install/orientation_package/lib/python3.12/site-packages/orientation_package-0.0.1-py3.12.egg-info' (and everything under it)
Copying ../../build/orientation_package/orientation_package.egg-info to /home/submarine/ros_ws/install/orientation_package/lib/python3.12/site-packages/orientation_package-0.0.1-py3.12.egg-info
running install_scripts
Installing imu script to /home/submarine/ros_ws/install/orientation_package/lib/orientation_package
Installing orientation_publisher script to /home/submarine/ros_ws/install/orientation_package/lib/orientation_package
writing list of installed files to '/home/submarine/ros_ws/build/orientation_package/install.log'
