[1.989s] Invoking command in '/home/submarine/ros_ws/src/orientation_package': DEBUGINFOD_URLS=https://debuginfod.ubuntu.com PS1=(bluerobotics-ping) \[\e]0;\u@\h: \w\a\]${debian_chroot:+($debian_chroot)}\[\033[01;32m\]\u@\h\[\033[00m\]:\[\033[01;34m\]\w\[\033[00m\]\$ PYTHONPATH=/home/submarine/ros_ws/build/orientation_package/prefix_override:/usr/lib/python3/dist-packages/colcon_core/task/python/colcon_distutils_commands:/home/submarine/ros_ws/install/orientation_package/lib/python3.12/site-packages:${PYTHONPATH} VIRTUAL_ENV_PROMPT=(bluerobotics-ping) /usr/bin/python3 -W ignore:setup.py install is deprecated setup.py egg_info --egg-base ../../build/orientation_package build --build-base /home/submarine/ros_ws/build/orientation_package/build install --record /home/submarine/ros_ws/build/orientation_package/install.log --single-version-externally-managed install_data
[2.499s] running egg_info
[2.530s] writing ../../build/orientation_package/orientation_package.egg-info/PKG-INFO
[2.530s] writing dependency_links to ../../build/orientation_package/orientation_package.egg-info/dependency_links.txt
[2.531s] writing entry points to ../../build/orientation_package/orientation_package.egg-info/entry_points.txt
[2.532s] writing requirements to ../../build/orientation_package/orientation_package.egg-info/requires.txt
[2.532s] writing top-level names to ../../build/orientation_package/orientation_package.egg-info/top_level.txt
[2.604s] reading manifest file '../../build/orientation_package/orientation_package.egg-info/SOURCES.txt'
[2.605s] adding license file 'LICENSE'
[2.606s] writing manifest file '../../build/orientation_package/orientation_package.egg-info/SOURCES.txt'
[2.606s] running build
[2.607s] running build_py
[2.607s] running install
[2.619s] running install_lib
[2.658s] running install_data
[2.658s] running install_egg_info
[2.702s] removing '/home/submarine/ros_ws/install/orientation_package/lib/python3.12/site-packages/orientation_package-0.0.1-py3.12.egg-info' (and everything under it)
[2.705s] Copying ../../build/orientation_package/orientation_package.egg-info to /home/submarine/ros_ws/install/orientation_package/lib/python3.12/site-packages/orientation_package-0.0.1-py3.12.egg-info
[2.705s] running install_scripts
[2.975s] Installing imu script to /home/submarine/ros_ws/install/orientation_package/lib/orientation_package
[2.975s] Installing orientation_publisher script to /home/submarine/ros_ws/install/orientation_package/lib/orientation_package
[2.979s] writing list of installed files to '/home/submarine/ros_ws/build/orientation_package/install.log'
[3.150s] Invoked command in '/home/submarine/ros_ws/src/orientation_package' returned '0': DEBUGINFOD_URLS=https://debuginfod.ubuntu.com PS1=(bluerobotics-ping) \[\e]0;\u@\h: \w\a\]${debian_chroot:+($debian_chroot)}\[\033[01;32m\]\u@\h\[\033[00m\]:\[\033[01;34m\]\w\[\033[00m\]\$ PYTHONPATH=/home/submarine/ros_ws/build/orientation_package/prefix_override:/usr/lib/python3/dist-packages/colcon_core/task/python/colcon_distutils_commands:/home/submarine/ros_ws/install/orientation_package/lib/python3.12/site-packages:${PYTHONPATH} VIRTUAL_ENV_PROMPT=(bluerobotics-ping) /usr/bin/python3 -W ignore:setup.py install is deprecated setup.py egg_info --egg-base ../../build/orientation_package build --build-base /home/submarine/ros_ws/build/orientation_package/build install --record /home/submarine/ros_ws/build/orientation_package/install.log --single-version-externally-managed install_data
