running egg_info
creating ../../build/sonars/sonars.egg-info
writing ../../build/sonars/sonars.egg-info/PKG-INFO
writing dependency_links to ../../build/sonars/sonars.egg-info/dependency_links.txt
writing entry points to ../../build/sonars/sonars.egg-info/entry_points.txt
writing requirements to ../../build/sonars/sonars.egg-info/requires.txt
writing top-level names to ../../build/sonars/sonars.egg-info/top_level.txt
writing manifest file '../../build/sonars/sonars.egg-info/SOURCES.txt'
reading manifest file '../../build/sonars/sonars.egg-info/SOURCES.txt'
writing manifest file '../../build/sonars/sonars.egg-info/SOURCES.txt'
running build
running build_py
creating /home/submarine/ros_ws/build/sonars/build
creating /home/submarine/ros_ws/build/sonars/build/lib
creating /home/submarine/ros_ws/build/sonars/build/lib/sonars
copying sonars/down_sonar_node.py -> /home/submarine/ros_ws/build/sonars/build/lib/sonars
copying sonars/__init__.py -> /home/submarine/ros_ws/build/sonars/build/lib/sonars
copying sonars/side_sonar_node.py -> /home/submarine/ros_ws/build/sonars/build/lib/sonars
running install
running install_lib
creating /home/submarine/ros_ws/install/sonars/lib/python3.12/site-packages/sonars
copying /home/submarine/ros_ws/build/sonars/build/lib/sonars/down_sonar_node.py -> /home/submarine/ros_ws/install/sonars/lib/python3.12/site-packages/sonars
copying /home/submarine/ros_ws/build/sonars/build/lib/sonars/__init__.py -> /home/submarine/ros_ws/install/sonars/lib/python3.12/site-packages/sonars
copying /home/submarine/ros_ws/build/sonars/build/lib/sonars/side_sonar_node.py -> /home/submarine/ros_ws/install/sonars/lib/python3.12/site-packages/sonars
byte-compiling /home/submarine/ros_ws/install/sonars/lib/python3.12/site-packages/sonars/down_sonar_node.py to down_sonar_node.cpython-312.pyc
byte-compiling /home/submarine/ros_ws/install/sonars/lib/python3.12/site-packages/sonars/__init__.py to __init__.cpython-312.pyc
byte-compiling /home/submarine/ros_ws/install/sonars/lib/python3.12/site-packages/sonars/side_sonar_node.py to side_sonar_node.cpython-312.pyc
running install_data
creating /home/submarine/ros_ws/install/sonars/share/ament_index
creating /home/submarine/ros_ws/install/sonars/share/ament_index/resource_index
creating /home/submarine/ros_ws/install/sonars/share/ament_index/resource_index/packages
copying resource/sonars -> /home/submarine/ros_ws/install/sonars/share/ament_index/resource_index/packages
copying package.xml -> /home/submarine/ros_ws/install/sonars/share/sonars
running install_egg_info
Copying ../../build/sonars/sonars.egg-info to /home/submarine/ros_ws/install/sonars/lib/python3.12/site-packages/sonars-0.0.0-py3.12.egg-info
running install_scripts
Installing down_sonar_node script to /home/submarine/ros_ws/install/sonars/lib/sonars
Installing side_sonar_node script to /home/submarine/ros_ws/install/sonars/lib/sonars
writing list of installed files to '/home/submarine/ros_ws/build/sonars/install.log'
