[0.036s] Invoking command in '/home/submarine/ros_ws/build/octomap_rviz_plugins': CMAKE_PREFIX_PATH=${CMAKE_PREFIX_PATH}:/home/submarine/ros_ws/install/speed_sensor:/home/submarine/ros_ws/install/sonars:/home/submarine/ros_ws/install/servo_node:/home/submarine/ryans_ws/install/orientation_package:/opt/ros/jazzy DEBUGINFOD_URLS=https://debuginfod.ubuntu.com /usr/bin/cmake --build /home/submarine/ros_ws/build/octomap_rviz_plugins -- -j4 -l4
[0.232s] [  0%] Built target octomap_rviz_plugins_autogen_timestamp_deps
[0.406s] [ 10%] Built target octomap_rviz_plugins_autogen
[0.670s] [100%] Built target octomap_rviz_plugins
[0.719s] Invoked command in '/home/submarine/ros_ws/build/octomap_rviz_plugins' returned '0': CMAKE_PREFIX_PATH=${CMAKE_PREFIX_PATH}:/home/submarine/ros_ws/install/speed_sensor:/home/submarine/ros_ws/install/sonars:/home/submarine/ros_ws/install/servo_node:/home/submarine/ryans_ws/install/orientation_package:/opt/ros/jazzy DEBUGINFOD_URLS=https://debuginfod.ubuntu.com /usr/bin/cmake --build /home/submarine/ros_ws/build/octomap_rviz_plugins -- -j4 -l4
[0.840s] Invoking command in '/home/submarine/ros_ws/build/octomap_rviz_plugins': CMAKE_PREFIX_PATH=${CMAKE_PREFIX_PATH}:/home/submarine/ros_ws/install/speed_sensor:/home/submarine/ros_ws/install/sonars:/home/submarine/ros_ws/install/servo_node:/home/submarine/ryans_ws/install/orientation_package:/opt/ros/jazzy DEBUGINFOD_URLS=https://debuginfod.ubuntu.com /usr/bin/cmake --install /home/submarine/ros_ws/build/octomap_rviz_plugins
[0.875s] -- Install configuration: ""
[0.876s] -- Up-to-date: /home/submarine/ros_ws/install/octomap_rviz_plugins/share/octomap_rviz_plugins/plugins_description.xml
[0.876s] -- Up-to-date: /home/submarine/ros_ws/install/octomap_rviz_plugins/include
[0.876s] -- Up-to-date: /home/submarine/ros_ws/install/octomap_rviz_plugins/include/octomap_rviz_plugins
[0.876s] -- Up-to-date: /home/submarine/ros_ws/install/octomap_rviz_plugins/include/octomap_rviz_plugins/occupancy_grid_display.hpp
[0.876s] -- Up-to-date: /home/submarine/ros_ws/install/octomap_rviz_plugins/include/octomap_rviz_plugins/occupancy_map_display.hpp
[0.876s] -- Up-to-date: /home/submarine/ros_ws/install/octomap_rviz_plugins/share/octomap_rviz_plugins/environment/library_path.sh
[0.876s] -- Up-to-date: /home/submarine/ros_ws/install/octomap_rviz_plugins/share/octomap_rviz_plugins/environment/library_path.dsv
[0.877s] -- Up-to-date: /home/submarine/ros_ws/install/octomap_rviz_plugins/lib/liboctomap_rviz_plugins.so
[0.877s] -- Up-to-date: /home/submarine/ros_ws/install/octomap_rviz_plugins/share/octomap_rviz_plugins/icons
[0.877s] -- Up-to-date: /home/submarine/ros_ws/install/octomap_rviz_plugins/share/octomap_rviz_plugins/icons/classes
[0.878s] -- Up-to-date: /home/submarine/ros_ws/install/octomap_rviz_plugins/share/octomap_rviz_plugins/icons/classes/OccupancyMapStamped.png
[0.878s] -- Up-to-date: /home/submarine/ros_ws/install/octomap_rviz_plugins/share/octomap_rviz_plugins/icons/classes/OccupancyGrid.png
[0.879s] -- Up-to-date: /home/submarine/ros_ws/install/octomap_rviz_plugins/share/octomap_rviz_plugins/icons/classes/ColorOccupancyGrid.png
[0.879s] -- Up-to-date: /home/submarine/ros_ws/install/octomap_rviz_plugins/share/octomap_rviz_plugins/icons/classes/OccupancyGridStamped.png
[0.879s] -- Up-to-date: /home/submarine/ros_ws/install/octomap_rviz_plugins/share/octomap_rviz_plugins/icons/classes/OccupancyMap.png
[0.879s] -- Up-to-date: /home/submarine/ros_ws/install/octomap_rviz_plugins/share/ament_index/resource_index/package_run_dependencies/octomap_rviz_plugins
[0.879s] -- Up-to-date: /home/submarine/ros_ws/install/octomap_rviz_plugins/share/ament_index/resource_index/parent_prefix_path/octomap_rviz_plugins
[0.879s] -- Up-to-date: /home/submarine/ros_ws/install/octomap_rviz_plugins/share/octomap_rviz_plugins/environment/ament_prefix_path.sh
[0.879s] -- Up-to-date: /home/submarine/ros_ws/install/octomap_rviz_plugins/share/octomap_rviz_plugins/environment/ament_prefix_path.dsv
[0.879s] -- Up-to-date: /home/submarine/ros_ws/install/octomap_rviz_plugins/share/octomap_rviz_plugins/environment/path.sh
[0.879s] -- Up-to-date: /home/submarine/ros_ws/install/octomap_rviz_plugins/share/octomap_rviz_plugins/environment/path.dsv
[0.879s] -- Up-to-date: /home/submarine/ros_ws/install/octomap_rviz_plugins/share/octomap_rviz_plugins/local_setup.bash
[0.879s] -- Up-to-date: /home/submarine/ros_ws/install/octomap_rviz_plugins/share/octomap_rviz_plugins/local_setup.sh
[0.880s] -- Up-to-date: /home/submarine/ros_ws/install/octomap_rviz_plugins/share/octomap_rviz_plugins/local_setup.zsh
[0.880s] -- Up-to-date: /home/submarine/ros_ws/install/octomap_rviz_plugins/share/octomap_rviz_plugins/local_setup.dsv
[0.880s] -- Installing: /home/submarine/ros_ws/install/octomap_rviz_plugins/share/octomap_rviz_plugins/package.dsv
[0.880s] -- Up-to-date: /home/submarine/ros_ws/install/octomap_rviz_plugins/share/ament_index/resource_index/packages/octomap_rviz_plugins
[0.881s] -- Up-to-date: /home/submarine/ros_ws/install/octomap_rviz_plugins/share/ament_index/resource_index/rviz_common__pluginlib__plugin/octomap_rviz_plugins
[0.881s] -- Up-to-date: /home/submarine/ros_ws/install/octomap_rviz_plugins/share/octomap_rviz_plugins/cmake/ament_cmake_export_dependencies-extras.cmake
[0.881s] -- Up-to-date: /home/submarine/ros_ws/install/octomap_rviz_plugins/share/octomap_rviz_plugins/cmake/ament_cmake_export_include_directories-extras.cmake
[0.881s] -- Up-to-date: /home/submarine/ros_ws/install/octomap_rviz_plugins/share/octomap_rviz_plugins/cmake/ament_cmake_export_libraries-extras.cmake
[0.881s] -- Up-to-date: /home/submarine/ros_ws/install/octomap_rviz_plugins/share/octomap_rviz_plugins/cmake/octomap_rviz_pluginsConfig.cmake
[0.881s] -- Up-to-date: /home/submarine/ros_ws/install/octomap_rviz_plugins/share/octomap_rviz_plugins/cmake/octomap_rviz_pluginsConfig-version.cmake
[0.881s] -- Up-to-date: /home/submarine/ros_ws/install/octomap_rviz_plugins/share/octomap_rviz_plugins/package.xml
[0.887s] Invoked command in '/home/submarine/ros_ws/build/octomap_rviz_plugins' returned '0': CMAKE_PREFIX_PATH=${CMAKE_PREFIX_PATH}:/home/submarine/ros_ws/install/speed_sensor:/home/submarine/ros_ws/install/sonars:/home/submarine/ros_ws/install/servo_node:/home/submarine/ryans_ws/install/orientation_package:/opt/ros/jazzy DEBUGINFOD_URLS=https://debuginfod.ubuntu.com /usr/bin/cmake --install /home/submarine/ros_ws/build/octomap_rviz_plugins
