[2.302s] Invoking command in '/home/submarine/ros_ws/src/sonars': DEBUGINFOD_URLS=https://debuginfod.ubuntu.com PS1=(bluerobotics-ping) \[\e]0;\u@\h: \w\a\]${debian_chroot:+($debian_chroot)}\[\033[01;32m\]\u@\h\[\033[00m\]:\[\033[01;34m\]\w\[\033[00m\]\$ PYTHONPATH=/home/submarine/ros_ws/build/sonars/prefix_override:/usr/lib/python3/dist-packages/colcon_core/task/python/colcon_distutils_commands:/home/submarine/ros_ws/install/sonars/lib/python3.12/site-packages:${PYTHONPATH} VIRTUAL_ENV_PROMPT=(bluerobotics-ping) /usr/bin/python3 -W ignore:setup.py install is deprecated setup.py egg_info --egg-base ../../build/sonars build --build-base /home/submarine/ros_ws/build/sonars/build install --record /home/submarine/ros_ws/build/sonars/install.log --single-version-externally-managed install_data
[2.925s] running egg_info
[2.978s] writing ../../build/sonars/sonars.egg-info/PKG-INFO
[2.980s] writing dependency_links to ../../build/sonars/sonars.egg-info/dependency_links.txt
[2.980s] writing entry points to ../../build/sonars/sonars.egg-info/entry_points.txt
[2.980s] writing requirements to ../../build/sonars/sonars.egg-info/requires.txt
[2.982s] writing top-level names to ../../build/sonars/sonars.egg-info/top_level.txt
[3.075s] reading manifest file '../../build/sonars/sonars.egg-info/SOURCES.txt'
[3.075s] writing manifest file '../../build/sonars/sonars.egg-info/SOURCES.txt'
[3.076s] running build
[3.077s] running build_py
[3.077s] running install
[3.089s] running install_lib
[3.133s] running install_data
[3.133s] running install_egg_info
[3.178s] removing '/home/submarine/ros_ws/install/sonars/lib/python3.12/site-packages/sonars-0.0.0-py3.12.egg-info' (and everything under it)
[3.179s] Copying ../../build/sonars/sonars.egg-info to /home/submarine/ros_ws/install/sonars/lib/python3.12/site-packages/sonars-0.0.0-py3.12.egg-info
[3.182s] running install_scripts
[3.479s] Installing down_sonar_node script to /home/submarine/ros_ws/install/sonars/lib/sonars
[3.480s] Installing front_sonar_node script to /home/submarine/ros_ws/install/sonars/lib/sonars
[3.482s] Installing side_sonar_node script to /home/submarine/ros_ws/install/sonars/lib/sonars
[3.484s] writing list of installed files to '/home/submarine/ros_ws/build/sonars/install.log'
[3.653s] Invoked command in '/home/submarine/ros_ws/src/sonars' returned '0': DEBUGINFOD_URLS=https://debuginfod.ubuntu.com PS1=(bluerobotics-ping) \[\e]0;\u@\h: \w\a\]${debian_chroot:+($debian_chroot)}\[\033[01;32m\]\u@\h\[\033[00m\]:\[\033[01;34m\]\w\[\033[00m\]\$ PYTHONPATH=/home/submarine/ros_ws/build/sonars/prefix_override:/usr/lib/python3/dist-packages/colcon_core/task/python/colcon_distutils_commands:/home/submarine/ros_ws/install/sonars/lib/python3.12/site-packages:${PYTHONPATH} VIRTUAL_ENV_PROMPT=(bluerobotics-ping) /usr/bin/python3 -W ignore:setup.py install is deprecated setup.py egg_info --egg-base ../../build/sonars build --build-base /home/submarine/ros_ws/build/sonars/build install --record /home/submarine/ros_ws/build/sonars/install.log --single-version-externally-managed install_data
