[0.029s] Invoking command in '/home/submarine/ros_ws/build/ros_bt': CMAKE_PREFIX_PATH=${CMAKE_PREFIX_PATH}:/home/submarine/ros_ws/install/speed_sensor:/home/submarine/ros_ws/install/sonars:/home/submarine/ros_ws/install/servo_node:/home/submarine/ryans_ws/install/orientation_package:/opt/ros/jazzy DEBUGINFOD_URLS=https://debuginfod.ubuntu.com /usr/bin/cmake /home/submarine/ros_ws/src/ros_bt -DCMAKE_INSTALL_PREFIX=/home/submarine/ros_ws/install/ros_bt
[0.325s] -- The C compiler identification is GNU 13.2.0
[0.614s] -- The CXX compiler identification is GNU 13.2.0
[0.670s] -- Detecting C compiler ABI info
[1.167s] -- Detecting C compiler ABI info - done
[1.202s] -- Check for working C compiler: /usr/bin/cc - skipped
[1.203s] -- Detecting C compile features
[1.209s] -- Detecting C compile features - done
[1.245s] -- Detecting CXX compiler ABI info
[1.853s] -- Detecting CXX compiler ABI info - done
[1.893s] -- Check for working CXX compiler: /usr/bin/c++ - skipped
[1.902s] -- Detecting CXX compile features
[1.902s] -- Detecting CXX compile features - done
[1.918s] -- Found ament_cmake: 2.5.2 (/opt/ros/jazzy/share/ament_cmake/cmake)
[2.704s] -- Found Python3: /usr/bin/python3 (found version "3.12.3") found components: Interpreter 
[3.215s] -- Found rclcpp: 28.1.3 (/opt/ros/jazzy/share/rclcpp/cmake)
[3.351s] -- Found rosidl_generator_c: 4.6.3 (/opt/ros/jazzy/share/rosidl_generator_c/cmake)
[3.439s] -- Found rosidl_generator_cpp: 4.6.3 (/opt/ros/jazzy/share/rosidl_generator_cpp/cmake)
[3.526s] -- Using all available rosidl_typesupport_c: rosidl_typesupport_fastrtps_c;rosidl_typesupport_introspection_c
[3.631s] -- Using all available rosidl_typesupport_cpp: rosidl_typesupport_fastrtps_cpp;rosidl_typesupport_introspection_cpp
[4.014s] -- Found rmw_implementation_cmake: 7.3.1 (/opt/ros/jazzy/share/rmw_implementation_cmake/cmake)
[4.037s] -- Found rmw_fastrtps_cpp: 8.4.1 (/opt/ros/jazzy/share/rmw_fastrtps_cpp/cmake)
[4.436s] -- Found OpenSSL: /usr/lib/aarch64-linux-gnu/libcrypto.so (found version "3.0.13")  
[4.479s] -- Found FastRTPS: /opt/ros/jazzy/include (Required is at least version "2.13") 
[4.538s] -- Using RMW implementation 'rmw_fastrtps_cpp' as default
[4.719s] -- Found rclcpp_action: 28.1.3 (/opt/ros/jazzy/share/rclcpp_action/cmake)
[4.924s] -- Found rclcpp_components: 28.1.3 (/opt/ros/jazzy/share/rclcpp_components/cmake)
[5.104s] -- Found behaviortree_cpp: 4.6.2 (/opt/ros/jazzy/share/behaviortree_cpp/cmake)
[5.118s] -- Found behaviortree_ros2: 0.2.0 (/home/submarine/ros_ws/install/behaviortree_ros2/share/behaviortree_ros2/cmake)
[5.214s] -- Found parameter_traits: 0.3.8 (/opt/ros/jazzy/share/parameter_traits/cmake)
[5.262s] -- Found rclcpp_lifecycle: 28.1.3 (/opt/ros/jazzy/share/rclcpp_lifecycle/cmake)
[5.337s] -- Found nav2_msgs: 1.3.1 (/opt/ros/jazzy/share/nav2_msgs/cmake)
[5.995s] -- Found sensor_msgs: 5.3.5 (/opt/ros/jazzy/share/sensor_msgs/cmake)
[6.106s] -- Found tf2: 0.36.4 (/opt/ros/jazzy/share/tf2/cmake)
[6.126s] -- Found tf2_ros: 0.36.4 (/opt/ros/jazzy/share/tf2_ros/cmake)
[6.211s] -- Found tf2_geometry_msgs: 0.36.4 (/opt/ros/jazzy/share/tf2_geometry_msgs/cmake)
[6.241s] -- Found eigen3_cmake_module: 0.3.0 (/opt/ros/jazzy/share/eigen3_cmake_module/cmake)
[6.244s] -- Found Eigen3: TRUE (found version "3.4.0") 
[6.247s] -- Ensuring Eigen3 include directory is part of orocos-kdl CMake target
[6.265s] -- Found nav2_util: 1.3.1 (/opt/ros/jazzy/share/nav2_util/cmake)
[6.591s] -- Found octomap_msgs: 2.0.0 (/opt/ros/jazzy/share/octomap_msgs/cmake)
[6.686s] [31mCMake Error at CMakeLists.txt:27 (find_package):
[6.689s]   By not providing "Findoctomap_server.cmake" in CMAKE_MODULE_PATH this
[6.689s]   project has asked CMake to find a package configuration file provided by
[6.690s]   "octomap_server", but CMake did not find one.
[6.690s] 
[6.690s]   Could not find a package configuration file provided by "octomap_server"
[6.690s]   with any of the following names:
[6.690s] 
[6.690s]     octomap_serverConfig.cmake
[6.690s]     octomap_server-config.cmake
[6.690s] 
[6.690s]   Add the installation prefix of "octomap_server" to CMAKE_PREFIX_PATH or set
[6.691s]   "octomap_server_DIR" to a directory containing one of the above files.  If
[6.691s]   "octomap_server" provides a separate development package or SDK, be sure it
[6.691s]   has been installed.
[6.691s] 
[6.692s] [0m
[6.692s] -- Configuring incomplete, errors occurred!
[6.727s] Invoked command in '/home/submarine/ros_ws/build/ros_bt' returned '1': CMAKE_PREFIX_PATH=${CMAKE_PREFIX_PATH}:/home/submarine/ros_ws/install/speed_sensor:/home/submarine/ros_ws/install/sonars:/home/submarine/ros_ws/install/servo_node:/home/submarine/ryans_ws/install/orientation_package:/opt/ros/jazzy DEBUGINFOD_URLS=https://debuginfod.ubuntu.com /usr/bin/cmake /home/submarine/ros_ws/src/ros_bt -DCMAKE_INSTALL_PREFIX=/home/submarine/ros_ws/install/ros_bt
