[0.089s] Invoking command in '/home/submarine/gridmap_ws/build/grid_map_demos': AMENT_PREFIX_PATH=/home/submarine/gridmap_ws/install/grid_map_visualization:/home/submarine/gridmap_ws/install/grid_map_rviz_plugin:/home/submarine/gridmap_ws/install/grid_map_loader:/home/submarine/gridmap_ws/install/grid_map_filters:/home/submarine/gridmap_ws/install/grid_map_ros:/home/submarine/gridmap_ws/install/grid_map_octomap:/home/submarine/gridmap_ws/install/grid_map_cv:/home/submarine/gridmap_ws/install/grid_map_msgs:/home/submarine/gridmap_ws/install/grid_map_core:/home/submarine/gridmap_ws/install/grid_map_cmake_helpers:${AMENT_PREFIX_PATH} CMAKE_PREFIX_PATH=/home/submarine/gridmap_ws/install/grid_map_visualization:/home/submarine/gridmap_ws/install/grid_map_rviz_plugin:/home/submarine/gridmap_ws/install/grid_map_loader:/home/submarine/gridmap_ws/install/grid_map_filters:/home/submarine/gridmap_ws/install/grid_map_ros:/home/submarine/gridmap_ws/install/grid_map_octomap:/home/submarine/gridmap_ws/install/grid_map_cv:/home/submarine/gridmap_ws/install/grid_map_msgs:/home/submarine/gridmap_ws/install/grid_map_core:/home/submarine/gridmap_ws/install/grid_map_cmake_helpers:/home/submarine/submarine/ros_ws/install/ros_bt:/home/submarine/submarine/ros_ws/install/ros_interfaces:/home/submarine/submarine/ros_ws/install/ros2_sub:/home/submarine/submarine/ros_ws/install/btcpp_ros2_samples:/home/submarine/submarine/ros_ws/install/btcpp_ros2_interfaces:/home/submarine/submarine/ros_ws/install/behaviortree_ros2:/home/submarine/submarine/ros_ws/install/behaviortree_cpp:/opt/ros/humble LD_LIBRARY_PATH=/home/submarine/gridmap_ws/install/grid_map_visualization/lib:/home/submarine/gridmap_ws/install/grid_map_rviz_plugin/lib:/home/submarine/gridmap_ws/install/grid_map_loader/lib:/home/submarine/gridmap_ws/install/grid_map_filters/lib:/home/submarine/gridmap_ws/install/grid_map_ros/lib:/home/submarine/gridmap_ws/install/grid_map_octomap/lib:/home/submarine/gridmap_ws/install/grid_map_cv/lib:/home/submarine/gridmap_ws/install/grid_map_msgs/lib:/home/submarine/gridmap_ws/install/grid_map_core/lib:${LD_LIBRARY_PATH} PYTHONPATH=/home/submarine/gridmap_ws/install/grid_map_msgs/local/lib/python3.10/dist-packages:${PYTHONPATH} /usr/bin/cmake /home/submarine/gridmap_ws/src/grid_map/grid_map_demos -DAMENT_CMAKE_SYMLINK_INSTALL=1 -DCMAKE_INSTALL_PREFIX=/home/submarine/gridmap_ws/install/grid_map_demos
[0.258s] -- The C compiler identification is GNU 11.4.0
[0.384s] -- The CXX compiler identification is GNU 11.4.0
[0.408s] -- Detecting C compiler ABI info
[0.555s] -- Detecting C compiler ABI info - done
[0.574s] -- Check for working C compiler: /usr/bin/cc - skipped
[0.578s] -- Detecting C compile features
[0.579s] -- Detecting C compile features - done
[0.588s] -- Detecting CXX compiler ABI info
[0.776s] -- Detecting CXX compiler ABI info - done
[0.790s] -- Check for working CXX compiler: /usr/bin/c++ - skipped
[0.790s] -- Detecting CXX compile features
[0.790s] -- Detecting CXX compile features - done
[0.817s] -- Found ament_cmake: 1.3.8 (/opt/ros/humble/share/ament_cmake/cmake)
[1.135s] -- Found Python3: /usr/bin/python3 (found version "3.10.12") found components: Interpreter 
[1.253s] -- Override CMake install command with custom implementation using symlinks instead of copying resources
[1.358s] -- Found cv_bridge: 3.2.1 (/opt/ros/humble/share/cv_bridge/cmake)
[1.478s] -- Found rosidl_generator_c: 3.1.5 (/opt/ros/humble/share/rosidl_generator_c/cmake)
[1.495s] -- Found rosidl_adapter: 3.1.5 (/opt/ros/humble/share/rosidl_adapter/cmake)
[1.516s] -- Found rosidl_generator_cpp: 3.1.5 (/opt/ros/humble/share/rosidl_generator_cpp/cmake)
[1.554s] -- Using all available rosidl_typesupport_c: rosidl_typesupport_fastrtps_c;rosidl_typesupport_introspection_c
[1.596s] -- Using all available rosidl_typesupport_cpp: rosidl_typesupport_fastrtps_cpp;rosidl_typesupport_introspection_cpp
[1.928s] -- Found filters: 2.1.0 (/opt/ros/humble/share/filters/cmake)
[1.933s] -- Found grid_map_cmake_helpers: 2.0.0 (/home/submarine/gridmap_ws/install/grid_map_cmake_helpers/share/grid_map_cmake_helpers/cmake)
[1.936s] -- Found grid_map_core: 2.0.0 (/home/submarine/gridmap_ws/install/grid_map_core/share/grid_map_core/cmake)
[1.957s] -- Found grid_map_cv: 2.0.0 (/home/submarine/gridmap_ws/install/grid_map_cv/share/grid_map_cv/cmake)
[2.188s] -- Found rmw_implementation_cmake: 6.1.1 (/opt/ros/humble/share/rmw_implementation_cmake/cmake)
[2.198s] -- Found rmw_fastrtps_cpp: 6.2.6 (/opt/ros/humble/share/rmw_fastrtps_cpp/cmake)
[2.280s] -- Found TinyXML2 via Config file: TinyXML2_DIR-NOTFOUND
[2.441s] -- Found OpenSSL: /usr/lib/x86_64-linux-gnu/libcrypto.so (found version "3.0.2")  
[2.450s] -- Found TinyXML2 via Config file: TinyXML2_DIR-NOTFOUND
[2.496s] -- Found FastRTPS: /opt/ros/humble/include  
[2.512s] -- Found TinyXML2 via Config file: TinyXML2_DIR-NOTFOUND
[2.526s] -- Found TinyXML2 via Config file: TinyXML2_DIR-NOTFOUND
[2.544s] -- Using RMW implementation 'rmw_fastrtps_cpp' as default
[2.571s] -- Looking for pthread.h
[2.734s] -- Looking for pthread.h - found
[2.735s] -- Performing Test CMAKE_HAVE_LIBC_PTHREAD
[2.876s] -- Performing Test CMAKE_HAVE_LIBC_PTHREAD - Success
[2.879s] -- Found Threads: TRUE  
[3.102s] -- Found grid_map_msgs: 2.0.0 (/home/submarine/gridmap_ws/install/grid_map_msgs/share/grid_map_msgs/cmake)
[3.201s] -- Found grid_map_octomap: 2.0.0 (/home/submarine/gridmap_ws/install/grid_map_octomap/share/grid_map_octomap/cmake)
[3.216s] -- Found grid_map_ros: 2.0.0 (/home/submarine/gridmap_ws/install/grid_map_ros/share/grid_map_ros/cmake)
[4.102s] -- Found octomap_msgs: 2.0.0 (/opt/ros/humble/share/octomap_msgs/cmake)
[4.202s] -- Found OpenCV: /usr (found version "4.5.4") found components: opencv_highgui 
[4.202s] -- Setting build type to Release as none was specified.
[9.908s] -- Found ament_lint_auto: 0.12.10 (/opt/ros/humble/share/ament_lint_auto/cmake)
[10.134s] -- Added test 'cppcheck' to perform static code analysis on C / C++ code
[10.137s] -- Configured cppcheck include dirs: /home/submarine/gridmap_ws/src/grid_map/grid_map_demos/include
[10.137s] -- Configured cppcheck exclude dirs and/or files: 
[10.139s] -- Added test 'flake8' to check Python code syntax and style conventions
[10.142s] -- Added test 'lint_cmake' to check CMake code style
[10.144s] -- Added test 'pep257' to check Python code against some of the docstring style conventions in PEP 257
[10.150s] -- Added test 'uncrustify' to check C / C++ code style
[10.150s] -- Configured uncrustify additional arguments: 
[10.153s] -- Added test 'xmllint' to check XML markup files
[10.157s] -- Configuring done
[10.644s] -- Generating done
[10.648s] -- Build files have been written to: /home/submarine/gridmap_ws/build/grid_map_demos
[10.670s] Invoked command in '/home/submarine/gridmap_ws/build/grid_map_demos' returned '0': AMENT_PREFIX_PATH=/home/submarine/gridmap_ws/install/grid_map_visualization:/home/submarine/gridmap_ws/install/grid_map_rviz_plugin:/home/submarine/gridmap_ws/install/grid_map_loader:/home/submarine/gridmap_ws/install/grid_map_filters:/home/submarine/gridmap_ws/install/grid_map_ros:/home/submarine/gridmap_ws/install/grid_map_octomap:/home/submarine/gridmap_ws/install/grid_map_cv:/home/submarine/gridmap_ws/install/grid_map_msgs:/home/submarine/gridmap_ws/install/grid_map_core:/home/submarine/gridmap_ws/install/grid_map_cmake_helpers:${AMENT_PREFIX_PATH} CMAKE_PREFIX_PATH=/home/submarine/gridmap_ws/install/grid_map_visualization:/home/submarine/gridmap_ws/install/grid_map_rviz_plugin:/home/submarine/gridmap_ws/install/grid_map_loader:/home/submarine/gridmap_ws/install/grid_map_filters:/home/submarine/gridmap_ws/install/grid_map_ros:/home/submarine/gridmap_ws/install/grid_map_octomap:/home/submarine/gridmap_ws/install/grid_map_cv:/home/submarine/gridmap_ws/install/grid_map_msgs:/home/submarine/gridmap_ws/install/grid_map_core:/home/submarine/gridmap_ws/install/grid_map_cmake_helpers:/home/submarine/submarine/ros_ws/install/ros_bt:/home/submarine/submarine/ros_ws/install/ros_interfaces:/home/submarine/submarine/ros_ws/install/ros2_sub:/home/submarine/submarine/ros_ws/install/btcpp_ros2_samples:/home/submarine/submarine/ros_ws/install/btcpp_ros2_interfaces:/home/submarine/submarine/ros_ws/install/behaviortree_ros2:/home/submarine/submarine/ros_ws/install/behaviortree_cpp:/opt/ros/humble LD_LIBRARY_PATH=/home/submarine/gridmap_ws/install/grid_map_visualization/lib:/home/submarine/gridmap_ws/install/grid_map_rviz_plugin/lib:/home/submarine/gridmap_ws/install/grid_map_loader/lib:/home/submarine/gridmap_ws/install/grid_map_filters/lib:/home/submarine/gridmap_ws/install/grid_map_ros/lib:/home/submarine/gridmap_ws/install/grid_map_octomap/lib:/home/submarine/gridmap_ws/install/grid_map_cv/lib:/home/submarine/gridmap_ws/install/grid_map_msgs/lib:/home/submarine/gridmap_ws/install/grid_map_core/lib:${LD_LIBRARY_PATH} PYTHONPATH=/home/submarine/gridmap_ws/install/grid_map_msgs/local/lib/python3.10/dist-packages:${PYTHONPATH} /usr/bin/cmake /home/submarine/gridmap_ws/src/grid_map/grid_map_demos -DAMENT_CMAKE_SYMLINK_INSTALL=1 -DCMAKE_INSTALL_PREFIX=/home/submarine/gridmap_ws/install/grid_map_demos
[10.675s] Invoking command in '/home/submarine/gridmap_ws/build/grid_map_demos': AMENT_PREFIX_PATH=/home/submarine/gridmap_ws/install/grid_map_visualization:/home/submarine/gridmap_ws/install/grid_map_rviz_plugin:/home/submarine/gridmap_ws/install/grid_map_loader:/home/submarine/gridmap_ws/install/grid_map_filters:/home/submarine/gridmap_ws/install/grid_map_ros:/home/submarine/gridmap_ws/install/grid_map_octomap:/home/submarine/gridmap_ws/install/grid_map_cv:/home/submarine/gridmap_ws/install/grid_map_msgs:/home/submarine/gridmap_ws/install/grid_map_core:/home/submarine/gridmap_ws/install/grid_map_cmake_helpers:${AMENT_PREFIX_PATH} CMAKE_PREFIX_PATH=/home/submarine/gridmap_ws/install/grid_map_visualization:/home/submarine/gridmap_ws/install/grid_map_rviz_plugin:/home/submarine/gridmap_ws/install/grid_map_loader:/home/submarine/gridmap_ws/install/grid_map_filters:/home/submarine/gridmap_ws/install/grid_map_ros:/home/submarine/gridmap_ws/install/grid_map_octomap:/home/submarine/gridmap_ws/install/grid_map_cv:/home/submarine/gridmap_ws/install/grid_map_msgs:/home/submarine/gridmap_ws/install/grid_map_core:/home/submarine/gridmap_ws/install/grid_map_cmake_helpers:/home/submarine/submarine/ros_ws/install/ros_bt:/home/submarine/submarine/ros_ws/install/ros_interfaces:/home/submarine/submarine/ros_ws/install/ros2_sub:/home/submarine/submarine/ros_ws/install/btcpp_ros2_samples:/home/submarine/submarine/ros_ws/install/btcpp_ros2_interfaces:/home/submarine/submarine/ros_ws/install/behaviortree_ros2:/home/submarine/submarine/ros_ws/install/behaviortree_cpp:/opt/ros/humble LD_LIBRARY_PATH=/home/submarine/gridmap_ws/install/grid_map_visualization/lib:/home/submarine/gridmap_ws/install/grid_map_rviz_plugin/lib:/home/submarine/gridmap_ws/install/grid_map_loader/lib:/home/submarine/gridmap_ws/install/grid_map_filters/lib:/home/submarine/gridmap_ws/install/grid_map_ros/lib:/home/submarine/gridmap_ws/install/grid_map_octomap/lib:/home/submarine/gridmap_ws/install/grid_map_cv/lib:/home/submarine/gridmap_ws/install/grid_map_msgs/lib:/home/submarine/gridmap_ws/install/grid_map_core/lib:${LD_LIBRARY_PATH} PYTHONPATH=/home/submarine/gridmap_ws/install/grid_map_msgs/local/lib/python3.10/dist-packages:${PYTHONPATH} /usr/bin/cmake --build /home/submarine/gridmap_ws/build/grid_map_demos -- -j8 -l8
[10.799s] [  3%] [32mBuilding CXX object CMakeFiles/iterators_demo.dir/src/iterators_demo_node.cpp.o[0m
[10.804s] [  6%] [32mBuilding CXX object CMakeFiles/image_to_gridmap_demo.dir/src/image_to_gridmap_demo_node.cpp.o[0m
[10.805s] [ 10%] [32mBuilding CXX object CMakeFiles/move_demo.dir/src/move_demo_node.cpp.o[0m
[10.807s] [ 13%] [32mBuilding CXX object CMakeFiles/octomap_to_gridmap_demo.dir/src/octomap_to_gridmap_demo_node.cpp.o[0m
[10.810s] [ 16%] [32mBuilding CXX object CMakeFiles/iterator_benchmark.dir/src/iterator_benchmark.cpp.o[0m
[10.814s] [ 20%] [32mBuilding CXX object CMakeFiles/simple_demo.dir/src/simple_demo_node.cpp.o[0m
[10.814s] [ 23%] [32mBuilding CXX object CMakeFiles/tutorial_demo.dir/src/tutorial_demo_node.cpp.o[0m
[10.815s] [ 26%] [32mBuilding CXX object CMakeFiles/opencv_demo.dir/src/opencv_demo_node.cpp.o[0m
[29.343s] [ 30%] [32m[1mLinking CXX executable iterator_benchmark[0m
[29.644s] [ 30%] Built target iterator_benchmark
[29.674s] [ 33%] [32mBuilding CXX object CMakeFiles/octomap_to_gridmap_demo.dir/src/OctomapToGridmapDemo.cpp.o[0m
[81.809s] [ 36%] [32mBuilding CXX object CMakeFiles/image_to_gridmap_demo.dir/src/ImageToGridmapDemo.cpp.o[0m
[84.108s] [ 40%] [32mBuilding CXX object CMakeFiles/iterators_demo.dir/src/IteratorsDemo.cpp.o[0m
[87.491s] [ 43%] [32mBuilding CXX object CMakeFiles/resolution_change_demo.dir/src/resolution_change_demo_node.cpp.o[0m
[109.255s] [ 46%] [32m[1mLinking CXX executable simple_demo[0m
[110.612s] [ 46%] Built target simple_demo
[110.692s] [ 50%] [32mBuilding CXX object CMakeFiles/filters_demo_lib.dir/src/FiltersDemo.cpp.o[0m
[115.538s] [ 53%] [32m[1mLinking CXX executable move_demo[0m
[116.448s] [ 56%] [32m[1mLinking CXX executable opencv_demo[0m
[116.928s] [ 56%] Built target move_demo
[118.170s] [ 56%] Built target opencv_demo
[119.064s] [ 60%] [32m[1mLinking CXX executable tutorial_demo[0m
[120.369s] [ 60%] Built target tutorial_demo
[147.675s] [ 63%] [32m[1mLinking CXX executable octomap_to_gridmap_demo[0m
[148.654s] [ 63%] Built target octomap_to_gridmap_demo
[148.705s] [ 66%] [32mBuilding CXX object CMakeFiles/normal_filter_comparison_demo.dir/src/normal_filter_comparison_node.cpp.o[0m
[148.721s] [ 70%] [32mBuilding CXX object CMakeFiles/interpolation_demo.dir/src/InterpolationDemo.cpp.o[0m
[148.727s] [ 73%] [32mBuilding CXX object CMakeFiles/interpolation_demo.dir/src/interpolation_demo_node.cpp.o[0m
[176.936s] [ 76%] [32m[1mLinking CXX executable resolution_change_demo[0m
[178.405s] [ 76%] Built target resolution_change_demo
[182.772s] [ 80%] [32m[1mLinking CXX executable iterators_demo[0m
[184.046s] [ 80%] Built target iterators_demo
[231.944s] [ 83%] [32m[1mLinking CXX executable image_to_gridmap_demo[0m
[232.810s] [ 83%] Built target image_to_gridmap_demo
[232.968s] [ 86%] [32m[1mLinking CXX executable interpolation_demo[0m
[233.711s] [ 86%] Built target interpolation_demo
[263.608s] [ 90%] [32m[1mLinking CXX executable normal_filter_comparison_demo[0m
[264.310s] [ 90%] Built target normal_filter_comparison_demo
[269.331s] [ 93%] [32m[1mLinking CXX shared library libfilters_demo_lib.so[0m
[269.694s] [ 93%] Built target filters_demo_lib
[269.742s] [ 96%] [32mBuilding CXX object CMakeFiles/filters_demo.dir/src/filters_demo_node.cpp.o[0m
[310.290s] [100%] [32m[1mLinking CXX executable filters_demo[0m
[310.933s] [100%] Built target filters_demo
[310.959s] Invoked command in '/home/submarine/gridmap_ws/build/grid_map_demos' returned '0': AMENT_PREFIX_PATH=/home/submarine/gridmap_ws/install/grid_map_visualization:/home/submarine/gridmap_ws/install/grid_map_rviz_plugin:/home/submarine/gridmap_ws/install/grid_map_loader:/home/submarine/gridmap_ws/install/grid_map_filters:/home/submarine/gridmap_ws/install/grid_map_ros:/home/submarine/gridmap_ws/install/grid_map_octomap:/home/submarine/gridmap_ws/install/grid_map_cv:/home/submarine/gridmap_ws/install/grid_map_msgs:/home/submarine/gridmap_ws/install/grid_map_core:/home/submarine/gridmap_ws/install/grid_map_cmake_helpers:${AMENT_PREFIX_PATH} CMAKE_PREFIX_PATH=/home/submarine/gridmap_ws/install/grid_map_visualization:/home/submarine/gridmap_ws/install/grid_map_rviz_plugin:/home/submarine/gridmap_ws/install/grid_map_loader:/home/submarine/gridmap_ws/install/grid_map_filters:/home/submarine/gridmap_ws/install/grid_map_ros:/home/submarine/gridmap_ws/install/grid_map_octomap:/home/submarine/gridmap_ws/install/grid_map_cv:/home/submarine/gridmap_ws/install/grid_map_msgs:/home/submarine/gridmap_ws/install/grid_map_core:/home/submarine/gridmap_ws/install/grid_map_cmake_helpers:/home/submarine/submarine/ros_ws/install/ros_bt:/home/submarine/submarine/ros_ws/install/ros_interfaces:/home/submarine/submarine/ros_ws/install/ros2_sub:/home/submarine/submarine/ros_ws/install/btcpp_ros2_samples:/home/submarine/submarine/ros_ws/install/btcpp_ros2_interfaces:/home/submarine/submarine/ros_ws/install/behaviortree_ros2:/home/submarine/submarine/ros_ws/install/behaviortree_cpp:/opt/ros/humble LD_LIBRARY_PATH=/home/submarine/gridmap_ws/install/grid_map_visualization/lib:/home/submarine/gridmap_ws/install/grid_map_rviz_plugin/lib:/home/submarine/gridmap_ws/install/grid_map_loader/lib:/home/submarine/gridmap_ws/install/grid_map_filters/lib:/home/submarine/gridmap_ws/install/grid_map_ros/lib:/home/submarine/gridmap_ws/install/grid_map_octomap/lib:/home/submarine/gridmap_ws/install/grid_map_cv/lib:/home/submarine/gridmap_ws/install/grid_map_msgs/lib:/home/submarine/gridmap_ws/install/grid_map_core/lib:${LD_LIBRARY_PATH} PYTHONPATH=/home/submarine/gridmap_ws/install/grid_map_msgs/local/lib/python3.10/dist-packages:${PYTHONPATH} /usr/bin/cmake --build /home/submarine/gridmap_ws/build/grid_map_demos -- -j8 -l8
[311.116s] Invoking command in '/home/submarine/gridmap_ws/build/grid_map_demos': AMENT_PREFIX_PATH=/home/submarine/gridmap_ws/install/grid_map_visualization:/home/submarine/gridmap_ws/install/grid_map_rviz_plugin:/home/submarine/gridmap_ws/install/grid_map_loader:/home/submarine/gridmap_ws/install/grid_map_filters:/home/submarine/gridmap_ws/install/grid_map_ros:/home/submarine/gridmap_ws/install/grid_map_octomap:/home/submarine/gridmap_ws/install/grid_map_cv:/home/submarine/gridmap_ws/install/grid_map_msgs:/home/submarine/gridmap_ws/install/grid_map_core:/home/submarine/gridmap_ws/install/grid_map_cmake_helpers:${AMENT_PREFIX_PATH} CMAKE_PREFIX_PATH=/home/submarine/gridmap_ws/install/grid_map_visualization:/home/submarine/gridmap_ws/install/grid_map_rviz_plugin:/home/submarine/gridmap_ws/install/grid_map_loader:/home/submarine/gridmap_ws/install/grid_map_filters:/home/submarine/gridmap_ws/install/grid_map_ros:/home/submarine/gridmap_ws/install/grid_map_octomap:/home/submarine/gridmap_ws/install/grid_map_cv:/home/submarine/gridmap_ws/install/grid_map_msgs:/home/submarine/gridmap_ws/install/grid_map_core:/home/submarine/gridmap_ws/install/grid_map_cmake_helpers:/home/submarine/submarine/ros_ws/install/ros_bt:/home/submarine/submarine/ros_ws/install/ros_interfaces:/home/submarine/submarine/ros_ws/install/ros2_sub:/home/submarine/submarine/ros_ws/install/btcpp_ros2_samples:/home/submarine/submarine/ros_ws/install/btcpp_ros2_interfaces:/home/submarine/submarine/ros_ws/install/behaviortree_ros2:/home/submarine/submarine/ros_ws/install/behaviortree_cpp:/opt/ros/humble LD_LIBRARY_PATH=/home/submarine/gridmap_ws/install/grid_map_visualization/lib:/home/submarine/gridmap_ws/install/grid_map_rviz_plugin/lib:/home/submarine/gridmap_ws/install/grid_map_loader/lib:/home/submarine/gridmap_ws/install/grid_map_filters/lib:/home/submarine/gridmap_ws/install/grid_map_ros/lib:/home/submarine/gridmap_ws/install/grid_map_octomap/lib:/home/submarine/gridmap_ws/install/grid_map_cv/lib:/home/submarine/gridmap_ws/install/grid_map_msgs/lib:/home/submarine/gridmap_ws/install/grid_map_core/lib:${LD_LIBRARY_PATH} PYTHONPATH=/home/submarine/gridmap_ws/install/grid_map_msgs/local/lib/python3.10/dist-packages:${PYTHONPATH} /usr/bin/cmake --install /home/submarine/gridmap_ws/build/grid_map_demos
[311.141s] -- Install configuration: "Release"
[311.142s] -- Execute custom install script
[311.143s] -- Symlinking: /home/submarine/gridmap_ws/install/grid_map_demos/lib/grid_map_demos/filters_demo
[311.162s] -- Symlinking: /home/submarine/gridmap_ws/install/grid_map_demos/lib/libfilters_demo_lib.so
[311.179s] -- Symlinking: /home/submarine/gridmap_ws/install/grid_map_demos/lib/grid_map_demos/image_to_gridmap_demo
[311.197s] -- Symlinking: /home/submarine/gridmap_ws/install/grid_map_demos/lib/grid_map_demos/interpolation_demo
[311.215s] -- Symlinking: /home/submarine/gridmap_ws/install/grid_map_demos/lib/grid_map_demos/iterator_benchmark
[311.232s] -- Symlinking: /home/submarine/gridmap_ws/install/grid_map_demos/lib/grid_map_demos/iterators_demo
[311.252s] -- Symlinking: /home/submarine/gridmap_ws/install/grid_map_demos/lib/grid_map_demos/move_demo
[311.274s] -- Symlinking: /home/submarine/gridmap_ws/install/grid_map_demos/lib/grid_map_demos/normal_filter_comparison_demo
[311.294s] -- Symlinking: /home/submarine/gridmap_ws/install/grid_map_demos/lib/grid_map_demos/octomap_to_gridmap_demo
[311.312s] -- Symlinking: /home/submarine/gridmap_ws/install/grid_map_demos/lib/grid_map_demos/opencv_demo
[311.328s] -- Symlinking: /home/submarine/gridmap_ws/install/grid_map_demos/lib/grid_map_demos/resolution_change_demo
[311.347s] -- Symlinking: /home/submarine/gridmap_ws/install/grid_map_demos/lib/grid_map_demos/simple_demo
[311.368s] -- Symlinking: /home/submarine/gridmap_ws/install/grid_map_demos/lib/grid_map_demos/tutorial_demo
[311.396s] -- Symlinking: /home/submarine/gridmap_ws/install/grid_map_demos/share/grid_map_demos/config/filters_demo.yaml
[311.416s] -- Symlinking: /home/submarine/gridmap_ws/install/grid_map_demos/share/grid_map_demos/config/filters_demo_filter_chain.yaml
[311.433s] -- Symlinking: /home/submarine/gridmap_ws/install/grid_map_demos/share/grid_map_demos/config/grid_map_loader_demo.yaml
[311.453s] -- Symlinking: /home/submarine/gridmap_ws/install/grid_map_demos/share/grid_map_demos/config/image_to_gridmap_demo.yaml
[311.476s] -- Symlinking: /home/submarine/gridmap_ws/install/grid_map_demos/share/grid_map_demos/config/interpolation_demo.yaml
[311.492s] -- Symlinking: /home/submarine/gridmap_ws/install/grid_map_demos/share/grid_map_demos/config/iterators_demo.yaml
[311.509s] -- Symlinking: /home/submarine/gridmap_ws/install/grid_map_demos/share/grid_map_demos/config/move_demo.yaml
[311.531s] -- Symlinking: /home/submarine/gridmap_ws/install/grid_map_demos/share/grid_map_demos/config/normal_filter_comparison.yaml
[311.551s] -- Symlinking: /home/submarine/gridmap_ws/install/grid_map_demos/share/grid_map_demos/config/normal_filter_comparison_visualization.yaml
[311.569s] -- Symlinking: /home/submarine/gridmap_ws/install/grid_map_demos/share/grid_map_demos/config/octomap_to_gridmap_demo.yaml
[311.586s] -- Symlinking: /home/submarine/gridmap_ws/install/grid_map_demos/share/grid_map_demos/config/opencv_demo.yaml
[311.602s] -- Symlinking: /home/submarine/gridmap_ws/install/grid_map_demos/share/grid_map_demos/config/resolution_change_demo.yaml
[311.618s] -- Symlinking: /home/submarine/gridmap_ws/install/grid_map_demos/share/grid_map_demos/config/simple_demo.yaml
[311.639s] -- Symlinking: /home/submarine/gridmap_ws/install/grid_map_demos/share/grid_map_demos/config/tutorial_demo.yaml
[311.656s] -- Symlinking: /home/submarine/gridmap_ws/install/grid_map_demos/share/grid_map_demos/data/eth_logo.png
[311.673s] -- Symlinking: /home/submarine/gridmap_ws/install/grid_map_demos/share/grid_map_demos/data/freiburg1_360.bt
[311.690s] -- Symlinking: /home/submarine/gridmap_ws/install/grid_map_demos/share/grid_map_demos/data/grid_map_bag/grid_map_bag.db3
[311.707s] -- Symlinking: /home/submarine/gridmap_ws/install/grid_map_demos/share/grid_map_demos/data/grid_map_bag/metadata.yaml
[311.729s] -- Symlinking: /home/submarine/gridmap_ws/install/grid_map_demos/share/grid_map_demos/data/linearGradient_horizontal.png
[311.749s] -- Symlinking: /home/submarine/gridmap_ws/install/grid_map_demos/share/grid_map_demos/data/linearGradient_oblique_and_flat.png
[311.769s] -- Symlinking: /home/submarine/gridmap_ws/install/grid_map_demos/share/grid_map_demos/data/linearGradient_oblique_only.png
[311.786s] -- Symlinking: /home/submarine/gridmap_ws/install/grid_map_demos/share/grid_map_demos/data/linearGradient_vertical.png
[311.804s] -- Symlinking: /home/submarine/gridmap_ws/install/grid_map_demos/share/grid_map_demos/data/radialGradient_circle.png
[311.833s] -- Symlinking: /home/submarine/gridmap_ws/install/grid_map_demos/share/grid_map_demos/data/radialGradient_ellipse.png
[311.850s] -- Symlinking: /home/submarine/gridmap_ws/install/grid_map_demos/share/grid_map_demos/data/radialGradient_horizontal.png
[311.866s] -- Symlinking: /home/submarine/gridmap_ws/install/grid_map_demos/share/grid_map_demos/data/terrain.png
[311.883s] -- Symlinking: /home/submarine/gridmap_ws/install/grid_map_demos/share/grid_map_demos/doc/filters_demo.gif
[311.912s] -- Symlinking: /home/submarine/gridmap_ws/install/grid_map_demos/share/grid_map_demos/doc/filters_demo_preview.gif
[311.940s] -- Symlinking: /home/submarine/gridmap_ws/install/grid_map_demos/share/grid_map_demos/doc/image_to_grid_map_demo_result.png
[311.956s] -- Symlinking: /home/submarine/gridmap_ws/install/grid_map_demos/share/grid_map_demos/doc/opencv_demo_result.gif
[311.983s] -- Symlinking: /home/submarine/gridmap_ws/install/grid_map_demos/share/grid_map_demos/launch/filters_demo_launch.py
[312.010s] -- Symlinking: /home/submarine/gridmap_ws/install/grid_map_demos/share/grid_map_demos/launch/grid_map_loader_demo_launch.py
[312.037s] -- Symlinking: /home/submarine/gridmap_ws/install/grid_map_demos/share/grid_map_demos/launch/image_to_gridmap_demo_launch.py
[312.065s] -- Symlinking: /home/submarine/gridmap_ws/install/grid_map_demos/share/grid_map_demos/launch/interpolation_demo_launch.py
[312.093s] -- Symlinking: /home/submarine/gridmap_ws/install/grid_map_demos/share/grid_map_demos/launch/iterators_demo_launch.py
[312.110s] -- Symlinking: /home/submarine/gridmap_ws/install/grid_map_demos/share/grid_map_demos/launch/move_demo_launch.py
[312.128s] -- Symlinking: /home/submarine/gridmap_ws/install/grid_map_demos/share/grid_map_demos/launch/normal_filter_comparison_launch.py
[312.145s] -- Symlinking: /home/submarine/gridmap_ws/install/grid_map_demos/share/grid_map_demos/launch/octomap_to_gridmap_demo_launch.py
[312.162s] -- Symlinking: /home/submarine/gridmap_ws/install/grid_map_demos/share/grid_map_demos/launch/opencv_demo_launch.py
[312.181s] -- Symlinking: /home/submarine/gridmap_ws/install/grid_map_demos/share/grid_map_demos/launch/resolution_change_demo_launch.py
[312.198s] -- Symlinking: /home/submarine/gridmap_ws/install/grid_map_demos/share/grid_map_demos/launch/simple_demo_launch.py
[312.219s] -- Symlinking: /home/submarine/gridmap_ws/install/grid_map_demos/share/grid_map_demos/launch/tutorial_demo_launch.py
[312.247s] -- Symlinking: /home/submarine/gridmap_ws/install/grid_map_demos/share/grid_map_demos/rviz/filters_demo.rviz
[312.270s] -- Symlinking: /home/submarine/gridmap_ws/install/grid_map_demos/share/grid_map_demos/rviz/grid_map_demo.rviz
[312.287s] -- Symlinking: /home/submarine/gridmap_ws/install/grid_map_demos/share/grid_map_demos/rviz/grid_map_iterators_demo.rviz
[312.312s] -- Symlinking: /home/submarine/gridmap_ws/install/grid_map_demos/share/grid_map_demos/rviz/interpolation_demo.rviz
[312.330s] -- Symlinking: /home/submarine/gridmap_ws/install/grid_map_demos/share/grid_map_demos/rviz/normal_filter_comparison_demo.rviz
[312.347s] -- Symlinking: /home/submarine/gridmap_ws/install/grid_map_demos/share/grid_map_demos/rviz/octomap_to_gridmap_demo.rviz
[312.374s] -- Symlinking: /home/submarine/gridmap_ws/install/grid_map_demos/lib/grid_map_demos/image_publisher.py
[312.402s] -- Symlinking: /home/submarine/gridmap_ws/install/grid_map_demos/share/ament_index/resource_index/package_run_dependencies/grid_map_demos
[312.422s] -- Symlinking: /home/submarine/gridmap_ws/install/grid_map_demos/share/ament_index/resource_index/parent_prefix_path/grid_map_demos
[312.440s] -- Symlinking: /home/submarine/gridmap_ws/install/grid_map_demos/share/grid_map_demos/environment/ament_prefix_path.sh
[312.469s] -- Symlinking: /home/submarine/gridmap_ws/install/grid_map_demos/share/grid_map_demos/environment/ament_prefix_path.dsv
[312.487s] -- Symlinking: /home/submarine/gridmap_ws/install/grid_map_demos/share/grid_map_demos/environment/path.sh
[312.514s] -- Symlinking: /home/submarine/gridmap_ws/install/grid_map_demos/share/grid_map_demos/environment/path.dsv
[312.531s] -- Symlinking: /home/submarine/gridmap_ws/install/grid_map_demos/share/grid_map_demos/local_setup.bash
[312.549s] -- Symlinking: /home/submarine/gridmap_ws/install/grid_map_demos/share/grid_map_demos/local_setup.sh
[312.567s] -- Symlinking: /home/submarine/gridmap_ws/install/grid_map_demos/share/grid_map_demos/local_setup.zsh
[312.586s] -- Symlinking: /home/submarine/gridmap_ws/install/grid_map_demos/share/grid_map_demos/local_setup.dsv
[312.605s] -- Symlinking: /home/submarine/gridmap_ws/install/grid_map_demos/share/grid_map_demos/package.dsv
[312.625s] -- Symlinking: /home/submarine/gridmap_ws/install/grid_map_demos/share/ament_index/resource_index/packages/grid_map_demos
[312.644s] -- Symlinking: /home/submarine/gridmap_ws/install/grid_map_demos/share/grid_map_demos/cmake/ament_cmake_export_include_directories-extras.cmake
[312.663s] -- Symlinking: /home/submarine/gridmap_ws/install/grid_map_demos/share/grid_map_demos/cmake/grid_map_demosConfig.cmake
[312.679s] -- Symlinking: /home/submarine/gridmap_ws/install/grid_map_demos/share/grid_map_demos/cmake/grid_map_demosConfig-version.cmake
[312.696s] -- Symlinking: /home/submarine/gridmap_ws/install/grid_map_demos/share/grid_map_demos/package.xml
[312.717s] Invoked command in '/home/submarine/gridmap_ws/build/grid_map_demos' returned '0': AMENT_PREFIX_PATH=/home/submarine/gridmap_ws/install/grid_map_visualization:/home/submarine/gridmap_ws/install/grid_map_rviz_plugin:/home/submarine/gridmap_ws/install/grid_map_loader:/home/submarine/gridmap_ws/install/grid_map_filters:/home/submarine/gridmap_ws/install/grid_map_ros:/home/submarine/gridmap_ws/install/grid_map_octomap:/home/submarine/gridmap_ws/install/grid_map_cv:/home/submarine/gridmap_ws/install/grid_map_msgs:/home/submarine/gridmap_ws/install/grid_map_core:/home/submarine/gridmap_ws/install/grid_map_cmake_helpers:${AMENT_PREFIX_PATH} CMAKE_PREFIX_PATH=/home/submarine/gridmap_ws/install/grid_map_visualization:/home/submarine/gridmap_ws/install/grid_map_rviz_plugin:/home/submarine/gridmap_ws/install/grid_map_loader:/home/submarine/gridmap_ws/install/grid_map_filters:/home/submarine/gridmap_ws/install/grid_map_ros:/home/submarine/gridmap_ws/install/grid_map_octomap:/home/submarine/gridmap_ws/install/grid_map_cv:/home/submarine/gridmap_ws/install/grid_map_msgs:/home/submarine/gridmap_ws/install/grid_map_core:/home/submarine/gridmap_ws/install/grid_map_cmake_helpers:/home/submarine/submarine/ros_ws/install/ros_bt:/home/submarine/submarine/ros_ws/install/ros_interfaces:/home/submarine/submarine/ros_ws/install/ros2_sub:/home/submarine/submarine/ros_ws/install/btcpp_ros2_samples:/home/submarine/submarine/ros_ws/install/btcpp_ros2_interfaces:/home/submarine/submarine/ros_ws/install/behaviortree_ros2:/home/submarine/submarine/ros_ws/install/behaviortree_cpp:/opt/ros/humble LD_LIBRARY_PATH=/home/submarine/gridmap_ws/install/grid_map_visualization/lib:/home/submarine/gridmap_ws/install/grid_map_rviz_plugin/lib:/home/submarine/gridmap_ws/install/grid_map_loader/lib:/home/submarine/gridmap_ws/install/grid_map_filters/lib:/home/submarine/gridmap_ws/install/grid_map_ros/lib:/home/submarine/gridmap_ws/install/grid_map_octomap/lib:/home/submarine/gridmap_ws/install/grid_map_cv/lib:/home/submarine/gridmap_ws/install/grid_map_msgs/lib:/home/submarine/gridmap_ws/install/grid_map_core/lib:${LD_LIBRARY_PATH} PYTHONPATH=/home/submarine/gridmap_ws/install/grid_map_msgs/local/lib/python3.10/dist-packages:${PYTHONPATH} /usr/bin/cmake --install /home/submarine/gridmap_ws/build/grid_map_demos
