[0.054s] Invoking command in '/home/submarine/ros_ws/build/pcl_ros': CMAKE_PREFIX_PATH=${CMAKE_PREFIX_PATH}:/home/submarine/ryans_ws/install/orientation_package:/home/submarine/ryans_ws/install/esc_pkg:/home/submarine/ros_ws/install/speed_sensor:/home/submarine/ros_ws/install/sonars:/home/submarine/ros_ws/install/orientation_package:/opt/ros/jazzy DEBUGINFOD_URLS=https://debuginfod.ubuntu.com PS1=(bluerobotics-ping) \[\e]0;\u@\h: \w\a\]${debian_chroot:+($debian_chroot)}\[\033[01;32m\]\u@\h\[\033[00m\]:\[\033[01;34m\]\w\[\033[00m\]\$ VIRTUAL_ENV_PROMPT=(bluerobotics-ping) /usr/bin/cmake --build /home/submarine/ros_ws/build/pcl_ros -- -j4 -l4
[0.731s] [  5%] Built target filter_project_inliers_node
[0.753s] [ 11%] Built target filter_passthrough_node
[0.765s] [ 17%] Built target filter_extract_indices_node
[0.857s] [ 22%] Built target filter_radius_outlier_removal_node
[0.905s] [ 28%] Built target filter_statistical_outlier_removal_node
[0.929s] [ 34%] Built target filter_crop_box_node
[1.046s] [ 40%] Built target pcl_ros_tf
[1.123s] [ 45%] Built target filter_voxel_grid_node
[1.152s] [ 51%] Built target pcd_to_pointcloud
[1.176s] [ 57%] Built target pcd_to_pointcloud_lib
[1.264s] [ 62%] Built target pointcloud_to_pcd_lib
[1.265s] [ 68%] Built target pointcloud_to_pcd
[1.312s] [ 74%] Built target dummy_topics
[1.405s] [100%] Built target pcl_ros_filters
[1.850s] Invoked command in '/home/submarine/ros_ws/build/pcl_ros' returned '0': CMAKE_PREFIX_PATH=${CMAKE_PREFIX_PATH}:/home/submarine/ryans_ws/install/orientation_package:/home/submarine/ryans_ws/install/esc_pkg:/home/submarine/ros_ws/install/speed_sensor:/home/submarine/ros_ws/install/sonars:/home/submarine/ros_ws/install/orientation_package:/opt/ros/jazzy DEBUGINFOD_URLS=https://debuginfod.ubuntu.com PS1=(bluerobotics-ping) \[\e]0;\u@\h: \w\a\]${debian_chroot:+($debian_chroot)}\[\033[01;32m\]\u@\h\[\033[00m\]:\[\033[01;34m\]\w\[\033[00m\]\$ VIRTUAL_ENV_PROMPT=(bluerobotics-ping) /usr/bin/cmake --build /home/submarine/ros_ws/build/pcl_ros -- -j4 -l4
[2.102s] Invoking command in '/home/submarine/ros_ws/build/pcl_ros': CMAKE_PREFIX_PATH=${CMAKE_PREFIX_PATH}:/home/submarine/ryans_ws/install/orientation_package:/home/submarine/ryans_ws/install/esc_pkg:/home/submarine/ros_ws/install/speed_sensor:/home/submarine/ros_ws/install/sonars:/home/submarine/ros_ws/install/orientation_package:/opt/ros/jazzy DEBUGINFOD_URLS=https://debuginfod.ubuntu.com PS1=(bluerobotics-ping) \[\e]0;\u@\h: \w\a\]${debian_chroot:+($debian_chroot)}\[\033[01;32m\]\u@\h\[\033[00m\]:\[\033[01;34m\]\w\[\033[00m\]\$ VIRTUAL_ENV_PROMPT=(bluerobotics-ping) /usr/bin/cmake --install /home/submarine/ros_ws/build/pcl_ros
[2.125s] -- Install configuration: ""
[2.131s] -- Up-to-date: /home/submarine/ros_ws/install/pcl_ros/lib/pcl_ros/filter_extract_indices_node
[2.131s] -- Up-to-date: /home/submarine/ros_ws/install/pcl_ros/lib/pcl_ros/filter_passthrough_node
[2.134s] -- Up-to-date: /home/submarine/ros_ws/install/pcl_ros/lib/pcl_ros/filter_project_inliers_node
[2.137s] -- Up-to-date: /home/submarine/ros_ws/install/pcl_ros/lib/pcl_ros/filter_radius_outlier_removal_node
[2.140s] -- Up-to-date: /home/submarine/ros_ws/install/pcl_ros/lib/pcl_ros/filter_statistical_outlier_removal_node
[2.143s] -- Up-to-date: /home/submarine/ros_ws/install/pcl_ros/lib/pcl_ros/filter_crop_box_node
[2.145s] -- Up-to-date: /home/submarine/ros_ws/install/pcl_ros/lib/pcl_ros/filter_voxel_grid_node
[2.149s] -- Up-to-date: /home/submarine/ros_ws/install/pcl_ros/lib/pcl_ros/pcd_to_pointcloud
[2.151s] -- Up-to-date: /home/submarine/ros_ws/install/pcl_ros/lib/pcl_ros/pointcloud_to_pcd
[2.153s] -- Up-to-date: /home/submarine/ros_ws/install/pcl_ros/include/pcl_ros
[2.153s] -- Up-to-date: /home/submarine/ros_ws/install/pcl_ros/include/pcl_ros/pcl_ros
[2.153s] -- Up-to-date: /home/submarine/ros_ws/install/pcl_ros/include/pcl_ros/pcl_ros/point_cloud.hpp
[2.153s] -- Up-to-date: /home/submarine/ros_ws/install/pcl_ros/include/pcl_ros/pcl_ros/impl
[2.155s] -- Up-to-date: /home/submarine/ros_ws/install/pcl_ros/include/pcl_ros/pcl_ros/impl/transforms.hpp
[2.155s] -- Up-to-date: /home/submarine/ros_ws/install/pcl_ros/include/pcl_ros/pcl_ros/surface
[2.158s] -- Up-to-date: /home/submarine/ros_ws/install/pcl_ros/include/pcl_ros/pcl_ros/surface/moving_least_squares.hpp
[2.158s] -- Up-to-date: /home/submarine/ros_ws/install/pcl_ros/include/pcl_ros/pcl_ros/surface/convex_hull.hpp
[2.158s] -- Up-to-date: /home/submarine/ros_ws/install/pcl_ros/include/pcl_ros/pcl_ros/publisher.hpp
[2.158s] -- Up-to-date: /home/submarine/ros_ws/install/pcl_ros/include/pcl_ros/pcl_ros/io
[2.158s] -- Up-to-date: /home/submarine/ros_ws/install/pcl_ros/include/pcl_ros/pcl_ros/io/concatenate_data.hpp
[2.158s] -- Up-to-date: /home/submarine/ros_ws/install/pcl_ros/include/pcl_ros/pcl_ros/io/concatenate_fields.hpp
[2.159s] -- Up-to-date: /home/submarine/ros_ws/install/pcl_ros/include/pcl_ros/pcl_ros/io/bag_io.hpp
[2.159s] -- Up-to-date: /home/submarine/ros_ws/install/pcl_ros/include/pcl_ros/pcl_ros/io/pcd_io.hpp
[2.159s] -- Up-to-date: /home/submarine/ros_ws/install/pcl_ros/include/pcl_ros/pcl_ros/pcl_node.hpp
[2.159s] -- Up-to-date: /home/submarine/ros_ws/install/pcl_ros/include/pcl_ros/pcl_ros/transforms.hpp
[2.159s] -- Up-to-date: /home/submarine/ros_ws/install/pcl_ros/include/pcl_ros/pcl_ros/features
[2.160s] -- Up-to-date: /home/submarine/ros_ws/install/pcl_ros/include/pcl_ros/pcl_ros/features/fpfh_omp.hpp
[2.161s] -- Up-to-date: /home/submarine/ros_ws/install/pcl_ros/include/pcl_ros/pcl_ros/features/normal_3d_tbb.hpp
[2.162s] -- Up-to-date: /home/submarine/ros_ws/install/pcl_ros/include/pcl_ros/pcl_ros/features/shot_omp.hpp
[2.163s] -- Up-to-date: /home/submarine/ros_ws/install/pcl_ros/include/pcl_ros/pcl_ros/features/normal_3d.hpp
[2.163s] -- Up-to-date: /home/submarine/ros_ws/install/pcl_ros/include/pcl_ros/pcl_ros/features/pfh.hpp
[2.163s] -- Up-to-date: /home/submarine/ros_ws/install/pcl_ros/include/pcl_ros/pcl_ros/features/feature.hpp
[2.163s] -- Up-to-date: /home/submarine/ros_ws/install/pcl_ros/include/pcl_ros/pcl_ros/features/shot.hpp
[2.164s] -- Up-to-date: /home/submarine/ros_ws/install/pcl_ros/include/pcl_ros/pcl_ros/features/normal_3d_omp.hpp
[2.164s] -- Up-to-date: /home/submarine/ros_ws/install/pcl_ros/include/pcl_ros/pcl_ros/features/principal_curvatures.hpp
[2.164s] -- Up-to-date: /home/submarine/ros_ws/install/pcl_ros/include/pcl_ros/pcl_ros/features/moment_invariants.hpp
[2.164s] -- Up-to-date: /home/submarine/ros_ws/install/pcl_ros/include/pcl_ros/pcl_ros/features/vfh.hpp
[2.164s] -- Up-to-date: /home/submarine/ros_ws/install/pcl_ros/include/pcl_ros/pcl_ros/features/boundary.hpp
[2.164s] -- Up-to-date: /home/submarine/ros_ws/install/pcl_ros/include/pcl_ros/pcl_ros/features/fpfh.hpp
[2.164s] -- Up-to-date: /home/submarine/ros_ws/install/pcl_ros/include/pcl_ros/pcl_ros/filters
[2.164s] -- Up-to-date: /home/submarine/ros_ws/install/pcl_ros/include/pcl_ros/pcl_ros/filters/extract_indices.hpp
[2.165s] -- Up-to-date: /home/submarine/ros_ws/install/pcl_ros/include/pcl_ros/pcl_ros/filters/crop_box.hpp
[2.165s] -- Up-to-date: /home/submarine/ros_ws/install/pcl_ros/include/pcl_ros/pcl_ros/filters/radius_outlier_removal.hpp
[2.165s] -- Up-to-date: /home/submarine/ros_ws/install/pcl_ros/include/pcl_ros/pcl_ros/filters/voxel_grid.hpp
[2.165s] -- Up-to-date: /home/submarine/ros_ws/install/pcl_ros/include/pcl_ros/pcl_ros/filters/passthrough.hpp
[2.167s] -- Up-to-date: /home/submarine/ros_ws/install/pcl_ros/include/pcl_ros/pcl_ros/filters/statistical_outlier_removal.hpp
[2.167s] -- Up-to-date: /home/submarine/ros_ws/install/pcl_ros/include/pcl_ros/pcl_ros/filters/project_inliers.hpp
[2.167s] -- Up-to-date: /home/submarine/ros_ws/install/pcl_ros/include/pcl_ros/pcl_ros/filters/filter.hpp
[2.167s] -- Up-to-date: /home/submarine/ros_ws/install/pcl_ros/include/pcl_ros/pcl_ros/segmentation
[2.167s] -- Up-to-date: /home/submarine/ros_ws/install/pcl_ros/include/pcl_ros/pcl_ros/segmentation/sac_segmentation.hpp
[2.167s] -- Up-to-date: /home/submarine/ros_ws/install/pcl_ros/include/pcl_ros/pcl_ros/segmentation/extract_clusters.hpp
[2.168s] -- Up-to-date: /home/submarine/ros_ws/install/pcl_ros/include/pcl_ros/pcl_ros/segmentation/segment_differences.hpp
[2.168s] -- Up-to-date: /home/submarine/ros_ws/install/pcl_ros/include/pcl_ros/pcl_ros/segmentation/extract_polygonal_prism_data.hpp
[2.168s] -- Up-to-date: /home/submarine/ros_ws/install/pcl_ros/lib/libpcl_ros_tf.a
[2.168s] -- Up-to-date: /home/submarine/ros_ws/install/pcl_ros/lib/libpcd_to_pointcloud_lib.so
[2.168s] -- Up-to-date: /home/submarine/ros_ws/install/pcl_ros/lib/libpcl_ros_filters.so
[2.172s] -- Up-to-date: /home/submarine/ros_ws/install/pcl_ros/lib/libpointcloud_to_pcd_lib.so
[2.172s] -- Up-to-date: /home/submarine/ros_ws/install/pcl_ros/share/pcl_ros/plugins
[2.173s] -- Up-to-date: /home/submarine/ros_ws/install/pcl_ros/share/pcl_ros/plugins/nodelet
[2.174s] -- Up-to-date: /home/submarine/ros_ws/install/pcl_ros/share/pcl_ros/plugins/nodelet/libpcl_ros_segmentation.xml
[2.174s] -- Up-to-date: /home/submarine/ros_ws/install/pcl_ros/share/pcl_ros/plugins/nodelet/libpcl_ros_features.xml
[2.174s] -- Up-to-date: /home/submarine/ros_ws/install/pcl_ros/share/pcl_ros/plugins/nodelet/libpcl_ros_filters.xml
[2.174s] -- Up-to-date: /home/submarine/ros_ws/install/pcl_ros/share/pcl_ros/plugins/nodelet/libpcl_ros_io.xml
[2.175s] -- Up-to-date: /home/submarine/ros_ws/install/pcl_ros/share/pcl_ros/plugins/nodelet/libpcl_ros_surface.xml
[2.175s] -- Up-to-date: /home/submarine/ros_ws/install/pcl_ros/share/pcl_ros/samples
[2.175s] -- Up-to-date: /home/submarine/ros_ws/install/pcl_ros/share/pcl_ros/samples/pcl_ros
[2.176s] -- Up-to-date: /home/submarine/ros_ws/install/pcl_ros/share/pcl_ros/samples/pcl_ros/surface
[2.177s] -- Up-to-date: /home/submarine/ros_ws/install/pcl_ros/share/pcl_ros/samples/pcl_ros/surface/sample_convex_hull.launch
[2.177s] -- Up-to-date: /home/submarine/ros_ws/install/pcl_ros/share/pcl_ros/samples/pcl_ros/io
[2.178s] -- Up-to-date: /home/submarine/ros_ws/install/pcl_ros/share/pcl_ros/samples/pcl_ros/io/sample_concatenate_data.launch
[2.178s] -- Up-to-date: /home/submarine/ros_ws/install/pcl_ros/share/pcl_ros/samples/pcl_ros/features
[2.180s] -- Up-to-date: /home/submarine/ros_ws/install/pcl_ros/share/pcl_ros/samples/pcl_ros/features/sample_normal_3d.launch
[2.181s] -- Up-to-date: /home/submarine/ros_ws/install/pcl_ros/share/pcl_ros/samples/pcl_ros/filters
[2.181s] -- Up-to-date: /home/submarine/ros_ws/install/pcl_ros/share/pcl_ros/samples/pcl_ros/filters/sample_statistical_outlier_removal.launch
[2.181s] -- Up-to-date: /home/submarine/ros_ws/install/pcl_ros/share/pcl_ros/samples/pcl_ros/filters/sample_voxel_grid.launch
[2.181s] -- Up-to-date: /home/submarine/ros_ws/install/pcl_ros/share/pcl_ros/samples/pcl_ros/filters/config
[2.183s] -- Up-to-date: /home/submarine/ros_ws/install/pcl_ros/share/pcl_ros/samples/pcl_ros/filters/config/statistical_outlier_removal.rviz
[2.183s] -- Up-to-date: /home/submarine/ros_ws/install/pcl_ros/share/pcl_ros/samples/pcl_ros/filters/config/voxel_grid.rviz
[2.183s] -- Up-to-date: /home/submarine/ros_ws/install/pcl_ros/share/pcl_ros/samples/pcl_ros/segmentation
[2.184s] -- Up-to-date: /home/submarine/ros_ws/install/pcl_ros/share/pcl_ros/samples/pcl_ros/segmentation/sample_extract_clusters.launch
[2.184s] -- Up-to-date: /home/submarine/ros_ws/install/pcl_ros/share/pcl_ros/samples/data
[2.185s] -- Up-to-date: /home/submarine/ros_ws/install/pcl_ros/share/pcl_ros/samples/data/.gitignore
[2.185s] -- Up-to-date: /home/submarine/ros_ws/install/pcl_ros/share/pcl_ros/environment/library_path.sh
[2.185s] -- Up-to-date: /home/submarine/ros_ws/install/pcl_ros/share/pcl_ros/environment/library_path.dsv
[2.185s] -- Up-to-date: /home/submarine/ros_ws/install/pcl_ros/share/ament_index/resource_index/package_run_dependencies/pcl_ros
[2.186s] -- Up-to-date: /home/submarine/ros_ws/install/pcl_ros/share/ament_index/resource_index/parent_prefix_path/pcl_ros
[2.187s] -- Up-to-date: /home/submarine/ros_ws/install/pcl_ros/share/pcl_ros/environment/ament_prefix_path.sh
[2.187s] -- Up-to-date: /home/submarine/ros_ws/install/pcl_ros/share/pcl_ros/environment/ament_prefix_path.dsv
[2.187s] -- Up-to-date: /home/submarine/ros_ws/install/pcl_ros/share/pcl_ros/environment/path.sh
[2.187s] -- Up-to-date: /home/submarine/ros_ws/install/pcl_ros/share/pcl_ros/environment/path.dsv
[2.187s] -- Up-to-date: /home/submarine/ros_ws/install/pcl_ros/share/pcl_ros/local_setup.bash
[2.188s] -- Up-to-date: /home/submarine/ros_ws/install/pcl_ros/share/pcl_ros/local_setup.sh
[2.188s] -- Up-to-date: /home/submarine/ros_ws/install/pcl_ros/share/pcl_ros/local_setup.zsh
[2.188s] -- Up-to-date: /home/submarine/ros_ws/install/pcl_ros/share/pcl_ros/local_setup.dsv
[2.188s] -- Installing: /home/submarine/ros_ws/install/pcl_ros/share/pcl_ros/package.dsv
[2.191s] -- Up-to-date: /home/submarine/ros_ws/install/pcl_ros/share/ament_index/resource_index/packages/pcl_ros
[2.191s] -- Up-to-date: /home/submarine/ros_ws/install/pcl_ros/share/ament_index/resource_index/rclcpp_components/pcl_ros
[2.200s] -- Up-to-date: /home/submarine/ros_ws/install/pcl_ros/share/pcl_ros/cmake/export_pcl_rosExport.cmake
[2.200s] -- Up-to-date: /home/submarine/ros_ws/install/pcl_ros/share/pcl_ros/cmake/export_pcl_rosExport-noconfig.cmake
[2.200s] -- Up-to-date: /home/submarine/ros_ws/install/pcl_ros/share/pcl_ros/cmake/ament_cmake_export_include_directories-extras.cmake
[2.200s] -- Up-to-date: /home/submarine/ros_ws/install/pcl_ros/share/pcl_ros/cmake/ament_cmake_export_libraries-extras.cmake
[2.200s] -- Up-to-date: /home/submarine/ros_ws/install/pcl_ros/share/pcl_ros/cmake/ament_cmake_export_targets-extras.cmake
[2.201s] -- Up-to-date: /home/submarine/ros_ws/install/pcl_ros/share/pcl_ros/cmake/ament_cmake_export_dependencies-extras.cmake
[2.201s] -- Up-to-date: /home/submarine/ros_ws/install/pcl_ros/share/pcl_ros/cmake/pcl_rosConfig.cmake
[2.201s] -- Up-to-date: /home/submarine/ros_ws/install/pcl_ros/share/pcl_ros/cmake/pcl_rosConfig-version.cmake
[2.201s] -- Up-to-date: /home/submarine/ros_ws/install/pcl_ros/share/pcl_ros/package.xml
[2.206s] Invoked command in '/home/submarine/ros_ws/build/pcl_ros' returned '0': CMAKE_PREFIX_PATH=${CMAKE_PREFIX_PATH}:/home/submarine/ryans_ws/install/orientation_package:/home/submarine/ryans_ws/install/esc_pkg:/home/submarine/ros_ws/install/speed_sensor:/home/submarine/ros_ws/install/sonars:/home/submarine/ros_ws/install/orientation_package:/opt/ros/jazzy DEBUGINFOD_URLS=https://debuginfod.ubuntu.com PS1=(bluerobotics-ping) \[\e]0;\u@\h: \w\a\]${debian_chroot:+($debian_chroot)}\[\033[01;32m\]\u@\h\[\033[00m\]:\[\033[01;34m\]\w\[\033[00m\]\$ VIRTUAL_ENV_PROMPT=(bluerobotics-ping) /usr/bin/cmake --install /home/submarine/ros_ws/build/pcl_ros
