[1.829s] Invoking command in '/home/submarine/ros_ws/src/speed_sensor': DEBUGINFOD_URLS=https://debuginfod.ubuntu.com PS1=(bluerobotics-ping) \[\e]0;\u@\h: \w\a\]${debian_chroot:+($debian_chroot)}\[\033[01;32m\]\u@\h\[\033[00m\]:\[\033[01;34m\]\w\[\033[00m\]\$ PYTHONPATH=/home/submarine/ros_ws/build/speed_sensor/prefix_override:/usr/lib/python3/dist-packages/colcon_core/task/python/colcon_distutils_commands:/home/submarine/ros_ws/install/speed_sensor/lib/python3.12/site-packages:${PYTHONPATH} VIRTUAL_ENV_PROMPT=(bluerobotics-ping) /usr/bin/python3 -W ignore:setup.py install is deprecated setup.py egg_info --egg-base ../../build/speed_sensor build --build-base /home/submarine/ros_ws/build/speed_sensor/build install --record /home/submarine/ros_ws/build/speed_sensor/install.log --single-version-externally-managed install_data
[2.252s] running egg_info
[2.282s] writing ../../build/speed_sensor/speed_sensor.egg-info/PKG-INFO
[2.282s] writing dependency_links to ../../build/speed_sensor/speed_sensor.egg-info/dependency_links.txt
[2.283s] writing entry points to ../../build/speed_sensor/speed_sensor.egg-info/entry_points.txt
[2.285s] writing requirements to ../../build/speed_sensor/speed_sensor.egg-info/requires.txt
[2.286s] writing top-level names to ../../build/speed_sensor/speed_sensor.egg-info/top_level.txt
[2.351s] reading manifest file '../../build/speed_sensor/speed_sensor.egg-info/SOURCES.txt'
[2.352s] writing manifest file '../../build/speed_sensor/speed_sensor.egg-info/SOURCES.txt'
[2.352s] running build
[2.352s] running build_py
[2.352s] copying speed_sensor/velocity_sensor.py -> /home/submarine/ros_ws/build/speed_sensor/build/lib/speed_sensor
[2.353s] running install
[2.362s] running install_lib
[2.392s] copying /home/submarine/ros_ws/build/speed_sensor/build/lib/speed_sensor/velocity_sensor.py -> /home/submarine/ros_ws/install/speed_sensor/lib/python3.12/site-packages/speed_sensor
[2.393s] byte-compiling /home/submarine/ros_ws/install/speed_sensor/lib/python3.12/site-packages/speed_sensor/velocity_sensor.py to velocity_sensor.cpython-312.pyc
[2.394s] running install_data
[2.394s] running install_egg_info
[2.427s] removing '/home/submarine/ros_ws/install/speed_sensor/lib/python3.12/site-packages/speed_sensor-0.0.0-py3.12.egg-info' (and everything under it)
[2.427s] Copying ../../build/speed_sensor/speed_sensor.egg-info to /home/submarine/ros_ws/install/speed_sensor/lib/python3.12/site-packages/speed_sensor-0.0.0-py3.12.egg-info
[2.428s] running install_scripts
[2.633s] Installing velocity_sensor script to /home/submarine/ros_ws/install/speed_sensor/lib/speed_sensor
[2.633s] writing list of installed files to '/home/submarine/ros_ws/build/speed_sensor/install.log'
[2.717s] Invoked command in '/home/submarine/ros_ws/src/speed_sensor' returned '0': DEBUGINFOD_URLS=https://debuginfod.ubuntu.com PS1=(bluerobotics-ping) \[\e]0;\u@\h: \w\a\]${debian_chroot:+($debian_chroot)}\[\033[01;32m\]\u@\h\[\033[00m\]:\[\033[01;34m\]\w\[\033[00m\]\$ PYTHONPATH=/home/submarine/ros_ws/build/speed_sensor/prefix_override:/usr/lib/python3/dist-packages/colcon_core/task/python/colcon_distutils_commands:/home/submarine/ros_ws/install/speed_sensor/lib/python3.12/site-packages:${PYTHONPATH} VIRTUAL_ENV_PROMPT=(bluerobotics-ping) /usr/bin/python3 -W ignore:setup.py install is deprecated setup.py egg_info --egg-base ../../build/speed_sensor build --build-base /home/submarine/ros_ws/build/speed_sensor/build install --record /home/submarine/ros_ws/build/speed_sensor/install.log --single-version-externally-managed install_data
