[0.036s] Invoking command in '/home/submarine/ros_ws/build/ros2_sub': CMAKE_PREFIX_PATH=${CMAKE_PREFIX_PATH}:/home/submarine/ryans_ws/install/esc_pkg:/home/submarine/ros_ws/install/speed_sensor:/home/submarine/ros_ws/install/sonars:/home/submarine/ros_ws/install/orientation_package:/home/submarine/ros_ws/install/joy_controller_to_esc:/home/submarine/ros_ws/install/esc_pkg:/opt/ros/jazzy DEBUGINFOD_URLS=https://debuginfod.ubuntu.com PS1=(bluerobotics-ping) \[\e]0;\u@\h: \w\a\]${debian_chroot:+($debian_chroot)}\[\033[01;32m\]\u@\h\[\033[00m\]:\[\033[01;34m\]\w\[\033[00m\]\$ VIRTUAL_ENV_PROMPT=(bluerobotics-ping) /usr/bin/cmake --build /home/submarine/ros_ws/build/ros2_sub -- -j4 -l4
[0.204s] [100%] Built target octo
[0.248s] Invoked command in '/home/submarine/ros_ws/build/ros2_sub' returned '0': CMAKE_PREFIX_PATH=${CMAKE_PREFIX_PATH}:/home/submarine/ryans_ws/install/esc_pkg:/home/submarine/ros_ws/install/speed_sensor:/home/submarine/ros_ws/install/sonars:/home/submarine/ros_ws/install/orientation_package:/home/submarine/ros_ws/install/joy_controller_to_esc:/home/submarine/ros_ws/install/esc_pkg:/opt/ros/jazzy DEBUGINFOD_URLS=https://debuginfod.ubuntu.com PS1=(bluerobotics-ping) \[\e]0;\u@\h: \w\a\]${debian_chroot:+($debian_chroot)}\[\033[01;32m\]\u@\h\[\033[00m\]:\[\033[01;34m\]\w\[\033[00m\]\$ VIRTUAL_ENV_PROMPT=(bluerobotics-ping) /usr/bin/cmake --build /home/submarine/ros_ws/build/ros2_sub -- -j4 -l4
[0.326s] Invoking command in '/home/submarine/ros_ws/build/ros2_sub': CMAKE_PREFIX_PATH=${CMAKE_PREFIX_PATH}:/home/submarine/ryans_ws/install/esc_pkg:/home/submarine/ros_ws/install/speed_sensor:/home/submarine/ros_ws/install/sonars:/home/submarine/ros_ws/install/orientation_package:/home/submarine/ros_ws/install/joy_controller_to_esc:/home/submarine/ros_ws/install/esc_pkg:/opt/ros/jazzy DEBUGINFOD_URLS=https://debuginfod.ubuntu.com PS1=(bluerobotics-ping) \[\e]0;\u@\h: \w\a\]${debian_chroot:+($debian_chroot)}\[\033[01;32m\]\u@\h\[\033[00m\]:\[\033[01;34m\]\w\[\033[00m\]\$ VIRTUAL_ENV_PROMPT=(bluerobotics-ping) /usr/bin/cmake --install /home/submarine/ros_ws/build/ros2_sub
[0.356s] -- Install configuration: ""
[0.357s] -- Up-to-date: /home/submarine/ros_ws/install/ros2_sub/share/ros2_sub//launch
[0.357s] -- Up-to-date: /home/submarine/ros_ws/install/ros2_sub/share/ros2_sub//launch/sub_launch.py
[0.357s] -- Up-to-date: /home/submarine/ros_ws/install/ros2_sub/share/ros2_sub//launch/online_async_launch.py
[0.357s] -- Up-to-date: /home/submarine/ros_ws/install/ros2_sub/share/ros2_sub//launch/octomap_mapping.launch.xml
[0.357s] -- Up-to-date: /home/submarine/ros_ws/install/ros2_sub/share/ros2_sub//config
[0.358s] -- Up-to-date: /home/submarine/ros_ws/install/ros2_sub/share/ros2_sub//config/Pool Map.json
[0.358s] -- Up-to-date: /home/submarine/ros_ws/install/ros2_sub/share/ros2_sub//config/ekf.yaml
[0.358s] -- Up-to-date: /home/submarine/ros_ws/install/ros2_sub/share/ros2_sub//config/mapper_params_online_async.yaml
[0.359s] -- Up-to-date: /home/submarine/ros_ws/install/ros2_sub/share/ros2_sub//models
[0.360s] -- Up-to-date: /home/submarine/ros_ws/install/ros2_sub/share/ros2_sub//models/tethys
[0.360s] -- Up-to-date: /home/submarine/ros_ws/install/ros2_sub/share/ros2_sub//models/tethys/materials
[0.360s] -- Up-to-date: /home/submarine/ros_ws/install/ros2_sub/share/ros2_sub//models/tethys/materials/textures
[0.360s] -- Up-to-date: /home/submarine/ros_ws/install/ros2_sub/share/ros2_sub//models/tethys/materials/textures/Tethys_Roughness.png
[0.360s] -- Up-to-date: /home/submarine/ros_ws/install/ros2_sub/share/ros2_sub//models/tethys/materials/textures/Tethys_Normal.png
[0.360s] -- Up-to-date: /home/submarine/ros_ws/install/ros2_sub/share/ros2_sub//models/tethys/materials/textures/Tethys_Albedo.png
[0.360s] -- Up-to-date: /home/submarine/ros_ws/install/ros2_sub/share/ros2_sub//models/tethys/materials/textures/Tethys_Metalness.png
[0.362s] -- Up-to-date: /home/submarine/ros_ws/install/ros2_sub/share/ros2_sub//models/tethys/materials/scripts
[0.363s] -- Up-to-date: /home/submarine/ros_ws/install/ros2_sub/share/ros2_sub//models/tethys/materials/scripts/model.material
[0.363s] -- Up-to-date: /home/submarine/ros_ws/install/ros2_sub/share/ros2_sub//models/tethys/model.sdf
[0.363s] -- Up-to-date: /home/submarine/ros_ws/install/ros2_sub/share/ros2_sub//models/tethys/meshes
[0.364s] -- Up-to-date: /home/submarine/ros_ws/install/ros2_sub/share/ros2_sub//models/tethys/meshes/tethys.dae
[0.365s] -- Up-to-date: /home/submarine/ros_ws/install/ros2_sub/share/ros2_sub//models/tethys/meshes/propeller.dae
[0.366s] -- Up-to-date: /home/submarine/ros_ws/install/ros2_sub/share/ros2_sub//models/tethys/meshes/base.dae
[0.366s] -- Up-to-date: /home/submarine/ros_ws/install/ros2_sub/share/ros2_sub//models/tethys/meshes/MaxSonar.dae
[0.370s] -- Up-to-date: /home/submarine/ros_ws/install/ros2_sub/share/ros2_sub//models/tethys/model.config
[0.370s] -- Up-to-date: /home/submarine/ros_ws/install/ros2_sub/lib/ros2_sub/octo
[0.370s] -- Up-to-date: /home/submarine/ros_ws/install/ros2_sub/share/ament_index/resource_index/package_run_dependencies/ros2_sub
[0.370s] -- Up-to-date: /home/submarine/ros_ws/install/ros2_sub/share/ament_index/resource_index/parent_prefix_path/ros2_sub
[0.375s] -- Up-to-date: /home/submarine/ros_ws/install/ros2_sub/share/ros2_sub/environment/ament_prefix_path.sh
[0.375s] -- Up-to-date: /home/submarine/ros_ws/install/ros2_sub/share/ros2_sub/environment/ament_prefix_path.dsv
[0.375s] -- Up-to-date: /home/submarine/ros_ws/install/ros2_sub/share/ros2_sub/environment/path.sh
[0.376s] -- Up-to-date: /home/submarine/ros_ws/install/ros2_sub/share/ros2_sub/environment/path.dsv
[0.381s] -- Up-to-date: /home/submarine/ros_ws/install/ros2_sub/share/ros2_sub/local_setup.bash
[0.381s] -- Up-to-date: /home/submarine/ros_ws/install/ros2_sub/share/ros2_sub/local_setup.sh
[0.381s] -- Up-to-date: /home/submarine/ros_ws/install/ros2_sub/share/ros2_sub/local_setup.zsh
[0.381s] -- Up-to-date: /home/submarine/ros_ws/install/ros2_sub/share/ros2_sub/local_setup.dsv
[0.381s] -- Installing: /home/submarine/ros_ws/install/ros2_sub/share/ros2_sub/package.dsv
[0.382s] -- Up-to-date: /home/submarine/ros_ws/install/ros2_sub/share/ament_index/resource_index/packages/ros2_sub
[0.386s] -- Up-to-date: /home/submarine/ros_ws/install/ros2_sub/share/ros2_sub/cmake/ros2_subConfig.cmake
[0.386s] -- Up-to-date: /home/submarine/ros_ws/install/ros2_sub/share/ros2_sub/cmake/ros2_subConfig-version.cmake
[0.386s] -- Up-to-date: /home/submarine/ros_ws/install/ros2_sub/share/ros2_sub/package.xml
[0.387s] Invoked command in '/home/submarine/ros_ws/build/ros2_sub' returned '0': CMAKE_PREFIX_PATH=${CMAKE_PREFIX_PATH}:/home/submarine/ryans_ws/install/esc_pkg:/home/submarine/ros_ws/install/speed_sensor:/home/submarine/ros_ws/install/sonars:/home/submarine/ros_ws/install/orientation_package:/home/submarine/ros_ws/install/joy_controller_to_esc:/home/submarine/ros_ws/install/esc_pkg:/opt/ros/jazzy DEBUGINFOD_URLS=https://debuginfod.ubuntu.com PS1=(bluerobotics-ping) \[\e]0;\u@\h: \w\a\]${debian_chroot:+($debian_chroot)}\[\033[01;32m\]\u@\h\[\033[00m\]:\[\033[01;34m\]\w\[\033[00m\]\$ VIRTUAL_ENV_PROMPT=(bluerobotics-ping) /usr/bin/cmake --install /home/submarine/ros_ws/build/ros2_sub
