[0.054s] Invoking command in '/home/submarine/ros_ws/build/controller_sub': CMAKE_PREFIX_PATH=${CMAKE_PREFIX_PATH}:/home/submarine/ryans_ws/install/orientation_package:/home/submarine/ryans_ws/install/esc_pkg:/home/submarine/ros_ws/install/speed_sensor:/home/submarine/ros_ws/install/sonars:/home/submarine/ros_ws/install/orientation_package:/opt/ros/jazzy DEBUGINFOD_URLS=https://debuginfod.ubuntu.com PS1=(bluerobotics-ping) \[\e]0;\u@\h: \w\a\]${debian_chroot:+($debian_chroot)}\[\033[01;32m\]\u@\h\[\033[00m\]:\[\033[01;34m\]\w\[\033[00m\]\$ VIRTUAL_ENV_PROMPT=(bluerobotics-ping) /usr/bin/cmake --build /home/submarine/ros_ws/build/controller_sub -- -j4 -l4
[0.711s] [100%] Built target controller_sub
[0.777s] Invoked command in '/home/submarine/ros_ws/build/controller_sub' returned '0': CMAKE_PREFIX_PATH=${CMAKE_PREFIX_PATH}:/home/submarine/ryans_ws/install/orientation_package:/home/submarine/ryans_ws/install/esc_pkg:/home/submarine/ros_ws/install/speed_sensor:/home/submarine/ros_ws/install/sonars:/home/submarine/ros_ws/install/orientation_package:/opt/ros/jazzy DEBUGINFOD_URLS=https://debuginfod.ubuntu.com PS1=(bluerobotics-ping) \[\e]0;\u@\h: \w\a\]${debian_chroot:+($debian_chroot)}\[\033[01;32m\]\u@\h\[\033[00m\]:\[\033[01;34m\]\w\[\033[00m\]\$ VIRTUAL_ENV_PROMPT=(bluerobotics-ping) /usr/bin/cmake --build /home/submarine/ros_ws/build/controller_sub -- -j4 -l4
[1.001s] Invoking command in '/home/submarine/ros_ws/build/controller_sub': CMAKE_PREFIX_PATH=${CMAKE_PREFIX_PATH}:/home/submarine/ryans_ws/install/orientation_package:/home/submarine/ryans_ws/install/esc_pkg:/home/submarine/ros_ws/install/speed_sensor:/home/submarine/ros_ws/install/sonars:/home/submarine/ros_ws/install/orientation_package:/opt/ros/jazzy DEBUGINFOD_URLS=https://debuginfod.ubuntu.com PS1=(bluerobotics-ping) \[\e]0;\u@\h: \w\a\]${debian_chroot:+($debian_chroot)}\[\033[01;32m\]\u@\h\[\033[00m\]:\[\033[01;34m\]\w\[\033[00m\]\$ VIRTUAL_ENV_PROMPT=(bluerobotics-ping) /usr/bin/cmake --install /home/submarine/ros_ws/build/controller_sub
[1.051s] -- Install configuration: ""
[1.057s] -- Up-to-date: /home/submarine/ros_ws/install/controller_sub/lib/controller_sub/controller_sub
[1.057s] -- Up-to-date: /home/submarine/ros_ws/install/controller_sub/share/controller_sub/package.xml
[1.063s] -- Up-to-date: /home/submarine/ros_ws/install/controller_sub/share/ament_index/resource_index/package_run_dependencies/controller_sub
[1.065s] -- Up-to-date: /home/submarine/ros_ws/install/controller_sub/share/ament_index/resource_index/parent_prefix_path/controller_sub
[1.065s] -- Up-to-date: /home/submarine/ros_ws/install/controller_sub/share/controller_sub/environment/ament_prefix_path.sh
[1.066s] -- Up-to-date: /home/submarine/ros_ws/install/controller_sub/share/controller_sub/environment/ament_prefix_path.dsv
[1.066s] -- Up-to-date: /home/submarine/ros_ws/install/controller_sub/share/controller_sub/environment/path.sh
[1.066s] -- Up-to-date: /home/submarine/ros_ws/install/controller_sub/share/controller_sub/environment/path.dsv
[1.066s] -- Up-to-date: /home/submarine/ros_ws/install/controller_sub/share/controller_sub/local_setup.bash
[1.066s] -- Up-to-date: /home/submarine/ros_ws/install/controller_sub/share/controller_sub/local_setup.sh
[1.068s] -- Up-to-date: /home/submarine/ros_ws/install/controller_sub/share/controller_sub/local_setup.zsh
[1.068s] -- Up-to-date: /home/submarine/ros_ws/install/controller_sub/share/controller_sub/local_setup.dsv
[1.068s] -- Installing: /home/submarine/ros_ws/install/controller_sub/share/controller_sub/package.dsv
[1.070s] -- Up-to-date: /home/submarine/ros_ws/install/controller_sub/share/ament_index/resource_index/packages/controller_sub
[1.070s] -- Up-to-date: /home/submarine/ros_ws/install/controller_sub/share/controller_sub/cmake/controller_subConfig.cmake
[1.070s] -- Up-to-date: /home/submarine/ros_ws/install/controller_sub/share/controller_sub/cmake/controller_subConfig-version.cmake
[1.071s] -- Up-to-date: /home/submarine/ros_ws/install/controller_sub/share/controller_sub/package.xml
[1.080s] Invoked command in '/home/submarine/ros_ws/build/controller_sub' returned '0': CMAKE_PREFIX_PATH=${CMAKE_PREFIX_PATH}:/home/submarine/ryans_ws/install/orientation_package:/home/submarine/ryans_ws/install/esc_pkg:/home/submarine/ros_ws/install/speed_sensor:/home/submarine/ros_ws/install/sonars:/home/submarine/ros_ws/install/orientation_package:/opt/ros/jazzy DEBUGINFOD_URLS=https://debuginfod.ubuntu.com PS1=(bluerobotics-ping) \[\e]0;\u@\h: \w\a\]${debian_chroot:+($debian_chroot)}\[\033[01;32m\]\u@\h\[\033[00m\]:\[\033[01;34m\]\w\[\033[00m\]\$ VIRTUAL_ENV_PROMPT=(bluerobotics-ping) /usr/bin/cmake --install /home/submarine/ros_ws/build/controller_sub
