[0.016s] Invoking command in '/home/submarine/ryans_ws/src/orientation_msg/build/orientation_msg': CMAKE_PREFIX_PATH=${CMAKE_PREFIX_PATH}:/home/submarine/ryans_ws/install/orientation_package:/home/submarine/ryans_ws/install/esc_pkg:/home/submarine/ros_ws/install/speed_sensor:/home/submarine/ros_ws/install/sonars:/opt/ros/jazzy DEBUGINFOD_URLS=https://debuginfod.ubuntu.com PS1=(bluerobotics-ping) \[\e]0;\u@\h: \w\a\]${debian_chroot:+($debian_chroot)}\[\033[01;32m\]\u@\h\[\033[00m\]:\[\033[01;34m\]\w\[\033[00m\]\$ VIRTUAL_ENV_PROMPT=(bluerobotics-ping) /usr/bin/cmake /home/submarine/ryans_ws/src/orientation_msg -DCMAKE_INSTALL_PREFIX=/home/submarine/ryans_ws/src/orientation_msg/install/orientation_msg
[0.128s] -- The C compiler identification is GNU 13.2.0
[0.237s] -- The CXX compiler identification is GNU 13.2.0
[0.267s] -- Detecting C compiler ABI info
[0.449s] -- Detecting C compiler ABI info - done
[0.464s] -- Check for working C compiler: /usr/bin/cc - skipped
[0.464s] -- Detecting C compile features
[0.465s] -- Detecting C compile features - done
[0.480s] -- Detecting CXX compiler ABI info
[0.675s] -- Detecting CXX compiler ABI info - done
[0.691s] -- Check for working CXX compiler: /usr/bin/c++ - skipped
[0.691s] -- Detecting CXX compile features
[0.692s] -- Detecting CXX compile features - done
[0.701s] -- Found ament_cmake: 2.5.2 (/opt/ros/jazzy/share/ament_cmake/cmake)
[0.888s] -- Found Python3: /home/submarine/.local/share/pipx/venvs/bluerobotics-ping/bin/python3 (found version "3.12.3") found components: Interpreter 
[1.120s] -- Found rosidl_default_generators: 1.6.0 (/opt/ros/jazzy/share/rosidl_default_generators/cmake)
[1.139s] -- Using all available rosidl_typesupport_c: rosidl_typesupport_fastrtps_c;rosidl_typesupport_introspection_c
[1.260s] -- Using all available rosidl_typesupport_cpp: rosidl_typesupport_fastrtps_cpp;rosidl_typesupport_introspection_cpp
[1.360s] -- Found rosidl_adapter: 4.6.3 (/opt/ros/jazzy/share/rosidl_adapter/cmake)
[1.615s] [31mCMake Error at /opt/ros/jazzy/share/rosidl_adapter/cmake/rosidl_adapt_interfaces.cmake:57 (message):
[1.615s]   
[1.615s]   execute_process(/home/submarine/.local/share/pipx/venvs/bluerobotics-ping/bin/python3
[1.615s]   -m rosidl_adapter --package-name orientation_msg --arguments-file
[1.615s]   /home/submarine/ryans_ws/src/orientation_msg/build/orientation_msg/rosidl_adapter__arguments__orientation_msg.json
[1.615s]   --output-dir
[1.615s]   /home/submarine/ryans_ws/src/orientation_msg/build/orientation_msg/rosidl_adapter/orientation_msg
[1.615s]   --output-file
[1.615s]   /home/submarine/ryans_ws/src/orientation_msg/build/orientation_msg/rosidl_adapter/orientation_msg.idls)
[1.616s]   returned error code 1:
[1.616s] 
[1.616s]   Traceback (most recent call last):
[1.616s] 
[1.616s]     File "<frozen runpy>", line 198, in _run_module_as_main
[1.616s]     File "<frozen runpy>", line 88, in _run_code
[1.616s]     File "/opt/ros/jazzy/lib/python3.12/site-packages/rosidl_adapter/__main__.py", line 19, in <module>
[1.616s]       sys.exit(main())
[1.616s]                ^^^^^^
[1.616s]     File "/opt/ros/jazzy/lib/python3.12/site-packages/rosidl_adapter/main.py", line 53, in main
[1.616s]       abs_idl_file = convert_to_idl(
[1.616s]                      ^^^^^^^^^^^^^^^
[1.616s]     File "/opt/ros/jazzy/lib/python3.12/site-packages/rosidl_adapter/__init__.py", line 18, in convert_to_idl
[1.617s]       from rosidl_adapter.msg import convert_msg_to_idl
[1.617s]     File "/opt/ros/jazzy/lib/python3.12/site-packages/rosidl_adapter/msg/__init__.py", line 16, in <module>
[1.617s]       from rosidl_adapter.resource import expand_template
[1.617s]     File "/opt/ros/jazzy/lib/python3.12/site-packages/rosidl_adapter/resource/__init__.py", line 19, in <module>
[1.617s]       import em
[1.617s] 
[1.617s]   ModuleNotFoundError: No module named 'em'
[1.617s] 
[1.617s] Call Stack (most recent call first):
[1.617s]   /opt/ros/jazzy/share/rosidl_cmake/cmake/rosidl_generate_interfaces.cmake:132 (rosidl_adapt_interfaces)
[1.617s]   CMakeLists.txt:16 (rosidl_generate_interfaces)
[1.617s] 
[1.617s] [0m
[1.617s] -- Configuring incomplete, errors occurred!
[1.630s] Invoked command in '/home/submarine/ryans_ws/src/orientation_msg/build/orientation_msg' returned '1': CMAKE_PREFIX_PATH=${CMAKE_PREFIX_PATH}:/home/submarine/ryans_ws/install/orientation_package:/home/submarine/ryans_ws/install/esc_pkg:/home/submarine/ros_ws/install/speed_sensor:/home/submarine/ros_ws/install/sonars:/opt/ros/jazzy DEBUGINFOD_URLS=https://debuginfod.ubuntu.com PS1=(bluerobotics-ping) \[\e]0;\u@\h: \w\a\]${debian_chroot:+($debian_chroot)}\[\033[01;32m\]\u@\h\[\033[00m\]:\[\033[01;34m\]\w\[\033[00m\]\$ VIRTUAL_ENV_PROMPT=(bluerobotics-ping) /usr/bin/cmake /home/submarine/ryans_ws/src/orientation_msg -DCMAKE_INSTALL_PREFIX=/home/submarine/ryans_ws/src/orientation_msg/install/orientation_msg
