[1.726s] Invoking command in '/home/submarine/ros_ws/src/sonars': DEBUGINFOD_URLS=https://debuginfod.ubuntu.com PS1=(bluerobotics-ping) \[\e]0;\u@\h: \w\a\]${debian_chroot:+($debian_chroot)}\[\033[01;32m\]\u@\h\[\033[00m\]:\[\033[01;34m\]\w\[\033[00m\]\$ PYTHONPATH=/home/submarine/ros_ws/build/sonars/prefix_override:/usr/lib/python3/dist-packages/colcon_core/task/python/colcon_distutils_commands:/home/submarine/ros_ws/install/sonars/lib/python3.12/site-packages:${PYTHONPATH} VIRTUAL_ENV_PROMPT=(bluerobotics-ping) /usr/bin/python3 -W ignore:setup.py install is deprecated setup.py egg_info --egg-base ../../build/sonars build --build-base /home/submarine/ros_ws/build/sonars/build install --record /home/submarine/ros_ws/build/sonars/install.log --single-version-externally-managed install_data
[2.281s] running egg_info
[2.325s] writing ../../build/sonars/sonars.egg-info/PKG-INFO
[2.326s] writing dependency_links to ../../build/sonars/sonars.egg-info/dependency_links.txt
[2.327s] writing entry points to ../../build/sonars/sonars.egg-info/entry_points.txt
[2.328s] writing requirements to ../../build/sonars/sonars.egg-info/requires.txt
[2.331s] writing top-level names to ../../build/sonars/sonars.egg-info/top_level.txt
[2.427s] reading manifest file '../../build/sonars/sonars.egg-info/SOURCES.txt'
[2.428s] writing manifest file '../../build/sonars/sonars.egg-info/SOURCES.txt'
[2.428s] running build
[2.429s] running build_py
[2.429s] copying sonars/front_sonar_node.py -> /home/submarine/ros_ws/build/sonars/build/lib/sonars
[2.430s] running install
[2.442s] running install_lib
[2.491s] copying /home/submarine/ros_ws/build/sonars/build/lib/sonars/front_sonar_node.py -> /home/submarine/ros_ws/install/sonars/lib/python3.12/site-packages/sonars
[2.493s] byte-compiling /home/submarine/ros_ws/install/sonars/lib/python3.12/site-packages/sonars/front_sonar_node.py to front_sonar_node.cpython-312.pyc
[2.496s] running install_data
[2.496s] running install_egg_info
[2.542s] removing '/home/submarine/ros_ws/install/sonars/lib/python3.12/site-packages/sonars-0.0.0-py3.12.egg-info' (and everything under it)
[2.543s] Copying ../../build/sonars/sonars.egg-info to /home/submarine/ros_ws/install/sonars/lib/python3.12/site-packages/sonars-0.0.0-py3.12.egg-info
[2.545s] running install_scripts
[2.776s] Installing down_sonar_node script to /home/submarine/ros_ws/install/sonars/lib/sonars
[2.776s] Installing front_sonar_node script to /home/submarine/ros_ws/install/sonars/lib/sonars
[2.778s] Installing side_sonar_node script to /home/submarine/ros_ws/install/sonars/lib/sonars
[2.780s] writing list of installed files to '/home/submarine/ros_ws/build/sonars/install.log'
[2.869s] Invoked command in '/home/submarine/ros_ws/src/sonars' returned '0': DEBUGINFOD_URLS=https://debuginfod.ubuntu.com PS1=(bluerobotics-ping) \[\e]0;\u@\h: \w\a\]${debian_chroot:+($debian_chroot)}\[\033[01;32m\]\u@\h\[\033[00m\]:\[\033[01;34m\]\w\[\033[00m\]\$ PYTHONPATH=/home/submarine/ros_ws/build/sonars/prefix_override:/usr/lib/python3/dist-packages/colcon_core/task/python/colcon_distutils_commands:/home/submarine/ros_ws/install/sonars/lib/python3.12/site-packages:${PYTHONPATH} VIRTUAL_ENV_PROMPT=(bluerobotics-ping) /usr/bin/python3 -W ignore:setup.py install is deprecated setup.py egg_info --egg-base ../../build/sonars build --build-base /home/submarine/ros_ws/build/sonars/build install --record /home/submarine/ros_ws/build/sonars/install.log --single-version-externally-managed install_data
