[0.023s] Invoking command in '/home/submarine/gridmap_ws/build/grid_map_msgs': AMENT_PREFIX_PATH=/home/submarine/gridmap_ws/install/grid_map_cmake_helpers:${AMENT_PREFIX_PATH} CMAKE_PREFIX_PATH=/home/submarine/gridmap_ws/install/grid_map_cmake_helpers:/home/submarine/submarine/ros_ws/install/ros_bt:/home/submarine/submarine/ros_ws/install/ros_interfaces:/home/submarine/submarine/ros_ws/install/ros2_sub:/home/submarine/submarine/ros_ws/install/btcpp_ros2_samples:/home/submarine/submarine/ros_ws/install/btcpp_ros2_interfaces:/home/submarine/submarine/ros_ws/install/behaviortree_ros2:/home/submarine/submarine/ros_ws/install/behaviortree_cpp:/opt/ros/humble /usr/bin/cmake /home/submarine/gridmap_ws/src/grid_map/grid_map_msgs -DAMENT_CMAKE_SYMLINK_INSTALL=1 -DCMAKE_INSTALL_PREFIX=/home/submarine/gridmap_ws/install/grid_map_msgs
[0.171s] -- The C compiler identification is GNU 11.4.0
[0.276s] -- The CXX compiler identification is GNU 11.4.0
[0.291s] -- Detecting C compiler ABI info
[0.412s] -- Detecting C compiler ABI info - done
[0.422s] -- Check for working C compiler: /usr/bin/cc - skipped
[0.425s] -- Detecting C compile features
[0.426s] -- Detecting C compile features - done
[0.430s] -- Detecting CXX compiler ABI info
[0.566s] -- Detecting CXX compiler ABI info - done
[0.577s] -- Check for working CXX compiler: /usr/bin/c++ - skipped
[0.577s] -- Detecting CXX compile features
[0.577s] -- Detecting CXX compile features - done
[0.596s] -- Found ament_cmake: 1.3.8 (/opt/ros/humble/share/ament_cmake/cmake)
[0.873s] -- Found Python3: /usr/bin/python3 (found version "3.10.12") found components: Interpreter 
[0.956s] -- Override CMake install command with custom implementation using symlinks instead of copying resources
[1.052s] -- Found grid_map_cmake_helpers: 2.0.0 (/home/submarine/gridmap_ws/install/grid_map_cmake_helpers/share/grid_map_cmake_helpers/cmake)
[1.056s] -- Found std_msgs: 4.2.3 (/opt/ros/humble/share/std_msgs/cmake)
[1.119s] -- Found rosidl_generator_c: 3.1.5 (/opt/ros/humble/share/rosidl_generator_c/cmake)
[1.129s] -- Found rosidl_adapter: 3.1.5 (/opt/ros/humble/share/rosidl_adapter/cmake)
[1.144s] -- Found rosidl_generator_cpp: 3.1.5 (/opt/ros/humble/share/rosidl_generator_cpp/cmake)
[1.167s] -- Using all available rosidl_typesupport_c: rosidl_typesupport_fastrtps_c;rosidl_typesupport_introspection_c
[1.197s] -- Using all available rosidl_typesupport_cpp: rosidl_typesupport_fastrtps_cpp;rosidl_typesupport_introspection_cpp
[1.278s] -- Found geometry_msgs: 4.2.3 (/opt/ros/humble/share/geometry_msgs/cmake)
[1.337s] -- Found rosidl_default_generators: 1.2.0 (/opt/ros/humble/share/rosidl_default_generators/cmake)
[1.351s] -- Setting build type to Release as none was specified.
[1.971s] -- Found ament_cmake_ros: 0.10.0 (/opt/ros/humble/share/ament_cmake_ros/cmake)
[3.579s] -- Using all available rosidl_typesupport_c: rosidl_typesupport_fastrtps_c;rosidl_typesupport_introspection_c
[4.265s] -- Using all available rosidl_typesupport_cpp: rosidl_typesupport_fastrtps_cpp;rosidl_typesupport_introspection_cpp
[4.329s] -- Found PythonInterp: /usr/bin/python3 (found suitable version "3.10.12", minimum required is "3.6") 
[4.337s] -- Found python_cmake_module: 0.10.0 (/opt/ros/humble/share/python_cmake_module/cmake)
[4.470s] -- Found PythonLibs: /usr/lib/x86_64-linux-gnu/libpython3.10.so (found suitable version "3.10.12", minimum required is "3.5") 
[4.470s] -- Using PYTHON_EXECUTABLE: /usr/bin/python3
[4.470s] -- Using PYTHON_INCLUDE_DIRS: /usr/include/python3.10
[4.470s] -- Using PYTHON_LIBRARIES: /usr/lib/x86_64-linux-gnu/libpython3.10.so
[4.545s] -- Found PythonExtra: .so  
[4.840s] -- Configuring done
[5.008s] -- Generating done
[5.016s] -- Build files have been written to: /home/submarine/gridmap_ws/build/grid_map_msgs
[5.060s] Invoked command in '/home/submarine/gridmap_ws/build/grid_map_msgs' returned '0': AMENT_PREFIX_PATH=/home/submarine/gridmap_ws/install/grid_map_cmake_helpers:${AMENT_PREFIX_PATH} CMAKE_PREFIX_PATH=/home/submarine/gridmap_ws/install/grid_map_cmake_helpers:/home/submarine/submarine/ros_ws/install/ros_bt:/home/submarine/submarine/ros_ws/install/ros_interfaces:/home/submarine/submarine/ros_ws/install/ros2_sub:/home/submarine/submarine/ros_ws/install/btcpp_ros2_samples:/home/submarine/submarine/ros_ws/install/btcpp_ros2_interfaces:/home/submarine/submarine/ros_ws/install/behaviortree_ros2:/home/submarine/submarine/ros_ws/install/behaviortree_cpp:/opt/ros/humble /usr/bin/cmake /home/submarine/gridmap_ws/src/grid_map/grid_map_msgs -DAMENT_CMAKE_SYMLINK_INSTALL=1 -DCMAKE_INSTALL_PREFIX=/home/submarine/gridmap_ws/install/grid_map_msgs
[5.061s] Invoking command in '/home/submarine/gridmap_ws/build/grid_map_msgs': AMENT_PREFIX_PATH=/home/submarine/gridmap_ws/install/grid_map_cmake_helpers:${AMENT_PREFIX_PATH} CMAKE_PREFIX_PATH=/home/submarine/gridmap_ws/install/grid_map_cmake_helpers:/home/submarine/submarine/ros_ws/install/ros_bt:/home/submarine/submarine/ros_ws/install/ros_interfaces:/home/submarine/submarine/ros_ws/install/ros2_sub:/home/submarine/submarine/ros_ws/install/btcpp_ros2_samples:/home/submarine/submarine/ros_ws/install/btcpp_ros2_interfaces:/home/submarine/submarine/ros_ws/install/behaviortree_ros2:/home/submarine/submarine/ros_ws/install/behaviortree_cpp:/opt/ros/humble /usr/bin/cmake --build /home/submarine/gridmap_ws/build/grid_map_msgs -- -j8 -l8
[5.315s] [  1%] [34m[1mGenerating C code for ROS interfaces[0m
[5.388s] [  2%] [34m[1mGenerating C++ code for ROS interfaces[0m
[5.479s] [  2%] Built target ament_cmake_python_symlink_grid_map_msgs
[7.114s] running egg_info
[7.115s] creating grid_map_msgs.egg-info
[7.115s] writing grid_map_msgs.egg-info/PKG-INFO
[7.116s] writing dependency_links to grid_map_msgs.egg-info/dependency_links.txt
[7.116s] writing top-level names to grid_map_msgs.egg-info/top_level.txt
[7.117s] writing manifest file 'grid_map_msgs.egg-info/SOURCES.txt'
[7.131s] reading manifest file 'grid_map_msgs.egg-info/SOURCES.txt'
[7.132s] writing manifest file 'grid_map_msgs.egg-info/SOURCES.txt'
[7.301s] [  2%] Built target ament_cmake_python_build_grid_map_msgs_egg
[8.777s] [  2%] Built target grid_map_msgs__cpp
[8.827s] [  4%] [34m[1mGenerating C++ type support dispatch for ROS interfaces[0m
[8.831s] [  5%] [34m[1mGenerating C++ introspection for ROS interfaces[0m
[8.854s] [  7%] [34m[1mGenerating C++ type support for eProsima Fast-RTPS[0m
[8.899s] [  8%] [32mBuilding C object CMakeFiles/grid_map_msgs__rosidl_generator_c.dir/rosidl_generator_c/grid_map_msgs/msg/detail/grid_map_info__functions.c.o[0m
[8.918s] [  9%] [32mBuilding C object CMakeFiles/grid_map_msgs__rosidl_generator_c.dir/rosidl_generator_c/grid_map_msgs/msg/detail/grid_map__functions.c.o[0m
[8.951s] [ 14%] [32mBuilding C object CMakeFiles/grid_map_msgs__rosidl_generator_c.dir/rosidl_generator_c/grid_map_msgs/srv/detail/set_grid_map__functions.c.o[0m
[8.952s] [ 14%] [32mBuilding C object CMakeFiles/grid_map_msgs__rosidl_generator_c.dir/rosidl_generator_c/grid_map_msgs/srv/detail/get_grid_map_info__functions.c.o[0m
[8.952s] [ 14%] [32mBuilding C object CMakeFiles/grid_map_msgs__rosidl_generator_c.dir/rosidl_generator_c/grid_map_msgs/srv/detail/get_grid_map__functions.c.o[0m
[9.388s] [ 15%] [32mBuilding C object CMakeFiles/grid_map_msgs__rosidl_generator_c.dir/rosidl_generator_c/grid_map_msgs/srv/detail/process_file__functions.c.o[0m
[10.023s] [ 16%] [32m[1mLinking C shared library libgrid_map_msgs__rosidl_generator_c.so[0m
[10.318s] [ 16%] Built target grid_map_msgs__rosidl_generator_c
[10.413s] [ 19%] [34m[1mGenerating C type support for eProsima Fast-RTPS[0m
[10.415s] [ 19%] [34m[1mGenerating C introspection for ROS interfaces[0m
[10.442s] [ 21%] [34m[1mGenerating C type support dispatch for ROS interfaces[0m
[11.283s] [ 22%] [32mBuilding CXX object CMakeFiles/grid_map_msgs__rosidl_typesupport_cpp.dir/rosidl_typesupport_cpp/grid_map_msgs/msg/grid_map_info__type_support.cpp.o[0m
[11.283s] [ 23%] [32mBuilding CXX object CMakeFiles/grid_map_msgs__rosidl_typesupport_cpp.dir/rosidl_typesupport_cpp/grid_map_msgs/msg/grid_map__type_support.cpp.o[0m
[11.296s] [ 25%] [32mBuilding CXX object CMakeFiles/grid_map_msgs__rosidl_typesupport_cpp.dir/rosidl_typesupport_cpp/grid_map_msgs/srv/set_grid_map__type_support.cpp.o[0m
[12.174s] [ 26%] [32mBuilding CXX object CMakeFiles/grid_map_msgs__rosidl_typesupport_introspection_cpp.dir/rosidl_typesupport_introspection_cpp/grid_map_msgs/msg/detail/grid_map_info__type_support.cpp.o[0m
[12.384s] [ 28%] [32mBuilding CXX object CMakeFiles/grid_map_msgs__rosidl_typesupport_introspection_cpp.dir/rosidl_typesupport_introspection_cpp/grid_map_msgs/msg/detail/grid_map__type_support.cpp.o[0m
[12.652s] [ 29%] [32mBuilding CXX object CMakeFiles/grid_map_msgs__rosidl_typesupport_introspection_cpp.dir/rosidl_typesupport_introspection_cpp/grid_map_msgs/srv/detail/set_grid_map__type_support.cpp.o[0m
[12.729s] [ 30%] [32mBuilding CXX object CMakeFiles/grid_map_msgs__rosidl_typesupport_cpp.dir/rosidl_typesupport_cpp/grid_map_msgs/srv/get_grid_map__type_support.cpp.o[0m
[13.353s] [ 32%] [32mBuilding CXX object CMakeFiles/grid_map_msgs__rosidl_typesupport_fastrtps_cpp.dir/rosidl_typesupport_fastrtps_cpp/grid_map_msgs/msg/detail/dds_fastrtps/grid_map_info__type_support.cpp.o[0m
[13.615s] [ 33%] [32mBuilding CXX object CMakeFiles/grid_map_msgs__rosidl_typesupport_introspection_cpp.dir/rosidl_typesupport_introspection_cpp/grid_map_msgs/srv/detail/get_grid_map__type_support.cpp.o[0m
[13.819s] [ 35%] [32mBuilding CXX object CMakeFiles/grid_map_msgs__rosidl_typesupport_cpp.dir/rosidl_typesupport_cpp/grid_map_msgs/srv/get_grid_map_info__type_support.cpp.o[0m
[14.185s] [ 36%] [32mBuilding CXX object CMakeFiles/grid_map_msgs__rosidl_typesupport_introspection_cpp.dir/rosidl_typesupport_introspection_cpp/grid_map_msgs/srv/detail/get_grid_map_info__type_support.cpp.o[0m
[14.334s] [ 38%] [32mBuilding CXX object CMakeFiles/grid_map_msgs__rosidl_typesupport_c.dir/rosidl_typesupport_c/grid_map_msgs/msg/grid_map_info__type_support.cpp.o[0m
[14.497s] [ 39%] [32mBuilding CXX object CMakeFiles/grid_map_msgs__rosidl_typesupport_fastrtps_c.dir/rosidl_typesupport_fastrtps_c/grid_map_msgs/msg/detail/grid_map_info__type_support_c.cpp.o[0m
[14.531s] [ 40%] [32mBuilding CXX object CMakeFiles/grid_map_msgs__rosidl_typesupport_c.dir/rosidl_typesupport_c/grid_map_msgs/msg/grid_map__type_support.cpp.o[0m
[14.623s] [ 42%] [32mBuilding CXX object CMakeFiles/grid_map_msgs__rosidl_typesupport_c.dir/rosidl_typesupport_c/grid_map_msgs/srv/set_grid_map__type_support.cpp.o[0m
[14.659s] [ 43%] [32mBuilding C object CMakeFiles/grid_map_msgs__rosidl_typesupport_introspection_c.dir/rosidl_typesupport_introspection_c/grid_map_msgs/msg/detail/grid_map_info__type_support.c.o[0m
[14.667s] [ 45%] [32mBuilding CXX object CMakeFiles/grid_map_msgs__rosidl_typesupport_cpp.dir/rosidl_typesupport_cpp/grid_map_msgs/srv/process_file__type_support.cpp.o[0m
[14.734s] [ 46%] [32mBuilding CXX object CMakeFiles/grid_map_msgs__rosidl_typesupport_introspection_cpp.dir/rosidl_typesupport_introspection_cpp/grid_map_msgs/srv/detail/process_file__type_support.cpp.o[0m
[14.761s] [ 47%] [32mBuilding CXX object CMakeFiles/grid_map_msgs__rosidl_typesupport_fastrtps_cpp.dir/rosidl_typesupport_fastrtps_cpp/grid_map_msgs/msg/detail/dds_fastrtps/grid_map__type_support.cpp.o[0m
[14.764s] [ 49%] [32mBuilding CXX object CMakeFiles/grid_map_msgs__rosidl_typesupport_c.dir/rosidl_typesupport_c/grid_map_msgs/srv/get_grid_map__type_support.cpp.o[0m
[14.806s] [ 50%] [32mBuilding C object CMakeFiles/grid_map_msgs__rosidl_typesupport_introspection_c.dir/rosidl_typesupport_introspection_c/grid_map_msgs/msg/detail/grid_map__type_support.c.o[0m
[14.885s] [ 52%] [32mBuilding CXX object CMakeFiles/grid_map_msgs__rosidl_typesupport_c.dir/rosidl_typesupport_c/grid_map_msgs/srv/get_grid_map_info__type_support.cpp.o[0m
[14.885s] [ 53%] [32mBuilding CXX object CMakeFiles/grid_map_msgs__rosidl_typesupport_fastrtps_c.dir/rosidl_typesupport_fastrtps_c/grid_map_msgs/msg/detail/grid_map__type_support_c.cpp.o[0m
[15.026s] [ 54%] [32mBuilding CXX object CMakeFiles/grid_map_msgs__rosidl_typesupport_c.dir/rosidl_typesupport_c/grid_map_msgs/srv/process_file__type_support.cpp.o[0m
[15.082s] [ 56%] [32mBuilding C object CMakeFiles/grid_map_msgs__rosidl_typesupport_introspection_c.dir/rosidl_typesupport_introspection_c/grid_map_msgs/srv/detail/set_grid_map__type_support.c.o[0m
[15.260s] [ 57%] [32m[1mLinking CXX shared library libgrid_map_msgs__rosidl_typesupport_c.so[0m
[15.308s] [ 59%] [32mBuilding C object CMakeFiles/grid_map_msgs__rosidl_typesupport_introspection_c.dir/rosidl_typesupport_introspection_c/grid_map_msgs/srv/detail/get_grid_map__type_support.c.o[0m
[15.354s] [ 60%] [32mBuilding CXX object CMakeFiles/grid_map_msgs__rosidl_typesupport_fastrtps_cpp.dir/rosidl_typesupport_fastrtps_cpp/grid_map_msgs/srv/detail/dds_fastrtps/set_grid_map__type_support.cpp.o[0m
[15.382s] [ 61%] [32m[1mLinking CXX shared library libgrid_map_msgs__rosidl_typesupport_cpp.so[0m
[15.479s] [ 63%] [32mBuilding CXX object CMakeFiles/grid_map_msgs__rosidl_typesupport_fastrtps_cpp.dir/rosidl_typesupport_fastrtps_cpp/grid_map_msgs/srv/detail/dds_fastrtps/get_grid_map__type_support.cpp.o[0m
[15.500s] [ 63%] Built target grid_map_msgs__rosidl_typesupport_c
[15.529s] [ 64%] [32mBuilding C object CMakeFiles/grid_map_msgs__rosidl_typesupport_introspection_c.dir/rosidl_typesupport_introspection_c/grid_map_msgs/srv/detail/process_file__type_support.c.o[0m
[15.542s] [ 66%] [32mBuilding C object CMakeFiles/grid_map_msgs__rosidl_typesupport_introspection_c.dir/rosidl_typesupport_introspection_c/grid_map_msgs/srv/detail/get_grid_map_info__type_support.c.o[0m
[15.659s] [ 66%] Built target grid_map_msgs__rosidl_typesupport_cpp
[15.668s] [ 67%] [32mBuilding CXX object CMakeFiles/grid_map_msgs__rosidl_typesupport_fastrtps_c.dir/rosidl_typesupport_fastrtps_c/grid_map_msgs/srv/detail/set_grid_map__type_support_c.cpp.o[0m
[15.719s] [ 69%] [32mBuilding CXX object CMakeFiles/grid_map_msgs__rosidl_typesupport_fastrtps_cpp.dir/rosidl_typesupport_fastrtps_cpp/grid_map_msgs/srv/detail/dds_fastrtps/get_grid_map_info__type_support.cpp.o[0m
[15.731s] [ 70%] [32m[1mLinking C shared library libgrid_map_msgs__rosidl_typesupport_introspection_c.so[0m
[15.855s] [ 71%] [32m[1mLinking CXX shared library libgrid_map_msgs__rosidl_typesupport_introspection_cpp.so[0m
[15.909s] [ 71%] Built target grid_map_msgs__rosidl_typesupport_introspection_c
[15.946s] [ 73%] [32mBuilding CXX object CMakeFiles/grid_map_msgs__rosidl_typesupport_fastrtps_cpp.dir/rosidl_typesupport_fastrtps_cpp/grid_map_msgs/srv/detail/dds_fastrtps/process_file__type_support.cpp.o[0m
[15.961s] [ 74%] [32mBuilding CXX object CMakeFiles/grid_map_msgs__rosidl_typesupport_fastrtps_c.dir/rosidl_typesupport_fastrtps_c/grid_map_msgs/srv/detail/get_grid_map__type_support_c.cpp.o[0m
[16.297s] [ 74%] Built target grid_map_msgs__rosidl_typesupport_introspection_cpp
[16.365s] [ 76%] [32mBuilding CXX object CMakeFiles/grid_map_msgs__rosidl_typesupport_fastrtps_c.dir/rosidl_typesupport_fastrtps_c/grid_map_msgs/srv/detail/get_grid_map_info__type_support_c.cpp.o[0m
[16.594s] [ 77%] [32mBuilding CXX object CMakeFiles/grid_map_msgs__rosidl_typesupport_fastrtps_c.dir/rosidl_typesupport_fastrtps_c/grid_map_msgs/srv/detail/process_file__type_support_c.cpp.o[0m
[17.156s] [ 78%] [32m[1mLinking CXX shared library libgrid_map_msgs__rosidl_typesupport_fastrtps_cpp.so[0m
[17.325s] [ 78%] Built target grid_map_msgs__rosidl_typesupport_fastrtps_cpp
[17.432s] [ 80%] [32m[1mLinking CXX shared library libgrid_map_msgs__rosidl_typesupport_fastrtps_c.so[0m
[17.623s] [ 80%] Built target grid_map_msgs__rosidl_typesupport_fastrtps_c
[17.670s] [ 80%] Built target grid_map_msgs
[17.710s] [ 81%] [34m[1mGenerating Python code for ROS interfaces[0m
[19.696s] [ 81%] Built target grid_map_msgs__py
[19.738s] [ 83%] [32mBuilding C object CMakeFiles/grid_map_msgs__rosidl_generator_py.dir/rosidl_generator_py/grid_map_msgs/msg/_grid_map_s.c.o[0m
[19.739s] [ 88%] [32mBuilding C object CMakeFiles/grid_map_msgs__rosidl_generator_py.dir/rosidl_generator_py/grid_map_msgs/srv/_process_file_s.c.o[0m
[19.740s] [ 88%] [32mBuilding C object CMakeFiles/grid_map_msgs__rosidl_generator_py.dir/rosidl_generator_py/grid_map_msgs/srv/_get_grid_map_info_s.c.o[0m
[19.740s] [ 88%] [32mBuilding C object CMakeFiles/grid_map_msgs__rosidl_generator_py.dir/rosidl_generator_py/grid_map_msgs/msg/_grid_map_info_s.c.o[0m
[19.740s] [ 88%] [32mBuilding C object CMakeFiles/grid_map_msgs__rosidl_generator_py.dir/rosidl_generator_py/grid_map_msgs/srv/_set_grid_map_s.c.o[0m
[19.740s] [ 90%] [32mBuilding C object CMakeFiles/grid_map_msgs__rosidl_generator_py.dir/rosidl_generator_py/grid_map_msgs/srv/_get_grid_map_s.c.o[0m
[20.119s] [ 91%] [32m[1mLinking C shared library rosidl_generator_py/grid_map_msgs/libgrid_map_msgs__rosidl_generator_py.so[0m
[20.221s] [ 91%] Built target grid_map_msgs__rosidl_generator_py
[20.263s] [ 92%] [32mBuilding C object CMakeFiles/grid_map_msgs__rosidl_typesupport_introspection_c__pyext.dir/rosidl_generator_py/grid_map_msgs/_grid_map_msgs_s.ep.rosidl_typesupport_introspection_c.c.o[0m
[20.265s] [ 94%] [32mBuilding C object CMakeFiles/grid_map_msgs__rosidl_typesupport_c__pyext.dir/rosidl_generator_py/grid_map_msgs/_grid_map_msgs_s.ep.rosidl_typesupport_c.c.o[0m
[20.274s] [ 95%] [32mBuilding C object CMakeFiles/grid_map_msgs__rosidl_typesupport_fastrtps_c__pyext.dir/rosidl_generator_py/grid_map_msgs/_grid_map_msgs_s.ep.rosidl_typesupport_fastrtps_c.c.o[0m
[20.622s] [ 97%] [32m[1mLinking C shared library rosidl_generator_py/grid_map_msgs/grid_map_msgs_s__rosidl_typesupport_fastrtps_c.cpython-310-x86_64-linux-gnu.so[0m
[20.685s] [ 98%] [32m[1mLinking C shared library rosidl_generator_py/grid_map_msgs/grid_map_msgs_s__rosidl_typesupport_c.cpython-310-x86_64-linux-gnu.so[0m
[20.687s] [100%] [32m[1mLinking C shared library rosidl_generator_py/grid_map_msgs/grid_map_msgs_s__rosidl_typesupport_introspection_c.cpython-310-x86_64-linux-gnu.so[0m
[20.695s] [100%] Built target grid_map_msgs__rosidl_typesupport_fastrtps_c__pyext
[20.751s] [100%] Built target grid_map_msgs__rosidl_typesupport_c__pyext
[20.766s] [100%] Built target grid_map_msgs__rosidl_typesupport_introspection_c__pyext
[20.796s] Invoked command in '/home/submarine/gridmap_ws/build/grid_map_msgs' returned '0': AMENT_PREFIX_PATH=/home/submarine/gridmap_ws/install/grid_map_cmake_helpers:${AMENT_PREFIX_PATH} CMAKE_PREFIX_PATH=/home/submarine/gridmap_ws/install/grid_map_cmake_helpers:/home/submarine/submarine/ros_ws/install/ros_bt:/home/submarine/submarine/ros_ws/install/ros_interfaces:/home/submarine/submarine/ros_ws/install/ros2_sub:/home/submarine/submarine/ros_ws/install/btcpp_ros2_samples:/home/submarine/submarine/ros_ws/install/btcpp_ros2_interfaces:/home/submarine/submarine/ros_ws/install/behaviortree_ros2:/home/submarine/submarine/ros_ws/install/behaviortree_cpp:/opt/ros/humble /usr/bin/cmake --build /home/submarine/gridmap_ws/build/grid_map_msgs -- -j8 -l8
[21.213s] Invoking command in '/home/submarine/gridmap_ws/build/grid_map_msgs': AMENT_PREFIX_PATH=/home/submarine/gridmap_ws/install/grid_map_cmake_helpers:${AMENT_PREFIX_PATH} CMAKE_PREFIX_PATH=/home/submarine/gridmap_ws/install/grid_map_cmake_helpers:/home/submarine/submarine/ros_ws/install/ros_bt:/home/submarine/submarine/ros_ws/install/ros_interfaces:/home/submarine/submarine/ros_ws/install/ros2_sub:/home/submarine/submarine/ros_ws/install/btcpp_ros2_samples:/home/submarine/submarine/ros_ws/install/btcpp_ros2_interfaces:/home/submarine/submarine/ros_ws/install/behaviortree_ros2:/home/submarine/submarine/ros_ws/install/behaviortree_cpp:/opt/ros/humble /usr/bin/cmake --install /home/submarine/gridmap_ws/build/grid_map_msgs
[21.258s] -- Install configuration: "Release"
[21.263s] -- Execute custom install script
[21.264s] -- Symlinking: /home/submarine/gridmap_ws/install/grid_map_msgs/share/ament_index/resource_index/rosidl_interfaces/grid_map_msgs
[21.326s] -- Symlinking: /home/submarine/gridmap_ws/install/grid_map_msgs/include/grid_map_msgs/grid_map_msgs/msg/detail/grid_map__functions.h
[21.360s] -- Symlinking: /home/submarine/gridmap_ws/install/grid_map_msgs/include/grid_map_msgs/grid_map_msgs/msg/detail/grid_map__struct.h
[21.387s] -- Symlinking: /home/submarine/gridmap_ws/install/grid_map_msgs/include/grid_map_msgs/grid_map_msgs/msg/detail/grid_map__type_support.h
[21.414s] -- Symlinking: /home/submarine/gridmap_ws/install/grid_map_msgs/include/grid_map_msgs/grid_map_msgs/msg/detail/grid_map_info__functions.h
[21.438s] -- Symlinking: /home/submarine/gridmap_ws/install/grid_map_msgs/include/grid_map_msgs/grid_map_msgs/msg/detail/grid_map_info__struct.h
[21.465s] -- Symlinking: /home/submarine/gridmap_ws/install/grid_map_msgs/include/grid_map_msgs/grid_map_msgs/msg/detail/grid_map_info__type_support.h
[21.490s] -- Symlinking: /home/submarine/gridmap_ws/install/grid_map_msgs/include/grid_map_msgs/grid_map_msgs/msg/grid_map.h
[21.515s] -- Symlinking: /home/submarine/gridmap_ws/install/grid_map_msgs/include/grid_map_msgs/grid_map_msgs/msg/grid_map_info.h
[21.540s] -- Symlinking: /home/submarine/gridmap_ws/install/grid_map_msgs/include/grid_map_msgs/grid_map_msgs/msg/rosidl_generator_c__visibility_control.h
[21.568s] -- Symlinking: /home/submarine/gridmap_ws/install/grid_map_msgs/include/grid_map_msgs/grid_map_msgs/srv/detail/get_grid_map__functions.h
[21.596s] -- Symlinking: /home/submarine/gridmap_ws/install/grid_map_msgs/include/grid_map_msgs/grid_map_msgs/srv/detail/get_grid_map__struct.h
[21.627s] -- Symlinking: /home/submarine/gridmap_ws/install/grid_map_msgs/include/grid_map_msgs/grid_map_msgs/srv/detail/get_grid_map__type_support.h
[21.654s] -- Symlinking: /home/submarine/gridmap_ws/install/grid_map_msgs/include/grid_map_msgs/grid_map_msgs/srv/detail/get_grid_map_info__functions.h
[21.681s] -- Symlinking: /home/submarine/gridmap_ws/install/grid_map_msgs/include/grid_map_msgs/grid_map_msgs/srv/detail/get_grid_map_info__struct.h
[21.709s] -- Symlinking: /home/submarine/gridmap_ws/install/grid_map_msgs/include/grid_map_msgs/grid_map_msgs/srv/detail/get_grid_map_info__type_support.h
[21.733s] -- Symlinking: /home/submarine/gridmap_ws/install/grid_map_msgs/include/grid_map_msgs/grid_map_msgs/srv/detail/process_file__functions.h
[21.757s] -- Symlinking: /home/submarine/gridmap_ws/install/grid_map_msgs/include/grid_map_msgs/grid_map_msgs/srv/detail/process_file__struct.h
[21.788s] -- Symlinking: /home/submarine/gridmap_ws/install/grid_map_msgs/include/grid_map_msgs/grid_map_msgs/srv/detail/process_file__type_support.h
[21.813s] -- Symlinking: /home/submarine/gridmap_ws/install/grid_map_msgs/include/grid_map_msgs/grid_map_msgs/srv/detail/set_grid_map__functions.h
[21.839s] -- Symlinking: /home/submarine/gridmap_ws/install/grid_map_msgs/include/grid_map_msgs/grid_map_msgs/srv/detail/set_grid_map__struct.h
[21.865s] -- Symlinking: /home/submarine/gridmap_ws/install/grid_map_msgs/include/grid_map_msgs/grid_map_msgs/srv/detail/set_grid_map__type_support.h
[21.897s] -- Symlinking: /home/submarine/gridmap_ws/install/grid_map_msgs/include/grid_map_msgs/grid_map_msgs/srv/get_grid_map.h
[21.926s] -- Symlinking: /home/submarine/gridmap_ws/install/grid_map_msgs/include/grid_map_msgs/grid_map_msgs/srv/get_grid_map_info.h
[21.950s] -- Symlinking: /home/submarine/gridmap_ws/install/grid_map_msgs/include/grid_map_msgs/grid_map_msgs/srv/process_file.h
[21.975s] -- Symlinking: /home/submarine/gridmap_ws/install/grid_map_msgs/include/grid_map_msgs/grid_map_msgs/srv/set_grid_map.h
[22.009s] -- Symlinking: /home/submarine/gridmap_ws/install/grid_map_msgs/share/grid_map_msgs/environment/library_path.sh
[22.038s] -- Symlinking: /home/submarine/gridmap_ws/install/grid_map_msgs/share/grid_map_msgs/environment/library_path.dsv
[22.063s] -- Symlinking: /home/submarine/gridmap_ws/install/grid_map_msgs/include/grid_map_msgs/grid_map_msgs/msg/detail/grid_map__rosidl_typesupport_fastrtps_c.h
[22.088s] -- Symlinking: /home/submarine/gridmap_ws/install/grid_map_msgs/include/grid_map_msgs/grid_map_msgs/msg/detail/grid_map_info__rosidl_typesupport_fastrtps_c.h
[22.111s] -- Symlinking: /home/submarine/gridmap_ws/install/grid_map_msgs/include/grid_map_msgs/grid_map_msgs/msg/rosidl_typesupport_fastrtps_c__visibility_control.h
[22.133s] -- Symlinking: /home/submarine/gridmap_ws/install/grid_map_msgs/include/grid_map_msgs/grid_map_msgs/srv/detail/get_grid_map__rosidl_typesupport_fastrtps_c.h
[22.155s] -- Symlinking: /home/submarine/gridmap_ws/install/grid_map_msgs/include/grid_map_msgs/grid_map_msgs/srv/detail/get_grid_map_info__rosidl_typesupport_fastrtps_c.h
[22.179s] -- Symlinking: /home/submarine/gridmap_ws/install/grid_map_msgs/include/grid_map_msgs/grid_map_msgs/srv/detail/process_file__rosidl_typesupport_fastrtps_c.h
[22.202s] -- Symlinking: /home/submarine/gridmap_ws/install/grid_map_msgs/include/grid_map_msgs/grid_map_msgs/srv/detail/set_grid_map__rosidl_typesupport_fastrtps_c.h
[22.226s] -- Symlinking: /home/submarine/gridmap_ws/install/grid_map_msgs/include/grid_map_msgs/grid_map_msgs/msg/detail/grid_map__builder.hpp
[22.250s] -- Symlinking: /home/submarine/gridmap_ws/install/grid_map_msgs/include/grid_map_msgs/grid_map_msgs/msg/detail/grid_map__struct.hpp
[22.275s] -- Symlinking: /home/submarine/gridmap_ws/install/grid_map_msgs/include/grid_map_msgs/grid_map_msgs/msg/detail/grid_map__traits.hpp
[22.299s] -- Symlinking: /home/submarine/gridmap_ws/install/grid_map_msgs/include/grid_map_msgs/grid_map_msgs/msg/detail/grid_map_info__builder.hpp
[22.325s] -- Symlinking: /home/submarine/gridmap_ws/install/grid_map_msgs/include/grid_map_msgs/grid_map_msgs/msg/detail/grid_map_info__struct.hpp
[22.353s] -- Symlinking: /home/submarine/gridmap_ws/install/grid_map_msgs/include/grid_map_msgs/grid_map_msgs/msg/detail/grid_map_info__traits.hpp
[22.380s] -- Symlinking: /home/submarine/gridmap_ws/install/grid_map_msgs/include/grid_map_msgs/grid_map_msgs/msg/grid_map.hpp
[22.408s] -- Symlinking: /home/submarine/gridmap_ws/install/grid_map_msgs/include/grid_map_msgs/grid_map_msgs/msg/grid_map_info.hpp
[22.439s] -- Symlinking: /home/submarine/gridmap_ws/install/grid_map_msgs/include/grid_map_msgs/grid_map_msgs/srv/detail/get_grid_map__builder.hpp
[22.468s] -- Symlinking: /home/submarine/gridmap_ws/install/grid_map_msgs/include/grid_map_msgs/grid_map_msgs/srv/detail/get_grid_map__struct.hpp
[22.500s] -- Symlinking: /home/submarine/gridmap_ws/install/grid_map_msgs/include/grid_map_msgs/grid_map_msgs/srv/detail/get_grid_map__traits.hpp
[22.530s] -- Symlinking: /home/submarine/gridmap_ws/install/grid_map_msgs/include/grid_map_msgs/grid_map_msgs/srv/detail/get_grid_map_info__builder.hpp
[22.561s] -- Symlinking: /home/submarine/gridmap_ws/install/grid_map_msgs/include/grid_map_msgs/grid_map_msgs/srv/detail/get_grid_map_info__struct.hpp
[22.590s] -- Symlinking: /home/submarine/gridmap_ws/install/grid_map_msgs/include/grid_map_msgs/grid_map_msgs/srv/detail/get_grid_map_info__traits.hpp
[22.621s] -- Symlinking: /home/submarine/gridmap_ws/install/grid_map_msgs/include/grid_map_msgs/grid_map_msgs/srv/detail/process_file__builder.hpp
[22.655s] -- Symlinking: /home/submarine/gridmap_ws/install/grid_map_msgs/include/grid_map_msgs/grid_map_msgs/srv/detail/process_file__struct.hpp
[22.683s] -- Symlinking: /home/submarine/gridmap_ws/install/grid_map_msgs/include/grid_map_msgs/grid_map_msgs/srv/detail/process_file__traits.hpp
[22.711s] -- Symlinking: /home/submarine/gridmap_ws/install/grid_map_msgs/include/grid_map_msgs/grid_map_msgs/srv/detail/set_grid_map__builder.hpp
[22.742s] -- Symlinking: /home/submarine/gridmap_ws/install/grid_map_msgs/include/grid_map_msgs/grid_map_msgs/srv/detail/set_grid_map__struct.hpp
[22.771s] -- Symlinking: /home/submarine/gridmap_ws/install/grid_map_msgs/include/grid_map_msgs/grid_map_msgs/srv/detail/set_grid_map__traits.hpp
[22.799s] -- Symlinking: /home/submarine/gridmap_ws/install/grid_map_msgs/include/grid_map_msgs/grid_map_msgs/srv/get_grid_map.hpp
[22.830s] -- Symlinking: /home/submarine/gridmap_ws/install/grid_map_msgs/include/grid_map_msgs/grid_map_msgs/srv/get_grid_map_info.hpp
[22.862s] -- Symlinking: /home/submarine/gridmap_ws/install/grid_map_msgs/include/grid_map_msgs/grid_map_msgs/srv/process_file.hpp
[22.899s] -- Symlinking: /home/submarine/gridmap_ws/install/grid_map_msgs/include/grid_map_msgs/grid_map_msgs/srv/set_grid_map.hpp
[22.976s] -- Symlinking: /home/submarine/gridmap_ws/install/grid_map_msgs/include/grid_map_msgs/grid_map_msgs/msg/detail/grid_map__rosidl_typesupport_fastrtps_cpp.hpp
[23.033s] -- Symlinking: /home/submarine/gridmap_ws/install/grid_map_msgs/include/grid_map_msgs/grid_map_msgs/msg/detail/grid_map_info__rosidl_typesupport_fastrtps_cpp.hpp
[23.102s] -- Symlinking: /home/submarine/gridmap_ws/install/grid_map_msgs/include/grid_map_msgs/grid_map_msgs/msg/rosidl_typesupport_fastrtps_cpp__visibility_control.h
[23.144s] -- Symlinking: /home/submarine/gridmap_ws/install/grid_map_msgs/include/grid_map_msgs/grid_map_msgs/srv/detail/get_grid_map__rosidl_typesupport_fastrtps_cpp.hpp
[23.199s] -- Symlinking: /home/submarine/gridmap_ws/install/grid_map_msgs/include/grid_map_msgs/grid_map_msgs/srv/detail/get_grid_map_info__rosidl_typesupport_fastrtps_cpp.hpp
[23.249s] -- Symlinking: /home/submarine/gridmap_ws/install/grid_map_msgs/include/grid_map_msgs/grid_map_msgs/srv/detail/process_file__rosidl_typesupport_fastrtps_cpp.hpp
[23.299s] -- Symlinking: /home/submarine/gridmap_ws/install/grid_map_msgs/include/grid_map_msgs/grid_map_msgs/srv/detail/set_grid_map__rosidl_typesupport_fastrtps_cpp.hpp
[23.350s] -- Symlinking: /home/submarine/gridmap_ws/install/grid_map_msgs/include/grid_map_msgs/grid_map_msgs/msg/detail/grid_map__rosidl_typesupport_introspection_c.h
[23.405s] -- Symlinking: /home/submarine/gridmap_ws/install/grid_map_msgs/include/grid_map_msgs/grid_map_msgs/msg/detail/grid_map_info__rosidl_typesupport_introspection_c.h
[23.456s] -- Symlinking: /home/submarine/gridmap_ws/install/grid_map_msgs/include/grid_map_msgs/grid_map_msgs/msg/rosidl_typesupport_introspection_c__visibility_control.h
[23.521s] -- Symlinking: /home/submarine/gridmap_ws/install/grid_map_msgs/include/grid_map_msgs/grid_map_msgs/srv/detail/get_grid_map__rosidl_typesupport_introspection_c.h
[23.582s] -- Symlinking: /home/submarine/gridmap_ws/install/grid_map_msgs/include/grid_map_msgs/grid_map_msgs/srv/detail/get_grid_map_info__rosidl_typesupport_introspection_c.h
[23.634s] -- Symlinking: /home/submarine/gridmap_ws/install/grid_map_msgs/include/grid_map_msgs/grid_map_msgs/srv/detail/process_file__rosidl_typesupport_introspection_c.h
[23.688s] -- Symlinking: /home/submarine/gridmap_ws/install/grid_map_msgs/include/grid_map_msgs/grid_map_msgs/srv/detail/set_grid_map__rosidl_typesupport_introspection_c.h
[23.753s] -- Symlinking: /home/submarine/gridmap_ws/install/grid_map_msgs/include/grid_map_msgs/grid_map_msgs/msg/detail/grid_map__rosidl_typesupport_introspection_cpp.hpp
[23.808s] -- Symlinking: /home/submarine/gridmap_ws/install/grid_map_msgs/include/grid_map_msgs/grid_map_msgs/msg/detail/grid_map_info__rosidl_typesupport_introspection_cpp.hpp
[23.835s] -- Symlinking: /home/submarine/gridmap_ws/install/grid_map_msgs/include/grid_map_msgs/grid_map_msgs/srv/detail/get_grid_map__rosidl_typesupport_introspection_cpp.hpp
[23.867s] -- Symlinking: /home/submarine/gridmap_ws/install/grid_map_msgs/include/grid_map_msgs/grid_map_msgs/srv/detail/get_grid_map_info__rosidl_typesupport_introspection_cpp.hpp
[23.894s] -- Symlinking: /home/submarine/gridmap_ws/install/grid_map_msgs/include/grid_map_msgs/grid_map_msgs/srv/detail/process_file__rosidl_typesupport_introspection_cpp.hpp
[23.927s] -- Symlinking: /home/submarine/gridmap_ws/install/grid_map_msgs/include/grid_map_msgs/grid_map_msgs/srv/detail/set_grid_map__rosidl_typesupport_introspection_cpp.hpp
[23.956s] -- Symlinking: /home/submarine/gridmap_ws/install/grid_map_msgs/share/grid_map_msgs/environment/pythonpath.sh
[23.987s] -- Symlinking: /home/submarine/gridmap_ws/install/grid_map_msgs/share/grid_map_msgs/environment/pythonpath.dsv
[24.018s] -- Symlinking: /home/submarine/gridmap_ws/install/grid_map_msgs/local/lib/python3.10/dist-packages/grid_map_msgs-2.0.0-py3.10.egg-info/PKG-INFO
[24.046s] -- Symlinking: /home/submarine/gridmap_ws/install/grid_map_msgs/local/lib/python3.10/dist-packages/grid_map_msgs-2.0.0-py3.10.egg-info/SOURCES.txt
[24.078s] -- Symlinking: /home/submarine/gridmap_ws/install/grid_map_msgs/local/lib/python3.10/dist-packages/grid_map_msgs-2.0.0-py3.10.egg-info/dependency_links.txt
[24.107s] -- Symlinking: /home/submarine/gridmap_ws/install/grid_map_msgs/local/lib/python3.10/dist-packages/grid_map_msgs-2.0.0-py3.10.egg-info/top_level.txt
[24.139s] -- Symlinking: /home/submarine/gridmap_ws/install/grid_map_msgs/local/lib/python3.10/dist-packages/grid_map_msgs/__init__.py
[24.170s] -- Symlinking: /home/submarine/gridmap_ws/install/grid_map_msgs/local/lib/python3.10/dist-packages/grid_map_msgs/_grid_map_msgs_s.ep.rosidl_typesupport_c.c
[24.216s] -- Symlinking: /home/submarine/gridmap_ws/install/grid_map_msgs/local/lib/python3.10/dist-packages/grid_map_msgs/_grid_map_msgs_s.ep.rosidl_typesupport_fastrtps_c.c
[24.259s] -- Symlinking: /home/submarine/gridmap_ws/install/grid_map_msgs/local/lib/python3.10/dist-packages/grid_map_msgs/_grid_map_msgs_s.ep.rosidl_typesupport_introspection_c.c
[24.288s] -- Symlinking: /home/submarine/gridmap_ws/install/grid_map_msgs/local/lib/python3.10/dist-packages/grid_map_msgs/grid_map_msgs_s__rosidl_typesupport_c.cpython-310-x86_64-linux-gnu.so
[24.368s] -- Symlinking: /home/submarine/gridmap_ws/install/grid_map_msgs/local/lib/python3.10/dist-packages/grid_map_msgs/grid_map_msgs_s__rosidl_typesupport_fastrtps_c.cpython-310-x86_64-linux-gnu.so
[24.428s] -- Symlinking: /home/submarine/gridmap_ws/install/grid_map_msgs/local/lib/python3.10/dist-packages/grid_map_msgs/grid_map_msgs_s__rosidl_typesupport_introspection_c.cpython-310-x86_64-linux-gnu.so
[24.484s] -- Symlinking: /home/submarine/gridmap_ws/install/grid_map_msgs/local/lib/python3.10/dist-packages/grid_map_msgs/libgrid_map_msgs__rosidl_generator_py.so
[24.534s] -- Symlinking: /home/submarine/gridmap_ws/install/grid_map_msgs/local/lib/python3.10/dist-packages/grid_map_msgs/msg/__init__.py
[24.576s] -- Symlinking: /home/submarine/gridmap_ws/install/grid_map_msgs/local/lib/python3.10/dist-packages/grid_map_msgs/msg/_grid_map.py
[24.603s] -- Symlinking: /home/submarine/gridmap_ws/install/grid_map_msgs/local/lib/python3.10/dist-packages/grid_map_msgs/msg/_grid_map_info.py
[24.631s] -- Symlinking: /home/submarine/gridmap_ws/install/grid_map_msgs/local/lib/python3.10/dist-packages/grid_map_msgs/msg/_grid_map_info_s.c
[24.659s] -- Symlinking: /home/submarine/gridmap_ws/install/grid_map_msgs/local/lib/python3.10/dist-packages/grid_map_msgs/msg/_grid_map_s.c
[24.687s] -- Symlinking: /home/submarine/gridmap_ws/install/grid_map_msgs/local/lib/python3.10/dist-packages/grid_map_msgs/srv/__init__.py
[24.713s] -- Symlinking: /home/submarine/gridmap_ws/install/grid_map_msgs/local/lib/python3.10/dist-packages/grid_map_msgs/srv/_get_grid_map.py
[24.743s] -- Symlinking: /home/submarine/gridmap_ws/install/grid_map_msgs/local/lib/python3.10/dist-packages/grid_map_msgs/srv/_get_grid_map_info.py
[24.779s] -- Symlinking: /home/submarine/gridmap_ws/install/grid_map_msgs/local/lib/python3.10/dist-packages/grid_map_msgs/srv/_get_grid_map_info_s.c
[24.810s] -- Symlinking: /home/submarine/gridmap_ws/install/grid_map_msgs/local/lib/python3.10/dist-packages/grid_map_msgs/srv/_get_grid_map_s.c
[24.838s] -- Symlinking: /home/submarine/gridmap_ws/install/grid_map_msgs/local/lib/python3.10/dist-packages/grid_map_msgs/srv/_process_file.py
[24.863s] -- Symlinking: /home/submarine/gridmap_ws/install/grid_map_msgs/local/lib/python3.10/dist-packages/grid_map_msgs/srv/_process_file_s.c
[24.891s] -- Symlinking: /home/submarine/gridmap_ws/install/grid_map_msgs/local/lib/python3.10/dist-packages/grid_map_msgs/srv/_set_grid_map.py
[24.916s] -- Symlinking: /home/submarine/gridmap_ws/install/grid_map_msgs/local/lib/python3.10/dist-packages/grid_map_msgs/srv/_set_grid_map_s.c
[24.945s] -- Up-to-date symlink: /home/submarine/gridmap_ws/install/grid_map_msgs/local/lib/python3.10/dist-packages/grid_map_msgs/grid_map_msgs_s__rosidl_typesupport_fastrtps_c.cpython-310-x86_64-linux-gnu.so
[24.946s] -- Up-to-date symlink: /home/submarine/gridmap_ws/install/grid_map_msgs/local/lib/python3.10/dist-packages/grid_map_msgs/grid_map_msgs_s__rosidl_typesupport_introspection_c.cpython-310-x86_64-linux-gnu.so
[24.949s] -- Up-to-date symlink: /home/submarine/gridmap_ws/install/grid_map_msgs/local/lib/python3.10/dist-packages/grid_map_msgs/grid_map_msgs_s__rosidl_typesupport_c.cpython-310-x86_64-linux-gnu.so
[24.951s] -- Symlinking: /home/submarine/gridmap_ws/install/grid_map_msgs/share/grid_map_msgs/msg/GridMapInfo.idl
[25.013s] -- Symlinking: /home/submarine/gridmap_ws/install/grid_map_msgs/share/grid_map_msgs/msg/GridMap.idl
[25.062s] -- Symlinking: /home/submarine/gridmap_ws/install/grid_map_msgs/share/grid_map_msgs/srv/SetGridMap.idl
[25.091s] -- Symlinking: /home/submarine/gridmap_ws/install/grid_map_msgs/share/grid_map_msgs/srv/GetGridMap.idl
[25.120s] -- Symlinking: /home/submarine/gridmap_ws/install/grid_map_msgs/share/grid_map_msgs/srv/GetGridMapInfo.idl
[25.150s] -- Symlinking: /home/submarine/gridmap_ws/install/grid_map_msgs/share/grid_map_msgs/srv/ProcessFile.idl
[25.180s] -- Symlinking: /home/submarine/gridmap_ws/install/grid_map_msgs/share/grid_map_msgs/msg/GridMapInfo.msg
[25.208s] -- Symlinking: /home/submarine/gridmap_ws/install/grid_map_msgs/share/grid_map_msgs/msg/GridMap.msg
[25.237s] -- Symlinking: /home/submarine/gridmap_ws/install/grid_map_msgs/share/grid_map_msgs/srv/SetGridMap.srv
[25.267s] -- Symlinking: /home/submarine/gridmap_ws/install/grid_map_msgs/share/grid_map_msgs/srv/SetGridMap_Request.msg
[25.295s] -- Symlinking: /home/submarine/gridmap_ws/install/grid_map_msgs/share/grid_map_msgs/srv/SetGridMap_Response.msg
[25.322s] -- Symlinking: /home/submarine/gridmap_ws/install/grid_map_msgs/share/grid_map_msgs/srv/GetGridMap.srv
[25.349s] -- Symlinking: /home/submarine/gridmap_ws/install/grid_map_msgs/share/grid_map_msgs/srv/GetGridMap_Request.msg
[25.377s] -- Symlinking: /home/submarine/gridmap_ws/install/grid_map_msgs/share/grid_map_msgs/srv/GetGridMap_Response.msg
[25.407s] -- Symlinking: /home/submarine/gridmap_ws/install/grid_map_msgs/share/grid_map_msgs/srv/GetGridMapInfo.srv
[25.436s] -- Symlinking: /home/submarine/gridmap_ws/install/grid_map_msgs/share/grid_map_msgs/srv/GetGridMapInfo_Request.msg
[25.464s] -- Symlinking: /home/submarine/gridmap_ws/install/grid_map_msgs/share/grid_map_msgs/srv/GetGridMapInfo_Response.msg
[25.493s] -- Symlinking: /home/submarine/gridmap_ws/install/grid_map_msgs/share/grid_map_msgs/srv/ProcessFile.srv
[25.522s] -- Symlinking: /home/submarine/gridmap_ws/install/grid_map_msgs/share/grid_map_msgs/srv/ProcessFile_Request.msg
[25.549s] -- Symlinking: /home/submarine/gridmap_ws/install/grid_map_msgs/share/grid_map_msgs/srv/ProcessFile_Response.msg
[25.578s] -- Symlinking: /home/submarine/gridmap_ws/install/grid_map_msgs/share/ament_index/resource_index/package_run_dependencies/grid_map_msgs
[25.606s] -- Symlinking: /home/submarine/gridmap_ws/install/grid_map_msgs/share/ament_index/resource_index/parent_prefix_path/grid_map_msgs
[25.635s] -- Symlinking: /home/submarine/gridmap_ws/install/grid_map_msgs/share/grid_map_msgs/environment/ament_prefix_path.sh
[25.663s] -- Symlinking: /home/submarine/gridmap_ws/install/grid_map_msgs/share/grid_map_msgs/environment/ament_prefix_path.dsv
[25.690s] -- Symlinking: /home/submarine/gridmap_ws/install/grid_map_msgs/share/grid_map_msgs/environment/path.sh
[25.721s] -- Symlinking: /home/submarine/gridmap_ws/install/grid_map_msgs/share/grid_map_msgs/environment/path.dsv
[25.750s] -- Symlinking: /home/submarine/gridmap_ws/install/grid_map_msgs/share/grid_map_msgs/local_setup.bash
[25.779s] -- Symlinking: /home/submarine/gridmap_ws/install/grid_map_msgs/share/grid_map_msgs/local_setup.sh
[25.804s] -- Symlinking: /home/submarine/gridmap_ws/install/grid_map_msgs/share/grid_map_msgs/local_setup.zsh
[25.839s] -- Symlinking: /home/submarine/gridmap_ws/install/grid_map_msgs/share/grid_map_msgs/local_setup.dsv
[25.871s] -- Symlinking: /home/submarine/gridmap_ws/install/grid_map_msgs/share/grid_map_msgs/package.dsv
[25.900s] -- Symlinking: /home/submarine/gridmap_ws/install/grid_map_msgs/share/ament_index/resource_index/packages/grid_map_msgs
[25.927s] -- Symlinking: /home/submarine/gridmap_ws/install/grid_map_msgs/share/grid_map_msgs/cmake/rosidl_cmake-extras.cmake
[25.955s] -- Symlinking: /home/submarine/gridmap_ws/install/grid_map_msgs/share/grid_map_msgs/cmake/ament_cmake_export_dependencies-extras.cmake
[25.981s] -- Symlinking: /home/submarine/gridmap_ws/install/grid_map_msgs/share/grid_map_msgs/cmake/ament_cmake_export_include_directories-extras.cmake
[26.007s] -- Symlinking: /home/submarine/gridmap_ws/install/grid_map_msgs/share/grid_map_msgs/cmake/ament_cmake_export_libraries-extras.cmake
[26.035s] -- Symlinking: /home/submarine/gridmap_ws/install/grid_map_msgs/share/grid_map_msgs/cmake/ament_cmake_export_targets-extras.cmake
[26.067s] -- Symlinking: /home/submarine/gridmap_ws/install/grid_map_msgs/share/grid_map_msgs/cmake/rosidl_cmake_export_typesupport_targets-extras.cmake
[26.096s] -- Symlinking: /home/submarine/gridmap_ws/install/grid_map_msgs/share/grid_map_msgs/cmake/rosidl_cmake_export_typesupport_libraries-extras.cmake
[26.124s] -- Symlinking: /home/submarine/gridmap_ws/install/grid_map_msgs/share/grid_map_msgs/cmake/grid_map_msgsConfig.cmake
[26.153s] -- Symlinking: /home/submarine/gridmap_ws/install/grid_map_msgs/share/grid_map_msgs/cmake/grid_map_msgsConfig-version.cmake
[26.182s] -- Symlinking: /home/submarine/gridmap_ws/install/grid_map_msgs/share/grid_map_msgs/package.xml
[26.209s] -- Installing: /home/submarine/gridmap_ws/install/grid_map_msgs/lib/libgrid_map_msgs__rosidl_generator_c.so
[26.211s] -- Set runtime path of "/home/submarine/gridmap_ws/install/grid_map_msgs/lib/libgrid_map_msgs__rosidl_generator_c.so" to ""
[26.212s] -- Installing: /home/submarine/gridmap_ws/install/grid_map_msgs/lib/libgrid_map_msgs__rosidl_typesupport_fastrtps_c.so
[26.214s] -- Set runtime path of "/home/submarine/gridmap_ws/install/grid_map_msgs/lib/libgrid_map_msgs__rosidl_typesupport_fastrtps_c.so" to ""
[26.215s] -- Installing: /home/submarine/gridmap_ws/install/grid_map_msgs/lib/libgrid_map_msgs__rosidl_typesupport_fastrtps_cpp.so
[26.217s] -- Set runtime path of "/home/submarine/gridmap_ws/install/grid_map_msgs/lib/libgrid_map_msgs__rosidl_typesupport_fastrtps_cpp.so" to ""
[26.218s] -- Installing: /home/submarine/gridmap_ws/install/grid_map_msgs/lib/libgrid_map_msgs__rosidl_typesupport_introspection_c.so
[26.221s] -- Set runtime path of "/home/submarine/gridmap_ws/install/grid_map_msgs/lib/libgrid_map_msgs__rosidl_typesupport_introspection_c.so" to ""
[26.222s] -- Installing: /home/submarine/gridmap_ws/install/grid_map_msgs/lib/libgrid_map_msgs__rosidl_typesupport_c.so
[26.223s] -- Set runtime path of "/home/submarine/gridmap_ws/install/grid_map_msgs/lib/libgrid_map_msgs__rosidl_typesupport_c.so" to ""
[26.224s] -- Installing: /home/submarine/gridmap_ws/install/grid_map_msgs/lib/libgrid_map_msgs__rosidl_typesupport_introspection_cpp.so
[26.226s] -- Set runtime path of "/home/submarine/gridmap_ws/install/grid_map_msgs/lib/libgrid_map_msgs__rosidl_typesupport_introspection_cpp.so" to ""
[26.227s] -- Installing: /home/submarine/gridmap_ws/install/grid_map_msgs/lib/libgrid_map_msgs__rosidl_typesupport_cpp.so
[26.229s] -- Set runtime path of "/home/submarine/gridmap_ws/install/grid_map_msgs/lib/libgrid_map_msgs__rosidl_typesupport_cpp.so" to ""
[26.392s] Listing '/home/submarine/gridmap_ws/install/grid_map_msgs/local/lib/python3.10/dist-packages/grid_map_msgs'...
[26.393s] Compiling '/home/submarine/gridmap_ws/install/grid_map_msgs/local/lib/python3.10/dist-packages/grid_map_msgs/__init__.py'...
[26.393s] Listing '/home/submarine/gridmap_ws/install/grid_map_msgs/local/lib/python3.10/dist-packages/grid_map_msgs/msg'...
[26.393s] Compiling '/home/submarine/gridmap_ws/install/grid_map_msgs/local/lib/python3.10/dist-packages/grid_map_msgs/msg/__init__.py'...
[26.393s] Compiling '/home/submarine/gridmap_ws/install/grid_map_msgs/local/lib/python3.10/dist-packages/grid_map_msgs/msg/_grid_map.py'...
[26.394s] Compiling '/home/submarine/gridmap_ws/install/grid_map_msgs/local/lib/python3.10/dist-packages/grid_map_msgs/msg/_grid_map_info.py'...
[26.394s] Listing '/home/submarine/gridmap_ws/install/grid_map_msgs/local/lib/python3.10/dist-packages/grid_map_msgs/srv'...
[26.394s] Compiling '/home/submarine/gridmap_ws/install/grid_map_msgs/local/lib/python3.10/dist-packages/grid_map_msgs/srv/__init__.py'...
[26.394s] Compiling '/home/submarine/gridmap_ws/install/grid_map_msgs/local/lib/python3.10/dist-packages/grid_map_msgs/srv/_get_grid_map.py'...
[26.394s] Compiling '/home/submarine/gridmap_ws/install/grid_map_msgs/local/lib/python3.10/dist-packages/grid_map_msgs/srv/_get_grid_map_info.py'...
[26.395s] Compiling '/home/submarine/gridmap_ws/install/grid_map_msgs/local/lib/python3.10/dist-packages/grid_map_msgs/srv/_process_file.py'...
[26.395s] Compiling '/home/submarine/gridmap_ws/install/grid_map_msgs/local/lib/python3.10/dist-packages/grid_map_msgs/srv/_set_grid_map.py'...
[26.414s] -- Installing: /home/submarine/gridmap_ws/install/grid_map_msgs/lib/libgrid_map_msgs__rosidl_generator_py.so
[26.414s] -- Set runtime path of "/home/submarine/gridmap_ws/install/grid_map_msgs/lib/libgrid_map_msgs__rosidl_generator_py.so" to ""
[26.415s] -- Installing: /home/submarine/gridmap_ws/install/grid_map_msgs/share/grid_map_msgs/cmake/export_grid_map_msgs__rosidl_generator_cExport.cmake
[26.417s] -- Installing: /home/submarine/gridmap_ws/install/grid_map_msgs/share/grid_map_msgs/cmake/export_grid_map_msgs__rosidl_generator_cExport-release.cmake
[26.418s] -- Installing: /home/submarine/gridmap_ws/install/grid_map_msgs/share/grid_map_msgs/cmake/export_grid_map_msgs__rosidl_typesupport_fastrtps_cExport.cmake
[26.419s] -- Installing: /home/submarine/gridmap_ws/install/grid_map_msgs/share/grid_map_msgs/cmake/export_grid_map_msgs__rosidl_typesupport_fastrtps_cExport-release.cmake
[26.421s] -- Installing: /home/submarine/gridmap_ws/install/grid_map_msgs/share/grid_map_msgs/cmake/export_grid_map_msgs__rosidl_generator_cppExport.cmake
[26.422s] -- Installing: /home/submarine/gridmap_ws/install/grid_map_msgs/share/grid_map_msgs/cmake/export_grid_map_msgs__rosidl_typesupport_fastrtps_cppExport.cmake
[26.423s] -- Installing: /home/submarine/gridmap_ws/install/grid_map_msgs/share/grid_map_msgs/cmake/export_grid_map_msgs__rosidl_typesupport_fastrtps_cppExport-release.cmake
[26.424s] -- Installing: /home/submarine/gridmap_ws/install/grid_map_msgs/share/grid_map_msgs/cmake/grid_map_msgs__rosidl_typesupport_introspection_cExport.cmake
[26.426s] -- Installing: /home/submarine/gridmap_ws/install/grid_map_msgs/share/grid_map_msgs/cmake/grid_map_msgs__rosidl_typesupport_introspection_cExport-release.cmake
[26.427s] -- Installing: /home/submarine/gridmap_ws/install/grid_map_msgs/share/grid_map_msgs/cmake/grid_map_msgs__rosidl_typesupport_cExport.cmake
[26.428s] -- Installing: /home/submarine/gridmap_ws/install/grid_map_msgs/share/grid_map_msgs/cmake/grid_map_msgs__rosidl_typesupport_cExport-release.cmake
[26.429s] -- Installing: /home/submarine/gridmap_ws/install/grid_map_msgs/share/grid_map_msgs/cmake/grid_map_msgs__rosidl_typesupport_introspection_cppExport.cmake
[26.431s] -- Installing: /home/submarine/gridmap_ws/install/grid_map_msgs/share/grid_map_msgs/cmake/grid_map_msgs__rosidl_typesupport_introspection_cppExport-release.cmake
[26.432s] -- Installing: /home/submarine/gridmap_ws/install/grid_map_msgs/share/grid_map_msgs/cmake/grid_map_msgs__rosidl_typesupport_cppExport.cmake
[26.433s] -- Installing: /home/submarine/gridmap_ws/install/grid_map_msgs/share/grid_map_msgs/cmake/grid_map_msgs__rosidl_typesupport_cppExport-release.cmake
[26.434s] -- Installing: /home/submarine/gridmap_ws/install/grid_map_msgs/share/grid_map_msgs/cmake/export_grid_map_msgs__rosidl_generator_pyExport.cmake
[26.436s] -- Installing: /home/submarine/gridmap_ws/install/grid_map_msgs/share/grid_map_msgs/cmake/export_grid_map_msgs__rosidl_generator_pyExport-release.cmake
[26.449s] Invoked command in '/home/submarine/gridmap_ws/build/grid_map_msgs' returned '0': AMENT_PREFIX_PATH=/home/submarine/gridmap_ws/install/grid_map_cmake_helpers:${AMENT_PREFIX_PATH} CMAKE_PREFIX_PATH=/home/submarine/gridmap_ws/install/grid_map_cmake_helpers:/home/submarine/submarine/ros_ws/install/ros_bt:/home/submarine/submarine/ros_ws/install/ros_interfaces:/home/submarine/submarine/ros_ws/install/ros2_sub:/home/submarine/submarine/ros_ws/install/btcpp_ros2_samples:/home/submarine/submarine/ros_ws/install/btcpp_ros2_interfaces:/home/submarine/submarine/ros_ws/install/behaviortree_ros2:/home/submarine/submarine/ros_ws/install/behaviortree_cpp:/opt/ros/humble /usr/bin/cmake --install /home/submarine/gridmap_ws/build/grid_map_msgs
