running egg_info
creating ../../build/orientation_package/orientation_package.egg-info
writing ../../build/orientation_package/orientation_package.egg-info/PKG-INFO
writing dependency_links to ../../build/orientation_package/orientation_package.egg-info/dependency_links.txt
writing entry points to ../../build/orientation_package/orientation_package.egg-info/entry_points.txt
writing requirements to ../../build/orientation_package/orientation_package.egg-info/requires.txt
writing top-level names to ../../build/orientation_package/orientation_package.egg-info/top_level.txt
writing manifest file '../../build/orientation_package/orientation_package.egg-info/SOURCES.txt'
reading manifest file '../../build/orientation_package/orientation_package.egg-info/SOURCES.txt'
adding license file 'LICENSE'
writing manifest file '../../build/orientation_package/orientation_package.egg-info/SOURCES.txt'
running build
running build_py
creating /home/submarine/ros_ws/build/orientation_package/build
creating /home/submarine/ros_ws/build/orientation_package/build/lib
creating /home/submarine/ros_ws/build/orientation_package/build/lib/orientation_package
copying orientation_package/orientation_publisher.py -> /home/submarine/ros_ws/build/orientation_package/build/lib/orientation_package
copying orientation_package/__init__.py -> /home/submarine/ros_ws/build/orientation_package/build/lib/orientation_package
copying orientation_package/imu.py -> /home/submarine/ros_ws/build/orientation_package/build/lib/orientation_package
running install
running install_lib
creating /home/submarine/ros_ws/install/orientation_package/lib/python3.12/site-packages/orientation_package
copying /home/submarine/ros_ws/build/orientation_package/build/lib/orientation_package/orientation_publisher.py -> /home/submarine/ros_ws/install/orientation_package/lib/python3.12/site-packages/orientation_package
copying /home/submarine/ros_ws/build/orientation_package/build/lib/orientation_package/__init__.py -> /home/submarine/ros_ws/install/orientation_package/lib/python3.12/site-packages/orientation_package
copying /home/submarine/ros_ws/build/orientation_package/build/lib/orientation_package/imu.py -> /home/submarine/ros_ws/install/orientation_package/lib/python3.12/site-packages/orientation_package
byte-compiling /home/submarine/ros_ws/install/orientation_package/lib/python3.12/site-packages/orientation_package/orientation_publisher.py to orientation_publisher.cpython-312.pyc
byte-compiling /home/submarine/ros_ws/install/orientation_package/lib/python3.12/site-packages/orientation_package/__init__.py to __init__.cpython-312.pyc
byte-compiling /home/submarine/ros_ws/install/orientation_package/lib/python3.12/site-packages/orientation_package/imu.py to imu.cpython-312.pyc
running install_data
creating /home/submarine/ros_ws/install/orientation_package/share/ament_index
creating /home/submarine/ros_ws/install/orientation_package/share/ament_index/resource_index
creating /home/submarine/ros_ws/install/orientation_package/share/ament_index/resource_index/packages
copying resource/orientation_package -> /home/submarine/ros_ws/install/orientation_package/share/ament_index/resource_index/packages
copying package.xml -> /home/submarine/ros_ws/install/orientation_package/share/orientation_package
running install_egg_info
Copying ../../build/orientation_package/orientation_package.egg-info to /home/submarine/ros_ws/install/orientation_package/lib/python3.12/site-packages/orientation_package-0.0.1-py3.12.egg-info
running install_scripts
Installing imu script to /home/submarine/ros_ws/install/orientation_package/lib/orientation_package
Installing orientation_publisher script to /home/submarine/ros_ws/install/orientation_package/lib/orientation_package
writing list of installed files to '/home/submarine/ros_ws/build/orientation_package/install.log'
