[1.966s] Invoking command in '/home/submarine/ros_ws/src/orientation_package': DEBUGINFOD_URLS=https://debuginfod.ubuntu.com PS1=(bluerobotics-ping) \[\e]0;\u@\h: \w\a\]${debian_chroot:+($debian_chroot)}\[\033[01;32m\]\u@\h\[\033[00m\]:\[\033[01;34m\]\w\[\033[00m\]\$ PYTHONPATH=/home/submarine/ros_ws/build/orientation_package/prefix_override:/usr/lib/python3/dist-packages/colcon_core/task/python/colcon_distutils_commands:/home/submarine/ros_ws/install/orientation_package/lib/python3.12/site-packages:${PYTHONPATH} VIRTUAL_ENV_PROMPT=(bluerobotics-ping) /usr/bin/python3 -W ignore:setup.py install is deprecated setup.py egg_info --egg-base ../../build/orientation_package build --build-base /home/submarine/ros_ws/build/orientation_package/build install --record /home/submarine/ros_ws/build/orientation_package/install.log --single-version-externally-managed install_data
[2.469s] running egg_info
[2.470s] creating ../../build/orientation_package/orientation_package.egg-info
[2.505s] writing ../../build/orientation_package/orientation_package.egg-info/PKG-INFO
[2.506s] writing dependency_links to ../../build/orientation_package/orientation_package.egg-info/dependency_links.txt
[2.506s] writing entry points to ../../build/orientation_package/orientation_package.egg-info/entry_points.txt
[2.506s] writing requirements to ../../build/orientation_package/orientation_package.egg-info/requires.txt
[2.506s] writing top-level names to ../../build/orientation_package/orientation_package.egg-info/top_level.txt
[2.506s] writing manifest file '../../build/orientation_package/orientation_package.egg-info/SOURCES.txt'
[2.590s] reading manifest file '../../build/orientation_package/orientation_package.egg-info/SOURCES.txt'
[2.590s] adding license file 'LICENSE'
[2.590s] writing manifest file '../../build/orientation_package/orientation_package.egg-info/SOURCES.txt'
[2.590s] running build
[2.590s] running build_py
[2.590s] creating /home/submarine/ros_ws/build/orientation_package/build
[2.590s] creating /home/submarine/ros_ws/build/orientation_package/build/lib
[2.590s] creating /home/submarine/ros_ws/build/orientation_package/build/lib/orientation_package
[2.590s] copying orientation_package/orientation_publisher.py -> /home/submarine/ros_ws/build/orientation_package/build/lib/orientation_package
[2.590s] copying orientation_package/__init__.py -> /home/submarine/ros_ws/build/orientation_package/build/lib/orientation_package
[2.591s] copying orientation_package/imu.py -> /home/submarine/ros_ws/build/orientation_package/build/lib/orientation_package
[2.591s] running install
[2.606s] running install_lib
[2.644s] creating /home/submarine/ros_ws/install/orientation_package/lib/python3.12/site-packages/orientation_package
[2.644s] copying /home/submarine/ros_ws/build/orientation_package/build/lib/orientation_package/orientation_publisher.py -> /home/submarine/ros_ws/install/orientation_package/lib/python3.12/site-packages/orientation_package
[2.644s] copying /home/submarine/ros_ws/build/orientation_package/build/lib/orientation_package/__init__.py -> /home/submarine/ros_ws/install/orientation_package/lib/python3.12/site-packages/orientation_package
[2.645s] copying /home/submarine/ros_ws/build/orientation_package/build/lib/orientation_package/imu.py -> /home/submarine/ros_ws/install/orientation_package/lib/python3.12/site-packages/orientation_package
[2.646s] byte-compiling /home/submarine/ros_ws/install/orientation_package/lib/python3.12/site-packages/orientation_package/orientation_publisher.py to orientation_publisher.cpython-312.pyc
[2.648s] byte-compiling /home/submarine/ros_ws/install/orientation_package/lib/python3.12/site-packages/orientation_package/__init__.py to __init__.cpython-312.pyc
[2.648s] byte-compiling /home/submarine/ros_ws/install/orientation_package/lib/python3.12/site-packages/orientation_package/imu.py to imu.cpython-312.pyc
[2.650s] running install_data
[2.651s] creating /home/submarine/ros_ws/install/orientation_package/share/ament_index
[2.651s] creating /home/submarine/ros_ws/install/orientation_package/share/ament_index/resource_index
[2.651s] creating /home/submarine/ros_ws/install/orientation_package/share/ament_index/resource_index/packages
[2.651s] copying resource/orientation_package -> /home/submarine/ros_ws/install/orientation_package/share/ament_index/resource_index/packages
[2.651s] copying package.xml -> /home/submarine/ros_ws/install/orientation_package/share/orientation_package
[2.651s] running install_egg_info
[2.694s] Copying ../../build/orientation_package/orientation_package.egg-info to /home/submarine/ros_ws/install/orientation_package/lib/python3.12/site-packages/orientation_package-0.0.1-py3.12.egg-info
[2.696s] running install_scripts
[2.973s] Installing imu script to /home/submarine/ros_ws/install/orientation_package/lib/orientation_package
[2.974s] Installing orientation_publisher script to /home/submarine/ros_ws/install/orientation_package/lib/orientation_package
[2.974s] writing list of installed files to '/home/submarine/ros_ws/build/orientation_package/install.log'
[3.214s] Invoked command in '/home/submarine/ros_ws/src/orientation_package' returned '0': DEBUGINFOD_URLS=https://debuginfod.ubuntu.com PS1=(bluerobotics-ping) \[\e]0;\u@\h: \w\a\]${debian_chroot:+($debian_chroot)}\[\033[01;32m\]\u@\h\[\033[00m\]:\[\033[01;34m\]\w\[\033[00m\]\$ PYTHONPATH=/home/submarine/ros_ws/build/orientation_package/prefix_override:/usr/lib/python3/dist-packages/colcon_core/task/python/colcon_distutils_commands:/home/submarine/ros_ws/install/orientation_package/lib/python3.12/site-packages:${PYTHONPATH} VIRTUAL_ENV_PROMPT=(bluerobotics-ping) /usr/bin/python3 -W ignore:setup.py install is deprecated setup.py egg_info --egg-base ../../build/orientation_package build --build-base /home/submarine/ros_ws/build/orientation_package/build install --record /home/submarine/ros_ws/build/orientation_package/install.log --single-version-externally-managed install_data
