[ 20%] Built target bt_executor_parameters
[100%] Built target behaviortree_ros2
-- Install configuration: ""
-- Installing: /home/submarine/ros_ws/install/behaviortree_ros2/include/bt_executor_parameters
-- Installing: /home/submarine/ros_ws/install/behaviortree_ros2/include/bt_executor_parameters/bt_executor_parameters.hpp
-- Up-to-date: /home/submarine/ros_ws/install/behaviortree_ros2/include/
-- Installing: /home/submarine/ros_ws/install/behaviortree_ros2/include//behaviortree_ros2
-- Installing: /home/submarine/ros_ws/install/behaviortree_ros2/include//behaviortree_ros2/bt_topic_sub_node.hpp
-- Installing: /home/submarine/ros_ws/install/behaviortree_ros2/include//behaviortree_ros2/plugins.hpp
-- Installing: /home/submarine/ros_ws/install/behaviortree_ros2/include//behaviortree_ros2/bt_service_node.hpp
-- Installing: /home/submarine/ros_ws/install/behaviortree_ros2/include//behaviortree_ros2/bt_utils.hpp
-- Installing: /home/submarine/ros_ws/install/behaviortree_ros2/include//behaviortree_ros2/tree_execution_server.hpp
-- Installing: /home/submarine/ros_ws/install/behaviortree_ros2/include//behaviortree_ros2/bt_action_node.hpp
-- Installing: /home/submarine/ros_ws/install/behaviortree_ros2/include//behaviortree_ros2/bt_topic_pub_node.hpp
-- Installing: /home/submarine/ros_ws/install/behaviortree_ros2/include//behaviortree_ros2/ros_node_params.hpp
-- Installing: /home/submarine/ros_ws/install/behaviortree_ros2/share/behaviortree_ros2/environment/library_path.sh
-- Installing: /home/submarine/ros_ws/install/behaviortree_ros2/share/behaviortree_ros2/environment/library_path.dsv
-- Installing: /home/submarine/ros_ws/install/behaviortree_ros2/lib/libbehaviortree_ros2.a
-- Installing: /home/submarine/ros_ws/install/behaviortree_ros2/share/ament_index/resource_index/package_run_dependencies/behaviortree_ros2
-- Installing: /home/submarine/ros_ws/install/behaviortree_ros2/share/ament_index/resource_index/parent_prefix_path/behaviortree_ros2
-- Installing: /home/submarine/ros_ws/install/behaviortree_ros2/share/behaviortree_ros2/environment/ament_prefix_path.sh
-- Installing: /home/submarine/ros_ws/install/behaviortree_ros2/share/behaviortree_ros2/environment/ament_prefix_path.dsv
-- Installing: /home/submarine/ros_ws/install/behaviortree_ros2/share/behaviortree_ros2/environment/path.sh
-- Installing: /home/submarine/ros_ws/install/behaviortree_ros2/share/behaviortree_ros2/environment/path.dsv
-- Installing: /home/submarine/ros_ws/install/behaviortree_ros2/share/behaviortree_ros2/local_setup.bash
-- Installing: /home/submarine/ros_ws/install/behaviortree_ros2/share/behaviortree_ros2/local_setup.sh
-- Installing: /home/submarine/ros_ws/install/behaviortree_ros2/share/behaviortree_ros2/local_setup.zsh
-- Installing: /home/submarine/ros_ws/install/behaviortree_ros2/share/behaviortree_ros2/local_setup.dsv
-- Installing: /home/submarine/ros_ws/install/behaviortree_ros2/share/behaviortree_ros2/package.dsv
-- Installing: /home/submarine/ros_ws/install/behaviortree_ros2/share/ament_index/resource_index/packages/behaviortree_ros2
-- Installing: /home/submarine/ros_ws/install/behaviortree_ros2/share/behaviortree_ros2/cmake/behaviortree_ros2TargetsExport.cmake
-- Installing: /home/submarine/ros_ws/install/behaviortree_ros2/share/behaviortree_ros2/cmake/behaviortree_ros2TargetsExport-noconfig.cmake
-- Installing: /home/submarine/ros_ws/install/behaviortree_ros2/share/behaviortree_ros2/cmake/ament_cmake_export_targets-extras.cmake
-- Installing: /home/submarine/ros_ws/install/behaviortree_ros2/share/behaviortree_ros2/cmake/ament_cmake_export_dependencies-extras.cmake
-- Installing: /home/submarine/ros_ws/install/behaviortree_ros2/share/behaviortree_ros2/cmake/ament_cmake_export_include_directories-extras.cmake
-- Installing: /home/submarine/ros_ws/install/behaviortree_ros2/share/behaviortree_ros2/cmake/ament_cmake_export_libraries-extras.cmake
-- Installing: /home/submarine/ros_ws/install/behaviortree_ros2/share/behaviortree_ros2/cmake/behaviortree_ros2Config.cmake
-- Installing: /home/submarine/ros_ws/install/behaviortree_ros2/share/behaviortree_ros2/cmake/behaviortree_ros2Config-version.cmake
-- Installing: /home/submarine/ros_ws/install/behaviortree_ros2/share/behaviortree_ros2/package.xml
