[0.030s] Invoking command in '/home/submarine/ros_ws/build/octomap_server': CMAKE_PREFIX_PATH=/home/submarine/ros_ws/install/pcl_ros:/home/submarine/ros_ws/install/ros_bt:/home/submarine/ros_ws/install/ros2_sub:/home/submarine/ros_ws/install/perception_pcl:/home/submarine/ros_ws/install/octomap_mapping:/home/submarine/ros_ws/install/octomap_server:/home/submarine/ros_ws/install/octomap_rviz_plugins:/home/submarine/ros_ws/install/controller_sub:/home/submarine/ros_ws/install/btcpp_ros2_samples:/home/submarine/ros_ws/install/behaviortree_ros2:/home/submarine/ros_ws/install/btcpp_ros2_interfaces:/home/submarine/ros_ws/install/behaviortree_cpp:/home/submarine/ryans_ws/install/orientation_msg:/opt/ros/jazzy/opt/gz_sim_vendor:/opt/ros/jazzy/opt/gz_sensors_vendor:/opt/ros/jazzy/opt/gz_physics_vendor:/opt/ros/jazzy/opt/sdformat_vendor:/opt/ros/jazzy/opt/gz_gui_vendor:/opt/ros/jazzy/opt/gz_transport_vendor:/opt/ros/jazzy/opt/gz_rendering_vendor:/opt/ros/jazzy/opt/gz_plugin_vendor:/opt/ros/jazzy/opt/gz_fuel_tools_vendor:/opt/ros/jazzy/opt/gz_msgs_vendor:/opt/ros/jazzy/opt/gz_common_vendor:/opt/ros/jazzy/opt/gz_math_vendor:/opt/ros/jazzy/opt/gz_utils_vendor:/opt/ros/jazzy/opt/gz_tools_vendor:/opt/ros/jazzy/opt/gz_ogre_next_vendor:/opt/ros/jazzy/opt/gz_dartsim_vendor:/opt/ros/jazzy/opt/gz_cmake_vendor:/home/submarine/ros_ws/install/speed_sensor:/home/submarine/ros_ws/install/sonars:/home/submarine/ros_ws/install/servo_node:/home/submarine/ryans_ws/install/orientation_package:/opt/ros/jazzy DEBUGINFOD_URLS=https://debuginfod.ubuntu.com LD_LIBRARY_PATH=/home/submarine/ros_ws/install/pcl_ros/lib:/home/submarine/ros_ws/install/octomap_server/lib:/home/submarine/ros_ws/install/octomap_rviz_plugins/lib:/home/submarine/ros_ws/install/behaviortree_ros2/lib:/home/submarine/ros_ws/install/btcpp_ros2_interfaces/lib:/home/submarine/ros_ws/install/behaviortree_cpp/lib:/home/submarine/ryans_ws/install/orientation_msg/lib:/opt/ros/jazzy/opt/gz_sim_vendor/lib:/opt/ros/jazzy/opt/gz_sensors_vendor/lib:/opt/ros/jazzy/opt/gz_physics_vendor/lib:/opt/ros/jazzy/opt/sdformat_vendor/lib:/opt/ros/jazzy/opt/rviz_ogre_vendor/lib:/opt/ros/jazzy/lib/aarch64-linux-gnu:/opt/ros/jazzy/opt/gz_gui_vendor/lib:/opt/ros/jazzy/opt/gz_transport_vendor/lib:/opt/ros/jazzy/opt/gz_rendering_vendor/lib:/opt/ros/jazzy/opt/gz_plugin_vendor/lib:/opt/ros/jazzy/opt/gz_fuel_tools_vendor/lib:/opt/ros/jazzy/opt/gz_msgs_vendor/lib:/opt/ros/jazzy/opt/gz_common_vendor/lib:/opt/ros/jazzy/opt/gz_math_vendor/lib:/opt/ros/jazzy/opt/gz_utils_vendor/lib:/opt/ros/jazzy/opt/gz_tools_vendor/lib:/opt/ros/jazzy/opt/gz_ogre_next_vendor/lib:/opt/ros/jazzy/opt/gz_dartsim_vendor/lib:/opt/ros/jazzy/opt/gz_cmake_vendor/lib:/opt/ros/jazzy/lib /usr/bin/cmake --build /home/submarine/ros_ws/build/octomap_server -- -j4 -l4
[0.211s] [  7%] Built target octomap_server_static_node
[0.243s] [ 15%] Built target octomap_server_static
[0.248s] [ 23%] Built target octomap_server_node
[0.260s] [ 30%] Built target octomap_server_multilayer_node
[0.329s] [ 38%] Built target tracking_octomap_server_node
[0.358s] [ 46%] Built target color_octomap_server_node
[0.376s] [ 53%] Built target octomap_saver_node
[0.404s] [ 61%] Built target octomap_server
[0.483s] [ 73%] Built target octomap_server_multilayer
[0.558s] [ 84%] Built target tracking_octomap_server
[0.636s] [ 92%] Built target color_octomap_server
[0.700s] [100%] Built target octomap_saver
[0.755s] Invoked command in '/home/submarine/ros_ws/build/octomap_server' returned '0': CMAKE_PREFIX_PATH=/home/submarine/ros_ws/install/pcl_ros:/home/submarine/ros_ws/install/ros_bt:/home/submarine/ros_ws/install/ros2_sub:/home/submarine/ros_ws/install/perception_pcl:/home/submarine/ros_ws/install/octomap_mapping:/home/submarine/ros_ws/install/octomap_server:/home/submarine/ros_ws/install/octomap_rviz_plugins:/home/submarine/ros_ws/install/controller_sub:/home/submarine/ros_ws/install/btcpp_ros2_samples:/home/submarine/ros_ws/install/behaviortree_ros2:/home/submarine/ros_ws/install/btcpp_ros2_interfaces:/home/submarine/ros_ws/install/behaviortree_cpp:/home/submarine/ryans_ws/install/orientation_msg:/opt/ros/jazzy/opt/gz_sim_vendor:/opt/ros/jazzy/opt/gz_sensors_vendor:/opt/ros/jazzy/opt/gz_physics_vendor:/opt/ros/jazzy/opt/sdformat_vendor:/opt/ros/jazzy/opt/gz_gui_vendor:/opt/ros/jazzy/opt/gz_transport_vendor:/opt/ros/jazzy/opt/gz_rendering_vendor:/opt/ros/jazzy/opt/gz_plugin_vendor:/opt/ros/jazzy/opt/gz_fuel_tools_vendor:/opt/ros/jazzy/opt/gz_msgs_vendor:/opt/ros/jazzy/opt/gz_common_vendor:/opt/ros/jazzy/opt/gz_math_vendor:/opt/ros/jazzy/opt/gz_utils_vendor:/opt/ros/jazzy/opt/gz_tools_vendor:/opt/ros/jazzy/opt/gz_ogre_next_vendor:/opt/ros/jazzy/opt/gz_dartsim_vendor:/opt/ros/jazzy/opt/gz_cmake_vendor:/home/submarine/ros_ws/install/speed_sensor:/home/submarine/ros_ws/install/sonars:/home/submarine/ros_ws/install/servo_node:/home/submarine/ryans_ws/install/orientation_package:/opt/ros/jazzy DEBUGINFOD_URLS=https://debuginfod.ubuntu.com LD_LIBRARY_PATH=/home/submarine/ros_ws/install/pcl_ros/lib:/home/submarine/ros_ws/install/octomap_server/lib:/home/submarine/ros_ws/install/octomap_rviz_plugins/lib:/home/submarine/ros_ws/install/behaviortree_ros2/lib:/home/submarine/ros_ws/install/btcpp_ros2_interfaces/lib:/home/submarine/ros_ws/install/behaviortree_cpp/lib:/home/submarine/ryans_ws/install/orientation_msg/lib:/opt/ros/jazzy/opt/gz_sim_vendor/lib:/opt/ros/jazzy/opt/gz_sensors_vendor/lib:/opt/ros/jazzy/opt/gz_physics_vendor/lib:/opt/ros/jazzy/opt/sdformat_vendor/lib:/opt/ros/jazzy/opt/rviz_ogre_vendor/lib:/opt/ros/jazzy/lib/aarch64-linux-gnu:/opt/ros/jazzy/opt/gz_gui_vendor/lib:/opt/ros/jazzy/opt/gz_transport_vendor/lib:/opt/ros/jazzy/opt/gz_rendering_vendor/lib:/opt/ros/jazzy/opt/gz_plugin_vendor/lib:/opt/ros/jazzy/opt/gz_fuel_tools_vendor/lib:/opt/ros/jazzy/opt/gz_msgs_vendor/lib:/opt/ros/jazzy/opt/gz_common_vendor/lib:/opt/ros/jazzy/opt/gz_math_vendor/lib:/opt/ros/jazzy/opt/gz_utils_vendor/lib:/opt/ros/jazzy/opt/gz_tools_vendor/lib:/opt/ros/jazzy/opt/gz_ogre_next_vendor/lib:/opt/ros/jazzy/opt/gz_dartsim_vendor/lib:/opt/ros/jazzy/opt/gz_cmake_vendor/lib:/opt/ros/jazzy/lib /usr/bin/cmake --build /home/submarine/ros_ws/build/octomap_server -- -j4 -l4
[0.906s] Invoking command in '/home/submarine/ros_ws/build/octomap_server': CMAKE_PREFIX_PATH=/home/submarine/ros_ws/install/pcl_ros:/home/submarine/ros_ws/install/ros_bt:/home/submarine/ros_ws/install/ros2_sub:/home/submarine/ros_ws/install/perception_pcl:/home/submarine/ros_ws/install/octomap_mapping:/home/submarine/ros_ws/install/octomap_server:/home/submarine/ros_ws/install/octomap_rviz_plugins:/home/submarine/ros_ws/install/controller_sub:/home/submarine/ros_ws/install/btcpp_ros2_samples:/home/submarine/ros_ws/install/behaviortree_ros2:/home/submarine/ros_ws/install/btcpp_ros2_interfaces:/home/submarine/ros_ws/install/behaviortree_cpp:/home/submarine/ryans_ws/install/orientation_msg:/opt/ros/jazzy/opt/gz_sim_vendor:/opt/ros/jazzy/opt/gz_sensors_vendor:/opt/ros/jazzy/opt/gz_physics_vendor:/opt/ros/jazzy/opt/sdformat_vendor:/opt/ros/jazzy/opt/gz_gui_vendor:/opt/ros/jazzy/opt/gz_transport_vendor:/opt/ros/jazzy/opt/gz_rendering_vendor:/opt/ros/jazzy/opt/gz_plugin_vendor:/opt/ros/jazzy/opt/gz_fuel_tools_vendor:/opt/ros/jazzy/opt/gz_msgs_vendor:/opt/ros/jazzy/opt/gz_common_vendor:/opt/ros/jazzy/opt/gz_math_vendor:/opt/ros/jazzy/opt/gz_utils_vendor:/opt/ros/jazzy/opt/gz_tools_vendor:/opt/ros/jazzy/opt/gz_ogre_next_vendor:/opt/ros/jazzy/opt/gz_dartsim_vendor:/opt/ros/jazzy/opt/gz_cmake_vendor:/home/submarine/ros_ws/install/speed_sensor:/home/submarine/ros_ws/install/sonars:/home/submarine/ros_ws/install/servo_node:/home/submarine/ryans_ws/install/orientation_package:/opt/ros/jazzy DEBUGINFOD_URLS=https://debuginfod.ubuntu.com LD_LIBRARY_PATH=/home/submarine/ros_ws/install/pcl_ros/lib:/home/submarine/ros_ws/install/octomap_server/lib:/home/submarine/ros_ws/install/octomap_rviz_plugins/lib:/home/submarine/ros_ws/install/behaviortree_ros2/lib:/home/submarine/ros_ws/install/btcpp_ros2_interfaces/lib:/home/submarine/ros_ws/install/behaviortree_cpp/lib:/home/submarine/ryans_ws/install/orientation_msg/lib:/opt/ros/jazzy/opt/gz_sim_vendor/lib:/opt/ros/jazzy/opt/gz_sensors_vendor/lib:/opt/ros/jazzy/opt/gz_physics_vendor/lib:/opt/ros/jazzy/opt/sdformat_vendor/lib:/opt/ros/jazzy/opt/rviz_ogre_vendor/lib:/opt/ros/jazzy/lib/aarch64-linux-gnu:/opt/ros/jazzy/opt/gz_gui_vendor/lib:/opt/ros/jazzy/opt/gz_transport_vendor/lib:/opt/ros/jazzy/opt/gz_rendering_vendor/lib:/opt/ros/jazzy/opt/gz_plugin_vendor/lib:/opt/ros/jazzy/opt/gz_fuel_tools_vendor/lib:/opt/ros/jazzy/opt/gz_msgs_vendor/lib:/opt/ros/jazzy/opt/gz_common_vendor/lib:/opt/ros/jazzy/opt/gz_math_vendor/lib:/opt/ros/jazzy/opt/gz_utils_vendor/lib:/opt/ros/jazzy/opt/gz_tools_vendor/lib:/opt/ros/jazzy/opt/gz_ogre_next_vendor/lib:/opt/ros/jazzy/opt/gz_dartsim_vendor/lib:/opt/ros/jazzy/opt/gz_cmake_vendor/lib:/opt/ros/jazzy/lib /usr/bin/cmake --install /home/submarine/ros_ws/build/octomap_server
[0.932s] -- Install configuration: ""
[0.933s] -- Up-to-date: /home/submarine/ros_ws/install/octomap_server/lib/octomap_server/octomap_server_static_node
[0.934s] -- Up-to-date: /home/submarine/ros_ws/install/octomap_server/lib/octomap_server/octomap_server_node
[0.935s] -- Up-to-date: /home/submarine/ros_ws/install/octomap_server/lib/octomap_server/octomap_server_multilayer_node
[0.936s] -- Up-to-date: /home/submarine/ros_ws/install/octomap_server/lib/octomap_server/tracking_octomap_server_node
[0.936s] -- Up-to-date: /home/submarine/ros_ws/install/octomap_server/lib/octomap_server/color_octomap_server_node
[0.939s] -- Up-to-date: /home/submarine/ros_ws/install/octomap_server/lib/octomap_server/octomap_saver_node
[0.940s] -- Up-to-date: /home/submarine/ros_ws/install/octomap_server/include
[0.940s] -- Up-to-date: /home/submarine/ros_ws/install/octomap_server/include/octomap_server
[0.940s] -- Up-to-date: /home/submarine/ros_ws/install/octomap_server/include/octomap_server/tracking_octomap_server.hpp
[0.940s] -- Up-to-date: /home/submarine/ros_ws/install/octomap_server/include/octomap_server/octomap_server.hpp
[0.940s] -- Up-to-date: /home/submarine/ros_ws/install/octomap_server/include/octomap_server/octomap_server_static.hpp
[0.940s] -- Up-to-date: /home/submarine/ros_ws/install/octomap_server/include/octomap_server/octomap_server_multilayer.hpp
[0.940s] -- Up-to-date: /home/submarine/ros_ws/install/octomap_server/share/octomap_server/environment/library_path.sh
[0.940s] -- Up-to-date: /home/submarine/ros_ws/install/octomap_server/share/octomap_server/environment/library_path.dsv
[0.940s] -- Up-to-date: /home/submarine/ros_ws/install/octomap_server/lib/liboctomap_server_static.so
[0.940s] -- Up-to-date: /home/submarine/ros_ws/install/octomap_server/lib/liboctomap_server.so
[0.941s] -- Up-to-date: /home/submarine/ros_ws/install/octomap_server/lib/liboctomap_server_multilayer.so
[0.943s] -- Up-to-date: /home/submarine/ros_ws/install/octomap_server/lib/libtracking_octomap_server.so
[0.944s] -- Up-to-date: /home/submarine/ros_ws/install/octomap_server/lib/libcolor_octomap_server.so
[0.944s] -- Up-to-date: /home/submarine/ros_ws/install/octomap_server/lib/liboctomap_saver.so
[0.944s] -- Up-to-date: /home/submarine/ros_ws/install/octomap_server/share/octomap_server/launch
[0.944s] -- Up-to-date: /home/submarine/ros_ws/install/octomap_server/share/octomap_server/launch/octomap_tracking_server.launch.xml
[0.944s] -- Up-to-date: /home/submarine/ros_ws/install/octomap_server/share/octomap_server/launch/octomap_tracking_client.launch.xml
[0.944s] -- Up-to-date: /home/submarine/ros_ws/install/octomap_server/share/octomap_server/launch/octomap_mapping.launch.xml
[0.944s] -- Up-to-date: /home/submarine/ros_ws/install/octomap_server/share/octomap_server/params
[0.945s] -- Up-to-date: /home/submarine/ros_ws/install/octomap_server/share/octomap_server/params/default.yaml
[0.946s] -- Up-to-date: /home/submarine/ros_ws/install/octomap_server/share/ament_index/resource_index/package_run_dependencies/octomap_server
[0.946s] -- Up-to-date: /home/submarine/ros_ws/install/octomap_server/share/ament_index/resource_index/parent_prefix_path/octomap_server
[0.946s] -- Up-to-date: /home/submarine/ros_ws/install/octomap_server/share/octomap_server/environment/ament_prefix_path.sh
[0.946s] -- Up-to-date: /home/submarine/ros_ws/install/octomap_server/share/octomap_server/environment/ament_prefix_path.dsv
[0.946s] -- Up-to-date: /home/submarine/ros_ws/install/octomap_server/share/octomap_server/environment/path.sh
[0.947s] -- Up-to-date: /home/submarine/ros_ws/install/octomap_server/share/octomap_server/environment/path.dsv
[0.948s] -- Up-to-date: /home/submarine/ros_ws/install/octomap_server/share/octomap_server/local_setup.bash
[0.948s] -- Up-to-date: /home/submarine/ros_ws/install/octomap_server/share/octomap_server/local_setup.sh
[0.948s] -- Up-to-date: /home/submarine/ros_ws/install/octomap_server/share/octomap_server/local_setup.zsh
[0.948s] -- Up-to-date: /home/submarine/ros_ws/install/octomap_server/share/octomap_server/local_setup.dsv
[0.948s] -- Installing: /home/submarine/ros_ws/install/octomap_server/share/octomap_server/package.dsv
[0.948s] -- Up-to-date: /home/submarine/ros_ws/install/octomap_server/share/ament_index/resource_index/packages/octomap_server
[0.949s] -- Up-to-date: /home/submarine/ros_ws/install/octomap_server/share/ament_index/resource_index/rclcpp_components/octomap_server
[0.949s] -- Up-to-date: /home/submarine/ros_ws/install/octomap_server/share/octomap_server/cmake/ament_cmake_export_dependencies-extras.cmake
[0.950s] -- Up-to-date: /home/submarine/ros_ws/install/octomap_server/share/octomap_server/cmake/ament_cmake_export_include_directories-extras.cmake
[0.950s] -- Up-to-date: /home/submarine/ros_ws/install/octomap_server/share/octomap_server/cmake/ament_cmake_export_libraries-extras.cmake
[0.950s] -- Up-to-date: /home/submarine/ros_ws/install/octomap_server/share/octomap_server/cmake/octomap_serverConfig.cmake
[0.951s] -- Up-to-date: /home/submarine/ros_ws/install/octomap_server/share/octomap_server/cmake/octomap_serverConfig-version.cmake
[0.951s] -- Up-to-date: /home/submarine/ros_ws/install/octomap_server/share/octomap_server/package.xml
[0.951s] -- Up-to-date: /home/submarine/ros_ws/install/octomap_server/lib/octomap_server/octomap_eraser_cli.py
[0.958s] Invoked command in '/home/submarine/ros_ws/build/octomap_server' returned '0': CMAKE_PREFIX_PATH=/home/submarine/ros_ws/install/pcl_ros:/home/submarine/ros_ws/install/ros_bt:/home/submarine/ros_ws/install/ros2_sub:/home/submarine/ros_ws/install/perception_pcl:/home/submarine/ros_ws/install/octomap_mapping:/home/submarine/ros_ws/install/octomap_server:/home/submarine/ros_ws/install/octomap_rviz_plugins:/home/submarine/ros_ws/install/controller_sub:/home/submarine/ros_ws/install/btcpp_ros2_samples:/home/submarine/ros_ws/install/behaviortree_ros2:/home/submarine/ros_ws/install/btcpp_ros2_interfaces:/home/submarine/ros_ws/install/behaviortree_cpp:/home/submarine/ryans_ws/install/orientation_msg:/opt/ros/jazzy/opt/gz_sim_vendor:/opt/ros/jazzy/opt/gz_sensors_vendor:/opt/ros/jazzy/opt/gz_physics_vendor:/opt/ros/jazzy/opt/sdformat_vendor:/opt/ros/jazzy/opt/gz_gui_vendor:/opt/ros/jazzy/opt/gz_transport_vendor:/opt/ros/jazzy/opt/gz_rendering_vendor:/opt/ros/jazzy/opt/gz_plugin_vendor:/opt/ros/jazzy/opt/gz_fuel_tools_vendor:/opt/ros/jazzy/opt/gz_msgs_vendor:/opt/ros/jazzy/opt/gz_common_vendor:/opt/ros/jazzy/opt/gz_math_vendor:/opt/ros/jazzy/opt/gz_utils_vendor:/opt/ros/jazzy/opt/gz_tools_vendor:/opt/ros/jazzy/opt/gz_ogre_next_vendor:/opt/ros/jazzy/opt/gz_dartsim_vendor:/opt/ros/jazzy/opt/gz_cmake_vendor:/home/submarine/ros_ws/install/speed_sensor:/home/submarine/ros_ws/install/sonars:/home/submarine/ros_ws/install/servo_node:/home/submarine/ryans_ws/install/orientation_package:/opt/ros/jazzy DEBUGINFOD_URLS=https://debuginfod.ubuntu.com LD_LIBRARY_PATH=/home/submarine/ros_ws/install/pcl_ros/lib:/home/submarine/ros_ws/install/octomap_server/lib:/home/submarine/ros_ws/install/octomap_rviz_plugins/lib:/home/submarine/ros_ws/install/behaviortree_ros2/lib:/home/submarine/ros_ws/install/btcpp_ros2_interfaces/lib:/home/submarine/ros_ws/install/behaviortree_cpp/lib:/home/submarine/ryans_ws/install/orientation_msg/lib:/opt/ros/jazzy/opt/gz_sim_vendor/lib:/opt/ros/jazzy/opt/gz_sensors_vendor/lib:/opt/ros/jazzy/opt/gz_physics_vendor/lib:/opt/ros/jazzy/opt/sdformat_vendor/lib:/opt/ros/jazzy/opt/rviz_ogre_vendor/lib:/opt/ros/jazzy/lib/aarch64-linux-gnu:/opt/ros/jazzy/opt/gz_gui_vendor/lib:/opt/ros/jazzy/opt/gz_transport_vendor/lib:/opt/ros/jazzy/opt/gz_rendering_vendor/lib:/opt/ros/jazzy/opt/gz_plugin_vendor/lib:/opt/ros/jazzy/opt/gz_fuel_tools_vendor/lib:/opt/ros/jazzy/opt/gz_msgs_vendor/lib:/opt/ros/jazzy/opt/gz_common_vendor/lib:/opt/ros/jazzy/opt/gz_math_vendor/lib:/opt/ros/jazzy/opt/gz_utils_vendor/lib:/opt/ros/jazzy/opt/gz_tools_vendor/lib:/opt/ros/jazzy/opt/gz_ogre_next_vendor/lib:/opt/ros/jazzy/opt/gz_dartsim_vendor/lib:/opt/ros/jazzy/opt/gz_cmake_vendor/lib:/opt/ros/jazzy/lib /usr/bin/cmake --install /home/submarine/ros_ws/build/octomap_server
