[0.048s] Invoking command in '/home/submarine/gridmap_ws/build/grid_map_visualization': AMENT_PREFIX_PATH=/home/submarine/gridmap_ws/install/grid_map_ros:/home/submarine/gridmap_ws/install/grid_map_cv:/home/submarine/gridmap_ws/install/grid_map_msgs:/home/submarine/gridmap_ws/install/grid_map_core:/home/submarine/gridmap_ws/install/grid_map_cmake_helpers:${AMENT_PREFIX_PATH} CMAKE_PREFIX_PATH=/home/submarine/gridmap_ws/install/grid_map_ros:/home/submarine/gridmap_ws/install/grid_map_cv:/home/submarine/gridmap_ws/install/grid_map_msgs:/home/submarine/gridmap_ws/install/grid_map_core:/home/submarine/gridmap_ws/install/grid_map_cmake_helpers:/home/submarine/submarine/ros_ws/install/ros_bt:/home/submarine/submarine/ros_ws/install/ros_interfaces:/home/submarine/submarine/ros_ws/install/ros2_sub:/home/submarine/submarine/ros_ws/install/btcpp_ros2_samples:/home/submarine/submarine/ros_ws/install/btcpp_ros2_interfaces:/home/submarine/submarine/ros_ws/install/behaviortree_ros2:/home/submarine/submarine/ros_ws/install/behaviortree_cpp:/opt/ros/humble LD_LIBRARY_PATH=/home/submarine/gridmap_ws/install/grid_map_ros/lib:/home/submarine/gridmap_ws/install/grid_map_cv/lib:/home/submarine/gridmap_ws/install/grid_map_msgs/lib:/home/submarine/gridmap_ws/install/grid_map_core/lib:${LD_LIBRARY_PATH} PYTHONPATH=/home/submarine/gridmap_ws/install/grid_map_msgs/local/lib/python3.10/dist-packages:${PYTHONPATH} /usr/bin/cmake /home/submarine/gridmap_ws/src/grid_map/grid_map_visualization -DAMENT_CMAKE_SYMLINK_INSTALL=1 -DCMAKE_INSTALL_PREFIX=/home/submarine/gridmap_ws/install/grid_map_visualization
[0.159s] -- The C compiler identification is GNU 11.4.0
[0.267s] -- The CXX compiler identification is GNU 11.4.0
[0.280s] -- Detecting C compiler ABI info
[0.423s] -- Detecting C compiler ABI info - done
[0.438s] -- Check for working C compiler: /usr/bin/cc - skipped
[0.439s] -- Detecting C compile features
[0.440s] -- Detecting C compile features - done
[0.445s] -- Detecting CXX compiler ABI info
[0.612s] -- Detecting CXX compiler ABI info - done
[0.628s] -- Check for working CXX compiler: /usr/bin/c++ - skipped
[0.628s] -- Detecting CXX compile features
[0.629s] -- Detecting CXX compile features - done
[0.637s] -- Found ament_cmake: 1.3.8 (/opt/ros/humble/share/ament_cmake/cmake)
[0.930s] -- Found Python3: /usr/bin/python3 (found version "3.10.12") found components: Interpreter 
[1.034s] -- Override CMake install command with custom implementation using symlinks instead of copying resources
[1.117s] -- Found grid_map_cmake_helpers: 2.0.0 (/home/submarine/gridmap_ws/install/grid_map_cmake_helpers/share/grid_map_cmake_helpers/cmake)
[1.119s] -- Found grid_map_core: 2.0.0 (/home/submarine/gridmap_ws/install/grid_map_core/share/grid_map_core/cmake)
[1.139s] -- Found grid_map_msgs: 2.0.0 (/home/submarine/gridmap_ws/install/grid_map_msgs/share/grid_map_msgs/cmake)
[1.238s] -- Found rosidl_generator_c: 3.1.5 (/opt/ros/humble/share/rosidl_generator_c/cmake)
[1.253s] -- Found rosidl_adapter: 3.1.5 (/opt/ros/humble/share/rosidl_adapter/cmake)
[1.275s] -- Found rosidl_generator_cpp: 3.1.5 (/opt/ros/humble/share/rosidl_generator_cpp/cmake)
[1.309s] -- Using all available rosidl_typesupport_c: rosidl_typesupport_fastrtps_c;rosidl_typesupport_introspection_c
[1.358s] -- Using all available rosidl_typesupport_cpp: rosidl_typesupport_fastrtps_cpp;rosidl_typesupport_introspection_cpp
[1.766s] -- Found grid_map_ros: 2.0.0 (/home/submarine/gridmap_ws/install/grid_map_ros/share/grid_map_ros/cmake)
[2.282s] -- Found rmw_implementation_cmake: 6.1.1 (/opt/ros/humble/share/rmw_implementation_cmake/cmake)
[2.289s] -- Found rmw_fastrtps_cpp: 6.2.6 (/opt/ros/humble/share/rmw_fastrtps_cpp/cmake)
[2.372s] -- Found TinyXML2 via Config file: TinyXML2_DIR-NOTFOUND
[2.508s] -- Found OpenSSL: /usr/lib/x86_64-linux-gnu/libcrypto.so (found version "3.0.2")  
[2.513s] -- Found TinyXML2 via Config file: TinyXML2_DIR-NOTFOUND
[2.542s] -- Found FastRTPS: /opt/ros/humble/include  
[2.558s] -- Found TinyXML2 via Config file: TinyXML2_DIR-NOTFOUND
[2.573s] -- Found TinyXML2 via Config file: TinyXML2_DIR-NOTFOUND
[2.592s] -- Using RMW implementation 'rmw_fastrtps_cpp' as default
[2.613s] -- Looking for pthread.h
[2.741s] -- Looking for pthread.h - found
[2.741s] -- Performing Test CMAKE_HAVE_LIBC_PTHREAD
[2.872s] -- Performing Test CMAKE_HAVE_LIBC_PTHREAD - Success
[2.873s] -- Found Threads: TRUE  
[3.962s] -- Setting build type to Release as none was specified.
[5.338s] -- Found ament_lint_auto: 0.12.10 (/opt/ros/humble/share/ament_lint_auto/cmake)
[5.519s] -- Added test 'cppcheck' to perform static code analysis on C / C++ code
[5.520s] -- Configured cppcheck include dirs: /home/submarine/gridmap_ws/src/grid_map/grid_map_visualization/include
[5.520s] -- Configured cppcheck exclude dirs and/or files: 
[5.523s] -- Added test 'lint_cmake' to check CMake code style
[5.528s] -- Added test 'uncrustify' to check C / C++ code style
[5.528s] -- Configured uncrustify additional arguments: 
[5.529s] -- Added test 'xmllint' to check XML markup files
[5.535s] -- Configuring done
[5.663s] -- Generating done
[5.667s] -- Build files have been written to: /home/submarine/gridmap_ws/build/grid_map_visualization
[5.689s] Invoked command in '/home/submarine/gridmap_ws/build/grid_map_visualization' returned '0': AMENT_PREFIX_PATH=/home/submarine/gridmap_ws/install/grid_map_ros:/home/submarine/gridmap_ws/install/grid_map_cv:/home/submarine/gridmap_ws/install/grid_map_msgs:/home/submarine/gridmap_ws/install/grid_map_core:/home/submarine/gridmap_ws/install/grid_map_cmake_helpers:${AMENT_PREFIX_PATH} CMAKE_PREFIX_PATH=/home/submarine/gridmap_ws/install/grid_map_ros:/home/submarine/gridmap_ws/install/grid_map_cv:/home/submarine/gridmap_ws/install/grid_map_msgs:/home/submarine/gridmap_ws/install/grid_map_core:/home/submarine/gridmap_ws/install/grid_map_cmake_helpers:/home/submarine/submarine/ros_ws/install/ros_bt:/home/submarine/submarine/ros_ws/install/ros_interfaces:/home/submarine/submarine/ros_ws/install/ros2_sub:/home/submarine/submarine/ros_ws/install/btcpp_ros2_samples:/home/submarine/submarine/ros_ws/install/btcpp_ros2_interfaces:/home/submarine/submarine/ros_ws/install/behaviortree_ros2:/home/submarine/submarine/ros_ws/install/behaviortree_cpp:/opt/ros/humble LD_LIBRARY_PATH=/home/submarine/gridmap_ws/install/grid_map_ros/lib:/home/submarine/gridmap_ws/install/grid_map_cv/lib:/home/submarine/gridmap_ws/install/grid_map_msgs/lib:/home/submarine/gridmap_ws/install/grid_map_core/lib:${LD_LIBRARY_PATH} PYTHONPATH=/home/submarine/gridmap_ws/install/grid_map_msgs/local/lib/python3.10/dist-packages:${PYTHONPATH} /usr/bin/cmake /home/submarine/gridmap_ws/src/grid_map/grid_map_visualization -DAMENT_CMAKE_SYMLINK_INSTALL=1 -DCMAKE_INSTALL_PREFIX=/home/submarine/gridmap_ws/install/grid_map_visualization
[5.692s] Invoking command in '/home/submarine/gridmap_ws/build/grid_map_visualization': AMENT_PREFIX_PATH=/home/submarine/gridmap_ws/install/grid_map_ros:/home/submarine/gridmap_ws/install/grid_map_cv:/home/submarine/gridmap_ws/install/grid_map_msgs:/home/submarine/gridmap_ws/install/grid_map_core:/home/submarine/gridmap_ws/install/grid_map_cmake_helpers:${AMENT_PREFIX_PATH} CMAKE_PREFIX_PATH=/home/submarine/gridmap_ws/install/grid_map_ros:/home/submarine/gridmap_ws/install/grid_map_cv:/home/submarine/gridmap_ws/install/grid_map_msgs:/home/submarine/gridmap_ws/install/grid_map_core:/home/submarine/gridmap_ws/install/grid_map_cmake_helpers:/home/submarine/submarine/ros_ws/install/ros_bt:/home/submarine/submarine/ros_ws/install/ros_interfaces:/home/submarine/submarine/ros_ws/install/ros2_sub:/home/submarine/submarine/ros_ws/install/btcpp_ros2_samples:/home/submarine/submarine/ros_ws/install/btcpp_ros2_interfaces:/home/submarine/submarine/ros_ws/install/behaviortree_ros2:/home/submarine/submarine/ros_ws/install/behaviortree_cpp:/opt/ros/humble LD_LIBRARY_PATH=/home/submarine/gridmap_ws/install/grid_map_ros/lib:/home/submarine/gridmap_ws/install/grid_map_cv/lib:/home/submarine/gridmap_ws/install/grid_map_msgs/lib:/home/submarine/gridmap_ws/install/grid_map_core/lib:${LD_LIBRARY_PATH} PYTHONPATH=/home/submarine/gridmap_ws/install/grid_map_msgs/local/lib/python3.10/dist-packages:${PYTHONPATH} /usr/bin/cmake --build /home/submarine/gridmap_ws/build/grid_map_visualization -- -j8 -l8
[5.796s] [ 15%] [32mBuilding CXX object CMakeFiles/grid_map_visualization_core.dir/src/GridMapVisualizationHelpers.cpp.o[0m
[5.799s] [ 15%] [32mBuilding CXX object CMakeFiles/grid_map_visualization_core.dir/src/GridMapVisualization.cpp.o[0m
[5.805s] [ 30%] [32mBuilding CXX object CMakeFiles/grid_map_visualization_core.dir/src/visualizations/FlatPointCloudVisualization.cpp.o[0m
[5.805s] [ 30%] [32mBuilding CXX object CMakeFiles/grid_map_visualization_core.dir/src/visualizations/MapRegionVisualization.cpp.o[0m
[5.814s] [ 38%] [32mBuilding CXX object CMakeFiles/grid_map_visualization_core.dir/src/visualizations/GridCellsVisualization.cpp.o[0m
[5.816s] [ 46%] [32mBuilding CXX object CMakeFiles/grid_map_visualization_core.dir/src/visualizations/OccupancyGridVisualization.cpp.o[0m
[5.828s] [ 53%] [32mBuilding CXX object CMakeFiles/grid_map_visualization_core.dir/src/visualizations/VectorVisualization.cpp.o[0m
[5.872s] [ 61%] [32mBuilding CXX object CMakeFiles/grid_map_visualization_core.dir/src/visualizations/PointCloudVisualization.cpp.o[0m
[65.891s] [ 69%] [32mBuilding CXX object CMakeFiles/grid_map_visualization_core.dir/src/visualizations/VisualizationBase.cpp.o[0m
[73.113s] [ 76%] [32mBuilding CXX object CMakeFiles/grid_map_visualization_core.dir/src/visualizations/VisualizationFactory.cpp.o[0m
[79.536s] [ 84%] [32m[1mLinking CXX shared library libgrid_map_visualization_core.so[0m
[80.087s] [ 84%] Built target grid_map_visualization_core
[80.144s] [ 92%] [32mBuilding CXX object CMakeFiles/grid_map_visualization.dir/src/grid_map_visualization_node.cpp.o[0m
[85.695s] [100%] [32m[1mLinking CXX executable grid_map_visualization[0m
[86.491s] [100%] Built target grid_map_visualization
[86.527s] Invoked command in '/home/submarine/gridmap_ws/build/grid_map_visualization' returned '0': AMENT_PREFIX_PATH=/home/submarine/gridmap_ws/install/grid_map_ros:/home/submarine/gridmap_ws/install/grid_map_cv:/home/submarine/gridmap_ws/install/grid_map_msgs:/home/submarine/gridmap_ws/install/grid_map_core:/home/submarine/gridmap_ws/install/grid_map_cmake_helpers:${AMENT_PREFIX_PATH} CMAKE_PREFIX_PATH=/home/submarine/gridmap_ws/install/grid_map_ros:/home/submarine/gridmap_ws/install/grid_map_cv:/home/submarine/gridmap_ws/install/grid_map_msgs:/home/submarine/gridmap_ws/install/grid_map_core:/home/submarine/gridmap_ws/install/grid_map_cmake_helpers:/home/submarine/submarine/ros_ws/install/ros_bt:/home/submarine/submarine/ros_ws/install/ros_interfaces:/home/submarine/submarine/ros_ws/install/ros2_sub:/home/submarine/submarine/ros_ws/install/btcpp_ros2_samples:/home/submarine/submarine/ros_ws/install/btcpp_ros2_interfaces:/home/submarine/submarine/ros_ws/install/behaviortree_ros2:/home/submarine/submarine/ros_ws/install/behaviortree_cpp:/opt/ros/humble LD_LIBRARY_PATH=/home/submarine/gridmap_ws/install/grid_map_ros/lib:/home/submarine/gridmap_ws/install/grid_map_cv/lib:/home/submarine/gridmap_ws/install/grid_map_msgs/lib:/home/submarine/gridmap_ws/install/grid_map_core/lib:${LD_LIBRARY_PATH} PYTHONPATH=/home/submarine/gridmap_ws/install/grid_map_msgs/local/lib/python3.10/dist-packages:${PYTHONPATH} /usr/bin/cmake --build /home/submarine/gridmap_ws/build/grid_map_visualization -- -j8 -l8
[86.655s] Invoking command in '/home/submarine/gridmap_ws/build/grid_map_visualization': AMENT_PREFIX_PATH=/home/submarine/gridmap_ws/install/grid_map_ros:/home/submarine/gridmap_ws/install/grid_map_cv:/home/submarine/gridmap_ws/install/grid_map_msgs:/home/submarine/gridmap_ws/install/grid_map_core:/home/submarine/gridmap_ws/install/grid_map_cmake_helpers:${AMENT_PREFIX_PATH} CMAKE_PREFIX_PATH=/home/submarine/gridmap_ws/install/grid_map_ros:/home/submarine/gridmap_ws/install/grid_map_cv:/home/submarine/gridmap_ws/install/grid_map_msgs:/home/submarine/gridmap_ws/install/grid_map_core:/home/submarine/gridmap_ws/install/grid_map_cmake_helpers:/home/submarine/submarine/ros_ws/install/ros_bt:/home/submarine/submarine/ros_ws/install/ros_interfaces:/home/submarine/submarine/ros_ws/install/ros2_sub:/home/submarine/submarine/ros_ws/install/btcpp_ros2_samples:/home/submarine/submarine/ros_ws/install/btcpp_ros2_interfaces:/home/submarine/submarine/ros_ws/install/behaviortree_ros2:/home/submarine/submarine/ros_ws/install/behaviortree_cpp:/opt/ros/humble LD_LIBRARY_PATH=/home/submarine/gridmap_ws/install/grid_map_ros/lib:/home/submarine/gridmap_ws/install/grid_map_cv/lib:/home/submarine/gridmap_ws/install/grid_map_msgs/lib:/home/submarine/gridmap_ws/install/grid_map_core/lib:${LD_LIBRARY_PATH} PYTHONPATH=/home/submarine/gridmap_ws/install/grid_map_msgs/local/lib/python3.10/dist-packages:${PYTHONPATH} /usr/bin/cmake --install /home/submarine/gridmap_ws/build/grid_map_visualization
[86.671s] -- Install configuration: "Release"
[86.672s] -- Execute custom install script
[86.673s] -- Symlinking: /home/submarine/gridmap_ws/install/grid_map_visualization/lib/libgrid_map_visualization_core.so
[86.693s] -- Symlinking: /home/submarine/gridmap_ws/install/grid_map_visualization/lib/grid_map_visualization/grid_map_visualization
[86.712s] -- Symlinking: /home/submarine/gridmap_ws/install/grid_map_visualization/share/grid_map_visualization/doc/grid_cells.jpg
[86.730s] -- Symlinking: /home/submarine/gridmap_ws/install/grid_map_visualization/share/grid_map_visualization/doc/grid_cells_preview.jpg
[86.744s] -- Symlinking: /home/submarine/gridmap_ws/install/grid_map_visualization/share/grid_map_visualization/doc/occupancy_grid.jpg
[86.761s] -- Symlinking: /home/submarine/gridmap_ws/install/grid_map_visualization/share/grid_map_visualization/doc/occupancy_grid_preview.jpg
[86.782s] -- Symlinking: /home/submarine/gridmap_ws/install/grid_map_visualization/share/grid_map_visualization/doc/point_cloud.jpg
[86.800s] -- Symlinking: /home/submarine/gridmap_ws/install/grid_map_visualization/share/grid_map_visualization/doc/point_cloud_preview.jpg
[86.817s] -- Symlinking: /home/submarine/gridmap_ws/install/grid_map_visualization/share/grid_map_visualization/doc/vectors.jpg
[86.833s] -- Symlinking: /home/submarine/gridmap_ws/install/grid_map_visualization/share/grid_map_visualization/doc/vectors_preview.jpg
[86.850s] -- Symlinking: /home/submarine/gridmap_ws/install/grid_map_visualization/share/grid_map_visualization/environment/library_path.sh
[86.871s] -- Symlinking: /home/submarine/gridmap_ws/install/grid_map_visualization/share/grid_map_visualization/environment/library_path.dsv
[86.889s] -- Symlinking: /home/submarine/gridmap_ws/install/grid_map_visualization/share/ament_index/resource_index/package_run_dependencies/grid_map_visualization
[86.912s] -- Symlinking: /home/submarine/gridmap_ws/install/grid_map_visualization/share/ament_index/resource_index/parent_prefix_path/grid_map_visualization
[86.931s] -- Symlinking: /home/submarine/gridmap_ws/install/grid_map_visualization/share/grid_map_visualization/environment/ament_prefix_path.sh
[86.950s] -- Symlinking: /home/submarine/gridmap_ws/install/grid_map_visualization/share/grid_map_visualization/environment/ament_prefix_path.dsv
[86.972s] -- Symlinking: /home/submarine/gridmap_ws/install/grid_map_visualization/share/grid_map_visualization/environment/path.sh
[86.990s] -- Symlinking: /home/submarine/gridmap_ws/install/grid_map_visualization/share/grid_map_visualization/environment/path.dsv
[87.011s] -- Symlinking: /home/submarine/gridmap_ws/install/grid_map_visualization/share/grid_map_visualization/local_setup.bash
[87.032s] -- Symlinking: /home/submarine/gridmap_ws/install/grid_map_visualization/share/grid_map_visualization/local_setup.sh
[87.053s] -- Symlinking: /home/submarine/gridmap_ws/install/grid_map_visualization/share/grid_map_visualization/local_setup.zsh
[87.076s] -- Symlinking: /home/submarine/gridmap_ws/install/grid_map_visualization/share/grid_map_visualization/local_setup.dsv
[87.096s] -- Symlinking: /home/submarine/gridmap_ws/install/grid_map_visualization/share/grid_map_visualization/package.dsv
[87.120s] -- Symlinking: /home/submarine/gridmap_ws/install/grid_map_visualization/share/ament_index/resource_index/packages/grid_map_visualization
[87.143s] -- Symlinking: /home/submarine/gridmap_ws/install/grid_map_visualization/share/grid_map_visualization/cmake/ament_cmake_export_include_directories-extras.cmake
[87.164s] -- Symlinking: /home/submarine/gridmap_ws/install/grid_map_visualization/share/grid_map_visualization/cmake/ament_cmake_export_libraries-extras.cmake
[87.186s] -- Symlinking: /home/submarine/gridmap_ws/install/grid_map_visualization/share/grid_map_visualization/cmake/ament_cmake_export_dependencies-extras.cmake
[87.205s] -- Symlinking: /home/submarine/gridmap_ws/install/grid_map_visualization/share/grid_map_visualization/cmake/grid_map_visualizationConfig.cmake
[87.225s] -- Symlinking: /home/submarine/gridmap_ws/install/grid_map_visualization/share/grid_map_visualization/cmake/grid_map_visualizationConfig-version.cmake
[87.245s] -- Symlinking: /home/submarine/gridmap_ws/install/grid_map_visualization/share/grid_map_visualization/package.xml
[87.272s] Invoked command in '/home/submarine/gridmap_ws/build/grid_map_visualization' returned '0': AMENT_PREFIX_PATH=/home/submarine/gridmap_ws/install/grid_map_ros:/home/submarine/gridmap_ws/install/grid_map_cv:/home/submarine/gridmap_ws/install/grid_map_msgs:/home/submarine/gridmap_ws/install/grid_map_core:/home/submarine/gridmap_ws/install/grid_map_cmake_helpers:${AMENT_PREFIX_PATH} CMAKE_PREFIX_PATH=/home/submarine/gridmap_ws/install/grid_map_ros:/home/submarine/gridmap_ws/install/grid_map_cv:/home/submarine/gridmap_ws/install/grid_map_msgs:/home/submarine/gridmap_ws/install/grid_map_core:/home/submarine/gridmap_ws/install/grid_map_cmake_helpers:/home/submarine/submarine/ros_ws/install/ros_bt:/home/submarine/submarine/ros_ws/install/ros_interfaces:/home/submarine/submarine/ros_ws/install/ros2_sub:/home/submarine/submarine/ros_ws/install/btcpp_ros2_samples:/home/submarine/submarine/ros_ws/install/btcpp_ros2_interfaces:/home/submarine/submarine/ros_ws/install/behaviortree_ros2:/home/submarine/submarine/ros_ws/install/behaviortree_cpp:/opt/ros/humble LD_LIBRARY_PATH=/home/submarine/gridmap_ws/install/grid_map_ros/lib:/home/submarine/gridmap_ws/install/grid_map_cv/lib:/home/submarine/gridmap_ws/install/grid_map_msgs/lib:/home/submarine/gridmap_ws/install/grid_map_core/lib:${LD_LIBRARY_PATH} PYTHONPATH=/home/submarine/gridmap_ws/install/grid_map_msgs/local/lib/python3.10/dist-packages:${PYTHONPATH} /usr/bin/cmake --install /home/submarine/gridmap_ws/build/grid_map_visualization
