-- The C compiler identification is GNU 13.2.0
-- The CXX compiler identification is GNU 13.2.0
-- Detecting C compiler ABI info
-- Detecting C compiler ABI info - done
-- Check for working C compiler: /usr/bin/cc - skipped
-- Detecting C compile features
-- Detecting C compile features - done
-- Detecting CXX compiler ABI info
-- Detecting CXX compiler ABI info - done
-- Check for working CXX compiler: /usr/bin/c++ - skipped
-- Detecting CXX compile features
-- Detecting CXX compile features - done
-- Found ament_cmake: 2.5.2 (/opt/ros/jazzy/share/ament_cmake/cmake)
-- Found Python3: /home/submarine/.local/share/pipx/venvs/bluerobotics-ping/bin/python3 (found version "3.12.3") found components: Interpreter 
-- Found rosidl_default_generators: 1.6.0 (/opt/ros/jazzy/share/rosidl_default_generators/cmake)
-- Using all available rosidl_typesupport_c: rosidl_typesupport_fastrtps_c;rosidl_typesupport_introspection_c
-- Using all available rosidl_typesupport_cpp: rosidl_typesupport_fastrtps_cpp;rosidl_typesupport_introspection_cpp
-- Found rosidl_adapter: 4.6.3 (/opt/ros/jazzy/share/rosidl_adapter/cmake)
-- Found ament_cmake_ros: 0.12.0 (/opt/ros/jazzy/share/ament_cmake_ros/cmake)
-- Using all available rosidl_typesupport_c: rosidl_typesupport_fastrtps_c;rosidl_typesupport_introspection_c
-- Using all available rosidl_typesupport_cpp: rosidl_typesupport_fastrtps_cpp;rosidl_typesupport_introspection_cpp
-- Found python_cmake_module: 0.11.1 (/opt/ros/jazzy/share/python_cmake_module/cmake)
-- Found PythonExtra: /home/submarine/.local/share/pipx/venvs/bluerobotics-ping/bin/python3  
-- Found Python3: /home/submarine/.local/share/pipx/venvs/bluerobotics-ping/bin/python3 (found version "3.12.3") found components: Interpreter Development NumPy Development.Module Development.Embed 
-- Found ament_lint_auto: 0.17.1 (/opt/ros/jazzy/share/ament_lint_auto/cmake)
-- Added test 'cppcheck' to perform static code analysis on C / C++ code
-- Configured cppcheck include dirs: 
-- Configured cppcheck exclude dirs and/or files: 
-- Added test 'flake8' to check Python code syntax and style conventions
-- Configured 'flake8' exclude dirs and/or files: 
-- Added test 'lint_cmake' to check CMake code style
-- Added test 'pep257' to check Python code against some of the docstring style conventions in PEP 257
-- Added test 'uncrustify' to check C / C++ code style
-- Configured uncrustify additional arguments: 
-- Added test 'xmllint' to check XML markup files
-- Configuring done (6.3s)
-- Generating done (0.0s)
-- Build files have been written to: /home/submarine/ros_ws/build/orientation_msg
[  2%] [34m[1mGenerating type hashes for ROS interfaces[0m
[  2%] Built target ament_cmake_python_copy_orientation_msg
running egg_info
creating orientation_msg.egg-info
writing orientation_msg.egg-info/PKG-INFO
writing dependency_links to orientation_msg.egg-info/dependency_links.txt
writing top-level names to orientation_msg.egg-info/top_level.txt
writing manifest file 'orientation_msg.egg-info/SOURCES.txt'
reading manifest file 'orientation_msg.egg-info/SOURCES.txt'
writing manifest file 'orientation_msg.egg-info/SOURCES.txt'
[  2%] Built target orientation_msg__rosidl_generator_type_description
[  4%] [34m[1mGenerating C code for ROS interfaces[0m
[  6%] [34m[1mGenerating C++ code for ROS interfaces[0m
[  6%] Built target ament_cmake_python_build_orientation_msg_egg
[  6%] Built target orientation_msg__cpp
[ 15%] [32mBuilding C object CMakeFiles/orientation_msg__rosidl_generator_c.dir/rosidl_generator_c/orientation_msg/msg/detail/esc__description.c.o[0m
[ 15%] [32mBuilding C object CMakeFiles/orientation_msg__rosidl_generator_c.dir/rosidl_generator_c/orientation_msg/msg/detail/orientation__functions.c.o[0m
[ 15%] [32mBuilding C object CMakeFiles/orientation_msg__rosidl_generator_c.dir/rosidl_generator_c/orientation_msg/msg/detail/orientation__description.c.o[0m
[ 15%] [32mBuilding C object CMakeFiles/orientation_msg__rosidl_generator_c.dir/rosidl_generator_c/orientation_msg/msg/detail/orientation__type_support.c.o[0m
[ 18%] [32mBuilding C object CMakeFiles/orientation_msg__rosidl_generator_c.dir/rosidl_generator_c/orientation_msg/msg/detail/esc__functions.c.o[0m
[ 20%] [32mBuilding C object CMakeFiles/orientation_msg__rosidl_generator_c.dir/rosidl_generator_c/orientation_msg/msg/detail/esc__type_support.c.o[0m
[ 22%] [32m[1mLinking C shared library liborientation_msg__rosidl_generator_c.so[0m
[ 22%] Built target orientation_msg__rosidl_generator_c
[ 31%] [34m[1mGenerating C type support for eProsima Fast-RTPS[0m
[ 31%] [34m[1mGenerating C introspection for ROS interfaces[0m
[ 31%] [34m[1mGenerating C type support dispatch for ROS interfaces[0m
[ 31%] [34m[1mGenerating C++ type support dispatch for ROS interfaces[0m
[ 34%] [32mBuilding CXX object CMakeFiles/orientation_msg__rosidl_typesupport_c.dir/rosidl_typesupport_c/orientation_msg/msg/orientation__type_support.cpp.o[0m
[ 36%] [32mBuilding CXX object CMakeFiles/orientation_msg__rosidl_typesupport_cpp.dir/rosidl_typesupport_cpp/orientation_msg/msg/orientation__type_support.cpp.o[0m
[ 38%] [32mBuilding C object CMakeFiles/orientation_msg__rosidl_typesupport_introspection_c.dir/rosidl_typesupport_introspection_c/orientation_msg/msg/detail/orientation__type_support.c.o[0m
[ 40%] [32mBuilding CXX object CMakeFiles/orientation_msg__rosidl_typesupport_c.dir/rosidl_typesupport_c/orientation_msg/msg/esc__type_support.cpp.o[0m
[ 43%] [32mBuilding CXX object CMakeFiles/orientation_msg__rosidl_typesupport_fastrtps_c.dir/rosidl_typesupport_fastrtps_c/orientation_msg/msg/detail/orientation__type_support_c.cpp.o[0m
[ 45%] [32m[1mLinking CXX shared library liborientation_msg__rosidl_typesupport_c.so[0m
[ 47%] [32mBuilding C object CMakeFiles/orientation_msg__rosidl_typesupport_introspection_c.dir/rosidl_typesupport_introspection_c/orientation_msg/msg/detail/esc__type_support.c.o[0m
[ 47%] Built target orientation_msg__rosidl_typesupport_c
[ 50%] [32m[1mLinking C shared library liborientation_msg__rosidl_typesupport_introspection_c.so[0m
[ 52%] [34m[1mGenerating C++ type support for eProsima Fast-RTPS[0m
[ 52%] Built target orientation_msg__rosidl_typesupport_introspection_c
[ 54%] [34m[1mGenerating C++ introspection for ROS interfaces[0m
[ 56%] [32mBuilding CXX object CMakeFiles/orientation_msg__rosidl_typesupport_cpp.dir/rosidl_typesupport_cpp/orientation_msg/msg/esc__type_support.cpp.o[0m
[ 59%] [32mBuilding CXX object CMakeFiles/orientation_msg__rosidl_typesupport_fastrtps_cpp.dir/rosidl_typesupport_fastrtps_cpp/orientation_msg/msg/detail/dds_fastrtps/orientation__type_support.cpp.o[0m
[ 61%] [32mBuilding CXX object CMakeFiles/orientation_msg__rosidl_typesupport_introspection_cpp.dir/rosidl_typesupport_introspection_cpp/orientation_msg/msg/detail/orientation__type_support.cpp.o[0m
[ 63%] [32mBuilding CXX object CMakeFiles/orientation_msg__rosidl_typesupport_fastrtps_c.dir/rosidl_typesupport_fastrtps_c/orientation_msg/msg/detail/esc__type_support_c.cpp.o[0m
[ 65%] [32m[1mLinking CXX shared library liborientation_msg__rosidl_typesupport_cpp.so[0m
[ 65%] Built target orientation_msg__rosidl_typesupport_cpp
[ 68%] [32mBuilding CXX object CMakeFiles/orientation_msg__rosidl_typesupport_introspection_cpp.dir/rosidl_typesupport_introspection_cpp/orientation_msg/msg/detail/esc__type_support.cpp.o[0m
[ 70%] [32mBuilding CXX object CMakeFiles/orientation_msg__rosidl_typesupport_fastrtps_cpp.dir/rosidl_typesupport_fastrtps_cpp/orientation_msg/msg/detail/dds_fastrtps/esc__type_support.cpp.o[0m
[ 72%] [32m[1mLinking CXX shared library liborientation_msg__rosidl_typesupport_introspection_cpp.so[0m
[ 75%] [32m[1mLinking CXX shared library liborientation_msg__rosidl_typesupport_fastrtps_c.so[0m
[ 75%] Built target orientation_msg__rosidl_typesupport_introspection_cpp
[ 75%] Built target orientation_msg__rosidl_typesupport_fastrtps_c
[ 77%] [32m[1mLinking CXX shared library liborientation_msg__rosidl_typesupport_fastrtps_cpp.so[0m
[ 77%] Built target orientation_msg__rosidl_typesupport_fastrtps_cpp
[ 77%] Built target orientation_msg
[ 79%] [34m[1mGenerating Python code for ROS interfaces[0m
[ 79%] Built target orientation_msg__py
[ 84%] [32mBuilding C object CMakeFiles/orientation_msg__rosidl_generator_py.dir/rosidl_generator_py/orientation_msg/msg/_esc_s.c.o[0m
[ 84%] [32mBuilding C object CMakeFiles/orientation_msg__rosidl_generator_py.dir/rosidl_generator_py/orientation_msg/msg/_orientation_s.c.o[0m
[ 86%] [32m[1mLinking C shared library liborientation_msg__rosidl_generator_py.so[0m
[ 86%] Built target orientation_msg__rosidl_generator_py
[ 93%] [32mBuilding C object CMakeFiles/orientation_msg_s__rosidl_typesupport_c.dir/rosidl_generator_py/orientation_msg/_orientation_msg_s.ep.rosidl_typesupport_c.c.o[0m
[ 93%] [32mBuilding C object CMakeFiles/orientation_msg_s__rosidl_typesupport_introspection_c.dir/rosidl_generator_py/orientation_msg/_orientation_msg_s.ep.rosidl_typesupport_introspection_c.c.o[0m
[ 93%] [32mBuilding C object CMakeFiles/orientation_msg_s__rosidl_typesupport_fastrtps_c.dir/rosidl_generator_py/orientation_msg/_orientation_msg_s.ep.rosidl_typesupport_fastrtps_c.c.o[0m
[ 97%] [32m[1mLinking C shared module rosidl_generator_py/orientation_msg/orientation_msg_s__rosidl_typesupport_introspection_c.so[0m
[ 97%] [32m[1mLinking C shared module rosidl_generator_py/orientation_msg/orientation_msg_s__rosidl_typesupport_c.so[0m
[100%] [32m[1mLinking C shared module rosidl_generator_py/orientation_msg/orientation_msg_s__rosidl_typesupport_fastrtps_c.so[0m
[100%] Built target orientation_msg_s__rosidl_typesupport_c
[100%] Built target orientation_msg_s__rosidl_typesupport_introspection_c
[100%] Built target orientation_msg_s__rosidl_typesupport_fastrtps_c
-- Install configuration: ""
-- Installing: /home/submarine/ros_ws/install/orientation_msg/share/ament_index/resource_index/rosidl_interfaces/orientation_msg
-- Installing: /home/submarine/ros_ws/install/orientation_msg/share/orientation_msg/msg/Orientation.json
-- Installing: /home/submarine/ros_ws/install/orientation_msg/share/orientation_msg/msg/Esc.json
-- Installing: /home/submarine/ros_ws/install/orientation_msg/include/orientation_msg/orientation_msg
-- Installing: /home/submarine/ros_ws/install/orientation_msg/include/orientation_msg/orientation_msg/msg
-- Installing: /home/submarine/ros_ws/install/orientation_msg/include/orientation_msg/orientation_msg/msg/detail
-- Installing: /home/submarine/ros_ws/install/orientation_msg/include/orientation_msg/orientation_msg/msg/detail/esc__description.c
-- Installing: /home/submarine/ros_ws/install/orientation_msg/include/orientation_msg/orientation_msg/msg/detail/orientation__description.c
-- Installing: /home/submarine/ros_ws/install/orientation_msg/include/orientation_msg/orientation_msg/msg/detail/orientation__type_support.c
-- Installing: /home/submarine/ros_ws/install/orientation_msg/include/orientation_msg/orientation_msg/msg/detail/esc__functions.c
-- Installing: /home/submarine/ros_ws/install/orientation_msg/include/orientation_msg/orientation_msg/msg/detail/orientation__struct.h
-- Installing: /home/submarine/ros_ws/install/orientation_msg/include/orientation_msg/orientation_msg/msg/detail/orientation__type_support.h
-- Installing: /home/submarine/ros_ws/install/orientation_msg/include/orientation_msg/orientation_msg/msg/detail/esc__struct.h
-- Installing: /home/submarine/ros_ws/install/orientation_msg/include/orientation_msg/orientation_msg/msg/detail/orientation__functions.h
-- Installing: /home/submarine/ros_ws/install/orientation_msg/include/orientation_msg/orientation_msg/msg/detail/esc__functions.h
-- Installing: /home/submarine/ros_ws/install/orientation_msg/include/orientation_msg/orientation_msg/msg/detail/esc__type_support.c
-- Installing: /home/submarine/ros_ws/install/orientation_msg/include/orientation_msg/orientation_msg/msg/detail/esc__type_support.h
-- Installing: /home/submarine/ros_ws/install/orientation_msg/include/orientation_msg/orientation_msg/msg/detail/orientation__functions.c
-- Installing: /home/submarine/ros_ws/install/orientation_msg/include/orientation_msg/orientation_msg/msg/esc.h
-- Installing: /home/submarine/ros_ws/install/orientation_msg/include/orientation_msg/orientation_msg/msg/orientation.h
-- Installing: /home/submarine/ros_ws/install/orientation_msg/include/orientation_msg/orientation_msg/msg/rosidl_generator_c__visibility_control.h
-- Installing: /home/submarine/ros_ws/install/orientation_msg/share/orientation_msg/environment/library_path.sh
-- Installing: /home/submarine/ros_ws/install/orientation_msg/share/orientation_msg/environment/library_path.dsv
-- Installing: /home/submarine/ros_ws/install/orientation_msg/lib/liborientation_msg__rosidl_generator_c.so
-- Set non-toolchain portion of runtime path of "/home/submarine/ros_ws/install/orientation_msg/lib/liborientation_msg__rosidl_generator_c.so" to ""
-- Up-to-date: /home/submarine/ros_ws/install/orientation_msg/include/orientation_msg/orientation_msg
-- Up-to-date: /home/submarine/ros_ws/install/orientation_msg/include/orientation_msg/orientation_msg/msg
-- Up-to-date: /home/submarine/ros_ws/install/orientation_msg/include/orientation_msg/orientation_msg/msg/detail
-- Installing: /home/submarine/ros_ws/install/orientation_msg/include/orientation_msg/orientation_msg/msg/detail/orientation__rosidl_typesupport_fastrtps_c.h
-- Installing: /home/submarine/ros_ws/install/orientation_msg/include/orientation_msg/orientation_msg/msg/detail/esc__rosidl_typesupport_fastrtps_c.h
-- Installing: /home/submarine/ros_ws/install/orientation_msg/include/orientation_msg/orientation_msg/msg/rosidl_typesupport_fastrtps_c__visibility_control.h
-- Installing: /home/submarine/ros_ws/install/orientation_msg/lib/liborientation_msg__rosidl_typesupport_fastrtps_c.so
-- Set non-toolchain portion of runtime path of "/home/submarine/ros_ws/install/orientation_msg/lib/liborientation_msg__rosidl_typesupport_fastrtps_c.so" to ""
-- Up-to-date: /home/submarine/ros_ws/install/orientation_msg/include/orientation_msg/orientation_msg
-- Up-to-date: /home/submarine/ros_ws/install/orientation_msg/include/orientation_msg/orientation_msg/msg
-- Up-to-date: /home/submarine/ros_ws/install/orientation_msg/include/orientation_msg/orientation_msg/msg/detail
-- Up-to-date: /home/submarine/ros_ws/install/orientation_msg/include/orientation_msg/orientation_msg/msg/detail/orientation__type_support.c
-- Installing: /home/submarine/ros_ws/install/orientation_msg/include/orientation_msg/orientation_msg/msg/detail/esc__rosidl_typesupport_introspection_c.h
-- Installing: /home/submarine/ros_ws/install/orientation_msg/include/orientation_msg/orientation_msg/msg/detail/orientation__rosidl_typesupport_introspection_c.h
-- Installing: /home/submarine/ros_ws/install/orientation_msg/include/orientation_msg/orientation_msg/msg/detail/esc__type_support.c
-- Installing: /home/submarine/ros_ws/install/orientation_msg/include/orientation_msg/orientation_msg/msg/rosidl_typesupport_introspection_c__visibility_control.h
-- Installing: /home/submarine/ros_ws/install/orientation_msg/lib/liborientation_msg__rosidl_typesupport_introspection_c.so
-- Set non-toolchain portion of runtime path of "/home/submarine/ros_ws/install/orientation_msg/lib/liborientation_msg__rosidl_typesupport_introspection_c.so" to ""
-- Installing: /home/submarine/ros_ws/install/orientation_msg/lib/liborientation_msg__rosidl_typesupport_c.so
-- Set non-toolchain portion of runtime path of "/home/submarine/ros_ws/install/orientation_msg/lib/liborientation_msg__rosidl_typesupport_c.so" to ""
-- Up-to-date: /home/submarine/ros_ws/install/orientation_msg/include/orientation_msg/orientation_msg
-- Up-to-date: /home/submarine/ros_ws/install/orientation_msg/include/orientation_msg/orientation_msg/msg
-- Up-to-date: /home/submarine/ros_ws/install/orientation_msg/include/orientation_msg/orientation_msg/msg/detail
-- Installing: /home/submarine/ros_ws/install/orientation_msg/include/orientation_msg/orientation_msg/msg/detail/esc__traits.hpp
-- Installing: /home/submarine/ros_ws/install/orientation_msg/include/orientation_msg/orientation_msg/msg/detail/esc__struct.hpp
-- Installing: /home/submarine/ros_ws/install/orientation_msg/include/orientation_msg/orientation_msg/msg/detail/esc__type_support.hpp
-- Installing: /home/submarine/ros_ws/install/orientation_msg/include/orientation_msg/orientation_msg/msg/detail/orientation__traits.hpp
-- Installing: /home/submarine/ros_ws/install/orientation_msg/include/orientation_msg/orientation_msg/msg/detail/orientation__builder.hpp
-- Installing: /home/submarine/ros_ws/install/orientation_msg/include/orientation_msg/orientation_msg/msg/detail/orientation__struct.hpp
-- Installing: /home/submarine/ros_ws/install/orientation_msg/include/orientation_msg/orientation_msg/msg/detail/esc__builder.hpp
-- Installing: /home/submarine/ros_ws/install/orientation_msg/include/orientation_msg/orientation_msg/msg/detail/orientation__type_support.hpp
-- Installing: /home/submarine/ros_ws/install/orientation_msg/include/orientation_msg/orientation_msg/msg/esc.hpp
-- Installing: /home/submarine/ros_ws/install/orientation_msg/include/orientation_msg/orientation_msg/msg/rosidl_generator_cpp__visibility_control.hpp
-- Installing: /home/submarine/ros_ws/install/orientation_msg/include/orientation_msg/orientation_msg/msg/orientation.hpp
-- Up-to-date: /home/submarine/ros_ws/install/orientation_msg/include/orientation_msg/orientation_msg
-- Up-to-date: /home/submarine/ros_ws/install/orientation_msg/include/orientation_msg/orientation_msg/msg
-- Up-to-date: /home/submarine/ros_ws/install/orientation_msg/include/orientation_msg/orientation_msg/msg/detail
-- Installing: /home/submarine/ros_ws/install/orientation_msg/include/orientation_msg/orientation_msg/msg/detail/dds_fastrtps
-- Installing: /home/submarine/ros_ws/install/orientation_msg/include/orientation_msg/orientation_msg/msg/detail/esc__rosidl_typesupport_fastrtps_cpp.hpp
-- Installing: /home/submarine/ros_ws/install/orientation_msg/include/orientation_msg/orientation_msg/msg/detail/orientation__rosidl_typesupport_fastrtps_cpp.hpp
-- Installing: /home/submarine/ros_ws/install/orientation_msg/include/orientation_msg/orientation_msg/msg/rosidl_typesupport_fastrtps_cpp__visibility_control.h
-- Installing: /home/submarine/ros_ws/install/orientation_msg/lib/liborientation_msg__rosidl_typesupport_fastrtps_cpp.so
-- Set non-toolchain portion of runtime path of "/home/submarine/ros_ws/install/orientation_msg/lib/liborientation_msg__rosidl_typesupport_fastrtps_cpp.so" to ""
-- Up-to-date: /home/submarine/ros_ws/install/orientation_msg/include/orientation_msg/orientation_msg
-- Up-to-date: /home/submarine/ros_ws/install/orientation_msg/include/orientation_msg/orientation_msg/msg
-- Up-to-date: /home/submarine/ros_ws/install/orientation_msg/include/orientation_msg/orientation_msg/msg/detail
-- Installing: /home/submarine/ros_ws/install/orientation_msg/include/orientation_msg/orientation_msg/msg/detail/esc__rosidl_typesupport_introspection_cpp.hpp
-- Installing: /home/submarine/ros_ws/install/orientation_msg/include/orientation_msg/orientation_msg/msg/detail/orientation__type_support.cpp
-- Installing: /home/submarine/ros_ws/install/orientation_msg/include/orientation_msg/orientation_msg/msg/detail/esc__type_support.cpp
-- Installing: /home/submarine/ros_ws/install/orientation_msg/include/orientation_msg/orientation_msg/msg/detail/orientation__rosidl_typesupport_introspection_cpp.hpp
-- Installing: /home/submarine/ros_ws/install/orientation_msg/lib/liborientation_msg__rosidl_typesupport_introspection_cpp.so
-- Set non-toolchain portion of runtime path of "/home/submarine/ros_ws/install/orientation_msg/lib/liborientation_msg__rosidl_typesupport_introspection_cpp.so" to ""
-- Installing: /home/submarine/ros_ws/install/orientation_msg/lib/liborientation_msg__rosidl_typesupport_cpp.so
-- Set non-toolchain portion of runtime path of "/home/submarine/ros_ws/install/orientation_msg/lib/liborientation_msg__rosidl_typesupport_cpp.so" to ""
-- Installing: /home/submarine/ros_ws/install/orientation_msg/share/orientation_msg/environment/pythonpath.sh
-- Installing: /home/submarine/ros_ws/install/orientation_msg/share/orientation_msg/environment/pythonpath.dsv
-- Installing: /home/submarine/ros_ws/install/orientation_msg/lib/python3.12/site-packages/orientation_msg-0.0.0-py3.12.egg-info
-- Installing: /home/submarine/ros_ws/install/orientation_msg/lib/python3.12/site-packages/orientation_msg-0.0.0-py3.12.egg-info/SOURCES.txt
-- Installing: /home/submarine/ros_ws/install/orientation_msg/lib/python3.12/site-packages/orientation_msg-0.0.0-py3.12.egg-info/PKG-INFO
-- Installing: /home/submarine/ros_ws/install/orientation_msg/lib/python3.12/site-packages/orientation_msg-0.0.0-py3.12.egg-info/dependency_links.txt
-- Installing: /home/submarine/ros_ws/install/orientation_msg/lib/python3.12/site-packages/orientation_msg-0.0.0-py3.12.egg-info/top_level.txt
-- Installing: /home/submarine/ros_ws/install/orientation_msg/lib/python3.12/site-packages/orientation_msg
-- Installing: /home/submarine/ros_ws/install/orientation_msg/lib/python3.12/site-packages/orientation_msg/orientation_msg_s__rosidl_typesupport_introspection_c.so
-- Installing: /home/submarine/ros_ws/install/orientation_msg/lib/python3.12/site-packages/orientation_msg/_orientation_msg_s.ep.rosidl_typesupport_fastrtps_c.c
-- Installing: /home/submarine/ros_ws/install/orientation_msg/lib/python3.12/site-packages/orientation_msg/_orientation_msg_s.ep.rosidl_typesupport_c.c
-- Installing: /home/submarine/ros_ws/install/orientation_msg/lib/python3.12/site-packages/orientation_msg/orientation_msg_s__rosidl_typesupport_c.so
-- Installing: /home/submarine/ros_ws/install/orientation_msg/lib/python3.12/site-packages/orientation_msg/orientation_msg_s__rosidl_typesupport_fastrtps_c.so
-- Installing: /home/submarine/ros_ws/install/orientation_msg/lib/python3.12/site-packages/orientation_msg/__init__.py
-- Installing: /home/submarine/ros_ws/install/orientation_msg/lib/python3.12/site-packages/orientation_msg/_orientation_msg_s.ep.rosidl_typesupport_introspection_c.c
-- Installing: /home/submarine/ros_ws/install/orientation_msg/lib/python3.12/site-packages/orientation_msg/msg
-- Installing: /home/submarine/ros_ws/install/orientation_msg/lib/python3.12/site-packages/orientation_msg/msg/_esc.py
-- Installing: /home/submarine/ros_ws/install/orientation_msg/lib/python3.12/site-packages/orientation_msg/msg/_esc_s.c
-- Installing: /home/submarine/ros_ws/install/orientation_msg/lib/python3.12/site-packages/orientation_msg/msg/__init__.py
-- Installing: /home/submarine/ros_ws/install/orientation_msg/lib/python3.12/site-packages/orientation_msg/msg/_orientation.py
-- Installing: /home/submarine/ros_ws/install/orientation_msg/lib/python3.12/site-packages/orientation_msg/msg/_orientation_s.c
Listing '/home/submarine/ros_ws/install/orientation_msg/lib/python3.12/site-packages/orientation_msg'...
Compiling '/home/submarine/ros_ws/install/orientation_msg/lib/python3.12/site-packages/orientation_msg/__init__.py'...
Listing '/home/submarine/ros_ws/install/orientation_msg/lib/python3.12/site-packages/orientation_msg/msg'...
Compiling '/home/submarine/ros_ws/install/orientation_msg/lib/python3.12/site-packages/orientation_msg/msg/__init__.py'...
Compiling '/home/submarine/ros_ws/install/orientation_msg/lib/python3.12/site-packages/orientation_msg/msg/_esc.py'...
Compiling '/home/submarine/ros_ws/install/orientation_msg/lib/python3.12/site-packages/orientation_msg/msg/_orientation.py'...
-- Installing: /home/submarine/ros_ws/install/orientation_msg/lib/python3.12/site-packages/orientation_msg/orientation_msg_s__rosidl_typesupport_fastrtps_c.so
-- Set non-toolchain portion of runtime path of "/home/submarine/ros_ws/install/orientation_msg/lib/python3.12/site-packages/orientation_msg/orientation_msg_s__rosidl_typesupport_fastrtps_c.so" to ""
-- Installing: /home/submarine/ros_ws/install/orientation_msg/lib/python3.12/site-packages/orientation_msg/orientation_msg_s__rosidl_typesupport_introspection_c.so
-- Set non-toolchain portion of runtime path of "/home/submarine/ros_ws/install/orientation_msg/lib/python3.12/site-packages/orientation_msg/orientation_msg_s__rosidl_typesupport_introspection_c.so" to ""
-- Installing: /home/submarine/ros_ws/install/orientation_msg/lib/python3.12/site-packages/orientation_msg/orientation_msg_s__rosidl_typesupport_c.so
-- Set non-toolchain portion of runtime path of "/home/submarine/ros_ws/install/orientation_msg/lib/python3.12/site-packages/orientation_msg/orientation_msg_s__rosidl_typesupport_c.so" to ""
-- Installing: /home/submarine/ros_ws/install/orientation_msg/lib/liborientation_msg__rosidl_generator_py.so
-- Set non-toolchain portion of runtime path of "/home/submarine/ros_ws/install/orientation_msg/lib/liborientation_msg__rosidl_generator_py.so" to ""
-- Installing: /home/submarine/ros_ws/install/orientation_msg/share/orientation_msg/msg/Orientation.idl
-- Installing: /home/submarine/ros_ws/install/orientation_msg/share/orientation_msg/msg/Esc.idl
-- Installing: /home/submarine/ros_ws/install/orientation_msg/share/orientation_msg/msg/Orientation.msg
-- Installing: /home/submarine/ros_ws/install/orientation_msg/share/orientation_msg/msg/Esc.msg
-- Installing: /home/submarine/ros_ws/install/orientation_msg/share/ament_index/resource_index/package_run_dependencies/orientation_msg
-- Installing: /home/submarine/ros_ws/install/orientation_msg/share/ament_index/resource_index/parent_prefix_path/orientation_msg
-- Installing: /home/submarine/ros_ws/install/orientation_msg/share/orientation_msg/environment/ament_prefix_path.sh
-- Installing: /home/submarine/ros_ws/install/orientation_msg/share/orientation_msg/environment/ament_prefix_path.dsv
-- Installing: /home/submarine/ros_ws/install/orientation_msg/share/orientation_msg/environment/path.sh
-- Installing: /home/submarine/ros_ws/install/orientation_msg/share/orientation_msg/environment/path.dsv
-- Installing: /home/submarine/ros_ws/install/orientation_msg/share/orientation_msg/local_setup.bash
-- Installing: /home/submarine/ros_ws/install/orientation_msg/share/orientation_msg/local_setup.sh
-- Installing: /home/submarine/ros_ws/install/orientation_msg/share/orientation_msg/local_setup.zsh
-- Installing: /home/submarine/ros_ws/install/orientation_msg/share/orientation_msg/local_setup.dsv
-- Installing: /home/submarine/ros_ws/install/orientation_msg/share/orientation_msg/package.dsv
-- Installing: /home/submarine/ros_ws/install/orientation_msg/share/ament_index/resource_index/packages/orientation_msg
-- Installing: /home/submarine/ros_ws/install/orientation_msg/share/orientation_msg/cmake/export_orientation_msg__rosidl_generator_cExport.cmake
-- Installing: /home/submarine/ros_ws/install/orientation_msg/share/orientation_msg/cmake/export_orientation_msg__rosidl_generator_cExport-noconfig.cmake
-- Installing: /home/submarine/ros_ws/install/orientation_msg/share/orientation_msg/cmake/export_orientation_msg__rosidl_typesupport_fastrtps_cExport.cmake
-- Installing: /home/submarine/ros_ws/install/orientation_msg/share/orientation_msg/cmake/export_orientation_msg__rosidl_typesupport_fastrtps_cExport-noconfig.cmake
-- Installing: /home/submarine/ros_ws/install/orientation_msg/share/orientation_msg/cmake/orientation_msg__rosidl_typesupport_introspection_cExport.cmake
-- Installing: /home/submarine/ros_ws/install/orientation_msg/share/orientation_msg/cmake/orientation_msg__rosidl_typesupport_introspection_cExport-noconfig.cmake
-- Installing: /home/submarine/ros_ws/install/orientation_msg/share/orientation_msg/cmake/orientation_msg__rosidl_typesupport_cExport.cmake
-- Installing: /home/submarine/ros_ws/install/orientation_msg/share/orientation_msg/cmake/orientation_msg__rosidl_typesupport_cExport-noconfig.cmake
-- Installing: /home/submarine/ros_ws/install/orientation_msg/share/orientation_msg/cmake/export_orientation_msg__rosidl_generator_cppExport.cmake
-- Installing: /home/submarine/ros_ws/install/orientation_msg/share/orientation_msg/cmake/export_orientation_msg__rosidl_typesupport_fastrtps_cppExport.cmake
-- Installing: /home/submarine/ros_ws/install/orientation_msg/share/orientation_msg/cmake/export_orientation_msg__rosidl_typesupport_fastrtps_cppExport-noconfig.cmake
-- Installing: /home/submarine/ros_ws/install/orientation_msg/share/orientation_msg/cmake/orientation_msg__rosidl_typesupport_introspection_cppExport.cmake
-- Installing: /home/submarine/ros_ws/install/orientation_msg/share/orientation_msg/cmake/orientation_msg__rosidl_typesupport_introspection_cppExport-noconfig.cmake
-- Installing: /home/submarine/ros_ws/install/orientation_msg/share/orientation_msg/cmake/orientation_msg__rosidl_typesupport_cppExport.cmake
-- Installing: /home/submarine/ros_ws/install/orientation_msg/share/orientation_msg/cmake/orientation_msg__rosidl_typesupport_cppExport-noconfig.cmake
-- Installing: /home/submarine/ros_ws/install/orientation_msg/share/orientation_msg/cmake/export_orientation_msg__rosidl_generator_pyExport.cmake
-- Installing: /home/submarine/ros_ws/install/orientation_msg/share/orientation_msg/cmake/export_orientation_msg__rosidl_generator_pyExport-noconfig.cmake
-- Installing: /home/submarine/ros_ws/install/orientation_msg/share/orientation_msg/cmake/rosidl_cmake-extras.cmake
-- Installing: /home/submarine/ros_ws/install/orientation_msg/share/orientation_msg/cmake/ament_cmake_export_include_directories-extras.cmake
-- Installing: /home/submarine/ros_ws/install/orientation_msg/share/orientation_msg/cmake/ament_cmake_export_libraries-extras.cmake
-- Installing: /home/submarine/ros_ws/install/orientation_msg/share/orientation_msg/cmake/ament_cmake_export_targets-extras.cmake
-- Installing: /home/submarine/ros_ws/install/orientation_msg/share/orientation_msg/cmake/rosidl_cmake_export_typesupport_targets-extras.cmake
-- Installing: /home/submarine/ros_ws/install/orientation_msg/share/orientation_msg/cmake/ament_cmake_export_dependencies-extras.cmake
-- Installing: /home/submarine/ros_ws/install/orientation_msg/share/orientation_msg/cmake/rosidl_cmake_export_typesupport_libraries-extras.cmake
-- Installing: /home/submarine/ros_ws/install/orientation_msg/share/orientation_msg/cmake/orientation_msgConfig.cmake
-- Installing: /home/submarine/ros_ws/install/orientation_msg/share/orientation_msg/cmake/orientation_msgConfig-version.cmake
-- Installing: /home/submarine/ros_ws/install/orientation_msg/share/orientation_msg/package.xml
