[0.035s] Invoking command in '/home/submarine/ros_ws/build/btcpp_ros2_interfaces': CMAKE_PREFIX_PATH=${CMAKE_PREFIX_PATH}:/home/submarine/ryans_ws/install/orientation_package:/home/submarine/ryans_ws/install/esc_pkg:/home/submarine/ros_ws/install/speed_sensor:/home/submarine/ros_ws/install/sonars:/opt/ros/jazzy DEBUGINFOD_URLS=https://debuginfod.ubuntu.com PS1=(bluerobotics-ping) \[\e]0;\u@\h: \w\a\]${debian_chroot:+($debian_chroot)}\[\033[01;32m\]\u@\h\[\033[00m\]:\[\033[01;34m\]\w\[\033[00m\]\$ VIRTUAL_ENV_PROMPT=(bluerobotics-ping) /usr/bin/cmake --build /home/submarine/ros_ws/build/btcpp_ros2_interfaces -- -j4 -l4
[0.208s] [  1%] Built target btcpp_ros2_interfaces__rosidl_generator_type_description
[0.252s] [  1%] Built target ament_cmake_python_copy_btcpp_ros2_interfaces
[0.351s] [  3%] Built target btcpp_ros2_interfaces__cpp
[0.360s] [ 24%] Built target btcpp_ros2_interfaces__rosidl_generator_c
[0.514s] [ 33%] Built target btcpp_ros2_interfaces__rosidl_typesupport_introspection_c
[0.521s] [ 42%] Built target btcpp_ros2_interfaces__rosidl_typesupport_fastrtps_c
[0.536s] [ 51%] Built target btcpp_ros2_interfaces__rosidl_typesupport_c
[0.668s] [ 61%] Built target btcpp_ros2_interfaces__rosidl_typesupport_fastrtps_cpp
[0.672s] [ 70%] Built target btcpp_ros2_interfaces__rosidl_typesupport_introspection_cpp
[0.693s] [ 79%] Built target btcpp_ros2_interfaces__rosidl_typesupport_cpp
[0.768s] [ 79%] Built target btcpp_ros2_interfaces
[0.830s] [ 81%] Built target btcpp_ros2_interfaces__py
[0.912s] [ 88%] Built target btcpp_ros2_interfaces__rosidl_generator_py
[1.015s] [ 92%] Built target btcpp_ros2_interfaces_s__rosidl_typesupport_introspection_c
[1.020s] [ 96%] Built target btcpp_ros2_interfaces_s__rosidl_typesupport_c
[1.024s] [100%] Built target btcpp_ros2_interfaces_s__rosidl_typesupport_fastrtps_c
[1.055s] running egg_info
[1.110s] writing btcpp_ros2_interfaces.egg-info/PKG-INFO
[1.110s] writing dependency_links to btcpp_ros2_interfaces.egg-info/dependency_links.txt
[1.110s] writing top-level names to btcpp_ros2_interfaces.egg-info/top_level.txt
[1.239s] reading manifest file 'btcpp_ros2_interfaces.egg-info/SOURCES.txt'
[1.239s] writing manifest file 'btcpp_ros2_interfaces.egg-info/SOURCES.txt'
[1.352s] [100%] Built target ament_cmake_python_build_btcpp_ros2_interfaces_egg
[1.717s] Invoked command in '/home/submarine/ros_ws/build/btcpp_ros2_interfaces' returned '0': CMAKE_PREFIX_PATH=${CMAKE_PREFIX_PATH}:/home/submarine/ryans_ws/install/orientation_package:/home/submarine/ryans_ws/install/esc_pkg:/home/submarine/ros_ws/install/speed_sensor:/home/submarine/ros_ws/install/sonars:/opt/ros/jazzy DEBUGINFOD_URLS=https://debuginfod.ubuntu.com PS1=(bluerobotics-ping) \[\e]0;\u@\h: \w\a\]${debian_chroot:+($debian_chroot)}\[\033[01;32m\]\u@\h\[\033[00m\]:\[\033[01;34m\]\w\[\033[00m\]\$ VIRTUAL_ENV_PROMPT=(bluerobotics-ping) /usr/bin/cmake --build /home/submarine/ros_ws/build/btcpp_ros2_interfaces -- -j4 -l4
[2.482s] Invoking command in '/home/submarine/ros_ws/build/btcpp_ros2_interfaces': CMAKE_PREFIX_PATH=${CMAKE_PREFIX_PATH}:/home/submarine/ryans_ws/install/orientation_package:/home/submarine/ryans_ws/install/esc_pkg:/home/submarine/ros_ws/install/speed_sensor:/home/submarine/ros_ws/install/sonars:/opt/ros/jazzy DEBUGINFOD_URLS=https://debuginfod.ubuntu.com PS1=(bluerobotics-ping) \[\e]0;\u@\h: \w\a\]${debian_chroot:+($debian_chroot)}\[\033[01;32m\]\u@\h\[\033[00m\]:\[\033[01;34m\]\w\[\033[00m\]\$ VIRTUAL_ENV_PROMPT=(bluerobotics-ping) /usr/bin/cmake --install /home/submarine/ros_ws/build/btcpp_ros2_interfaces
[2.505s] -- Install configuration: ""
[2.505s] -- Up-to-date: /home/submarine/ros_ws/install/btcpp_ros2_interfaces/share/ament_index/resource_index/rosidl_interfaces/btcpp_ros2_interfaces
[2.505s] -- Up-to-date: /home/submarine/ros_ws/install/btcpp_ros2_interfaces/share/btcpp_ros2_interfaces/msg/NodeStatus.json
[2.505s] -- Up-to-date: /home/submarine/ros_ws/install/btcpp_ros2_interfaces/share/btcpp_ros2_interfaces/action/ExecuteTree.json
[2.506s] -- Up-to-date: /home/submarine/ros_ws/install/btcpp_ros2_interfaces/share/btcpp_ros2_interfaces/action/Sleep.json
[2.507s] -- Up-to-date: /home/submarine/ros_ws/install/btcpp_ros2_interfaces/include/btcpp_ros2_interfaces/btcpp_ros2_interfaces
[2.507s] -- Up-to-date: /home/submarine/ros_ws/install/btcpp_ros2_interfaces/include/btcpp_ros2_interfaces/btcpp_ros2_interfaces/action
[2.507s] -- Up-to-date: /home/submarine/ros_ws/install/btcpp_ros2_interfaces/include/btcpp_ros2_interfaces/btcpp_ros2_interfaces/action/detail
[2.508s] -- Up-to-date: /home/submarine/ros_ws/install/btcpp_ros2_interfaces/include/btcpp_ros2_interfaces/btcpp_ros2_interfaces/action/detail/execute_tree__type_support.h
[2.508s] -- Up-to-date: /home/submarine/ros_ws/install/btcpp_ros2_interfaces/include/btcpp_ros2_interfaces/btcpp_ros2_interfaces/action/detail/sleep__description.c
[2.509s] -- Up-to-date: /home/submarine/ros_ws/install/btcpp_ros2_interfaces/include/btcpp_ros2_interfaces/btcpp_ros2_interfaces/action/detail/sleep__type_support.h
[2.509s] -- Up-to-date: /home/submarine/ros_ws/install/btcpp_ros2_interfaces/include/btcpp_ros2_interfaces/btcpp_ros2_interfaces/action/detail/sleep__functions.c
[2.510s] -- Up-to-date: /home/submarine/ros_ws/install/btcpp_ros2_interfaces/include/btcpp_ros2_interfaces/btcpp_ros2_interfaces/action/detail/execute_tree__functions.c
[2.510s] -- Up-to-date: /home/submarine/ros_ws/install/btcpp_ros2_interfaces/include/btcpp_ros2_interfaces/btcpp_ros2_interfaces/action/detail/execute_tree__struct.h
[2.511s] -- Up-to-date: /home/submarine/ros_ws/install/btcpp_ros2_interfaces/include/btcpp_ros2_interfaces/btcpp_ros2_interfaces/action/detail/sleep__functions.h
[2.512s] -- Up-to-date: /home/submarine/ros_ws/install/btcpp_ros2_interfaces/include/btcpp_ros2_interfaces/btcpp_ros2_interfaces/action/detail/sleep__struct.h
[2.512s] -- Up-to-date: /home/submarine/ros_ws/install/btcpp_ros2_interfaces/include/btcpp_ros2_interfaces/btcpp_ros2_interfaces/action/detail/execute_tree__description.c
[2.513s] -- Installing: /home/submarine/ros_ws/install/btcpp_ros2_interfaces/include/btcpp_ros2_interfaces/btcpp_ros2_interfaces/action/detail/sleep__type_support.c
[2.513s] -- Up-to-date: /home/submarine/ros_ws/install/btcpp_ros2_interfaces/include/btcpp_ros2_interfaces/btcpp_ros2_interfaces/action/detail/execute_tree__functions.h
[2.513s] -- Installing: /home/submarine/ros_ws/install/btcpp_ros2_interfaces/include/btcpp_ros2_interfaces/btcpp_ros2_interfaces/action/detail/execute_tree__type_support.c
[2.513s] -- Up-to-date: /home/submarine/ros_ws/install/btcpp_ros2_interfaces/include/btcpp_ros2_interfaces/btcpp_ros2_interfaces/action/execute_tree.h
[2.513s] -- Up-to-date: /home/submarine/ros_ws/install/btcpp_ros2_interfaces/include/btcpp_ros2_interfaces/btcpp_ros2_interfaces/action/sleep.h
[2.513s] -- Up-to-date: /home/submarine/ros_ws/install/btcpp_ros2_interfaces/include/btcpp_ros2_interfaces/btcpp_ros2_interfaces/msg
[2.514s] -- Up-to-date: /home/submarine/ros_ws/install/btcpp_ros2_interfaces/include/btcpp_ros2_interfaces/btcpp_ros2_interfaces/msg/detail
[2.514s] -- Up-to-date: /home/submarine/ros_ws/install/btcpp_ros2_interfaces/include/btcpp_ros2_interfaces/btcpp_ros2_interfaces/msg/detail/node_status__description.c
[2.514s] -- Installing: /home/submarine/ros_ws/install/btcpp_ros2_interfaces/include/btcpp_ros2_interfaces/btcpp_ros2_interfaces/msg/detail/node_status__type_support.c
[2.514s] -- Up-to-date: /home/submarine/ros_ws/install/btcpp_ros2_interfaces/include/btcpp_ros2_interfaces/btcpp_ros2_interfaces/msg/detail/node_status__struct.h
[2.514s] -- Up-to-date: /home/submarine/ros_ws/install/btcpp_ros2_interfaces/include/btcpp_ros2_interfaces/btcpp_ros2_interfaces/msg/detail/node_status__type_support.h
[2.514s] -- Up-to-date: /home/submarine/ros_ws/install/btcpp_ros2_interfaces/include/btcpp_ros2_interfaces/btcpp_ros2_interfaces/msg/detail/node_status__functions.c
[2.514s] -- Up-to-date: /home/submarine/ros_ws/install/btcpp_ros2_interfaces/include/btcpp_ros2_interfaces/btcpp_ros2_interfaces/msg/detail/node_status__functions.h
[2.514s] -- Up-to-date: /home/submarine/ros_ws/install/btcpp_ros2_interfaces/include/btcpp_ros2_interfaces/btcpp_ros2_interfaces/msg/node_status.h
[2.514s] -- Up-to-date: /home/submarine/ros_ws/install/btcpp_ros2_interfaces/include/btcpp_ros2_interfaces/btcpp_ros2_interfaces/msg/rosidl_generator_c__visibility_control.h
[2.514s] -- Up-to-date: /home/submarine/ros_ws/install/btcpp_ros2_interfaces/share/btcpp_ros2_interfaces/environment/library_path.sh
[2.515s] -- Up-to-date: /home/submarine/ros_ws/install/btcpp_ros2_interfaces/share/btcpp_ros2_interfaces/environment/library_path.dsv
[2.515s] -- Up-to-date: /home/submarine/ros_ws/install/btcpp_ros2_interfaces/lib/libbtcpp_ros2_interfaces__rosidl_generator_c.so
[2.515s] -- Up-to-date: /home/submarine/ros_ws/install/btcpp_ros2_interfaces/include/btcpp_ros2_interfaces/btcpp_ros2_interfaces
[2.515s] -- Up-to-date: /home/submarine/ros_ws/install/btcpp_ros2_interfaces/include/btcpp_ros2_interfaces/btcpp_ros2_interfaces/action
[2.519s] -- Up-to-date: /home/submarine/ros_ws/install/btcpp_ros2_interfaces/include/btcpp_ros2_interfaces/btcpp_ros2_interfaces/action/detail
[2.519s] -- Up-to-date: /home/submarine/ros_ws/install/btcpp_ros2_interfaces/include/btcpp_ros2_interfaces/btcpp_ros2_interfaces/action/detail/sleep__rosidl_typesupport_fastrtps_c.h
[2.519s] -- Up-to-date: /home/submarine/ros_ws/install/btcpp_ros2_interfaces/include/btcpp_ros2_interfaces/btcpp_ros2_interfaces/action/detail/execute_tree__rosidl_typesupport_fastrtps_c.h
[2.519s] -- Up-to-date: /home/submarine/ros_ws/install/btcpp_ros2_interfaces/include/btcpp_ros2_interfaces/btcpp_ros2_interfaces/msg
[2.519s] -- Up-to-date: /home/submarine/ros_ws/install/btcpp_ros2_interfaces/include/btcpp_ros2_interfaces/btcpp_ros2_interfaces/msg/detail
[2.520s] -- Up-to-date: /home/submarine/ros_ws/install/btcpp_ros2_interfaces/include/btcpp_ros2_interfaces/btcpp_ros2_interfaces/msg/detail/node_status__rosidl_typesupport_fastrtps_c.h
[2.520s] -- Up-to-date: /home/submarine/ros_ws/install/btcpp_ros2_interfaces/include/btcpp_ros2_interfaces/btcpp_ros2_interfaces/msg/rosidl_typesupport_fastrtps_c__visibility_control.h
[2.520s] -- Up-to-date: /home/submarine/ros_ws/install/btcpp_ros2_interfaces/lib/libbtcpp_ros2_interfaces__rosidl_typesupport_fastrtps_c.so
[2.520s] -- Up-to-date: /home/submarine/ros_ws/install/btcpp_ros2_interfaces/include/btcpp_ros2_interfaces/btcpp_ros2_interfaces
[2.520s] -- Up-to-date: /home/submarine/ros_ws/install/btcpp_ros2_interfaces/include/btcpp_ros2_interfaces/btcpp_ros2_interfaces/action
[2.520s] -- Up-to-date: /home/submarine/ros_ws/install/btcpp_ros2_interfaces/include/btcpp_ros2_interfaces/btcpp_ros2_interfaces/action/detail
[2.520s] -- Up-to-date: /home/submarine/ros_ws/install/btcpp_ros2_interfaces/include/btcpp_ros2_interfaces/btcpp_ros2_interfaces/action/detail/sleep__rosidl_typesupport_introspection_c.h
[2.520s] -- Up-to-date: /home/submarine/ros_ws/install/btcpp_ros2_interfaces/include/btcpp_ros2_interfaces/btcpp_ros2_interfaces/action/detail/execute_tree__rosidl_typesupport_introspection_c.h
[2.520s] -- Installing: /home/submarine/ros_ws/install/btcpp_ros2_interfaces/include/btcpp_ros2_interfaces/btcpp_ros2_interfaces/action/detail/sleep__type_support.c
[2.521s] -- Installing: /home/submarine/ros_ws/install/btcpp_ros2_interfaces/include/btcpp_ros2_interfaces/btcpp_ros2_interfaces/action/detail/execute_tree__type_support.c
[2.521s] -- Up-to-date: /home/submarine/ros_ws/install/btcpp_ros2_interfaces/include/btcpp_ros2_interfaces/btcpp_ros2_interfaces/msg
[2.521s] -- Up-to-date: /home/submarine/ros_ws/install/btcpp_ros2_interfaces/include/btcpp_ros2_interfaces/btcpp_ros2_interfaces/msg/detail
[2.521s] -- Up-to-date: /home/submarine/ros_ws/install/btcpp_ros2_interfaces/include/btcpp_ros2_interfaces/btcpp_ros2_interfaces/msg/detail/node_status__rosidl_typesupport_introspection_c.h
[2.521s] -- Installing: /home/submarine/ros_ws/install/btcpp_ros2_interfaces/include/btcpp_ros2_interfaces/btcpp_ros2_interfaces/msg/detail/node_status__type_support.c
[2.521s] -- Up-to-date: /home/submarine/ros_ws/install/btcpp_ros2_interfaces/include/btcpp_ros2_interfaces/btcpp_ros2_interfaces/msg/rosidl_typesupport_introspection_c__visibility_control.h
[2.521s] -- Up-to-date: /home/submarine/ros_ws/install/btcpp_ros2_interfaces/lib/libbtcpp_ros2_interfaces__rosidl_typesupport_introspection_c.so
[2.521s] -- Up-to-date: /home/submarine/ros_ws/install/btcpp_ros2_interfaces/lib/libbtcpp_ros2_interfaces__rosidl_typesupport_c.so
[2.522s] -- Up-to-date: /home/submarine/ros_ws/install/btcpp_ros2_interfaces/include/btcpp_ros2_interfaces/btcpp_ros2_interfaces
[2.522s] -- Up-to-date: /home/submarine/ros_ws/install/btcpp_ros2_interfaces/include/btcpp_ros2_interfaces/btcpp_ros2_interfaces/action
[2.522s] -- Up-to-date: /home/submarine/ros_ws/install/btcpp_ros2_interfaces/include/btcpp_ros2_interfaces/btcpp_ros2_interfaces/action/detail
[2.522s] -- Up-to-date: /home/submarine/ros_ws/install/btcpp_ros2_interfaces/include/btcpp_ros2_interfaces/btcpp_ros2_interfaces/action/detail/execute_tree__type_support.hpp
[2.522s] -- Up-to-date: /home/submarine/ros_ws/install/btcpp_ros2_interfaces/include/btcpp_ros2_interfaces/btcpp_ros2_interfaces/action/detail/sleep__builder.hpp
[2.522s] -- Up-to-date: /home/submarine/ros_ws/install/btcpp_ros2_interfaces/include/btcpp_ros2_interfaces/btcpp_ros2_interfaces/action/detail/sleep__struct.hpp
[2.523s] -- Up-to-date: /home/submarine/ros_ws/install/btcpp_ros2_interfaces/include/btcpp_ros2_interfaces/btcpp_ros2_interfaces/action/detail/execute_tree__struct.hpp
[2.523s] -- Up-to-date: /home/submarine/ros_ws/install/btcpp_ros2_interfaces/include/btcpp_ros2_interfaces/btcpp_ros2_interfaces/action/detail/execute_tree__builder.hpp
[2.523s] -- Up-to-date: /home/submarine/ros_ws/install/btcpp_ros2_interfaces/include/btcpp_ros2_interfaces/btcpp_ros2_interfaces/action/detail/sleep__traits.hpp
[2.523s] -- Up-to-date: /home/submarine/ros_ws/install/btcpp_ros2_interfaces/include/btcpp_ros2_interfaces/btcpp_ros2_interfaces/action/detail/execute_tree__traits.hpp
[2.523s] -- Up-to-date: /home/submarine/ros_ws/install/btcpp_ros2_interfaces/include/btcpp_ros2_interfaces/btcpp_ros2_interfaces/action/detail/sleep__type_support.hpp
[2.523s] -- Up-to-date: /home/submarine/ros_ws/install/btcpp_ros2_interfaces/include/btcpp_ros2_interfaces/btcpp_ros2_interfaces/action/execute_tree.hpp
[2.523s] -- Up-to-date: /home/submarine/ros_ws/install/btcpp_ros2_interfaces/include/btcpp_ros2_interfaces/btcpp_ros2_interfaces/action/sleep.hpp
[2.523s] -- Up-to-date: /home/submarine/ros_ws/install/btcpp_ros2_interfaces/include/btcpp_ros2_interfaces/btcpp_ros2_interfaces/msg
[2.524s] -- Up-to-date: /home/submarine/ros_ws/install/btcpp_ros2_interfaces/include/btcpp_ros2_interfaces/btcpp_ros2_interfaces/msg/detail
[2.524s] -- Up-to-date: /home/submarine/ros_ws/install/btcpp_ros2_interfaces/include/btcpp_ros2_interfaces/btcpp_ros2_interfaces/msg/detail/node_status__traits.hpp
[2.524s] -- Up-to-date: /home/submarine/ros_ws/install/btcpp_ros2_interfaces/include/btcpp_ros2_interfaces/btcpp_ros2_interfaces/msg/detail/node_status__struct.hpp
[2.524s] -- Up-to-date: /home/submarine/ros_ws/install/btcpp_ros2_interfaces/include/btcpp_ros2_interfaces/btcpp_ros2_interfaces/msg/detail/node_status__builder.hpp
[2.524s] -- Up-to-date: /home/submarine/ros_ws/install/btcpp_ros2_interfaces/include/btcpp_ros2_interfaces/btcpp_ros2_interfaces/msg/detail/node_status__type_support.hpp
[2.524s] -- Up-to-date: /home/submarine/ros_ws/install/btcpp_ros2_interfaces/include/btcpp_ros2_interfaces/btcpp_ros2_interfaces/msg/node_status.hpp
[2.525s] -- Up-to-date: /home/submarine/ros_ws/install/btcpp_ros2_interfaces/include/btcpp_ros2_interfaces/btcpp_ros2_interfaces/msg/rosidl_generator_cpp__visibility_control.hpp
[2.525s] -- Up-to-date: /home/submarine/ros_ws/install/btcpp_ros2_interfaces/include/btcpp_ros2_interfaces/btcpp_ros2_interfaces
[2.525s] -- Up-to-date: /home/submarine/ros_ws/install/btcpp_ros2_interfaces/include/btcpp_ros2_interfaces/btcpp_ros2_interfaces/action
[2.525s] -- Up-to-date: /home/submarine/ros_ws/install/btcpp_ros2_interfaces/include/btcpp_ros2_interfaces/btcpp_ros2_interfaces/action/detail
[2.525s] -- Up-to-date: /home/submarine/ros_ws/install/btcpp_ros2_interfaces/include/btcpp_ros2_interfaces/btcpp_ros2_interfaces/action/detail/dds_fastrtps
[2.525s] -- Up-to-date: /home/submarine/ros_ws/install/btcpp_ros2_interfaces/include/btcpp_ros2_interfaces/btcpp_ros2_interfaces/action/detail/sleep__rosidl_typesupport_fastrtps_cpp.hpp
[2.525s] -- Up-to-date: /home/submarine/ros_ws/install/btcpp_ros2_interfaces/include/btcpp_ros2_interfaces/btcpp_ros2_interfaces/action/detail/execute_tree__rosidl_typesupport_fastrtps_cpp.hpp
[2.525s] -- Up-to-date: /home/submarine/ros_ws/install/btcpp_ros2_interfaces/include/btcpp_ros2_interfaces/btcpp_ros2_interfaces/msg
[2.526s] -- Up-to-date: /home/submarine/ros_ws/install/btcpp_ros2_interfaces/include/btcpp_ros2_interfaces/btcpp_ros2_interfaces/msg/detail
[2.526s] -- Up-to-date: /home/submarine/ros_ws/install/btcpp_ros2_interfaces/include/btcpp_ros2_interfaces/btcpp_ros2_interfaces/msg/detail/dds_fastrtps
[2.526s] -- Up-to-date: /home/submarine/ros_ws/install/btcpp_ros2_interfaces/include/btcpp_ros2_interfaces/btcpp_ros2_interfaces/msg/detail/node_status__rosidl_typesupport_fastrtps_cpp.hpp
[2.526s] -- Up-to-date: /home/submarine/ros_ws/install/btcpp_ros2_interfaces/include/btcpp_ros2_interfaces/btcpp_ros2_interfaces/msg/rosidl_typesupport_fastrtps_cpp__visibility_control.h
[2.526s] -- Up-to-date: /home/submarine/ros_ws/install/btcpp_ros2_interfaces/lib/libbtcpp_ros2_interfaces__rosidl_typesupport_fastrtps_cpp.so
[2.526s] -- Up-to-date: /home/submarine/ros_ws/install/btcpp_ros2_interfaces/include/btcpp_ros2_interfaces/btcpp_ros2_interfaces
[2.526s] -- Up-to-date: /home/submarine/ros_ws/install/btcpp_ros2_interfaces/include/btcpp_ros2_interfaces/btcpp_ros2_interfaces/action
[2.526s] -- Up-to-date: /home/submarine/ros_ws/install/btcpp_ros2_interfaces/include/btcpp_ros2_interfaces/btcpp_ros2_interfaces/action/detail
[2.526s] -- Up-to-date: /home/submarine/ros_ws/install/btcpp_ros2_interfaces/include/btcpp_ros2_interfaces/btcpp_ros2_interfaces/action/detail/sleep__rosidl_typesupport_introspection_cpp.hpp
[2.526s] -- Up-to-date: /home/submarine/ros_ws/install/btcpp_ros2_interfaces/include/btcpp_ros2_interfaces/btcpp_ros2_interfaces/action/detail/execute_tree__type_support.cpp
[2.526s] -- Up-to-date: /home/submarine/ros_ws/install/btcpp_ros2_interfaces/include/btcpp_ros2_interfaces/btcpp_ros2_interfaces/action/detail/execute_tree__rosidl_typesupport_introspection_cpp.hpp
[2.527s] -- Up-to-date: /home/submarine/ros_ws/install/btcpp_ros2_interfaces/include/btcpp_ros2_interfaces/btcpp_ros2_interfaces/action/detail/sleep__type_support.cpp
[2.527s] -- Up-to-date: /home/submarine/ros_ws/install/btcpp_ros2_interfaces/include/btcpp_ros2_interfaces/btcpp_ros2_interfaces/msg
[2.527s] -- Up-to-date: /home/submarine/ros_ws/install/btcpp_ros2_interfaces/include/btcpp_ros2_interfaces/btcpp_ros2_interfaces/msg/detail
[2.527s] -- Up-to-date: /home/submarine/ros_ws/install/btcpp_ros2_interfaces/include/btcpp_ros2_interfaces/btcpp_ros2_interfaces/msg/detail/node_status__type_support.cpp
[2.527s] -- Up-to-date: /home/submarine/ros_ws/install/btcpp_ros2_interfaces/include/btcpp_ros2_interfaces/btcpp_ros2_interfaces/msg/detail/node_status__rosidl_typesupport_introspection_cpp.hpp
[2.527s] -- Up-to-date: /home/submarine/ros_ws/install/btcpp_ros2_interfaces/lib/libbtcpp_ros2_interfaces__rosidl_typesupport_introspection_cpp.so
[2.527s] -- Up-to-date: /home/submarine/ros_ws/install/btcpp_ros2_interfaces/lib/libbtcpp_ros2_interfaces__rosidl_typesupport_cpp.so
[2.528s] -- Up-to-date: /home/submarine/ros_ws/install/btcpp_ros2_interfaces/share/btcpp_ros2_interfaces/environment/pythonpath.sh
[2.528s] -- Up-to-date: /home/submarine/ros_ws/install/btcpp_ros2_interfaces/share/btcpp_ros2_interfaces/environment/pythonpath.dsv
[2.528s] -- Up-to-date: /home/submarine/ros_ws/install/btcpp_ros2_interfaces/lib/python3.12/site-packages/btcpp_ros2_interfaces-0.2.0-py3.12.egg-info
[2.528s] -- Installing: /home/submarine/ros_ws/install/btcpp_ros2_interfaces/lib/python3.12/site-packages/btcpp_ros2_interfaces-0.2.0-py3.12.egg-info/SOURCES.txt
[2.528s] -- Installing: /home/submarine/ros_ws/install/btcpp_ros2_interfaces/lib/python3.12/site-packages/btcpp_ros2_interfaces-0.2.0-py3.12.egg-info/PKG-INFO
[2.528s] -- Installing: /home/submarine/ros_ws/install/btcpp_ros2_interfaces/lib/python3.12/site-packages/btcpp_ros2_interfaces-0.2.0-py3.12.egg-info/dependency_links.txt
[2.528s] -- Installing: /home/submarine/ros_ws/install/btcpp_ros2_interfaces/lib/python3.12/site-packages/btcpp_ros2_interfaces-0.2.0-py3.12.egg-info/top_level.txt
[2.528s] -- Up-to-date: /home/submarine/ros_ws/install/btcpp_ros2_interfaces/lib/python3.12/site-packages/btcpp_ros2_interfaces
[2.528s] -- Up-to-date: /home/submarine/ros_ws/install/btcpp_ros2_interfaces/lib/python3.12/site-packages/btcpp_ros2_interfaces/action
[2.528s] -- Up-to-date: /home/submarine/ros_ws/install/btcpp_ros2_interfaces/lib/python3.12/site-packages/btcpp_ros2_interfaces/action/_sleep_s.c
[2.528s] -- Up-to-date: /home/submarine/ros_ws/install/btcpp_ros2_interfaces/lib/python3.12/site-packages/btcpp_ros2_interfaces/action/_execute_tree.py
[2.529s] -- Up-to-date: /home/submarine/ros_ws/install/btcpp_ros2_interfaces/lib/python3.12/site-packages/btcpp_ros2_interfaces/action/__init__.py
[2.529s] -- Up-to-date: /home/submarine/ros_ws/install/btcpp_ros2_interfaces/lib/python3.12/site-packages/btcpp_ros2_interfaces/action/_execute_tree_s.c
[2.529s] -- Up-to-date: /home/submarine/ros_ws/install/btcpp_ros2_interfaces/lib/python3.12/site-packages/btcpp_ros2_interfaces/action/_sleep.py
[2.529s] -- Up-to-date: /home/submarine/ros_ws/install/btcpp_ros2_interfaces/lib/python3.12/site-packages/btcpp_ros2_interfaces/btcpp_ros2_interfaces_s__rosidl_typesupport_c.so
[2.529s] -- Up-to-date: /home/submarine/ros_ws/install/btcpp_ros2_interfaces/lib/python3.12/site-packages/btcpp_ros2_interfaces/btcpp_ros2_interfaces_s__rosidl_typesupport_fastrtps_c.so
[2.529s] -- Up-to-date: /home/submarine/ros_ws/install/btcpp_ros2_interfaces/lib/python3.12/site-packages/btcpp_ros2_interfaces/_btcpp_ros2_interfaces_s.ep.rosidl_typesupport_c.c
[2.529s] -- Up-to-date: /home/submarine/ros_ws/install/btcpp_ros2_interfaces/lib/python3.12/site-packages/btcpp_ros2_interfaces/_btcpp_ros2_interfaces_s.ep.rosidl_typesupport_fastrtps_c.c
[2.529s] -- Up-to-date: /home/submarine/ros_ws/install/btcpp_ros2_interfaces/lib/python3.12/site-packages/btcpp_ros2_interfaces/__init__.py
[2.529s] -- Up-to-date: /home/submarine/ros_ws/install/btcpp_ros2_interfaces/lib/python3.12/site-packages/btcpp_ros2_interfaces/btcpp_ros2_interfaces_s__rosidl_typesupport_introspection_c.so
[2.529s] -- Up-to-date: /home/submarine/ros_ws/install/btcpp_ros2_interfaces/lib/python3.12/site-packages/btcpp_ros2_interfaces/_btcpp_ros2_interfaces_s.ep.rosidl_typesupport_introspection_c.c
[2.529s] -- Up-to-date: /home/submarine/ros_ws/install/btcpp_ros2_interfaces/lib/python3.12/site-packages/btcpp_ros2_interfaces/msg
[2.530s] -- Up-to-date: /home/submarine/ros_ws/install/btcpp_ros2_interfaces/lib/python3.12/site-packages/btcpp_ros2_interfaces/msg/_node_status.py
[2.530s] -- Up-to-date: /home/submarine/ros_ws/install/btcpp_ros2_interfaces/lib/python3.12/site-packages/btcpp_ros2_interfaces/msg/__init__.py
[2.530s] -- Up-to-date: /home/submarine/ros_ws/install/btcpp_ros2_interfaces/lib/python3.12/site-packages/btcpp_ros2_interfaces/msg/_node_status_s.c
[2.594s] Listing '/home/submarine/ros_ws/install/btcpp_ros2_interfaces/lib/python3.12/site-packages/btcpp_ros2_interfaces'...
[2.594s] Listing '/home/submarine/ros_ws/install/btcpp_ros2_interfaces/lib/python3.12/site-packages/btcpp_ros2_interfaces/action'...
[2.594s] Listing '/home/submarine/ros_ws/install/btcpp_ros2_interfaces/lib/python3.12/site-packages/btcpp_ros2_interfaces/msg'...
[2.617s] -- Up-to-date: /home/submarine/ros_ws/install/btcpp_ros2_interfaces/lib/python3.12/site-packages/btcpp_ros2_interfaces/btcpp_ros2_interfaces_s__rosidl_typesupport_fastrtps_c.so
[2.617s] -- Up-to-date: /home/submarine/ros_ws/install/btcpp_ros2_interfaces/lib/python3.12/site-packages/btcpp_ros2_interfaces/btcpp_ros2_interfaces_s__rosidl_typesupport_introspection_c.so
[2.617s] -- Up-to-date: /home/submarine/ros_ws/install/btcpp_ros2_interfaces/lib/python3.12/site-packages/btcpp_ros2_interfaces/btcpp_ros2_interfaces_s__rosidl_typesupport_c.so
[2.617s] -- Up-to-date: /home/submarine/ros_ws/install/btcpp_ros2_interfaces/lib/libbtcpp_ros2_interfaces__rosidl_generator_py.so
[2.618s] -- Up-to-date: /home/submarine/ros_ws/install/btcpp_ros2_interfaces/share/btcpp_ros2_interfaces/msg/NodeStatus.idl
[2.618s] -- Up-to-date: /home/submarine/ros_ws/install/btcpp_ros2_interfaces/share/btcpp_ros2_interfaces/action/ExecuteTree.idl
[2.618s] -- Up-to-date: /home/submarine/ros_ws/install/btcpp_ros2_interfaces/share/btcpp_ros2_interfaces/action/Sleep.idl
[2.618s] -- Up-to-date: /home/submarine/ros_ws/install/btcpp_ros2_interfaces/share/btcpp_ros2_interfaces/msg/NodeStatus.msg
[2.618s] -- Up-to-date: /home/submarine/ros_ws/install/btcpp_ros2_interfaces/share/btcpp_ros2_interfaces/action/ExecuteTree.action
[2.619s] -- Up-to-date: /home/submarine/ros_ws/install/btcpp_ros2_interfaces/share/btcpp_ros2_interfaces/action/Sleep.action
[2.619s] -- Up-to-date: /home/submarine/ros_ws/install/btcpp_ros2_interfaces/share/ament_index/resource_index/package_run_dependencies/btcpp_ros2_interfaces
[2.620s] -- Up-to-date: /home/submarine/ros_ws/install/btcpp_ros2_interfaces/share/ament_index/resource_index/parent_prefix_path/btcpp_ros2_interfaces
[2.621s] -- Up-to-date: /home/submarine/ros_ws/install/btcpp_ros2_interfaces/share/btcpp_ros2_interfaces/environment/ament_prefix_path.sh
[2.621s] -- Up-to-date: /home/submarine/ros_ws/install/btcpp_ros2_interfaces/share/btcpp_ros2_interfaces/environment/ament_prefix_path.dsv
[2.622s] -- Up-to-date: /home/submarine/ros_ws/install/btcpp_ros2_interfaces/share/btcpp_ros2_interfaces/environment/path.sh
[2.622s] -- Up-to-date: /home/submarine/ros_ws/install/btcpp_ros2_interfaces/share/btcpp_ros2_interfaces/environment/path.dsv
[2.623s] -- Up-to-date: /home/submarine/ros_ws/install/btcpp_ros2_interfaces/share/btcpp_ros2_interfaces/local_setup.bash
[2.623s] -- Up-to-date: /home/submarine/ros_ws/install/btcpp_ros2_interfaces/share/btcpp_ros2_interfaces/local_setup.sh
[2.623s] -- Up-to-date: /home/submarine/ros_ws/install/btcpp_ros2_interfaces/share/btcpp_ros2_interfaces/local_setup.zsh
[2.623s] -- Up-to-date: /home/submarine/ros_ws/install/btcpp_ros2_interfaces/share/btcpp_ros2_interfaces/local_setup.dsv
[2.623s] -- Installing: /home/submarine/ros_ws/install/btcpp_ros2_interfaces/share/btcpp_ros2_interfaces/package.dsv
[2.625s] -- Up-to-date: /home/submarine/ros_ws/install/btcpp_ros2_interfaces/share/ament_index/resource_index/packages/btcpp_ros2_interfaces
[2.625s] -- Up-to-date: /home/submarine/ros_ws/install/btcpp_ros2_interfaces/share/btcpp_ros2_interfaces/cmake/export_btcpp_ros2_interfaces__rosidl_generator_cExport.cmake
[2.625s] -- Up-to-date: /home/submarine/ros_ws/install/btcpp_ros2_interfaces/share/btcpp_ros2_interfaces/cmake/export_btcpp_ros2_interfaces__rosidl_generator_cExport-noconfig.cmake
[2.626s] -- Up-to-date: /home/submarine/ros_ws/install/btcpp_ros2_interfaces/share/btcpp_ros2_interfaces/cmake/export_btcpp_ros2_interfaces__rosidl_typesupport_fastrtps_cExport.cmake
[2.627s] -- Up-to-date: /home/submarine/ros_ws/install/btcpp_ros2_interfaces/share/btcpp_ros2_interfaces/cmake/export_btcpp_ros2_interfaces__rosidl_typesupport_fastrtps_cExport-noconfig.cmake
[2.627s] -- Up-to-date: /home/submarine/ros_ws/install/btcpp_ros2_interfaces/share/btcpp_ros2_interfaces/cmake/btcpp_ros2_interfaces__rosidl_typesupport_introspection_cExport.cmake
[2.627s] -- Up-to-date: /home/submarine/ros_ws/install/btcpp_ros2_interfaces/share/btcpp_ros2_interfaces/cmake/btcpp_ros2_interfaces__rosidl_typesupport_introspection_cExport-noconfig.cmake
[2.629s] -- Up-to-date: /home/submarine/ros_ws/install/btcpp_ros2_interfaces/share/btcpp_ros2_interfaces/cmake/btcpp_ros2_interfaces__rosidl_typesupport_cExport.cmake
[2.629s] -- Up-to-date: /home/submarine/ros_ws/install/btcpp_ros2_interfaces/share/btcpp_ros2_interfaces/cmake/btcpp_ros2_interfaces__rosidl_typesupport_cExport-noconfig.cmake
[2.629s] -- Up-to-date: /home/submarine/ros_ws/install/btcpp_ros2_interfaces/share/btcpp_ros2_interfaces/cmake/export_btcpp_ros2_interfaces__rosidl_generator_cppExport.cmake
[2.630s] -- Up-to-date: /home/submarine/ros_ws/install/btcpp_ros2_interfaces/share/btcpp_ros2_interfaces/cmake/export_btcpp_ros2_interfaces__rosidl_typesupport_fastrtps_cppExport.cmake
[2.630s] -- Up-to-date: /home/submarine/ros_ws/install/btcpp_ros2_interfaces/share/btcpp_ros2_interfaces/cmake/export_btcpp_ros2_interfaces__rosidl_typesupport_fastrtps_cppExport-noconfig.cmake
[2.630s] -- Up-to-date: /home/submarine/ros_ws/install/btcpp_ros2_interfaces/share/btcpp_ros2_interfaces/cmake/btcpp_ros2_interfaces__rosidl_typesupport_introspection_cppExport.cmake
[2.631s] -- Up-to-date: /home/submarine/ros_ws/install/btcpp_ros2_interfaces/share/btcpp_ros2_interfaces/cmake/btcpp_ros2_interfaces__rosidl_typesupport_introspection_cppExport-noconfig.cmake
[2.631s] -- Up-to-date: /home/submarine/ros_ws/install/btcpp_ros2_interfaces/share/btcpp_ros2_interfaces/cmake/btcpp_ros2_interfaces__rosidl_typesupport_cppExport.cmake
[2.632s] -- Up-to-date: /home/submarine/ros_ws/install/btcpp_ros2_interfaces/share/btcpp_ros2_interfaces/cmake/btcpp_ros2_interfaces__rosidl_typesupport_cppExport-noconfig.cmake
[2.632s] -- Up-to-date: /home/submarine/ros_ws/install/btcpp_ros2_interfaces/share/btcpp_ros2_interfaces/cmake/export_btcpp_ros2_interfaces__rosidl_generator_pyExport.cmake
[2.633s] -- Up-to-date: /home/submarine/ros_ws/install/btcpp_ros2_interfaces/share/btcpp_ros2_interfaces/cmake/export_btcpp_ros2_interfaces__rosidl_generator_pyExport-noconfig.cmake
[2.633s] -- Up-to-date: /home/submarine/ros_ws/install/btcpp_ros2_interfaces/share/btcpp_ros2_interfaces/cmake/rosidl_cmake-extras.cmake
[2.634s] -- Up-to-date: /home/submarine/ros_ws/install/btcpp_ros2_interfaces/share/btcpp_ros2_interfaces/cmake/ament_cmake_export_dependencies-extras.cmake
[2.634s] -- Up-to-date: /home/submarine/ros_ws/install/btcpp_ros2_interfaces/share/btcpp_ros2_interfaces/cmake/ament_cmake_export_include_directories-extras.cmake
[2.636s] -- Up-to-date: /home/submarine/ros_ws/install/btcpp_ros2_interfaces/share/btcpp_ros2_interfaces/cmake/ament_cmake_export_libraries-extras.cmake
[2.639s] -- Up-to-date: /home/submarine/ros_ws/install/btcpp_ros2_interfaces/share/btcpp_ros2_interfaces/cmake/ament_cmake_export_targets-extras.cmake
[2.639s] -- Up-to-date: /home/submarine/ros_ws/install/btcpp_ros2_interfaces/share/btcpp_ros2_interfaces/cmake/rosidl_cmake_export_typesupport_targets-extras.cmake
[2.639s] -- Up-to-date: /home/submarine/ros_ws/install/btcpp_ros2_interfaces/share/btcpp_ros2_interfaces/cmake/rosidl_cmake_export_typesupport_libraries-extras.cmake
[2.639s] -- Up-to-date: /home/submarine/ros_ws/install/btcpp_ros2_interfaces/share/btcpp_ros2_interfaces/cmake/btcpp_ros2_interfacesConfig.cmake
[2.640s] -- Up-to-date: /home/submarine/ros_ws/install/btcpp_ros2_interfaces/share/btcpp_ros2_interfaces/cmake/btcpp_ros2_interfacesConfig-version.cmake
[2.640s] -- Up-to-date: /home/submarine/ros_ws/install/btcpp_ros2_interfaces/share/btcpp_ros2_interfaces/package.xml
[2.643s] Invoked command in '/home/submarine/ros_ws/build/btcpp_ros2_interfaces' returned '0': CMAKE_PREFIX_PATH=${CMAKE_PREFIX_PATH}:/home/submarine/ryans_ws/install/orientation_package:/home/submarine/ryans_ws/install/esc_pkg:/home/submarine/ros_ws/install/speed_sensor:/home/submarine/ros_ws/install/sonars:/opt/ros/jazzy DEBUGINFOD_URLS=https://debuginfod.ubuntu.com PS1=(bluerobotics-ping) \[\e]0;\u@\h: \w\a\]${debian_chroot:+($debian_chroot)}\[\033[01;32m\]\u@\h\[\033[00m\]:\[\033[01;34m\]\w\[\033[00m\]\$ VIRTUAL_ENV_PROMPT=(bluerobotics-ping) /usr/bin/cmake --install /home/submarine/ros_ws/build/btcpp_ros2_interfaces
