-- The C compiler identification is GNU 11.4.0
-- The CXX compiler identification is GNU 11.4.0
-- Detecting C compiler ABI info
-- Detecting C compiler ABI info - done
-- Check for working C compiler: /usr/bin/cc - skipped
-- Detecting C compile features
-- Detecting C compile features - done
-- Detecting CXX compiler ABI info
-- Detecting CXX compiler ABI info - done
-- Check for working CXX compiler: /usr/bin/c++ - skipped
-- Detecting CXX compile features
-- Detecting CXX compile features - done
-- Found ament_cmake: 1.3.8 (/opt/ros/humble/share/ament_cmake/cmake)
-- Found Python3: /usr/bin/python3 (found version "3.10.12") found components: Interpreter 
-- Override CMake install command with custom implementation using symlinks instead of copying resources
-- Found grid_map_cmake_helpers: 2.0.0 (/home/submarine/gridmap_ws/install/grid_map_cmake_helpers/share/grid_map_cmake_helpers/cmake)
-- Setting build type to Release as none was specified.
-- Found ament_lint_auto: 0.12.10 (/opt/ros/humble/share/ament_lint_auto/cmake)
-- Found gtest sources under '/opt/ros/humble/src/gtest_vendor': C++ tests using 'Google Test' will be built
-- Looking for pthread.h
-- Looking for pthread.h - found
-- Performing Test CMAKE_HAVE_LIBC_PTHREAD
-- Performing Test CMAKE_HAVE_LIBC_PTHREAD - Success
-- Found Threads: TRUE  
-- Added test 'cppcheck' to perform static code analysis on C / C++ code
-- Configured cppcheck include dirs: $<BUILD_INTERFACE:/home/submarine/gridmap_ws/src/grid_map/grid_map_core/include>
-- Configured cppcheck exclude dirs and/or files: 
-- Added test 'lint_cmake' to check CMake code style
-- Added test 'uncrustify' to check C / C++ code style
-- Configured uncrustify additional arguments: 
-- Added test 'xmllint' to check XML markup files
-- Configuring done
-- Generating done
-- Build files have been written to: /home/submarine/gridmap_ws/build/grid_map_core
[  2%] [32mBuilding CXX object CMakeFiles/grid_map_core.dir/src/GridMap.cpp.o[0m
[  5%] [32mBuilding CXX object CMakeFiles/grid_map_core.dir/src/GridMapMath.cpp.o[0m
[  8%] [32mBuilding CXX object CMakeFiles/grid_map_core.dir/src/SubmapGeometry.cpp.o[0m
[ 11%] [32mBuilding CXX object CMakeFiles/grid_map_core.dir/src/BufferRegion.cpp.o[0m
[ 14%] [32mBuilding CXX object gtest/CMakeFiles/gtest_main.dir/src/gtest_main.cc.o[0m
[ 17%] [32mBuilding CXX object CMakeFiles/grid_map_core.dir/src/Polygon.cpp.o[0m
[ 20%] [32mBuilding CXX object CMakeFiles/grid_map_core.dir/src/CubicInterpolation.cpp.o[0m
[ 22%] [32mBuilding CXX object gtest/CMakeFiles/gtest.dir/src/gtest-all.cc.o[0m
[ 25%] [32m[1mLinking CXX static library libgtest_main.a[0m
[ 28%] [32mBuilding CXX object CMakeFiles/grid_map_core.dir/src/iterators/GridMapIterator.cpp.o[0m
[ 31%] [32mBuilding CXX object CMakeFiles/grid_map_core.dir/src/iterators/SubmapIterator.cpp.o[0m
[ 31%] Built target gtest_main
[ 34%] [32mBuilding CXX object CMakeFiles/grid_map_core.dir/src/iterators/CircleIterator.cpp.o[0m
[ 37%] [32mBuilding CXX object CMakeFiles/grid_map_core.dir/src/iterators/EllipseIterator.cpp.o[0m
[ 40%] [32mBuilding CXX object CMakeFiles/grid_map_core.dir/src/iterators/SpiralIterator.cpp.o[0m
[ 42%] [32mBuilding CXX object CMakeFiles/grid_map_core.dir/src/iterators/PolygonIterator.cpp.o[0m
[ 45%] [32mBuilding CXX object CMakeFiles/grid_map_core.dir/src/iterators/LineIterator.cpp.o[0m
[ 48%] [32mBuilding CXX object CMakeFiles/grid_map_core.dir/src/iterators/SlidingWindowIterator.cpp.o[0m
[ 51%] [32m[1mLinking CXX static library libgtest.a[0m
[ 51%] Built target gtest
[ 54%] [32m[1mLinking CXX static library libgrid_map_core.a[0m
[ 54%] Built target grid_map_core
[ 57%] [32mBuilding CXX object CMakeFiles/grid_map_core-test.dir/test/test_grid_map_core.cpp.o[0m
[ 62%] [32mBuilding CXX object CMakeFiles/grid_map_core-test.dir/test/GridMapTest.cpp.o[0m
[ 62%] [32mBuilding CXX object CMakeFiles/grid_map_core-test.dir/test/LineIteratorTest.cpp.o[0m
[ 65%] [32mBuilding CXX object CMakeFiles/grid_map_core-test.dir/test/CubicInterpolationTest.cpp.o[0m
[ 68%] [32mBuilding CXX object CMakeFiles/grid_map_core-test.dir/test/GridMapMathTest.cpp.o[0m
[ 74%] [32mBuilding CXX object CMakeFiles/grid_map_core-test.dir/test/GridMapIteratorTest.cpp.o[0m
[ 74%] [32mBuilding CXX object CMakeFiles/grid_map_core-test.dir/test/CubicConvolutionInterpolationTest.cpp.o[0m
[ 77%] [32mBuilding CXX object CMakeFiles/grid_map_core-test.dir/test/test_helpers.cpp.o[0m
[ 80%] [32mBuilding CXX object CMakeFiles/grid_map_core-test.dir/test/EllipseIteratorTest.cpp.o[0m
[ 82%] [32mBuilding CXX object CMakeFiles/grid_map_core-test.dir/test/SubmapIteratorTest.cpp.o[0m
[ 85%] [32mBuilding CXX object CMakeFiles/grid_map_core-test.dir/test/PolygonIteratorTest.cpp.o[0m
[ 88%] [32mBuilding CXX object CMakeFiles/grid_map_core-test.dir/test/PolygonTest.cpp.o[0m
[ 91%] [32mBuilding CXX object CMakeFiles/grid_map_core-test.dir/test/EigenPluginsTest.cpp.o[0m
[ 94%] [32mBuilding CXX object CMakeFiles/grid_map_core-test.dir/test/SpiralIteratorTest.cpp.o[0m
[ 97%] [32mBuilding CXX object CMakeFiles/grid_map_core-test.dir/test/SlidingWindowIteratorTest.cpp.o[0m
[100%] [32m[1mLinking CXX executable grid_map_core-test[0m
[100%] Built target grid_map_core-test
-- Install configuration: "Release"
-- Execute custom install script
-- Symlinking: /home/submarine/gridmap_ws/install/grid_map_core/share/grid_map_core/doc/grid_map_conventions.pdf
-- Symlinking: /home/submarine/gridmap_ws/install/grid_map_core/share/grid_map_core/doc/grid_map_conventions.png
-- Symlinking: /home/submarine/gridmap_ws/install/grid_map_core/share/grid_map_core/doc/grid_map_layers.pdf
-- Symlinking: /home/submarine/gridmap_ws/install/grid_map_core/share/grid_map_core/doc/grid_map_layers.png
-- Symlinking: /home/submarine/gridmap_ws/install/grid_map_core/share/grid_map_core/doc/interpolationGaussWorld.gif
-- Symlinking: /home/submarine/gridmap_ws/install/grid_map_core/share/grid_map_core/doc/interpolationSineWorld.gif
-- Symlinking: /home/submarine/gridmap_ws/install/grid_map_core/share/grid_map_core/doc/iterators/circle_iterator.gif
-- Symlinking: /home/submarine/gridmap_ws/install/grid_map_core/share/grid_map_core/doc/iterators/circle_iterator_preview.gif
-- Symlinking: /home/submarine/gridmap_ws/install/grid_map_core/share/grid_map_core/doc/iterators/ellipse_iterator.gif
-- Symlinking: /home/submarine/gridmap_ws/install/grid_map_core/share/grid_map_core/doc/iterators/ellipse_iterator_preview.gif
-- Symlinking: /home/submarine/gridmap_ws/install/grid_map_core/share/grid_map_core/doc/iterators/grid_map_iterator.gif
-- Symlinking: /home/submarine/gridmap_ws/install/grid_map_core/share/grid_map_core/doc/iterators/grid_map_iterator_preview.gif
-- Symlinking: /home/submarine/gridmap_ws/install/grid_map_core/share/grid_map_core/doc/iterators/line_iterator.gif
-- Symlinking: /home/submarine/gridmap_ws/install/grid_map_core/share/grid_map_core/doc/iterators/line_iterator_preview.gif
-- Symlinking: /home/submarine/gridmap_ws/install/grid_map_core/share/grid_map_core/doc/iterators/polygon_iterator.gif
-- Symlinking: /home/submarine/gridmap_ws/install/grid_map_core/share/grid_map_core/doc/iterators/polygon_iterator_preview.gif
-- Symlinking: /home/submarine/gridmap_ws/install/grid_map_core/share/grid_map_core/doc/iterators/spiral_iterator.gif
-- Symlinking: /home/submarine/gridmap_ws/install/grid_map_core/share/grid_map_core/doc/iterators/spiral_iterator_preview.gif
-- Symlinking: /home/submarine/gridmap_ws/install/grid_map_core/share/grid_map_core/doc/iterators/submap_iterator.gif
-- Symlinking: /home/submarine/gridmap_ws/install/grid_map_core/share/grid_map_core/doc/iterators/submap_iterator_preview.gif
-- Symlinking: /home/submarine/gridmap_ws/install/grid_map_core/share/grid_map_core/doc/move_method.gif
-- Symlinking: /home/submarine/gridmap_ws/install/grid_map_core/share/grid_map_core/doc/setposition_method.gif
-- Symlinking: /home/submarine/gridmap_ws/install/grid_map_core/share/grid_map_core/environment/library_path.sh
-- Symlinking: /home/submarine/gridmap_ws/install/grid_map_core/share/grid_map_core/environment/library_path.dsv
-- Symlinking: /home/submarine/gridmap_ws/install/grid_map_core/share/ament_index/resource_index/package_run_dependencies/grid_map_core
-- Symlinking: /home/submarine/gridmap_ws/install/grid_map_core/share/ament_index/resource_index/parent_prefix_path/grid_map_core
-- Symlinking: /home/submarine/gridmap_ws/install/grid_map_core/share/grid_map_core/environment/ament_prefix_path.sh
-- Symlinking: /home/submarine/gridmap_ws/install/grid_map_core/share/grid_map_core/environment/ament_prefix_path.dsv
-- Symlinking: /home/submarine/gridmap_ws/install/grid_map_core/share/grid_map_core/environment/path.sh
-- Symlinking: /home/submarine/gridmap_ws/install/grid_map_core/share/grid_map_core/environment/path.dsv
-- Symlinking: /home/submarine/gridmap_ws/install/grid_map_core/share/grid_map_core/local_setup.bash
-- Symlinking: /home/submarine/gridmap_ws/install/grid_map_core/share/grid_map_core/local_setup.sh
-- Symlinking: /home/submarine/gridmap_ws/install/grid_map_core/share/grid_map_core/local_setup.zsh
-- Symlinking: /home/submarine/gridmap_ws/install/grid_map_core/share/grid_map_core/local_setup.dsv
-- Symlinking: /home/submarine/gridmap_ws/install/grid_map_core/share/grid_map_core/package.dsv
-- Symlinking: /home/submarine/gridmap_ws/install/grid_map_core/share/ament_index/resource_index/packages/grid_map_core
-- Symlinking: /home/submarine/gridmap_ws/install/grid_map_core/share/grid_map_core/cmake/grid_map_core-extras.cmake
-- Symlinking: /home/submarine/gridmap_ws/install/grid_map_core/share/grid_map_core/cmake/ament_cmake_export_targets-extras.cmake
-- Symlinking: /home/submarine/gridmap_ws/install/grid_map_core/share/grid_map_core/cmake/ament_cmake_export_dependencies-extras.cmake
-- Symlinking: /home/submarine/gridmap_ws/install/grid_map_core/share/grid_map_core/cmake/grid_map_coreConfig.cmake
-- Symlinking: /home/submarine/gridmap_ws/install/grid_map_core/share/grid_map_core/cmake/grid_map_coreConfig-version.cmake
-- Symlinking: /home/submarine/gridmap_ws/install/grid_map_core/share/grid_map_core/package.xml
-- Installing: /home/submarine/gridmap_ws/install/grid_map_core/lib/libgrid_map_core.a
-- Installing: /home/submarine/gridmap_ws/install/grid_map_core/include/grid_map_core
-- Installing: /home/submarine/gridmap_ws/install/grid_map_core/include/grid_map_core/grid_map_core
-- Installing: /home/submarine/gridmap_ws/install/grid_map_core/include/grid_map_core/grid_map_core/iterators
-- Installing: /home/submarine/gridmap_ws/install/grid_map_core/include/grid_map_core/grid_map_core/iterators/CircleIterator.hpp
-- Installing: /home/submarine/gridmap_ws/install/grid_map_core/include/grid_map_core/grid_map_core/iterators/SlidingWindowIterator.hpp
-- Installing: /home/submarine/gridmap_ws/install/grid_map_core/include/grid_map_core/grid_map_core/iterators/EllipseIterator.hpp
-- Installing: /home/submarine/gridmap_ws/install/grid_map_core/include/grid_map_core/grid_map_core/iterators/SubmapIterator.hpp
-- Installing: /home/submarine/gridmap_ws/install/grid_map_core/include/grid_map_core/grid_map_core/iterators/LineIterator.hpp
-- Installing: /home/submarine/gridmap_ws/install/grid_map_core/include/grid_map_core/grid_map_core/iterators/SpiralIterator.hpp
-- Installing: /home/submarine/gridmap_ws/install/grid_map_core/include/grid_map_core/grid_map_core/iterators/PolygonIterator.hpp
-- Installing: /home/submarine/gridmap_ws/install/grid_map_core/include/grid_map_core/grid_map_core/iterators/iterators.hpp
-- Installing: /home/submarine/gridmap_ws/install/grid_map_core/include/grid_map_core/grid_map_core/iterators/GridMapIterator.hpp
-- Installing: /home/submarine/gridmap_ws/install/grid_map_core/include/grid_map_core/grid_map_core/SubmapGeometry.hpp
-- Installing: /home/submarine/gridmap_ws/install/grid_map_core/include/grid_map_core/grid_map_core/CubicInterpolation.hpp
-- Installing: /home/submarine/gridmap_ws/install/grid_map_core/include/grid_map_core/grid_map_core/eigen_plugins
-- Installing: /home/submarine/gridmap_ws/install/grid_map_core/include/grid_map_core/grid_map_core/eigen_plugins/Functors.hpp
-- Installing: /home/submarine/gridmap_ws/install/grid_map_core/include/grid_map_core/grid_map_core/eigen_plugins/DenseBasePlugin.hpp
-- Installing: /home/submarine/gridmap_ws/install/grid_map_core/include/grid_map_core/grid_map_core/eigen_plugins/FunctorsPlugin.hpp
-- Installing: /home/submarine/gridmap_ws/install/grid_map_core/include/grid_map_core/grid_map_core/gtest_eigen.hpp
-- Installing: /home/submarine/gridmap_ws/install/grid_map_core/include/grid_map_core/grid_map_core/BufferRegion.hpp
-- Installing: /home/submarine/gridmap_ws/install/grid_map_core/include/grid_map_core/grid_map_core/grid_map_core.hpp
-- Installing: /home/submarine/gridmap_ws/install/grid_map_core/include/grid_map_core/grid_map_core/TypeDefs.hpp
-- Installing: /home/submarine/gridmap_ws/install/grid_map_core/include/grid_map_core/grid_map_core/GridMapMath.hpp
-- Installing: /home/submarine/gridmap_ws/install/grid_map_core/include/grid_map_core/grid_map_core/GridMap.hpp
-- Installing: /home/submarine/gridmap_ws/install/grid_map_core/include/grid_map_core/grid_map_core/Polygon.hpp
-- Installing: /home/submarine/gridmap_ws/install/grid_map_core/share/grid_map_core/cmake/export_grid_map_coreExport.cmake
-- Installing: /home/submarine/gridmap_ws/install/grid_map_core/share/grid_map_core/cmake/export_grid_map_coreExport-release.cmake
