[0.033s] Invoking command in '/home/submarine/ros_ws/build/orientation_msg': CMAKE_PREFIX_PATH=${CMAKE_PREFIX_PATH}:/home/submarine/ryans_ws/install/esc_pkg:/home/submarine/ros_ws/install/speed_sensor:/home/submarine/ros_ws/install/sonars:/home/submarine/ros_ws/install/orientation_package:/opt/ros/jazzy DEBUGINFOD_URLS=https://debuginfod.ubuntu.com PS1=(bluerobotics-ping) \[\e]0;\u@\h: \w\a\]${debian_chroot:+($debian_chroot)}\[\033[01;32m\]\u@\h\[\033[00m\]:\[\033[01;34m\]\w\[\033[00m\]\$ VIRTUAL_ENV_PROMPT=(bluerobotics-ping) /usr/bin/cmake --build /home/submarine/ros_ws/build/orientation_msg -- -j4 -l4
[0.229s] [  2%] Built target orientation_msg__rosidl_generator_type_description
[0.305s] [  2%] Built target ament_cmake_python_copy_orientation_msg
[0.361s] [ 20%] Built target orientation_msg__rosidl_generator_c
[0.426s] [ 22%] Built target orientation_msg__cpp
[0.557s] [ 31%] Built target orientation_msg__rosidl_typesupport_introspection_c
[0.574s] [ 40%] Built target orientation_msg__rosidl_typesupport_c
[0.619s] [ 50%] Built target orientation_msg__rosidl_typesupport_fastrtps_c
[0.748s] [ 59%] Built target orientation_msg__rosidl_typesupport_fastrtps_cpp
[0.768s] [ 68%] Built target orientation_msg__rosidl_typesupport_introspection_cpp
[0.778s] [ 77%] Built target orientation_msg__rosidl_typesupport_cpp
[0.888s] [ 77%] Built target orientation_msg
[0.990s] [ 79%] Built target orientation_msg__py
[1.104s] [ 86%] Built target orientation_msg__rosidl_generator_py
[1.269s] [ 90%] Built target orientation_msg_s__rosidl_typesupport_c
[1.269s] [ 95%] Built target orientation_msg_s__rosidl_typesupport_introspection_c
[1.270s] [100%] Built target orientation_msg_s__rosidl_typesupport_fastrtps_c
[1.274s] running egg_info
[1.301s] writing orientation_msg.egg-info/PKG-INFO
[1.302s] writing dependency_links to orientation_msg.egg-info/dependency_links.txt
[1.303s] writing top-level names to orientation_msg.egg-info/top_level.txt
[1.381s] reading manifest file 'orientation_msg.egg-info/SOURCES.txt'
[1.381s] writing manifest file 'orientation_msg.egg-info/SOURCES.txt'
[1.496s] [100%] Built target ament_cmake_python_build_orientation_msg_egg
[1.530s] Invoked command in '/home/submarine/ros_ws/build/orientation_msg' returned '0': CMAKE_PREFIX_PATH=${CMAKE_PREFIX_PATH}:/home/submarine/ryans_ws/install/esc_pkg:/home/submarine/ros_ws/install/speed_sensor:/home/submarine/ros_ws/install/sonars:/home/submarine/ros_ws/install/orientation_package:/opt/ros/jazzy DEBUGINFOD_URLS=https://debuginfod.ubuntu.com PS1=(bluerobotics-ping) \[\e]0;\u@\h: \w\a\]${debian_chroot:+($debian_chroot)}\[\033[01;32m\]\u@\h\[\033[00m\]:\[\033[01;34m\]\w\[\033[00m\]\$ VIRTUAL_ENV_PROMPT=(bluerobotics-ping) /usr/bin/cmake --build /home/submarine/ros_ws/build/orientation_msg -- -j4 -l4
[1.728s] Invoking command in '/home/submarine/ros_ws/build/orientation_msg': CMAKE_PREFIX_PATH=${CMAKE_PREFIX_PATH}:/home/submarine/ryans_ws/install/esc_pkg:/home/submarine/ros_ws/install/speed_sensor:/home/submarine/ros_ws/install/sonars:/home/submarine/ros_ws/install/orientation_package:/opt/ros/jazzy DEBUGINFOD_URLS=https://debuginfod.ubuntu.com PS1=(bluerobotics-ping) \[\e]0;\u@\h: \w\a\]${debian_chroot:+($debian_chroot)}\[\033[01;32m\]\u@\h\[\033[00m\]:\[\033[01;34m\]\w\[\033[00m\]\$ VIRTUAL_ENV_PROMPT=(bluerobotics-ping) /usr/bin/cmake --install /home/submarine/ros_ws/build/orientation_msg
[1.752s] -- Install configuration: ""
[1.753s] -- Up-to-date: /home/submarine/ros_ws/install/orientation_msg/share/ament_index/resource_index/rosidl_interfaces/orientation_msg
[1.754s] -- Up-to-date: /home/submarine/ros_ws/install/orientation_msg/share/orientation_msg/msg/Orientation.json
[1.754s] -- Up-to-date: /home/submarine/ros_ws/install/orientation_msg/share/orientation_msg/msg/Esc.json
[1.754s] -- Up-to-date: /home/submarine/ros_ws/install/orientation_msg/include/orientation_msg/orientation_msg
[1.755s] -- Up-to-date: /home/submarine/ros_ws/install/orientation_msg/include/orientation_msg/orientation_msg/msg
[1.755s] -- Up-to-date: /home/submarine/ros_ws/install/orientation_msg/include/orientation_msg/orientation_msg/msg/detail
[1.755s] -- Up-to-date: /home/submarine/ros_ws/install/orientation_msg/include/orientation_msg/orientation_msg/msg/detail/esc__description.c
[1.755s] -- Up-to-date: /home/submarine/ros_ws/install/orientation_msg/include/orientation_msg/orientation_msg/msg/detail/orientation__description.c
[1.756s] -- Up-to-date: /home/submarine/ros_ws/install/orientation_msg/include/orientation_msg/orientation_msg/msg/detail/orientation__type_support.c
[1.756s] -- Up-to-date: /home/submarine/ros_ws/install/orientation_msg/include/orientation_msg/orientation_msg/msg/detail/esc__functions.c
[1.757s] -- Up-to-date: /home/submarine/ros_ws/install/orientation_msg/include/orientation_msg/orientation_msg/msg/detail/orientation__struct.h
[1.757s] -- Up-to-date: /home/submarine/ros_ws/install/orientation_msg/include/orientation_msg/orientation_msg/msg/detail/orientation__type_support.h
[1.757s] -- Up-to-date: /home/submarine/ros_ws/install/orientation_msg/include/orientation_msg/orientation_msg/msg/detail/esc__struct.h
[1.758s] -- Up-to-date: /home/submarine/ros_ws/install/orientation_msg/include/orientation_msg/orientation_msg/msg/detail/orientation__functions.h
[1.758s] -- Up-to-date: /home/submarine/ros_ws/install/orientation_msg/include/orientation_msg/orientation_msg/msg/detail/esc__functions.h
[1.758s] -- Up-to-date: /home/submarine/ros_ws/install/orientation_msg/include/orientation_msg/orientation_msg/msg/detail/esc__type_support.c
[1.761s] -- Up-to-date: /home/submarine/ros_ws/install/orientation_msg/include/orientation_msg/orientation_msg/msg/detail/esc__type_support.h
[1.761s] -- Up-to-date: /home/submarine/ros_ws/install/orientation_msg/include/orientation_msg/orientation_msg/msg/detail/orientation__functions.c
[1.762s] -- Up-to-date: /home/submarine/ros_ws/install/orientation_msg/include/orientation_msg/orientation_msg/msg/esc.h
[1.762s] -- Up-to-date: /home/submarine/ros_ws/install/orientation_msg/include/orientation_msg/orientation_msg/msg/orientation.h
[1.762s] -- Up-to-date: /home/submarine/ros_ws/install/orientation_msg/include/orientation_msg/orientation_msg/msg/rosidl_generator_c__visibility_control.h
[1.762s] -- Up-to-date: /home/submarine/ros_ws/install/orientation_msg/share/orientation_msg/environment/library_path.sh
[1.762s] -- Up-to-date: /home/submarine/ros_ws/install/orientation_msg/share/orientation_msg/environment/library_path.dsv
[1.763s] -- Up-to-date: /home/submarine/ros_ws/install/orientation_msg/lib/liborientation_msg__rosidl_generator_c.so
[1.763s] -- Up-to-date: /home/submarine/ros_ws/install/orientation_msg/include/orientation_msg/orientation_msg
[1.763s] -- Up-to-date: /home/submarine/ros_ws/install/orientation_msg/include/orientation_msg/orientation_msg/msg
[1.763s] -- Up-to-date: /home/submarine/ros_ws/install/orientation_msg/include/orientation_msg/orientation_msg/msg/detail
[1.763s] -- Up-to-date: /home/submarine/ros_ws/install/orientation_msg/include/orientation_msg/orientation_msg/msg/detail/orientation__rosidl_typesupport_fastrtps_c.h
[1.764s] -- Up-to-date: /home/submarine/ros_ws/install/orientation_msg/include/orientation_msg/orientation_msg/msg/detail/esc__rosidl_typesupport_fastrtps_c.h
[1.764s] -- Up-to-date: /home/submarine/ros_ws/install/orientation_msg/include/orientation_msg/orientation_msg/msg/rosidl_typesupport_fastrtps_c__visibility_control.h
[1.764s] -- Up-to-date: /home/submarine/ros_ws/install/orientation_msg/lib/liborientation_msg__rosidl_typesupport_fastrtps_c.so
[1.764s] -- Up-to-date: /home/submarine/ros_ws/install/orientation_msg/include/orientation_msg/orientation_msg
[1.765s] -- Up-to-date: /home/submarine/ros_ws/install/orientation_msg/include/orientation_msg/orientation_msg/msg
[1.765s] -- Up-to-date: /home/submarine/ros_ws/install/orientation_msg/include/orientation_msg/orientation_msg/msg/detail
[1.765s] -- Up-to-date: /home/submarine/ros_ws/install/orientation_msg/include/orientation_msg/orientation_msg/msg/detail/orientation__type_support.c
[1.765s] -- Up-to-date: /home/submarine/ros_ws/install/orientation_msg/include/orientation_msg/orientation_msg/msg/detail/esc__rosidl_typesupport_introspection_c.h
[1.765s] -- Up-to-date: /home/submarine/ros_ws/install/orientation_msg/include/orientation_msg/orientation_msg/msg/detail/orientation__rosidl_typesupport_introspection_c.h
[1.765s] -- Up-to-date: /home/submarine/ros_ws/install/orientation_msg/include/orientation_msg/orientation_msg/msg/detail/esc__type_support.c
[1.765s] -- Up-to-date: /home/submarine/ros_ws/install/orientation_msg/include/orientation_msg/orientation_msg/msg/rosidl_typesupport_introspection_c__visibility_control.h
[1.765s] -- Up-to-date: /home/submarine/ros_ws/install/orientation_msg/lib/liborientation_msg__rosidl_typesupport_introspection_c.so
[1.766s] -- Up-to-date: /home/submarine/ros_ws/install/orientation_msg/lib/liborientation_msg__rosidl_typesupport_c.so
[1.766s] -- Up-to-date: /home/submarine/ros_ws/install/orientation_msg/include/orientation_msg/orientation_msg
[1.766s] -- Up-to-date: /home/submarine/ros_ws/install/orientation_msg/include/orientation_msg/orientation_msg/msg
[1.766s] -- Up-to-date: /home/submarine/ros_ws/install/orientation_msg/include/orientation_msg/orientation_msg/msg/detail
[1.767s] -- Up-to-date: /home/submarine/ros_ws/install/orientation_msg/include/orientation_msg/orientation_msg/msg/detail/esc__traits.hpp
[1.767s] -- Up-to-date: /home/submarine/ros_ws/install/orientation_msg/include/orientation_msg/orientation_msg/msg/detail/esc__struct.hpp
[1.767s] -- Up-to-date: /home/submarine/ros_ws/install/orientation_msg/include/orientation_msg/orientation_msg/msg/detail/esc__type_support.hpp
[1.767s] -- Up-to-date: /home/submarine/ros_ws/install/orientation_msg/include/orientation_msg/orientation_msg/msg/detail/orientation__traits.hpp
[1.767s] -- Up-to-date: /home/submarine/ros_ws/install/orientation_msg/include/orientation_msg/orientation_msg/msg/detail/orientation__builder.hpp
[1.768s] -- Up-to-date: /home/submarine/ros_ws/install/orientation_msg/include/orientation_msg/orientation_msg/msg/detail/orientation__struct.hpp
[1.768s] -- Up-to-date: /home/submarine/ros_ws/install/orientation_msg/include/orientation_msg/orientation_msg/msg/detail/esc__builder.hpp
[1.768s] -- Up-to-date: /home/submarine/ros_ws/install/orientation_msg/include/orientation_msg/orientation_msg/msg/detail/orientation__type_support.hpp
[1.768s] -- Up-to-date: /home/submarine/ros_ws/install/orientation_msg/include/orientation_msg/orientation_msg/msg/esc.hpp
[1.768s] -- Up-to-date: /home/submarine/ros_ws/install/orientation_msg/include/orientation_msg/orientation_msg/msg/rosidl_generator_cpp__visibility_control.hpp
[1.769s] -- Up-to-date: /home/submarine/ros_ws/install/orientation_msg/include/orientation_msg/orientation_msg/msg/orientation.hpp
[1.769s] -- Up-to-date: /home/submarine/ros_ws/install/orientation_msg/include/orientation_msg/orientation_msg
[1.769s] -- Up-to-date: /home/submarine/ros_ws/install/orientation_msg/include/orientation_msg/orientation_msg/msg
[1.770s] -- Up-to-date: /home/submarine/ros_ws/install/orientation_msg/include/orientation_msg/orientation_msg/msg/detail
[1.770s] -- Up-to-date: /home/submarine/ros_ws/install/orientation_msg/include/orientation_msg/orientation_msg/msg/detail/dds_fastrtps
[1.770s] -- Up-to-date: /home/submarine/ros_ws/install/orientation_msg/include/orientation_msg/orientation_msg/msg/detail/esc__rosidl_typesupport_fastrtps_cpp.hpp
[1.770s] -- Up-to-date: /home/submarine/ros_ws/install/orientation_msg/include/orientation_msg/orientation_msg/msg/detail/orientation__rosidl_typesupport_fastrtps_cpp.hpp
[1.770s] -- Up-to-date: /home/submarine/ros_ws/install/orientation_msg/include/orientation_msg/orientation_msg/msg/rosidl_typesupport_fastrtps_cpp__visibility_control.h
[1.771s] -- Up-to-date: /home/submarine/ros_ws/install/orientation_msg/lib/liborientation_msg__rosidl_typesupport_fastrtps_cpp.so
[1.771s] -- Up-to-date: /home/submarine/ros_ws/install/orientation_msg/include/orientation_msg/orientation_msg
[1.771s] -- Up-to-date: /home/submarine/ros_ws/install/orientation_msg/include/orientation_msg/orientation_msg/msg
[1.772s] -- Up-to-date: /home/submarine/ros_ws/install/orientation_msg/include/orientation_msg/orientation_msg/msg/detail
[1.773s] -- Up-to-date: /home/submarine/ros_ws/install/orientation_msg/include/orientation_msg/orientation_msg/msg/detail/esc__rosidl_typesupport_introspection_cpp.hpp
[1.773s] -- Up-to-date: /home/submarine/ros_ws/install/orientation_msg/include/orientation_msg/orientation_msg/msg/detail/orientation__type_support.cpp
[1.773s] -- Up-to-date: /home/submarine/ros_ws/install/orientation_msg/include/orientation_msg/orientation_msg/msg/detail/esc__type_support.cpp
[1.773s] -- Up-to-date: /home/submarine/ros_ws/install/orientation_msg/include/orientation_msg/orientation_msg/msg/detail/orientation__rosidl_typesupport_introspection_cpp.hpp
[1.773s] -- Up-to-date: /home/submarine/ros_ws/install/orientation_msg/lib/liborientation_msg__rosidl_typesupport_introspection_cpp.so
[1.773s] -- Up-to-date: /home/submarine/ros_ws/install/orientation_msg/lib/liborientation_msg__rosidl_typesupport_cpp.so
[1.773s] -- Up-to-date: /home/submarine/ros_ws/install/orientation_msg/share/orientation_msg/environment/pythonpath.sh
[1.774s] -- Up-to-date: /home/submarine/ros_ws/install/orientation_msg/share/orientation_msg/environment/pythonpath.dsv
[1.774s] -- Up-to-date: /home/submarine/ros_ws/install/orientation_msg/lib/python3.12/site-packages/orientation_msg-0.0.0-py3.12.egg-info
[1.774s] -- Installing: /home/submarine/ros_ws/install/orientation_msg/lib/python3.12/site-packages/orientation_msg-0.0.0-py3.12.egg-info/SOURCES.txt
[1.774s] -- Installing: /home/submarine/ros_ws/install/orientation_msg/lib/python3.12/site-packages/orientation_msg-0.0.0-py3.12.egg-info/PKG-INFO
[1.774s] -- Installing: /home/submarine/ros_ws/install/orientation_msg/lib/python3.12/site-packages/orientation_msg-0.0.0-py3.12.egg-info/dependency_links.txt
[1.774s] -- Installing: /home/submarine/ros_ws/install/orientation_msg/lib/python3.12/site-packages/orientation_msg-0.0.0-py3.12.egg-info/top_level.txt
[1.775s] -- Up-to-date: /home/submarine/ros_ws/install/orientation_msg/lib/python3.12/site-packages/orientation_msg
[1.775s] -- Up-to-date: /home/submarine/ros_ws/install/orientation_msg/lib/python3.12/site-packages/orientation_msg/orientation_msg_s__rosidl_typesupport_introspection_c.so
[1.775s] -- Up-to-date: /home/submarine/ros_ws/install/orientation_msg/lib/python3.12/site-packages/orientation_msg/_orientation_msg_s.ep.rosidl_typesupport_fastrtps_c.c
[1.775s] -- Up-to-date: /home/submarine/ros_ws/install/orientation_msg/lib/python3.12/site-packages/orientation_msg/_orientation_msg_s.ep.rosidl_typesupport_c.c
[1.775s] -- Up-to-date: /home/submarine/ros_ws/install/orientation_msg/lib/python3.12/site-packages/orientation_msg/orientation_msg_s__rosidl_typesupport_c.so
[1.775s] -- Up-to-date: /home/submarine/ros_ws/install/orientation_msg/lib/python3.12/site-packages/orientation_msg/orientation_msg_s__rosidl_typesupport_fastrtps_c.so
[1.776s] -- Up-to-date: /home/submarine/ros_ws/install/orientation_msg/lib/python3.12/site-packages/orientation_msg/__init__.py
[1.776s] -- Up-to-date: /home/submarine/ros_ws/install/orientation_msg/lib/python3.12/site-packages/orientation_msg/_orientation_msg_s.ep.rosidl_typesupport_introspection_c.c
[1.776s] -- Up-to-date: /home/submarine/ros_ws/install/orientation_msg/lib/python3.12/site-packages/orientation_msg/msg
[1.776s] -- Up-to-date: /home/submarine/ros_ws/install/orientation_msg/lib/python3.12/site-packages/orientation_msg/msg/_esc.py
[1.776s] -- Up-to-date: /home/submarine/ros_ws/install/orientation_msg/lib/python3.12/site-packages/orientation_msg/msg/_esc_s.c
[1.776s] -- Up-to-date: /home/submarine/ros_ws/install/orientation_msg/lib/python3.12/site-packages/orientation_msg/msg/__init__.py
[1.776s] -- Up-to-date: /home/submarine/ros_ws/install/orientation_msg/lib/python3.12/site-packages/orientation_msg/msg/_orientation.py
[1.777s] -- Up-to-date: /home/submarine/ros_ws/install/orientation_msg/lib/python3.12/site-packages/orientation_msg/msg/_orientation_s.c
[1.866s] Listing '/home/submarine/ros_ws/install/orientation_msg/lib/python3.12/site-packages/orientation_msg'...
[1.867s] Listing '/home/submarine/ros_ws/install/orientation_msg/lib/python3.12/site-packages/orientation_msg/msg'...
[1.889s] -- Up-to-date: /home/submarine/ros_ws/install/orientation_msg/lib/python3.12/site-packages/orientation_msg/orientation_msg_s__rosidl_typesupport_fastrtps_c.so
[1.890s] -- Up-to-date: /home/submarine/ros_ws/install/orientation_msg/lib/python3.12/site-packages/orientation_msg/orientation_msg_s__rosidl_typesupport_introspection_c.so
[1.890s] -- Up-to-date: /home/submarine/ros_ws/install/orientation_msg/lib/python3.12/site-packages/orientation_msg/orientation_msg_s__rosidl_typesupport_c.so
[1.892s] -- Up-to-date: /home/submarine/ros_ws/install/orientation_msg/lib/liborientation_msg__rosidl_generator_py.so
[1.893s] -- Up-to-date: /home/submarine/ros_ws/install/orientation_msg/share/orientation_msg/msg/Orientation.idl
[1.893s] -- Up-to-date: /home/submarine/ros_ws/install/orientation_msg/share/orientation_msg/msg/Esc.idl
[1.893s] -- Up-to-date: /home/submarine/ros_ws/install/orientation_msg/share/orientation_msg/msg/Orientation.msg
[1.894s] -- Up-to-date: /home/submarine/ros_ws/install/orientation_msg/share/orientation_msg/msg/Esc.msg
[1.895s] -- Up-to-date: /home/submarine/ros_ws/install/orientation_msg/share/ament_index/resource_index/package_run_dependencies/orientation_msg
[1.895s] -- Up-to-date: /home/submarine/ros_ws/install/orientation_msg/share/ament_index/resource_index/parent_prefix_path/orientation_msg
[1.895s] -- Up-to-date: /home/submarine/ros_ws/install/orientation_msg/share/orientation_msg/environment/ament_prefix_path.sh
[1.896s] -- Up-to-date: /home/submarine/ros_ws/install/orientation_msg/share/orientation_msg/environment/ament_prefix_path.dsv
[1.897s] -- Up-to-date: /home/submarine/ros_ws/install/orientation_msg/share/orientation_msg/environment/path.sh
[1.898s] -- Up-to-date: /home/submarine/ros_ws/install/orientation_msg/share/orientation_msg/environment/path.dsv
[1.898s] -- Up-to-date: /home/submarine/ros_ws/install/orientation_msg/share/orientation_msg/local_setup.bash
[1.898s] -- Up-to-date: /home/submarine/ros_ws/install/orientation_msg/share/orientation_msg/local_setup.sh
[1.899s] -- Up-to-date: /home/submarine/ros_ws/install/orientation_msg/share/orientation_msg/local_setup.zsh
[1.899s] -- Up-to-date: /home/submarine/ros_ws/install/orientation_msg/share/orientation_msg/local_setup.dsv
[1.899s] -- Installing: /home/submarine/ros_ws/install/orientation_msg/share/orientation_msg/package.dsv
[1.899s] -- Up-to-date: /home/submarine/ros_ws/install/orientation_msg/share/ament_index/resource_index/packages/orientation_msg
[1.902s] -- Up-to-date: /home/submarine/ros_ws/install/orientation_msg/share/orientation_msg/cmake/export_orientation_msg__rosidl_generator_cExport.cmake
[1.905s] -- Up-to-date: /home/submarine/ros_ws/install/orientation_msg/share/orientation_msg/cmake/export_orientation_msg__rosidl_generator_cExport-noconfig.cmake
[1.906s] -- Up-to-date: /home/submarine/ros_ws/install/orientation_msg/share/orientation_msg/cmake/export_orientation_msg__rosidl_typesupport_fastrtps_cExport.cmake
[1.906s] -- Up-to-date: /home/submarine/ros_ws/install/orientation_msg/share/orientation_msg/cmake/export_orientation_msg__rosidl_typesupport_fastrtps_cExport-noconfig.cmake
[1.906s] -- Up-to-date: /home/submarine/ros_ws/install/orientation_msg/share/orientation_msg/cmake/orientation_msg__rosidl_typesupport_introspection_cExport.cmake
[1.906s] -- Up-to-date: /home/submarine/ros_ws/install/orientation_msg/share/orientation_msg/cmake/orientation_msg__rosidl_typesupport_introspection_cExport-noconfig.cmake
[1.906s] -- Up-to-date: /home/submarine/ros_ws/install/orientation_msg/share/orientation_msg/cmake/orientation_msg__rosidl_typesupport_cExport.cmake
[1.907s] -- Up-to-date: /home/submarine/ros_ws/install/orientation_msg/share/orientation_msg/cmake/orientation_msg__rosidl_typesupport_cExport-noconfig.cmake
[1.912s] -- Up-to-date: /home/submarine/ros_ws/install/orientation_msg/share/orientation_msg/cmake/export_orientation_msg__rosidl_generator_cppExport.cmake
[1.912s] -- Up-to-date: /home/submarine/ros_ws/install/orientation_msg/share/orientation_msg/cmake/export_orientation_msg__rosidl_typesupport_fastrtps_cppExport.cmake
[1.912s] -- Up-to-date: /home/submarine/ros_ws/install/orientation_msg/share/orientation_msg/cmake/export_orientation_msg__rosidl_typesupport_fastrtps_cppExport-noconfig.cmake
[1.912s] -- Up-to-date: /home/submarine/ros_ws/install/orientation_msg/share/orientation_msg/cmake/orientation_msg__rosidl_typesupport_introspection_cppExport.cmake
[1.915s] -- Up-to-date: /home/submarine/ros_ws/install/orientation_msg/share/orientation_msg/cmake/orientation_msg__rosidl_typesupport_introspection_cppExport-noconfig.cmake
[1.915s] -- Up-to-date: /home/submarine/ros_ws/install/orientation_msg/share/orientation_msg/cmake/orientation_msg__rosidl_typesupport_cppExport.cmake
[1.916s] -- Up-to-date: /home/submarine/ros_ws/install/orientation_msg/share/orientation_msg/cmake/orientation_msg__rosidl_typesupport_cppExport-noconfig.cmake
[1.916s] -- Up-to-date: /home/submarine/ros_ws/install/orientation_msg/share/orientation_msg/cmake/export_orientation_msg__rosidl_generator_pyExport.cmake
[1.916s] -- Up-to-date: /home/submarine/ros_ws/install/orientation_msg/share/orientation_msg/cmake/export_orientation_msg__rosidl_generator_pyExport-noconfig.cmake
[1.916s] -- Up-to-date: /home/submarine/ros_ws/install/orientation_msg/share/orientation_msg/cmake/rosidl_cmake-extras.cmake
[1.919s] -- Up-to-date: /home/submarine/ros_ws/install/orientation_msg/share/orientation_msg/cmake/ament_cmake_export_include_directories-extras.cmake
[1.920s] -- Up-to-date: /home/submarine/ros_ws/install/orientation_msg/share/orientation_msg/cmake/ament_cmake_export_libraries-extras.cmake
[1.920s] -- Up-to-date: /home/submarine/ros_ws/install/orientation_msg/share/orientation_msg/cmake/ament_cmake_export_targets-extras.cmake
[1.920s] -- Up-to-date: /home/submarine/ros_ws/install/orientation_msg/share/orientation_msg/cmake/rosidl_cmake_export_typesupport_targets-extras.cmake
[1.920s] -- Up-to-date: /home/submarine/ros_ws/install/orientation_msg/share/orientation_msg/cmake/ament_cmake_export_dependencies-extras.cmake
[1.920s] -- Up-to-date: /home/submarine/ros_ws/install/orientation_msg/share/orientation_msg/cmake/rosidl_cmake_export_typesupport_libraries-extras.cmake
[1.922s] -- Up-to-date: /home/submarine/ros_ws/install/orientation_msg/share/orientation_msg/cmake/orientation_msgConfig.cmake
[1.922s] -- Up-to-date: /home/submarine/ros_ws/install/orientation_msg/share/orientation_msg/cmake/orientation_msgConfig-version.cmake
[1.922s] -- Up-to-date: /home/submarine/ros_ws/install/orientation_msg/share/orientation_msg/package.xml
[1.923s] Invoked command in '/home/submarine/ros_ws/build/orientation_msg' returned '0': CMAKE_PREFIX_PATH=${CMAKE_PREFIX_PATH}:/home/submarine/ryans_ws/install/esc_pkg:/home/submarine/ros_ws/install/speed_sensor:/home/submarine/ros_ws/install/sonars:/home/submarine/ros_ws/install/orientation_package:/opt/ros/jazzy DEBUGINFOD_URLS=https://debuginfod.ubuntu.com PS1=(bluerobotics-ping) \[\e]0;\u@\h: \w\a\]${debian_chroot:+($debian_chroot)}\[\033[01;32m\]\u@\h\[\033[00m\]:\[\033[01;34m\]\w\[\033[00m\]\$ VIRTUAL_ENV_PROMPT=(bluerobotics-ping) /usr/bin/cmake --install /home/submarine/ros_ws/build/orientation_msg
