-- The C compiler identification is GNU 11.4.0
-- The CXX compiler identification is GNU 11.4.0
-- Detecting C compiler ABI info
-- Detecting C compiler ABI info - done
-- Check for working C compiler: /usr/bin/cc - skipped
-- Detecting C compile features
-- Detecting C compile features - done
-- Detecting CXX compiler ABI info
-- Detecting CXX compiler ABI info - done
-- Check for working CXX compiler: /usr/bin/c++ - skipped
-- Detecting CXX compile features
-- Detecting CXX compile features - done
-- Found ament_cmake: 1.3.8 (/opt/ros/humble/share/ament_cmake/cmake)
-- Found Python3: /usr/bin/python3 (found version "3.10.12") found components: Interpreter 
-- Override CMake install command with custom implementation using symlinks instead of copying resources
-- Found grid_map_cmake_helpers: 2.0.0 (/home/submarine/gridmap_ws/install/grid_map_cmake_helpers/share/grid_map_cmake_helpers/cmake)
-- Found grid_map_core: 2.0.0 (/home/submarine/gridmap_ws/install/grid_map_core/share/grid_map_core/cmake)
-- Checking for module 'eigen3'
--   Found eigen3, version 3.4.0
-- Found Eigen: /usr/include/eigen3 (Required is at least version "3.1") 
-- Eigen found (include: /usr/include/eigen3, version: 3.4.0)
-- Found Boost: /usr/lib/x86_64-linux-gnu/cmake/Boost-1.74.0/BoostConfig.cmake (found suitable version "1.74.0", minimum required is "1.65.0") found components: system filesystem date_time iostreams serialization 
-- looking for PCL_COMMON
-- Found PCL_COMMON: /usr/lib/x86_64-linux-gnu/libpcl_common.so  
-- Found PCL: pcl_common;Boost::system;Boost::filesystem;Boost::date_time;Boost::iostreams;Boost::serialization  
-- Setting build type to Release as none was specified.
-- Found ament_lint_auto: 0.12.10 (/opt/ros/humble/share/ament_lint_auto/cmake)
-- Found gtest sources under '/opt/ros/humble/src/gtest_vendor': C++ tests using 'Google Test' will be built
-- Looking for pthread.h
-- Looking for pthread.h - found
-- Performing Test CMAKE_HAVE_LIBC_PTHREAD
-- Performing Test CMAKE_HAVE_LIBC_PTHREAD - Success
-- Found Threads: TRUE  
-- Added test 'cppcheck' to perform static code analysis on C / C++ code
-- Configured cppcheck include dirs: /home/submarine/gridmap_ws/src/grid_map/grid_map_sdf/include
-- Configured cppcheck exclude dirs and/or files: 
-- Added test 'lint_cmake' to check CMake code style
-- Added test 'uncrustify' to check C / C++ code style
-- Configured uncrustify additional arguments: 
-- Added test 'xmllint' to check XML markup files
-- Configuring done
-- Generating done
-- Build files have been written to: /home/submarine/gridmap_ws/build/grid_map_sdf
[ 11%] [32mBuilding CXX object gtest/CMakeFiles/gtest.dir/src/gtest-all.cc.o[0m
[ 22%] [32mBuilding CXX object CMakeFiles/grid_map_sdf.dir/src/SignedDistanceField.cpp.o[0m
[ 33%] [32mBuilding CXX object gtest/CMakeFiles/gtest_main.dir/src/gtest_main.cc.o[0m
[ 44%] [32m[1mLinking CXX static library libgtest_main.a[0m
[ 44%] Built target gtest_main
[ 55%] [32m[1mLinking CXX static library libgrid_map_sdf.a[0m
[ 55%] Built target grid_map_sdf
[ 66%] [32m[1mLinking CXX static library libgtest.a[0m
[ 66%] Built target gtest
[ 77%] [32mBuilding CXX object CMakeFiles/grid_map_sdf-test.dir/test/SignedDistanceFieldTest.cpp.o[0m
[ 88%] [32mBuilding CXX object CMakeFiles/grid_map_sdf-test.dir/test/test_grid_map_sdf.cpp.o[0m
[100%] [32m[1mLinking CXX executable grid_map_sdf-test[0m
[100%] Built target grid_map_sdf-test
-- Install configuration: "Release"
-- Execute custom install script
-- Symlinking: /home/submarine/gridmap_ws/install/grid_map_sdf/lib/libgrid_map_sdf.a
-- Symlinking: /home/submarine/gridmap_ws/install/grid_map_sdf/share/grid_map_sdf/environment/library_path.sh
-- Symlinking: /home/submarine/gridmap_ws/install/grid_map_sdf/share/grid_map_sdf/environment/library_path.dsv
-- Symlinking: /home/submarine/gridmap_ws/install/grid_map_sdf/share/ament_index/resource_index/package_run_dependencies/grid_map_sdf
-- Symlinking: /home/submarine/gridmap_ws/install/grid_map_sdf/share/ament_index/resource_index/parent_prefix_path/grid_map_sdf
-- Symlinking: /home/submarine/gridmap_ws/install/grid_map_sdf/share/grid_map_sdf/environment/ament_prefix_path.sh
-- Symlinking: /home/submarine/gridmap_ws/install/grid_map_sdf/share/grid_map_sdf/environment/ament_prefix_path.dsv
-- Symlinking: /home/submarine/gridmap_ws/install/grid_map_sdf/share/grid_map_sdf/environment/path.sh
-- Symlinking: /home/submarine/gridmap_ws/install/grid_map_sdf/share/grid_map_sdf/environment/path.dsv
-- Symlinking: /home/submarine/gridmap_ws/install/grid_map_sdf/share/grid_map_sdf/local_setup.bash
-- Symlinking: /home/submarine/gridmap_ws/install/grid_map_sdf/share/grid_map_sdf/local_setup.sh
-- Symlinking: /home/submarine/gridmap_ws/install/grid_map_sdf/share/grid_map_sdf/local_setup.zsh
-- Symlinking: /home/submarine/gridmap_ws/install/grid_map_sdf/share/grid_map_sdf/local_setup.dsv
-- Symlinking: /home/submarine/gridmap_ws/install/grid_map_sdf/share/grid_map_sdf/package.dsv
-- Symlinking: /home/submarine/gridmap_ws/install/grid_map_sdf/share/ament_index/resource_index/packages/grid_map_sdf
-- Symlinking: /home/submarine/gridmap_ws/install/grid_map_sdf/share/grid_map_sdf/cmake/ament_cmake_export_include_directories-extras.cmake
-- Symlinking: /home/submarine/gridmap_ws/install/grid_map_sdf/share/grid_map_sdf/cmake/ament_cmake_export_libraries-extras.cmake
-- Symlinking: /home/submarine/gridmap_ws/install/grid_map_sdf/share/grid_map_sdf/cmake/grid_map_sdfConfig.cmake
-- Symlinking: /home/submarine/gridmap_ws/install/grid_map_sdf/share/grid_map_sdf/cmake/grid_map_sdfConfig-version.cmake
-- Symlinking: /home/submarine/gridmap_ws/install/grid_map_sdf/share/grid_map_sdf/package.xml
-- Installing: /home/submarine/gridmap_ws/install/grid_map_sdf/include/grid_map_sdf
-- Installing: /home/submarine/gridmap_ws/install/grid_map_sdf/include/grid_map_sdf/distance_transform
-- Installing: /home/submarine/gridmap_ws/install/grid_map_sdf/include/grid_map_sdf/distance_transform/imutil.hpp
-- Installing: /home/submarine/gridmap_ws/install/grid_map_sdf/include/grid_map_sdf/distance_transform/dt.hpp
-- Installing: /home/submarine/gridmap_ws/install/grid_map_sdf/include/grid_map_sdf/distance_transform/misc.hpp
-- Installing: /home/submarine/gridmap_ws/install/grid_map_sdf/include/grid_map_sdf/distance_transform/imconv.hpp
-- Installing: /home/submarine/gridmap_ws/install/grid_map_sdf/include/grid_map_sdf/distance_transform/pnmfile.hpp
-- Installing: /home/submarine/gridmap_ws/install/grid_map_sdf/include/grid_map_sdf/distance_transform/image.hpp
-- Installing: /home/submarine/gridmap_ws/install/grid_map_sdf/include/grid_map_sdf/SignedDistanceField.hpp
