[0.028s] Invoking command in '/home/submarine/gridmap_ws/build/grid_map_sdf': AMENT_PREFIX_PATH=/home/submarine/gridmap_ws/install/grid_map_core:/home/submarine/gridmap_ws/install/grid_map_cmake_helpers:${AMENT_PREFIX_PATH} CMAKE_PREFIX_PATH=/home/submarine/gridmap_ws/install/grid_map_core:/home/submarine/gridmap_ws/install/grid_map_cmake_helpers:/home/submarine/submarine/ros_ws/install/ros_bt:/home/submarine/submarine/ros_ws/install/ros_interfaces:/home/submarine/submarine/ros_ws/install/ros2_sub:/home/submarine/submarine/ros_ws/install/btcpp_ros2_samples:/home/submarine/submarine/ros_ws/install/btcpp_ros2_interfaces:/home/submarine/submarine/ros_ws/install/behaviortree_ros2:/home/submarine/submarine/ros_ws/install/behaviortree_cpp:/opt/ros/humble LD_LIBRARY_PATH=/home/submarine/gridmap_ws/install/grid_map_core/lib:${LD_LIBRARY_PATH} /usr/bin/cmake /home/submarine/gridmap_ws/src/grid_map/grid_map_sdf -DAMENT_CMAKE_SYMLINK_INSTALL=1 -DCMAKE_INSTALL_PREFIX=/home/submarine/gridmap_ws/install/grid_map_sdf
[0.136s] -- The C compiler identification is GNU 11.4.0
[0.245s] -- The CXX compiler identification is GNU 11.4.0
[0.262s] -- Detecting C compiler ABI info
[0.402s] -- Detecting C compiler ABI info - done
[0.414s] -- Check for working C compiler: /usr/bin/cc - skipped
[0.414s] -- Detecting C compile features
[0.415s] -- Detecting C compile features - done
[0.425s] -- Detecting CXX compiler ABI info
[0.576s] -- Detecting CXX compiler ABI info - done
[0.593s] -- Check for working CXX compiler: /usr/bin/c++ - skipped
[0.593s] -- Detecting CXX compile features
[0.594s] -- Detecting CXX compile features - done
[0.609s] -- Found ament_cmake: 1.3.8 (/opt/ros/humble/share/ament_cmake/cmake)
[0.919s] -- Found Python3: /usr/bin/python3 (found version "3.10.12") found components: Interpreter 
[1.029s] -- Override CMake install command with custom implementation using symlinks instead of copying resources
[1.110s] -- Found grid_map_cmake_helpers: 2.0.0 (/home/submarine/gridmap_ws/install/grid_map_cmake_helpers/share/grid_map_cmake_helpers/cmake)
[1.111s] -- Found grid_map_core: 2.0.0 (/home/submarine/gridmap_ws/install/grid_map_core/share/grid_map_core/cmake)
[1.164s] -- Checking for module 'eigen3'
[1.195s] --   Found eigen3, version 3.4.0
[1.267s] -- Found Eigen: /usr/include/eigen3 (Required is at least version "3.1") 
[1.268s] -- Eigen found (include: /usr/include/eigen3, version: 3.4.0)
[1.336s] -- Found Boost: /usr/lib/x86_64-linux-gnu/cmake/Boost-1.74.0/BoostConfig.cmake (found suitable version "1.74.0", minimum required is "1.65.0") found components: system filesystem date_time iostreams serialization 
[1.338s] -- looking for PCL_COMMON
[1.347s] -- Found PCL_COMMON: /usr/lib/x86_64-linux-gnu/libpcl_common.so  
[1.347s] -- Found PCL: pcl_common;Boost::system;Boost::filesystem;Boost::date_time;Boost::iostreams;Boost::serialization  
[1.349s] -- Setting build type to Release as none was specified.
[1.358s] -- Found ament_lint_auto: 0.12.10 (/opt/ros/humble/share/ament_lint_auto/cmake)
[1.528s] -- Found gtest sources under '/opt/ros/humble/src/gtest_vendor': C++ tests using 'Google Test' will be built
[1.532s] -- Looking for pthread.h
[1.676s] -- Looking for pthread.h - found
[1.677s] -- Performing Test CMAKE_HAVE_LIBC_PTHREAD
[1.825s] -- Performing Test CMAKE_HAVE_LIBC_PTHREAD - Success
[1.827s] -- Found Threads: TRUE  
[1.841s] -- Added test 'cppcheck' to perform static code analysis on C / C++ code
[1.841s] -- Configured cppcheck include dirs: /home/submarine/gridmap_ws/src/grid_map/grid_map_sdf/include
[1.841s] -- Configured cppcheck exclude dirs and/or files: 
[1.843s] -- Added test 'lint_cmake' to check CMake code style
[1.847s] -- Added test 'uncrustify' to check C / C++ code style
[1.847s] -- Configured uncrustify additional arguments: 
[1.849s] -- Added test 'xmllint' to check XML markup files
[1.855s] -- Configuring done
[1.876s] -- Generating done
[1.879s] -- Build files have been written to: /home/submarine/gridmap_ws/build/grid_map_sdf
[1.893s] Invoked command in '/home/submarine/gridmap_ws/build/grid_map_sdf' returned '0': AMENT_PREFIX_PATH=/home/submarine/gridmap_ws/install/grid_map_core:/home/submarine/gridmap_ws/install/grid_map_cmake_helpers:${AMENT_PREFIX_PATH} CMAKE_PREFIX_PATH=/home/submarine/gridmap_ws/install/grid_map_core:/home/submarine/gridmap_ws/install/grid_map_cmake_helpers:/home/submarine/submarine/ros_ws/install/ros_bt:/home/submarine/submarine/ros_ws/install/ros_interfaces:/home/submarine/submarine/ros_ws/install/ros2_sub:/home/submarine/submarine/ros_ws/install/btcpp_ros2_samples:/home/submarine/submarine/ros_ws/install/btcpp_ros2_interfaces:/home/submarine/submarine/ros_ws/install/behaviortree_ros2:/home/submarine/submarine/ros_ws/install/behaviortree_cpp:/opt/ros/humble LD_LIBRARY_PATH=/home/submarine/gridmap_ws/install/grid_map_core/lib:${LD_LIBRARY_PATH} /usr/bin/cmake /home/submarine/gridmap_ws/src/grid_map/grid_map_sdf -DAMENT_CMAKE_SYMLINK_INSTALL=1 -DCMAKE_INSTALL_PREFIX=/home/submarine/gridmap_ws/install/grid_map_sdf
[1.896s] Invoking command in '/home/submarine/gridmap_ws/build/grid_map_sdf': AMENT_PREFIX_PATH=/home/submarine/gridmap_ws/install/grid_map_core:/home/submarine/gridmap_ws/install/grid_map_cmake_helpers:${AMENT_PREFIX_PATH} CMAKE_PREFIX_PATH=/home/submarine/gridmap_ws/install/grid_map_core:/home/submarine/gridmap_ws/install/grid_map_cmake_helpers:/home/submarine/submarine/ros_ws/install/ros_bt:/home/submarine/submarine/ros_ws/install/ros_interfaces:/home/submarine/submarine/ros_ws/install/ros2_sub:/home/submarine/submarine/ros_ws/install/btcpp_ros2_samples:/home/submarine/submarine/ros_ws/install/btcpp_ros2_interfaces:/home/submarine/submarine/ros_ws/install/behaviortree_ros2:/home/submarine/submarine/ros_ws/install/behaviortree_cpp:/opt/ros/humble LD_LIBRARY_PATH=/home/submarine/gridmap_ws/install/grid_map_core/lib:${LD_LIBRARY_PATH} /usr/bin/cmake --build /home/submarine/gridmap_ws/build/grid_map_sdf -- -j8 -l8
[2.011s] [ 11%] [32mBuilding CXX object gtest/CMakeFiles/gtest.dir/src/gtest-all.cc.o[0m
[2.017s] [ 22%] [32mBuilding CXX object CMakeFiles/grid_map_sdf.dir/src/SignedDistanceField.cpp.o[0m
[2.035s] [ 33%] [32mBuilding CXX object gtest/CMakeFiles/gtest_main.dir/src/gtest_main.cc.o[0m
[4.654s] [ 44%] [32m[1mLinking CXX static library libgtest_main.a[0m
[4.885s] [ 44%] Built target gtest_main
[10.139s] [ 55%] [32m[1mLinking CXX static library libgrid_map_sdf.a[0m
[10.217s] [ 55%] Built target grid_map_sdf
[18.467s] [ 66%] [32m[1mLinking CXX static library libgtest.a[0m
[18.538s] [ 66%] Built target gtest
[18.575s] [ 77%] [32mBuilding CXX object CMakeFiles/grid_map_sdf-test.dir/test/SignedDistanceFieldTest.cpp.o[0m
[18.579s] [ 88%] [32mBuilding CXX object CMakeFiles/grid_map_sdf-test.dir/test/test_grid_map_sdf.cpp.o[0m
[27.250s] [100%] [32m[1mLinking CXX executable grid_map_sdf-test[0m
[27.453s] [100%] Built target grid_map_sdf-test
[27.476s] Invoked command in '/home/submarine/gridmap_ws/build/grid_map_sdf' returned '0': AMENT_PREFIX_PATH=/home/submarine/gridmap_ws/install/grid_map_core:/home/submarine/gridmap_ws/install/grid_map_cmake_helpers:${AMENT_PREFIX_PATH} CMAKE_PREFIX_PATH=/home/submarine/gridmap_ws/install/grid_map_core:/home/submarine/gridmap_ws/install/grid_map_cmake_helpers:/home/submarine/submarine/ros_ws/install/ros_bt:/home/submarine/submarine/ros_ws/install/ros_interfaces:/home/submarine/submarine/ros_ws/install/ros2_sub:/home/submarine/submarine/ros_ws/install/btcpp_ros2_samples:/home/submarine/submarine/ros_ws/install/btcpp_ros2_interfaces:/home/submarine/submarine/ros_ws/install/behaviortree_ros2:/home/submarine/submarine/ros_ws/install/behaviortree_cpp:/opt/ros/humble LD_LIBRARY_PATH=/home/submarine/gridmap_ws/install/grid_map_core/lib:${LD_LIBRARY_PATH} /usr/bin/cmake --build /home/submarine/gridmap_ws/build/grid_map_sdf -- -j8 -l8
[27.547s] Invoking command in '/home/submarine/gridmap_ws/build/grid_map_sdf': AMENT_PREFIX_PATH=/home/submarine/gridmap_ws/install/grid_map_core:/home/submarine/gridmap_ws/install/grid_map_cmake_helpers:${AMENT_PREFIX_PATH} CMAKE_PREFIX_PATH=/home/submarine/gridmap_ws/install/grid_map_core:/home/submarine/gridmap_ws/install/grid_map_cmake_helpers:/home/submarine/submarine/ros_ws/install/ros_bt:/home/submarine/submarine/ros_ws/install/ros_interfaces:/home/submarine/submarine/ros_ws/install/ros2_sub:/home/submarine/submarine/ros_ws/install/btcpp_ros2_samples:/home/submarine/submarine/ros_ws/install/btcpp_ros2_interfaces:/home/submarine/submarine/ros_ws/install/behaviortree_ros2:/home/submarine/submarine/ros_ws/install/behaviortree_cpp:/opt/ros/humble LD_LIBRARY_PATH=/home/submarine/gridmap_ws/install/grid_map_core/lib:${LD_LIBRARY_PATH} /usr/bin/cmake --install /home/submarine/gridmap_ws/build/grid_map_sdf
[27.560s] -- Install configuration: "Release"
[27.561s] -- Execute custom install script
[27.562s] -- Symlinking: /home/submarine/gridmap_ws/install/grid_map_sdf/lib/libgrid_map_sdf.a
[27.580s] -- Symlinking: /home/submarine/gridmap_ws/install/grid_map_sdf/share/grid_map_sdf/environment/library_path.sh
[27.597s] -- Symlinking: /home/submarine/gridmap_ws/install/grid_map_sdf/share/grid_map_sdf/environment/library_path.dsv
[27.614s] -- Symlinking: /home/submarine/gridmap_ws/install/grid_map_sdf/share/ament_index/resource_index/package_run_dependencies/grid_map_sdf
[27.631s] -- Symlinking: /home/submarine/gridmap_ws/install/grid_map_sdf/share/ament_index/resource_index/parent_prefix_path/grid_map_sdf
[27.649s] -- Symlinking: /home/submarine/gridmap_ws/install/grid_map_sdf/share/grid_map_sdf/environment/ament_prefix_path.sh
[27.666s] -- Symlinking: /home/submarine/gridmap_ws/install/grid_map_sdf/share/grid_map_sdf/environment/ament_prefix_path.dsv
[27.687s] -- Symlinking: /home/submarine/gridmap_ws/install/grid_map_sdf/share/grid_map_sdf/environment/path.sh
[27.713s] -- Symlinking: /home/submarine/gridmap_ws/install/grid_map_sdf/share/grid_map_sdf/environment/path.dsv
[27.739s] -- Symlinking: /home/submarine/gridmap_ws/install/grid_map_sdf/share/grid_map_sdf/local_setup.bash
[27.763s] -- Symlinking: /home/submarine/gridmap_ws/install/grid_map_sdf/share/grid_map_sdf/local_setup.sh
[27.788s] -- Symlinking: /home/submarine/gridmap_ws/install/grid_map_sdf/share/grid_map_sdf/local_setup.zsh
[27.819s] -- Symlinking: /home/submarine/gridmap_ws/install/grid_map_sdf/share/grid_map_sdf/local_setup.dsv
[27.847s] -- Symlinking: /home/submarine/gridmap_ws/install/grid_map_sdf/share/grid_map_sdf/package.dsv
[27.876s] -- Symlinking: /home/submarine/gridmap_ws/install/grid_map_sdf/share/ament_index/resource_index/packages/grid_map_sdf
[27.906s] -- Symlinking: /home/submarine/gridmap_ws/install/grid_map_sdf/share/grid_map_sdf/cmake/ament_cmake_export_include_directories-extras.cmake
[27.935s] -- Symlinking: /home/submarine/gridmap_ws/install/grid_map_sdf/share/grid_map_sdf/cmake/ament_cmake_export_libraries-extras.cmake
[27.966s] -- Symlinking: /home/submarine/gridmap_ws/install/grid_map_sdf/share/grid_map_sdf/cmake/grid_map_sdfConfig.cmake
[27.998s] -- Symlinking: /home/submarine/gridmap_ws/install/grid_map_sdf/share/grid_map_sdf/cmake/grid_map_sdfConfig-version.cmake
[28.027s] -- Symlinking: /home/submarine/gridmap_ws/install/grid_map_sdf/share/grid_map_sdf/package.xml
[28.055s] -- Installing: /home/submarine/gridmap_ws/install/grid_map_sdf/include/grid_map_sdf
[28.056s] -- Installing: /home/submarine/gridmap_ws/install/grid_map_sdf/include/grid_map_sdf/distance_transform
[28.056s] -- Installing: /home/submarine/gridmap_ws/install/grid_map_sdf/include/grid_map_sdf/distance_transform/imutil.hpp
[28.056s] -- Installing: /home/submarine/gridmap_ws/install/grid_map_sdf/include/grid_map_sdf/distance_transform/dt.hpp
[28.056s] -- Installing: /home/submarine/gridmap_ws/install/grid_map_sdf/include/grid_map_sdf/distance_transform/misc.hpp
[28.057s] -- Installing: /home/submarine/gridmap_ws/install/grid_map_sdf/include/grid_map_sdf/distance_transform/imconv.hpp
[28.057s] -- Installing: /home/submarine/gridmap_ws/install/grid_map_sdf/include/grid_map_sdf/distance_transform/pnmfile.hpp
[28.061s] -- Installing: /home/submarine/gridmap_ws/install/grid_map_sdf/include/grid_map_sdf/distance_transform/image.hpp
[28.061s] -- Installing: /home/submarine/gridmap_ws/install/grid_map_sdf/include/grid_map_sdf/SignedDistanceField.hpp
[28.067s] Invoked command in '/home/submarine/gridmap_ws/build/grid_map_sdf' returned '0': AMENT_PREFIX_PATH=/home/submarine/gridmap_ws/install/grid_map_core:/home/submarine/gridmap_ws/install/grid_map_cmake_helpers:${AMENT_PREFIX_PATH} CMAKE_PREFIX_PATH=/home/submarine/gridmap_ws/install/grid_map_core:/home/submarine/gridmap_ws/install/grid_map_cmake_helpers:/home/submarine/submarine/ros_ws/install/ros_bt:/home/submarine/submarine/ros_ws/install/ros_interfaces:/home/submarine/submarine/ros_ws/install/ros2_sub:/home/submarine/submarine/ros_ws/install/btcpp_ros2_samples:/home/submarine/submarine/ros_ws/install/btcpp_ros2_interfaces:/home/submarine/submarine/ros_ws/install/behaviortree_ros2:/home/submarine/submarine/ros_ws/install/behaviortree_cpp:/opt/ros/humble LD_LIBRARY_PATH=/home/submarine/gridmap_ws/install/grid_map_core/lib:${LD_LIBRARY_PATH} /usr/bin/cmake --install /home/submarine/gridmap_ws/build/grid_map_sdf
