[0.036s] Invoking command in '/home/submarine/ros_ws/build/orientation_msg': CMAKE_PREFIX_PATH=${CMAKE_PREFIX_PATH}:/home/submarine/ryans_ws/install/esc_pkg:/home/submarine/ros_ws/install/speed_sensor:/home/submarine/ros_ws/install/sonars:/home/submarine/ros_ws/install/orientation_package:/opt/ros/jazzy DEBUGINFOD_URLS=https://debuginfod.ubuntu.com PS1=(bluerobotics-ping) \[\e]0;\u@\h: \w\a\]${debian_chroot:+($debian_chroot)}\[\033[01;32m\]\u@\h\[\033[00m\]:\[\033[01;34m\]\w\[\033[00m\]\$ VIRTUAL_ENV_PROMPT=(bluerobotics-ping) /usr/bin/cmake --build /home/submarine/ros_ws/build/orientation_msg -- -j4 -l4
[0.280s] [  2%] Built target orientation_msg__rosidl_generator_type_description
[0.323s] [  2%] Built target ament_cmake_python_copy_orientation_msg
[0.431s] [  4%] Built target orientation_msg__cpp
[0.443s] [ 22%] Built target orientation_msg__rosidl_generator_c
[0.612s] [ 31%] Built target orientation_msg__rosidl_typesupport_introspection_c
[0.643s] [ 40%] Built target orientation_msg__rosidl_typesupport_fastrtps_c
[0.691s] [ 50%] Built target orientation_msg__rosidl_typesupport_cpp
[0.752s] [ 59%] Built target orientation_msg__rosidl_typesupport_c
[0.786s] [ 68%] Built target orientation_msg__rosidl_typesupport_fastrtps_cpp
[0.808s] [ 77%] Built target orientation_msg__rosidl_typesupport_introspection_cpp
[0.922s] [ 77%] Built target orientation_msg
[1.032s] [ 79%] Built target orientation_msg__py
[1.247s] [ 86%] Built target orientation_msg__rosidl_generator_py
[1.260s] [ 90%] Built target orientation_msg_s__rosidl_typesupport_fastrtps_c
[1.271s] [ 95%] Built target orientation_msg_s__rosidl_typesupport_c
[1.281s] running egg_info
[1.299s] [100%] Built target orientation_msg_s__rosidl_typesupport_introspection_c
[1.314s] writing orientation_msg.egg-info/PKG-INFO
[1.317s] writing dependency_links to orientation_msg.egg-info/dependency_links.txt
[1.318s] writing top-level names to orientation_msg.egg-info/top_level.txt
[1.385s] reading manifest file 'orientation_msg.egg-info/SOURCES.txt'
[1.386s] writing manifest file 'orientation_msg.egg-info/SOURCES.txt'
[1.505s] [100%] Built target ament_cmake_python_build_orientation_msg_egg
[1.531s] Invoked command in '/home/submarine/ros_ws/build/orientation_msg' returned '0': CMAKE_PREFIX_PATH=${CMAKE_PREFIX_PATH}:/home/submarine/ryans_ws/install/esc_pkg:/home/submarine/ros_ws/install/speed_sensor:/home/submarine/ros_ws/install/sonars:/home/submarine/ros_ws/install/orientation_package:/opt/ros/jazzy DEBUGINFOD_URLS=https://debuginfod.ubuntu.com PS1=(bluerobotics-ping) \[\e]0;\u@\h: \w\a\]${debian_chroot:+($debian_chroot)}\[\033[01;32m\]\u@\h\[\033[00m\]:\[\033[01;34m\]\w\[\033[00m\]\$ VIRTUAL_ENV_PROMPT=(bluerobotics-ping) /usr/bin/cmake --build /home/submarine/ros_ws/build/orientation_msg -- -j4 -l4
[1.730s] Invoking command in '/home/submarine/ros_ws/build/orientation_msg': CMAKE_PREFIX_PATH=${CMAKE_PREFIX_PATH}:/home/submarine/ryans_ws/install/esc_pkg:/home/submarine/ros_ws/install/speed_sensor:/home/submarine/ros_ws/install/sonars:/home/submarine/ros_ws/install/orientation_package:/opt/ros/jazzy DEBUGINFOD_URLS=https://debuginfod.ubuntu.com PS1=(bluerobotics-ping) \[\e]0;\u@\h: \w\a\]${debian_chroot:+($debian_chroot)}\[\033[01;32m\]\u@\h\[\033[00m\]:\[\033[01;34m\]\w\[\033[00m\]\$ VIRTUAL_ENV_PROMPT=(bluerobotics-ping) /usr/bin/cmake --install /home/submarine/ros_ws/build/orientation_msg
[1.760s] -- Install configuration: ""
[1.760s] -- Up-to-date: /home/submarine/ros_ws/install/orientation_msg/share/ament_index/resource_index/rosidl_interfaces/orientation_msg
[1.762s] -- Up-to-date: /home/submarine/ros_ws/install/orientation_msg/share/orientation_msg/msg/Orientation.json
[1.762s] -- Up-to-date: /home/submarine/ros_ws/install/orientation_msg/share/orientation_msg/msg/Esc.json
[1.762s] -- Up-to-date: /home/submarine/ros_ws/install/orientation_msg/include/orientation_msg/orientation_msg
[1.762s] -- Up-to-date: /home/submarine/ros_ws/install/orientation_msg/include/orientation_msg/orientation_msg/msg
[1.763s] -- Up-to-date: /home/submarine/ros_ws/install/orientation_msg/include/orientation_msg/orientation_msg/msg/detail
[1.763s] -- Up-to-date: /home/submarine/ros_ws/install/orientation_msg/include/orientation_msg/orientation_msg/msg/detail/esc__description.c
[1.763s] -- Up-to-date: /home/submarine/ros_ws/install/orientation_msg/include/orientation_msg/orientation_msg/msg/detail/orientation__description.c
[1.763s] -- Up-to-date: /home/submarine/ros_ws/install/orientation_msg/include/orientation_msg/orientation_msg/msg/detail/orientation__type_support.c
[1.764s] -- Up-to-date: /home/submarine/ros_ws/install/orientation_msg/include/orientation_msg/orientation_msg/msg/detail/esc__functions.c
[1.765s] -- Up-to-date: /home/submarine/ros_ws/install/orientation_msg/include/orientation_msg/orientation_msg/msg/detail/orientation__struct.h
[1.765s] -- Up-to-date: /home/submarine/ros_ws/install/orientation_msg/include/orientation_msg/orientation_msg/msg/detail/orientation__type_support.h
[1.765s] -- Up-to-date: /home/submarine/ros_ws/install/orientation_msg/include/orientation_msg/orientation_msg/msg/detail/esc__struct.h
[1.765s] -- Up-to-date: /home/submarine/ros_ws/install/orientation_msg/include/orientation_msg/orientation_msg/msg/detail/orientation__functions.h
[1.765s] -- Up-to-date: /home/submarine/ros_ws/install/orientation_msg/include/orientation_msg/orientation_msg/msg/detail/esc__functions.h
[1.765s] -- Up-to-date: /home/submarine/ros_ws/install/orientation_msg/include/orientation_msg/orientation_msg/msg/detail/esc__type_support.c
[1.765s] -- Up-to-date: /home/submarine/ros_ws/install/orientation_msg/include/orientation_msg/orientation_msg/msg/detail/esc__type_support.h
[1.765s] -- Up-to-date: /home/submarine/ros_ws/install/orientation_msg/include/orientation_msg/orientation_msg/msg/detail/orientation__functions.c
[1.766s] -- Up-to-date: /home/submarine/ros_ws/install/orientation_msg/include/orientation_msg/orientation_msg/msg/esc.h
[1.766s] -- Up-to-date: /home/submarine/ros_ws/install/orientation_msg/include/orientation_msg/orientation_msg/msg/orientation.h
[1.766s] -- Up-to-date: /home/submarine/ros_ws/install/orientation_msg/include/orientation_msg/orientation_msg/msg/rosidl_generator_c__visibility_control.h
[1.766s] -- Up-to-date: /home/submarine/ros_ws/install/orientation_msg/share/orientation_msg/environment/library_path.sh
[1.770s] -- Up-to-date: /home/submarine/ros_ws/install/orientation_msg/share/orientation_msg/environment/library_path.dsv
[1.770s] -- Up-to-date: /home/submarine/ros_ws/install/orientation_msg/lib/liborientation_msg__rosidl_generator_c.so
[1.771s] -- Up-to-date: /home/submarine/ros_ws/install/orientation_msg/include/orientation_msg/orientation_msg
[1.771s] -- Up-to-date: /home/submarine/ros_ws/install/orientation_msg/include/orientation_msg/orientation_msg/msg
[1.771s] -- Up-to-date: /home/submarine/ros_ws/install/orientation_msg/include/orientation_msg/orientation_msg/msg/detail
[1.771s] -- Up-to-date: /home/submarine/ros_ws/install/orientation_msg/include/orientation_msg/orientation_msg/msg/detail/orientation__rosidl_typesupport_fastrtps_c.h
[1.771s] -- Up-to-date: /home/submarine/ros_ws/install/orientation_msg/include/orientation_msg/orientation_msg/msg/detail/esc__rosidl_typesupport_fastrtps_c.h
[1.771s] -- Up-to-date: /home/submarine/ros_ws/install/orientation_msg/include/orientation_msg/orientation_msg/msg/rosidl_typesupport_fastrtps_c__visibility_control.h
[1.771s] -- Up-to-date: /home/submarine/ros_ws/install/orientation_msg/lib/liborientation_msg__rosidl_typesupport_fastrtps_c.so
[1.771s] -- Up-to-date: /home/submarine/ros_ws/install/orientation_msg/include/orientation_msg/orientation_msg
[1.771s] -- Up-to-date: /home/submarine/ros_ws/install/orientation_msg/include/orientation_msg/orientation_msg/msg
[1.771s] -- Up-to-date: /home/submarine/ros_ws/install/orientation_msg/include/orientation_msg/orientation_msg/msg/detail
[1.772s] -- Up-to-date: /home/submarine/ros_ws/install/orientation_msg/include/orientation_msg/orientation_msg/msg/detail/orientation__type_support.c
[1.772s] -- Up-to-date: /home/submarine/ros_ws/install/orientation_msg/include/orientation_msg/orientation_msg/msg/detail/esc__rosidl_typesupport_introspection_c.h
[1.772s] -- Up-to-date: /home/submarine/ros_ws/install/orientation_msg/include/orientation_msg/orientation_msg/msg/detail/orientation__rosidl_typesupport_introspection_c.h
[1.772s] -- Up-to-date: /home/submarine/ros_ws/install/orientation_msg/include/orientation_msg/orientation_msg/msg/detail/esc__type_support.c
[1.772s] -- Up-to-date: /home/submarine/ros_ws/install/orientation_msg/include/orientation_msg/orientation_msg/msg/rosidl_typesupport_introspection_c__visibility_control.h
[1.772s] -- Up-to-date: /home/submarine/ros_ws/install/orientation_msg/lib/liborientation_msg__rosidl_typesupport_introspection_c.so
[1.772s] -- Up-to-date: /home/submarine/ros_ws/install/orientation_msg/lib/liborientation_msg__rosidl_typesupport_c.so
[1.777s] -- Up-to-date: /home/submarine/ros_ws/install/orientation_msg/include/orientation_msg/orientation_msg
[1.777s] -- Up-to-date: /home/submarine/ros_ws/install/orientation_msg/include/orientation_msg/orientation_msg/msg
[1.777s] -- Up-to-date: /home/submarine/ros_ws/install/orientation_msg/include/orientation_msg/orientation_msg/msg/detail
[1.777s] -- Up-to-date: /home/submarine/ros_ws/install/orientation_msg/include/orientation_msg/orientation_msg/msg/detail/esc__traits.hpp
[1.777s] -- Up-to-date: /home/submarine/ros_ws/install/orientation_msg/include/orientation_msg/orientation_msg/msg/detail/esc__struct.hpp
[1.778s] -- Up-to-date: /home/submarine/ros_ws/install/orientation_msg/include/orientation_msg/orientation_msg/msg/detail/esc__type_support.hpp
[1.778s] -- Up-to-date: /home/submarine/ros_ws/install/orientation_msg/include/orientation_msg/orientation_msg/msg/detail/orientation__traits.hpp
[1.778s] -- Up-to-date: /home/submarine/ros_ws/install/orientation_msg/include/orientation_msg/orientation_msg/msg/detail/orientation__builder.hpp
[1.778s] -- Up-to-date: /home/submarine/ros_ws/install/orientation_msg/include/orientation_msg/orientation_msg/msg/detail/orientation__struct.hpp
[1.778s] -- Up-to-date: /home/submarine/ros_ws/install/orientation_msg/include/orientation_msg/orientation_msg/msg/detail/esc__builder.hpp
[1.778s] -- Up-to-date: /home/submarine/ros_ws/install/orientation_msg/include/orientation_msg/orientation_msg/msg/detail/orientation__type_support.hpp
[1.778s] -- Up-to-date: /home/submarine/ros_ws/install/orientation_msg/include/orientation_msg/orientation_msg/msg/esc.hpp
[1.778s] -- Up-to-date: /home/submarine/ros_ws/install/orientation_msg/include/orientation_msg/orientation_msg/msg/rosidl_generator_cpp__visibility_control.hpp
[1.779s] -- Up-to-date: /home/submarine/ros_ws/install/orientation_msg/include/orientation_msg/orientation_msg/msg/orientation.hpp
[1.779s] -- Up-to-date: /home/submarine/ros_ws/install/orientation_msg/include/orientation_msg/orientation_msg
[1.779s] -- Up-to-date: /home/submarine/ros_ws/install/orientation_msg/include/orientation_msg/orientation_msg/msg
[1.779s] -- Up-to-date: /home/submarine/ros_ws/install/orientation_msg/include/orientation_msg/orientation_msg/msg/detail
[1.782s] -- Up-to-date: /home/submarine/ros_ws/install/orientation_msg/include/orientation_msg/orientation_msg/msg/detail/dds_fastrtps
[1.785s] -- Up-to-date: /home/submarine/ros_ws/install/orientation_msg/include/orientation_msg/orientation_msg/msg/detail/esc__rosidl_typesupport_fastrtps_cpp.hpp
[1.785s] -- Up-to-date: /home/submarine/ros_ws/install/orientation_msg/include/orientation_msg/orientation_msg/msg/detail/orientation__rosidl_typesupport_fastrtps_cpp.hpp
[1.785s] -- Up-to-date: /home/submarine/ros_ws/install/orientation_msg/include/orientation_msg/orientation_msg/msg/rosidl_typesupport_fastrtps_cpp__visibility_control.h
[1.785s] -- Up-to-date: /home/submarine/ros_ws/install/orientation_msg/lib/liborientation_msg__rosidl_typesupport_fastrtps_cpp.so
[1.786s] -- Up-to-date: /home/submarine/ros_ws/install/orientation_msg/include/orientation_msg/orientation_msg
[1.786s] -- Up-to-date: /home/submarine/ros_ws/install/orientation_msg/include/orientation_msg/orientation_msg/msg
[1.786s] -- Up-to-date: /home/submarine/ros_ws/install/orientation_msg/include/orientation_msg/orientation_msg/msg/detail
[1.786s] -- Up-to-date: /home/submarine/ros_ws/install/orientation_msg/include/orientation_msg/orientation_msg/msg/detail/esc__rosidl_typesupport_introspection_cpp.hpp
[1.786s] -- Up-to-date: /home/submarine/ros_ws/install/orientation_msg/include/orientation_msg/orientation_msg/msg/detail/orientation__type_support.cpp
[1.786s] -- Up-to-date: /home/submarine/ros_ws/install/orientation_msg/include/orientation_msg/orientation_msg/msg/detail/esc__type_support.cpp
[1.787s] -- Up-to-date: /home/submarine/ros_ws/install/orientation_msg/include/orientation_msg/orientation_msg/msg/detail/orientation__rosidl_typesupport_introspection_cpp.hpp
[1.787s] -- Up-to-date: /home/submarine/ros_ws/install/orientation_msg/lib/liborientation_msg__rosidl_typesupport_introspection_cpp.so
[1.792s] -- Up-to-date: /home/submarine/ros_ws/install/orientation_msg/lib/liborientation_msg__rosidl_typesupport_cpp.so
[1.792s] -- Up-to-date: /home/submarine/ros_ws/install/orientation_msg/share/orientation_msg/environment/pythonpath.sh
[1.792s] -- Up-to-date: /home/submarine/ros_ws/install/orientation_msg/share/orientation_msg/environment/pythonpath.dsv
[1.792s] -- Up-to-date: /home/submarine/ros_ws/install/orientation_msg/lib/python3.12/site-packages/orientation_msg-0.0.0-py3.12.egg-info
[1.792s] -- Installing: /home/submarine/ros_ws/install/orientation_msg/lib/python3.12/site-packages/orientation_msg-0.0.0-py3.12.egg-info/SOURCES.txt
[1.793s] -- Installing: /home/submarine/ros_ws/install/orientation_msg/lib/python3.12/site-packages/orientation_msg-0.0.0-py3.12.egg-info/PKG-INFO
[1.793s] -- Installing: /home/submarine/ros_ws/install/orientation_msg/lib/python3.12/site-packages/orientation_msg-0.0.0-py3.12.egg-info/dependency_links.txt
[1.794s] -- Installing: /home/submarine/ros_ws/install/orientation_msg/lib/python3.12/site-packages/orientation_msg-0.0.0-py3.12.egg-info/top_level.txt
[1.794s] -- Up-to-date: /home/submarine/ros_ws/install/orientation_msg/lib/python3.12/site-packages/orientation_msg
[1.794s] -- Up-to-date: /home/submarine/ros_ws/install/orientation_msg/lib/python3.12/site-packages/orientation_msg/orientation_msg_s__rosidl_typesupport_introspection_c.so
[1.794s] -- Up-to-date: /home/submarine/ros_ws/install/orientation_msg/lib/python3.12/site-packages/orientation_msg/_orientation_msg_s.ep.rosidl_typesupport_fastrtps_c.c
[1.794s] -- Up-to-date: /home/submarine/ros_ws/install/orientation_msg/lib/python3.12/site-packages/orientation_msg/_orientation_msg_s.ep.rosidl_typesupport_c.c
[1.794s] -- Up-to-date: /home/submarine/ros_ws/install/orientation_msg/lib/python3.12/site-packages/orientation_msg/orientation_msg_s__rosidl_typesupport_c.so
[1.794s] -- Up-to-date: /home/submarine/ros_ws/install/orientation_msg/lib/python3.12/site-packages/orientation_msg/orientation_msg_s__rosidl_typesupport_fastrtps_c.so
[1.794s] -- Up-to-date: /home/submarine/ros_ws/install/orientation_msg/lib/python3.12/site-packages/orientation_msg/__init__.py
[1.795s] -- Up-to-date: /home/submarine/ros_ws/install/orientation_msg/lib/python3.12/site-packages/orientation_msg/_orientation_msg_s.ep.rosidl_typesupport_introspection_c.c
[1.795s] -- Up-to-date: /home/submarine/ros_ws/install/orientation_msg/lib/python3.12/site-packages/orientation_msg/msg
[1.795s] -- Up-to-date: /home/submarine/ros_ws/install/orientation_msg/lib/python3.12/site-packages/orientation_msg/msg/_esc.py
[1.795s] -- Up-to-date: /home/submarine/ros_ws/install/orientation_msg/lib/python3.12/site-packages/orientation_msg/msg/_esc_s.c
[1.795s] -- Up-to-date: /home/submarine/ros_ws/install/orientation_msg/lib/python3.12/site-packages/orientation_msg/msg/__init__.py
[1.795s] -- Up-to-date: /home/submarine/ros_ws/install/orientation_msg/lib/python3.12/site-packages/orientation_msg/msg/_orientation.py
[1.795s] -- Up-to-date: /home/submarine/ros_ws/install/orientation_msg/lib/python3.12/site-packages/orientation_msg/msg/_orientation_s.c
[1.897s] Listing '/home/submarine/ros_ws/install/orientation_msg/lib/python3.12/site-packages/orientation_msg'...
[1.898s] Listing '/home/submarine/ros_ws/install/orientation_msg/lib/python3.12/site-packages/orientation_msg/msg'...
[1.945s] -- Up-to-date: /home/submarine/ros_ws/install/orientation_msg/lib/python3.12/site-packages/orientation_msg/orientation_msg_s__rosidl_typesupport_fastrtps_c.so
[1.945s] -- Up-to-date: /home/submarine/ros_ws/install/orientation_msg/lib/python3.12/site-packages/orientation_msg/orientation_msg_s__rosidl_typesupport_introspection_c.so
[1.946s] -- Up-to-date: /home/submarine/ros_ws/install/orientation_msg/lib/python3.12/site-packages/orientation_msg/orientation_msg_s__rosidl_typesupport_c.so
[1.947s] -- Up-to-date: /home/submarine/ros_ws/install/orientation_msg/lib/liborientation_msg__rosidl_generator_py.so
[1.948s] -- Up-to-date: /home/submarine/ros_ws/install/orientation_msg/share/orientation_msg/msg/Orientation.idl
[1.949s] -- Up-to-date: /home/submarine/ros_ws/install/orientation_msg/share/orientation_msg/msg/Esc.idl
[1.949s] -- Up-to-date: /home/submarine/ros_ws/install/orientation_msg/share/orientation_msg/msg/Orientation.msg
[1.952s] -- Up-to-date: /home/submarine/ros_ws/install/orientation_msg/share/orientation_msg/msg/Esc.msg
[1.952s] -- Up-to-date: /home/submarine/ros_ws/install/orientation_msg/share/ament_index/resource_index/package_run_dependencies/orientation_msg
[1.954s] -- Up-to-date: /home/submarine/ros_ws/install/orientation_msg/share/ament_index/resource_index/parent_prefix_path/orientation_msg
[1.955s] -- Up-to-date: /home/submarine/ros_ws/install/orientation_msg/share/orientation_msg/environment/ament_prefix_path.sh
[1.955s] -- Up-to-date: /home/submarine/ros_ws/install/orientation_msg/share/orientation_msg/environment/ament_prefix_path.dsv
[1.955s] -- Up-to-date: /home/submarine/ros_ws/install/orientation_msg/share/orientation_msg/environment/path.sh
[1.957s] -- Up-to-date: /home/submarine/ros_ws/install/orientation_msg/share/orientation_msg/environment/path.dsv
[1.958s] -- Up-to-date: /home/submarine/ros_ws/install/orientation_msg/share/orientation_msg/local_setup.bash
[1.958s] -- Up-to-date: /home/submarine/ros_ws/install/orientation_msg/share/orientation_msg/local_setup.sh
[1.958s] -- Up-to-date: /home/submarine/ros_ws/install/orientation_msg/share/orientation_msg/local_setup.zsh
[1.958s] -- Up-to-date: /home/submarine/ros_ws/install/orientation_msg/share/orientation_msg/local_setup.dsv
[1.958s] -- Installing: /home/submarine/ros_ws/install/orientation_msg/share/orientation_msg/package.dsv
[1.958s] -- Up-to-date: /home/submarine/ros_ws/install/orientation_msg/share/ament_index/resource_index/packages/orientation_msg
[1.958s] -- Up-to-date: /home/submarine/ros_ws/install/orientation_msg/share/orientation_msg/cmake/export_orientation_msg__rosidl_generator_cExport.cmake
[1.958s] -- Up-to-date: /home/submarine/ros_ws/install/orientation_msg/share/orientation_msg/cmake/export_orientation_msg__rosidl_generator_cExport-noconfig.cmake
[1.959s] -- Up-to-date: /home/submarine/ros_ws/install/orientation_msg/share/orientation_msg/cmake/export_orientation_msg__rosidl_typesupport_fastrtps_cExport.cmake
[1.960s] -- Up-to-date: /home/submarine/ros_ws/install/orientation_msg/share/orientation_msg/cmake/export_orientation_msg__rosidl_typesupport_fastrtps_cExport-noconfig.cmake
[1.960s] -- Up-to-date: /home/submarine/ros_ws/install/orientation_msg/share/orientation_msg/cmake/orientation_msg__rosidl_typesupport_introspection_cExport.cmake
[1.961s] -- Up-to-date: /home/submarine/ros_ws/install/orientation_msg/share/orientation_msg/cmake/orientation_msg__rosidl_typesupport_introspection_cExport-noconfig.cmake
[1.961s] -- Up-to-date: /home/submarine/ros_ws/install/orientation_msg/share/orientation_msg/cmake/orientation_msg__rosidl_typesupport_cExport.cmake
[1.965s] -- Up-to-date: /home/submarine/ros_ws/install/orientation_msg/share/orientation_msg/cmake/orientation_msg__rosidl_typesupport_cExport-noconfig.cmake
[1.965s] -- Up-to-date: /home/submarine/ros_ws/install/orientation_msg/share/orientation_msg/cmake/export_orientation_msg__rosidl_generator_cppExport.cmake
[1.965s] -- Up-to-date: /home/submarine/ros_ws/install/orientation_msg/share/orientation_msg/cmake/export_orientation_msg__rosidl_typesupport_fastrtps_cppExport.cmake
[1.966s] -- Up-to-date: /home/submarine/ros_ws/install/orientation_msg/share/orientation_msg/cmake/export_orientation_msg__rosidl_typesupport_fastrtps_cppExport-noconfig.cmake
[1.966s] -- Up-to-date: /home/submarine/ros_ws/install/orientation_msg/share/orientation_msg/cmake/orientation_msg__rosidl_typesupport_introspection_cppExport.cmake
[1.966s] -- Up-to-date: /home/submarine/ros_ws/install/orientation_msg/share/orientation_msg/cmake/orientation_msg__rosidl_typesupport_introspection_cppExport-noconfig.cmake
[1.966s] -- Up-to-date: /home/submarine/ros_ws/install/orientation_msg/share/orientation_msg/cmake/orientation_msg__rosidl_typesupport_cppExport.cmake
[1.967s] -- Up-to-date: /home/submarine/ros_ws/install/orientation_msg/share/orientation_msg/cmake/orientation_msg__rosidl_typesupport_cppExport-noconfig.cmake
[1.967s] -- Up-to-date: /home/submarine/ros_ws/install/orientation_msg/share/orientation_msg/cmake/export_orientation_msg__rosidl_generator_pyExport.cmake
[1.967s] -- Up-to-date: /home/submarine/ros_ws/install/orientation_msg/share/orientation_msg/cmake/export_orientation_msg__rosidl_generator_pyExport-noconfig.cmake
[1.967s] -- Up-to-date: /home/submarine/ros_ws/install/orientation_msg/share/orientation_msg/cmake/rosidl_cmake-extras.cmake
[1.967s] -- Up-to-date: /home/submarine/ros_ws/install/orientation_msg/share/orientation_msg/cmake/ament_cmake_export_include_directories-extras.cmake
[1.967s] -- Up-to-date: /home/submarine/ros_ws/install/orientation_msg/share/orientation_msg/cmake/ament_cmake_export_libraries-extras.cmake
[1.967s] -- Up-to-date: /home/submarine/ros_ws/install/orientation_msg/share/orientation_msg/cmake/ament_cmake_export_targets-extras.cmake
[1.967s] -- Up-to-date: /home/submarine/ros_ws/install/orientation_msg/share/orientation_msg/cmake/rosidl_cmake_export_typesupport_targets-extras.cmake
[1.968s] -- Up-to-date: /home/submarine/ros_ws/install/orientation_msg/share/orientation_msg/cmake/ament_cmake_export_dependencies-extras.cmake
[1.968s] -- Up-to-date: /home/submarine/ros_ws/install/orientation_msg/share/orientation_msg/cmake/rosidl_cmake_export_typesupport_libraries-extras.cmake
[1.968s] -- Up-to-date: /home/submarine/ros_ws/install/orientation_msg/share/orientation_msg/cmake/orientation_msgConfig.cmake
[1.968s] -- Up-to-date: /home/submarine/ros_ws/install/orientation_msg/share/orientation_msg/cmake/orientation_msgConfig-version.cmake
[1.968s] -- Up-to-date: /home/submarine/ros_ws/install/orientation_msg/share/orientation_msg/package.xml
[1.975s] Invoked command in '/home/submarine/ros_ws/build/orientation_msg' returned '0': CMAKE_PREFIX_PATH=${CMAKE_PREFIX_PATH}:/home/submarine/ryans_ws/install/esc_pkg:/home/submarine/ros_ws/install/speed_sensor:/home/submarine/ros_ws/install/sonars:/home/submarine/ros_ws/install/orientation_package:/opt/ros/jazzy DEBUGINFOD_URLS=https://debuginfod.ubuntu.com PS1=(bluerobotics-ping) \[\e]0;\u@\h: \w\a\]${debian_chroot:+($debian_chroot)}\[\033[01;32m\]\u@\h\[\033[00m\]:\[\033[01;34m\]\w\[\033[00m\]\$ VIRTUAL_ENV_PROMPT=(bluerobotics-ping) /usr/bin/cmake --install /home/submarine/ros_ws/build/orientation_msg
