[1.327s] Invoking command in '/home/submarine/ros_ws/src/orientation_package': AMENT_PREFIX_PATH=/home/submarine/ros_ws/install/orientation_msg:${AMENT_PREFIX_PATH} CMAKE_PREFIX_PATH=/home/submarine/ros_ws/install/orientation_msg:${CMAKE_PREFIX_PATH} DEBUGINFOD_URLS=https://debuginfod.ubuntu.com LD_LIBRARY_PATH=/home/submarine/ros_ws/install/orientation_msg/lib:${LD_LIBRARY_PATH} PS1=(bluerobotics-ping) \[\e]0;\u@\h: \w\a\]${debian_chroot:+($debian_chroot)}\[\033[01;32m\]\u@\h\[\033[00m\]:\[\033[01;34m\]\w\[\033[00m\]\$ PYTHONPATH=/home/submarine/ros_ws/build/orientation_package/prefix_override:/usr/lib/python3/dist-packages/colcon_core/task/python/colcon_distutils_commands:/home/submarine/ros_ws/install/orientation_package/lib/python3.12/site-packages:/home/submarine/ros_ws/install/orientation_msg/lib/python3.12/site-packages:${PYTHONPATH} VIRTUAL_ENV_PROMPT=(bluerobotics-ping) /usr/bin/python3 -W ignore:setup.py install is deprecated setup.py egg_info --egg-base ../../build/orientation_package build --build-base /home/submarine/ros_ws/build/orientation_package/build install --record /home/submarine/ros_ws/build/orientation_package/install.log --single-version-externally-managed install_data
[1.729s] running egg_info
[1.759s] writing ../../build/orientation_package/orientation_package.egg-info/PKG-INFO
[1.759s] writing dependency_links to ../../build/orientation_package/orientation_package.egg-info/dependency_links.txt
[1.761s] writing entry points to ../../build/orientation_package/orientation_package.egg-info/entry_points.txt
[1.763s] writing requirements to ../../build/orientation_package/orientation_package.egg-info/requires.txt
[1.764s] writing top-level names to ../../build/orientation_package/orientation_package.egg-info/top_level.txt
[1.829s] reading manifest file '../../build/orientation_package/orientation_package.egg-info/SOURCES.txt'
[1.829s] adding license file 'LICENSE'
[1.830s] writing manifest file '../../build/orientation_package/orientation_package.egg-info/SOURCES.txt'
[1.830s] running build
[1.830s] running build_py
[1.830s] copying orientation_package/orientation_publisher.py -> /home/submarine/ros_ws/build/orientation_package/build/lib/orientation_package
[1.831s] running install
[1.840s] running install_lib
[1.871s] copying /home/submarine/ros_ws/build/orientation_package/build/lib/orientation_package/orientation_publisher.py -> /home/submarine/ros_ws/install/orientation_package/lib/python3.12/site-packages/orientation_package
[1.872s] byte-compiling /home/submarine/ros_ws/install/orientation_package/lib/python3.12/site-packages/orientation_package/orientation_publisher.py to orientation_publisher.cpython-312.pyc
[1.873s] running install_data
[1.873s] running install_egg_info
[1.906s] removing '/home/submarine/ros_ws/install/orientation_package/lib/python3.12/site-packages/orientation_package-0.0.1-py3.12.egg-info' (and everything under it)
[1.906s] Copying ../../build/orientation_package/orientation_package.egg-info to /home/submarine/ros_ws/install/orientation_package/lib/python3.12/site-packages/orientation_package-0.0.1-py3.12.egg-info
[1.907s] running install_scripts
[2.114s] Installing imu script to /home/submarine/ros_ws/install/orientation_package/lib/orientation_package
[2.114s] Installing orientation_publisher script to /home/submarine/ros_ws/install/orientation_package/lib/orientation_package
[2.115s] writing list of installed files to '/home/submarine/ros_ws/build/orientation_package/install.log'
[2.199s] Invoked command in '/home/submarine/ros_ws/src/orientation_package' returned '0': AMENT_PREFIX_PATH=/home/submarine/ros_ws/install/orientation_msg:${AMENT_PREFIX_PATH} CMAKE_PREFIX_PATH=/home/submarine/ros_ws/install/orientation_msg:${CMAKE_PREFIX_PATH} DEBUGINFOD_URLS=https://debuginfod.ubuntu.com LD_LIBRARY_PATH=/home/submarine/ros_ws/install/orientation_msg/lib:${LD_LIBRARY_PATH} PS1=(bluerobotics-ping) \[\e]0;\u@\h: \w\a\]${debian_chroot:+($debian_chroot)}\[\033[01;32m\]\u@\h\[\033[00m\]:\[\033[01;34m\]\w\[\033[00m\]\$ PYTHONPATH=/home/submarine/ros_ws/build/orientation_package/prefix_override:/usr/lib/python3/dist-packages/colcon_core/task/python/colcon_distutils_commands:/home/submarine/ros_ws/install/orientation_package/lib/python3.12/site-packages:/home/submarine/ros_ws/install/orientation_msg/lib/python3.12/site-packages:${PYTHONPATH} VIRTUAL_ENV_PROMPT=(bluerobotics-ping) /usr/bin/python3 -W ignore:setup.py install is deprecated setup.py egg_info --egg-base ../../build/orientation_package build --build-base /home/submarine/ros_ws/build/orientation_package/build install --record /home/submarine/ros_ws/build/orientation_package/install.log --single-version-externally-managed install_data
