[0.047s] Invoking command in '/home/submarine/gridmap_ws/build/grid_map_ros': AMENT_PREFIX_PATH=/home/submarine/gridmap_ws/install/grid_map_cv:/home/submarine/gridmap_ws/install/grid_map_msgs:/home/submarine/gridmap_ws/install/grid_map_core:/home/submarine/gridmap_ws/install/grid_map_cmake_helpers:${AMENT_PREFIX_PATH} CMAKE_PREFIX_PATH=/home/submarine/gridmap_ws/install/grid_map_cv:/home/submarine/gridmap_ws/install/grid_map_msgs:/home/submarine/gridmap_ws/install/grid_map_core:/home/submarine/gridmap_ws/install/grid_map_cmake_helpers:/home/submarine/submarine/ros_ws/install/ros_bt:/home/submarine/submarine/ros_ws/install/ros_interfaces:/home/submarine/submarine/ros_ws/install/ros2_sub:/home/submarine/submarine/ros_ws/install/btcpp_ros2_samples:/home/submarine/submarine/ros_ws/install/btcpp_ros2_interfaces:/home/submarine/submarine/ros_ws/install/behaviortree_ros2:/home/submarine/submarine/ros_ws/install/behaviortree_cpp:/opt/ros/humble LD_LIBRARY_PATH=/home/submarine/gridmap_ws/install/grid_map_cv/lib:/home/submarine/gridmap_ws/install/grid_map_msgs/lib:/home/submarine/gridmap_ws/install/grid_map_core/lib:${LD_LIBRARY_PATH} PYTHONPATH=/home/submarine/gridmap_ws/install/grid_map_msgs/local/lib/python3.10/dist-packages:${PYTHONPATH} /usr/bin/cmake /home/submarine/gridmap_ws/src/grid_map/grid_map_ros -DAMENT_CMAKE_SYMLINK_INSTALL=1 -DCMAKE_INSTALL_PREFIX=/home/submarine/gridmap_ws/install/grid_map_ros
[0.214s] -- The C compiler identification is GNU 11.4.0
[0.360s] -- The CXX compiler identification is GNU 11.4.0
[0.376s] -- Detecting C compiler ABI info
[0.527s] -- Detecting C compiler ABI info - done
[0.544s] -- Check for working C compiler: /usr/bin/cc - skipped
[0.544s] -- Detecting C compile features
[0.545s] -- Detecting C compile features - done
[0.551s] -- Detecting CXX compiler ABI info
[0.748s] -- Detecting CXX compiler ABI info - done
[0.759s] -- Check for working CXX compiler: /usr/bin/c++ - skipped
[0.760s] -- Detecting CXX compile features
[0.760s] -- Detecting CXX compile features - done
[0.767s] -- Found ament_cmake: 1.3.8 (/opt/ros/humble/share/ament_cmake/cmake)
[1.028s] -- Found Python3: /usr/bin/python3 (found version "3.10.12") found components: Interpreter 
[1.128s] -- Override CMake install command with custom implementation using symlinks instead of copying resources
[1.244s] -- Found cv_bridge: 3.2.1 (/opt/ros/humble/share/cv_bridge/cmake)
[1.335s] -- Found rosidl_generator_c: 3.1.5 (/opt/ros/humble/share/rosidl_generator_c/cmake)
[1.346s] -- Found rosidl_adapter: 3.1.5 (/opt/ros/humble/share/rosidl_adapter/cmake)
[1.363s] -- Found rosidl_generator_cpp: 3.1.5 (/opt/ros/humble/share/rosidl_generator_cpp/cmake)
[1.388s] -- Using all available rosidl_typesupport_c: rosidl_typesupport_fastrtps_c;rosidl_typesupport_introspection_c
[1.424s] -- Using all available rosidl_typesupport_cpp: rosidl_typesupport_fastrtps_cpp;rosidl_typesupport_introspection_cpp
[1.745s] -- Found grid_map_cmake_helpers: 2.0.0 (/home/submarine/gridmap_ws/install/grid_map_cmake_helpers/share/grid_map_cmake_helpers/cmake)
[1.746s] -- Found grid_map_core: 2.0.0 (/home/submarine/gridmap_ws/install/grid_map_core/share/grid_map_core/cmake)
[1.761s] -- Found grid_map_cv: 2.0.0 (/home/submarine/gridmap_ws/install/grid_map_cv/share/grid_map_cv/cmake)
[1.940s] -- Found rmw_implementation_cmake: 6.1.1 (/opt/ros/humble/share/rmw_implementation_cmake/cmake)
[1.947s] -- Found rmw_fastrtps_cpp: 6.2.6 (/opt/ros/humble/share/rmw_fastrtps_cpp/cmake)
[2.013s] -- Found TinyXML2 via Config file: TinyXML2_DIR-NOTFOUND
[2.204s] -- Found OpenSSL: /usr/lib/x86_64-linux-gnu/libcrypto.so (found version "3.0.2")  
[2.213s] -- Found TinyXML2 via Config file: TinyXML2_DIR-NOTFOUND
[2.265s] -- Found FastRTPS: /opt/ros/humble/include  
[2.283s] -- Found TinyXML2 via Config file: TinyXML2_DIR-NOTFOUND
[2.300s] -- Found TinyXML2 via Config file: TinyXML2_DIR-NOTFOUND
[2.321s] -- Using RMW implementation 'rmw_fastrtps_cpp' as default
[2.341s] -- Looking for pthread.h
[2.535s] -- Looking for pthread.h - found
[2.535s] -- Performing Test CMAKE_HAVE_LIBC_PTHREAD
[2.704s] -- Performing Test CMAKE_HAVE_LIBC_PTHREAD - Success
[2.707s] -- Found Threads: TRUE  
[2.957s] -- Found grid_map_msgs: 2.0.0 (/home/submarine/gridmap_ws/install/grid_map_msgs/share/grid_map_msgs/cmake)
[3.056s] -- Found nav2_msgs: 1.1.13 (/opt/ros/humble/share/nav2_msgs/cmake)
[3.522s] -- Found rosbag2_cpp: 0.15.9 (/opt/ros/humble/share/rosbag2_cpp/cmake)
[3.568s] -- Found tf2: 0.25.6 (/opt/ros/humble/share/tf2/cmake)
[3.582s] -- Found visualization_msgs: 4.2.3 (/opt/ros/humble/share/visualization_msgs/cmake)
[3.746s] -- Setting build type to Release as none was specified.
[3.800s] -- Found ament_lint_auto: 0.12.10 (/opt/ros/humble/share/ament_lint_auto/cmake)
[4.006s] -- Found gtest sources under '/opt/ros/humble/src/gtest_vendor': C++ tests using 'Google Test' will be built
[4.022s] -- Added test 'cppcheck' to perform static code analysis on C / C++ code
[4.023s] -- Configured cppcheck include dirs: /home/submarine/gridmap_ws/src/grid_map/grid_map_ros/include
[4.023s] -- Configured cppcheck exclude dirs and/or files: 
[4.025s] -- Added test 'lint_cmake' to check CMake code style
[4.027s] -- Added test 'uncrustify' to check C / C++ code style
[4.027s] -- Configured uncrustify additional arguments: 
[4.028s] -- Added test 'xmllint' to check XML markup files
[4.034s] -- Configuring done
[4.113s] -- Generating done
[4.116s] -- Build files have been written to: /home/submarine/gridmap_ws/build/grid_map_ros
[4.137s] Invoked command in '/home/submarine/gridmap_ws/build/grid_map_ros' returned '0': AMENT_PREFIX_PATH=/home/submarine/gridmap_ws/install/grid_map_cv:/home/submarine/gridmap_ws/install/grid_map_msgs:/home/submarine/gridmap_ws/install/grid_map_core:/home/submarine/gridmap_ws/install/grid_map_cmake_helpers:${AMENT_PREFIX_PATH} CMAKE_PREFIX_PATH=/home/submarine/gridmap_ws/install/grid_map_cv:/home/submarine/gridmap_ws/install/grid_map_msgs:/home/submarine/gridmap_ws/install/grid_map_core:/home/submarine/gridmap_ws/install/grid_map_cmake_helpers:/home/submarine/submarine/ros_ws/install/ros_bt:/home/submarine/submarine/ros_ws/install/ros_interfaces:/home/submarine/submarine/ros_ws/install/ros2_sub:/home/submarine/submarine/ros_ws/install/btcpp_ros2_samples:/home/submarine/submarine/ros_ws/install/btcpp_ros2_interfaces:/home/submarine/submarine/ros_ws/install/behaviortree_ros2:/home/submarine/submarine/ros_ws/install/behaviortree_cpp:/opt/ros/humble LD_LIBRARY_PATH=/home/submarine/gridmap_ws/install/grid_map_cv/lib:/home/submarine/gridmap_ws/install/grid_map_msgs/lib:/home/submarine/gridmap_ws/install/grid_map_core/lib:${LD_LIBRARY_PATH} PYTHONPATH=/home/submarine/gridmap_ws/install/grid_map_msgs/local/lib/python3.10/dist-packages:${PYTHONPATH} /usr/bin/cmake /home/submarine/gridmap_ws/src/grid_map/grid_map_ros -DAMENT_CMAKE_SYMLINK_INSTALL=1 -DCMAKE_INSTALL_PREFIX=/home/submarine/gridmap_ws/install/grid_map_ros
[4.140s] Invoking command in '/home/submarine/gridmap_ws/build/grid_map_ros': AMENT_PREFIX_PATH=/home/submarine/gridmap_ws/install/grid_map_cv:/home/submarine/gridmap_ws/install/grid_map_msgs:/home/submarine/gridmap_ws/install/grid_map_core:/home/submarine/gridmap_ws/install/grid_map_cmake_helpers:${AMENT_PREFIX_PATH} CMAKE_PREFIX_PATH=/home/submarine/gridmap_ws/install/grid_map_cv:/home/submarine/gridmap_ws/install/grid_map_msgs:/home/submarine/gridmap_ws/install/grid_map_core:/home/submarine/gridmap_ws/install/grid_map_cmake_helpers:/home/submarine/submarine/ros_ws/install/ros_bt:/home/submarine/submarine/ros_ws/install/ros_interfaces:/home/submarine/submarine/ros_ws/install/ros2_sub:/home/submarine/submarine/ros_ws/install/btcpp_ros2_samples:/home/submarine/submarine/ros_ws/install/btcpp_ros2_interfaces:/home/submarine/submarine/ros_ws/install/behaviortree_ros2:/home/submarine/submarine/ros_ws/install/behaviortree_cpp:/opt/ros/humble LD_LIBRARY_PATH=/home/submarine/gridmap_ws/install/grid_map_cv/lib:/home/submarine/gridmap_ws/install/grid_map_msgs/lib:/home/submarine/gridmap_ws/install/grid_map_core/lib:${LD_LIBRARY_PATH} PYTHONPATH=/home/submarine/gridmap_ws/install/grid_map_msgs/local/lib/python3.10/dist-packages:${PYTHONPATH} /usr/bin/cmake --build /home/submarine/gridmap_ws/build/grid_map_ros -- -j8 -l8
[4.232s] [  9%] [32mBuilding CXX object gtest/CMakeFiles/gtest_main.dir/src/gtest_main.cc.o[0m
[4.250s] [ 18%] [32mBuilding CXX object CMakeFiles/grid_map_ros.dir/src/GridMapRosConverter.cpp.o[0m
[4.250s] [ 27%] [32mBuilding CXX object gtest/CMakeFiles/gtest.dir/src/gtest-all.cc.o[0m
[4.251s] [ 36%] [32mBuilding CXX object CMakeFiles/grid_map_ros.dir/src/GridMapMsgHelpers.cpp.o[0m
[4.253s] [ 45%] [32mBuilding CXX object CMakeFiles/grid_map_ros.dir/src/PolygonRosConverter.cpp.o[0m
[5.696s] [ 54%] [32m[1mLinking CXX static library libgtest_main.a[0m
[5.764s] [ 54%] Built target gtest_main
[15.539s] [ 63%] [32m[1mLinking CXX static library libgtest.a[0m
[15.623s] [ 63%] Built target gtest
[16.667s] [ 72%] [32m[1mLinking CXX shared library libgrid_map_ros.so[0m
[17.012s] [ 72%] Built target grid_map_ros
[17.062s] [ 90%] [32mBuilding CXX object CMakeFiles/grid_map_ros-test.dir/test/test_grid_map_ros.cpp.o[0m
[17.063s] [ 90%] [32mBuilding CXX object CMakeFiles/grid_map_ros-test.dir/test/GridMapRosTest.cpp.o[0m
[25.362s] [100%] [32m[1mLinking CXX executable grid_map_ros-test[0m
[25.966s] [100%] Built target grid_map_ros-test
[25.988s] Invoked command in '/home/submarine/gridmap_ws/build/grid_map_ros' returned '0': AMENT_PREFIX_PATH=/home/submarine/gridmap_ws/install/grid_map_cv:/home/submarine/gridmap_ws/install/grid_map_msgs:/home/submarine/gridmap_ws/install/grid_map_core:/home/submarine/gridmap_ws/install/grid_map_cmake_helpers:${AMENT_PREFIX_PATH} CMAKE_PREFIX_PATH=/home/submarine/gridmap_ws/install/grid_map_cv:/home/submarine/gridmap_ws/install/grid_map_msgs:/home/submarine/gridmap_ws/install/grid_map_core:/home/submarine/gridmap_ws/install/grid_map_cmake_helpers:/home/submarine/submarine/ros_ws/install/ros_bt:/home/submarine/submarine/ros_ws/install/ros_interfaces:/home/submarine/submarine/ros_ws/install/ros2_sub:/home/submarine/submarine/ros_ws/install/btcpp_ros2_samples:/home/submarine/submarine/ros_ws/install/btcpp_ros2_interfaces:/home/submarine/submarine/ros_ws/install/behaviortree_ros2:/home/submarine/submarine/ros_ws/install/behaviortree_cpp:/opt/ros/humble LD_LIBRARY_PATH=/home/submarine/gridmap_ws/install/grid_map_cv/lib:/home/submarine/gridmap_ws/install/grid_map_msgs/lib:/home/submarine/gridmap_ws/install/grid_map_core/lib:${LD_LIBRARY_PATH} PYTHONPATH=/home/submarine/gridmap_ws/install/grid_map_msgs/local/lib/python3.10/dist-packages:${PYTHONPATH} /usr/bin/cmake --build /home/submarine/gridmap_ws/build/grid_map_ros -- -j8 -l8
[26.069s] Invoking command in '/home/submarine/gridmap_ws/build/grid_map_ros': AMENT_PREFIX_PATH=/home/submarine/gridmap_ws/install/grid_map_cv:/home/submarine/gridmap_ws/install/grid_map_msgs:/home/submarine/gridmap_ws/install/grid_map_core:/home/submarine/gridmap_ws/install/grid_map_cmake_helpers:${AMENT_PREFIX_PATH} CMAKE_PREFIX_PATH=/home/submarine/gridmap_ws/install/grid_map_cv:/home/submarine/gridmap_ws/install/grid_map_msgs:/home/submarine/gridmap_ws/install/grid_map_core:/home/submarine/gridmap_ws/install/grid_map_cmake_helpers:/home/submarine/submarine/ros_ws/install/ros_bt:/home/submarine/submarine/ros_ws/install/ros_interfaces:/home/submarine/submarine/ros_ws/install/ros2_sub:/home/submarine/submarine/ros_ws/install/btcpp_ros2_samples:/home/submarine/submarine/ros_ws/install/btcpp_ros2_interfaces:/home/submarine/submarine/ros_ws/install/behaviortree_ros2:/home/submarine/submarine/ros_ws/install/behaviortree_cpp:/opt/ros/humble LD_LIBRARY_PATH=/home/submarine/gridmap_ws/install/grid_map_cv/lib:/home/submarine/gridmap_ws/install/grid_map_msgs/lib:/home/submarine/gridmap_ws/install/grid_map_core/lib:${LD_LIBRARY_PATH} PYTHONPATH=/home/submarine/gridmap_ws/install/grid_map_msgs/local/lib/python3.10/dist-packages:${PYTHONPATH} /usr/bin/cmake --install /home/submarine/gridmap_ws/build/grid_map_ros
[26.083s] -- Install configuration: "Release"
[26.084s] -- Execute custom install script
[26.084s] -- Symlinking: /home/submarine/gridmap_ws/install/grid_map_ros/lib/libgrid_map_ros.so
[26.108s] -- Symlinking: /home/submarine/gridmap_ws/install/grid_map_ros/share/grid_map_ros/environment/library_path.sh
[26.124s] -- Symlinking: /home/submarine/gridmap_ws/install/grid_map_ros/share/grid_map_ros/environment/library_path.dsv
[26.140s] -- Symlinking: /home/submarine/gridmap_ws/install/grid_map_ros/share/ament_index/resource_index/package_run_dependencies/grid_map_ros
[26.156s] -- Symlinking: /home/submarine/gridmap_ws/install/grid_map_ros/share/ament_index/resource_index/parent_prefix_path/grid_map_ros
[26.172s] -- Symlinking: /home/submarine/gridmap_ws/install/grid_map_ros/share/grid_map_ros/environment/ament_prefix_path.sh
[26.188s] -- Symlinking: /home/submarine/gridmap_ws/install/grid_map_ros/share/grid_map_ros/environment/ament_prefix_path.dsv
[26.204s] -- Symlinking: /home/submarine/gridmap_ws/install/grid_map_ros/share/grid_map_ros/environment/path.sh
[26.219s] -- Symlinking: /home/submarine/gridmap_ws/install/grid_map_ros/share/grid_map_ros/environment/path.dsv
[26.236s] -- Symlinking: /home/submarine/gridmap_ws/install/grid_map_ros/share/grid_map_ros/local_setup.bash
[26.251s] -- Symlinking: /home/submarine/gridmap_ws/install/grid_map_ros/share/grid_map_ros/local_setup.sh
[26.267s] -- Symlinking: /home/submarine/gridmap_ws/install/grid_map_ros/share/grid_map_ros/local_setup.zsh
[26.281s] -- Symlinking: /home/submarine/gridmap_ws/install/grid_map_ros/share/grid_map_ros/local_setup.dsv
[26.308s] -- Symlinking: /home/submarine/gridmap_ws/install/grid_map_ros/share/grid_map_ros/package.dsv
[26.334s] -- Symlinking: /home/submarine/gridmap_ws/install/grid_map_ros/share/ament_index/resource_index/packages/grid_map_ros
[26.360s] -- Symlinking: /home/submarine/gridmap_ws/install/grid_map_ros/share/grid_map_ros/cmake/ament_cmake_export_include_directories-extras.cmake
[26.378s] -- Symlinking: /home/submarine/gridmap_ws/install/grid_map_ros/share/grid_map_ros/cmake/ament_cmake_export_dependencies-extras.cmake
[26.404s] -- Symlinking: /home/submarine/gridmap_ws/install/grid_map_ros/share/grid_map_ros/cmake/ament_cmake_export_libraries-extras.cmake
[26.428s] -- Symlinking: /home/submarine/gridmap_ws/install/grid_map_ros/share/grid_map_ros/cmake/grid_map_rosConfig.cmake
[26.453s] -- Symlinking: /home/submarine/gridmap_ws/install/grid_map_ros/share/grid_map_ros/cmake/grid_map_rosConfig-version.cmake
[26.478s] -- Symlinking: /home/submarine/gridmap_ws/install/grid_map_ros/share/grid_map_ros/package.xml
[26.495s] -- Installing: /home/submarine/gridmap_ws/install/grid_map_ros/include/grid_map_ros
[26.495s] -- Installing: /home/submarine/gridmap_ws/install/grid_map_ros/include/grid_map_ros/message_traits.hpp
[26.498s] -- Installing: /home/submarine/gridmap_ws/install/grid_map_ros/include/grid_map_ros/GridMapMsgHelpers.hpp
[26.498s] -- Installing: /home/submarine/gridmap_ws/install/grid_map_ros/include/grid_map_ros/GridMapRosConverter.hpp
[26.498s] -- Installing: /home/submarine/gridmap_ws/install/grid_map_ros/include/grid_map_ros/grid_map_ros.hpp
[26.499s] -- Installing: /home/submarine/gridmap_ws/install/grid_map_ros/include/grid_map_ros/PolygonRosConverter.hpp
[26.505s] Invoked command in '/home/submarine/gridmap_ws/build/grid_map_ros' returned '0': AMENT_PREFIX_PATH=/home/submarine/gridmap_ws/install/grid_map_cv:/home/submarine/gridmap_ws/install/grid_map_msgs:/home/submarine/gridmap_ws/install/grid_map_core:/home/submarine/gridmap_ws/install/grid_map_cmake_helpers:${AMENT_PREFIX_PATH} CMAKE_PREFIX_PATH=/home/submarine/gridmap_ws/install/grid_map_cv:/home/submarine/gridmap_ws/install/grid_map_msgs:/home/submarine/gridmap_ws/install/grid_map_core:/home/submarine/gridmap_ws/install/grid_map_cmake_helpers:/home/submarine/submarine/ros_ws/install/ros_bt:/home/submarine/submarine/ros_ws/install/ros_interfaces:/home/submarine/submarine/ros_ws/install/ros2_sub:/home/submarine/submarine/ros_ws/install/btcpp_ros2_samples:/home/submarine/submarine/ros_ws/install/btcpp_ros2_interfaces:/home/submarine/submarine/ros_ws/install/behaviortree_ros2:/home/submarine/submarine/ros_ws/install/behaviortree_cpp:/opt/ros/humble LD_LIBRARY_PATH=/home/submarine/gridmap_ws/install/grid_map_cv/lib:/home/submarine/gridmap_ws/install/grid_map_msgs/lib:/home/submarine/gridmap_ws/install/grid_map_core/lib:${LD_LIBRARY_PATH} PYTHONPATH=/home/submarine/gridmap_ws/install/grid_map_msgs/local/lib/python3.10/dist-packages:${PYTHONPATH} /usr/bin/cmake --install /home/submarine/gridmap_ws/build/grid_map_ros
