[  0%] Built target octomap_rviz_plugins_autogen_timestamp_deps
[ 10%] Built target octomap_rviz_plugins_autogen
[100%] Built target octomap_rviz_plugins
-- Install configuration: ""
-- Up-to-date: /home/submarine/ros_ws/install/octomap_rviz_plugins/share/octomap_rviz_plugins/plugins_description.xml
-- Up-to-date: /home/submarine/ros_ws/install/octomap_rviz_plugins/include
-- Up-to-date: /home/submarine/ros_ws/install/octomap_rviz_plugins/include/octomap_rviz_plugins
-- Up-to-date: /home/submarine/ros_ws/install/octomap_rviz_plugins/include/octomap_rviz_plugins/occupancy_grid_display.hpp
-- Up-to-date: /home/submarine/ros_ws/install/octomap_rviz_plugins/include/octomap_rviz_plugins/occupancy_map_display.hpp
-- Up-to-date: /home/submarine/ros_ws/install/octomap_rviz_plugins/share/octomap_rviz_plugins/environment/library_path.sh
-- Up-to-date: /home/submarine/ros_ws/install/octomap_rviz_plugins/share/octomap_rviz_plugins/environment/library_path.dsv
-- Up-to-date: /home/submarine/ros_ws/install/octomap_rviz_plugins/lib/liboctomap_rviz_plugins.so
-- Up-to-date: /home/submarine/ros_ws/install/octomap_rviz_plugins/share/octomap_rviz_plugins/icons
-- Up-to-date: /home/submarine/ros_ws/install/octomap_rviz_plugins/share/octomap_rviz_plugins/icons/classes
-- Up-to-date: /home/submarine/ros_ws/install/octomap_rviz_plugins/share/octomap_rviz_plugins/icons/classes/OccupancyMapStamped.png
-- Up-to-date: /home/submarine/ros_ws/install/octomap_rviz_plugins/share/octomap_rviz_plugins/icons/classes/OccupancyGrid.png
-- Up-to-date: /home/submarine/ros_ws/install/octomap_rviz_plugins/share/octomap_rviz_plugins/icons/classes/ColorOccupancyGrid.png
-- Up-to-date: /home/submarine/ros_ws/install/octomap_rviz_plugins/share/octomap_rviz_plugins/icons/classes/OccupancyGridStamped.png
-- Up-to-date: /home/submarine/ros_ws/install/octomap_rviz_plugins/share/octomap_rviz_plugins/icons/classes/OccupancyMap.png
-- Up-to-date: /home/submarine/ros_ws/install/octomap_rviz_plugins/share/ament_index/resource_index/package_run_dependencies/octomap_rviz_plugins
-- Up-to-date: /home/submarine/ros_ws/install/octomap_rviz_plugins/share/ament_index/resource_index/parent_prefix_path/octomap_rviz_plugins
-- Up-to-date: /home/submarine/ros_ws/install/octomap_rviz_plugins/share/octomap_rviz_plugins/environment/ament_prefix_path.sh
-- Up-to-date: /home/submarine/ros_ws/install/octomap_rviz_plugins/share/octomap_rviz_plugins/environment/ament_prefix_path.dsv
-- Up-to-date: /home/submarine/ros_ws/install/octomap_rviz_plugins/share/octomap_rviz_plugins/environment/path.sh
-- Up-to-date: /home/submarine/ros_ws/install/octomap_rviz_plugins/share/octomap_rviz_plugins/environment/path.dsv
-- Up-to-date: /home/submarine/ros_ws/install/octomap_rviz_plugins/share/octomap_rviz_plugins/local_setup.bash
-- Up-to-date: /home/submarine/ros_ws/install/octomap_rviz_plugins/share/octomap_rviz_plugins/local_setup.sh
-- Up-to-date: /home/submarine/ros_ws/install/octomap_rviz_plugins/share/octomap_rviz_plugins/local_setup.zsh
-- Up-to-date: /home/submarine/ros_ws/install/octomap_rviz_plugins/share/octomap_rviz_plugins/local_setup.dsv
-- Installing: /home/submarine/ros_ws/install/octomap_rviz_plugins/share/octomap_rviz_plugins/package.dsv
-- Up-to-date: /home/submarine/ros_ws/install/octomap_rviz_plugins/share/ament_index/resource_index/packages/octomap_rviz_plugins
-- Up-to-date: /home/submarine/ros_ws/install/octomap_rviz_plugins/share/ament_index/resource_index/rviz_common__pluginlib__plugin/octomap_rviz_plugins
-- Up-to-date: /home/submarine/ros_ws/install/octomap_rviz_plugins/share/octomap_rviz_plugins/cmake/ament_cmake_export_dependencies-extras.cmake
-- Up-to-date: /home/submarine/ros_ws/install/octomap_rviz_plugins/share/octomap_rviz_plugins/cmake/ament_cmake_export_include_directories-extras.cmake
-- Up-to-date: /home/submarine/ros_ws/install/octomap_rviz_plugins/share/octomap_rviz_plugins/cmake/ament_cmake_export_libraries-extras.cmake
-- Up-to-date: /home/submarine/ros_ws/install/octomap_rviz_plugins/share/octomap_rviz_plugins/cmake/octomap_rviz_pluginsConfig.cmake
-- Up-to-date: /home/submarine/ros_ws/install/octomap_rviz_plugins/share/octomap_rviz_plugins/cmake/octomap_rviz_pluginsConfig-version.cmake
-- Up-to-date: /home/submarine/ros_ws/install/octomap_rviz_plugins/share/octomap_rviz_plugins/package.xml
