/home/submarine/ros_ws/install/sonars/lib/python3.12/site-packages/sonars/front_sonar_node.py
/home/submarine/ros_ws/install/sonars/lib/python3.12/site-packages/sonars/down_sonar_node.py
/home/submarine/ros_ws/install/sonars/lib/python3.12/site-packages/sonars/__init__.py
/home/submarine/ros_ws/install/sonars/lib/python3.12/site-packages/sonars/side_sonar_node.py
/home/submarine/ros_ws/install/sonars/lib/python3.12/site-packages/sonars/__pycache__/front_sonar_node.cpython-312.pyc
/home/submarine/ros_ws/install/sonars/lib/python3.12/site-packages/sonars/__pycache__/down_sonar_node.cpython-312.pyc
/home/submarine/ros_ws/install/sonars/lib/python3.12/site-packages/sonars/__pycache__/__init__.cpython-312.pyc
/home/submarine/ros_ws/install/sonars/lib/python3.12/site-packages/sonars/__pycache__/side_sonar_node.cpython-312.pyc
/home/submarine/ros_ws/install/sonars/share/ament_index/resource_index/packages/sonars
/home/submarine/ros_ws/install/sonars/share/sonars/package.xml
/home/submarine/ros_ws/install/sonars/lib/python3.12/site-packages/sonars-0.0.0-py3.12.egg-info/SOURCES.txt
/home/submarine/ros_ws/install/sonars/lib/python3.12/site-packages/sonars-0.0.0-py3.12.egg-info/PKG-INFO
/home/submarine/ros_ws/install/sonars/lib/python3.12/site-packages/sonars-0.0.0-py3.12.egg-info/zip-safe
/home/submarine/ros_ws/install/sonars/lib/python3.12/site-packages/sonars-0.0.0-py3.12.egg-info/entry_points.txt
/home/submarine/ros_ws/install/sonars/lib/python3.12/site-packages/sonars-0.0.0-py3.12.egg-info/requires.txt
/home/submarine/ros_ws/install/sonars/lib/python3.12/site-packages/sonars-0.0.0-py3.12.egg-info/dependency_links.txt
/home/submarine/ros_ws/install/sonars/lib/python3.12/site-packages/sonars-0.0.0-py3.12.egg-info/top_level.txt
/home/submarine/ros_ws/install/sonars/lib/sonars/down_sonar_node
/home/submarine/ros_ws/install/sonars/lib/sonars/front_sonar_node
/home/submarine/ros_ws/install/sonars/lib/sonars/side_sonar_node
