[100%] Built target octo
-- Install configuration: ""
-- Up-to-date: /home/submarine/ros_ws/install/ros2_sub/share/ros2_sub//launch
-- Up-to-date: /home/submarine/ros_ws/install/ros2_sub/share/ros2_sub//launch/sub_launch.py
-- Up-to-date: /home/submarine/ros_ws/install/ros2_sub/share/ros2_sub//launch/online_async_launch.py
-- Up-to-date: /home/submarine/ros_ws/install/ros2_sub/share/ros2_sub//launch/octomap_mapping.launch.xml
-- Up-to-date: /home/submarine/ros_ws/install/ros2_sub/share/ros2_sub//config
-- Up-to-date: /home/submarine/ros_ws/install/ros2_sub/share/ros2_sub//config/Pool Map.json
-- Installing: /home/submarine/ros_ws/install/ros2_sub/share/ros2_sub//config/ekf.yaml
-- Up-to-date: /home/submarine/ros_ws/install/ros2_sub/share/ros2_sub//config/mapper_params_online_async.yaml
-- Up-to-date: /home/submarine/ros_ws/install/ros2_sub/share/ros2_sub//models
-- Up-to-date: /home/submarine/ros_ws/install/ros2_sub/share/ros2_sub//models/tethys
-- Up-to-date: /home/submarine/ros_ws/install/ros2_sub/share/ros2_sub//models/tethys/materials
-- Up-to-date: /home/submarine/ros_ws/install/ros2_sub/share/ros2_sub//models/tethys/materials/textures
-- Up-to-date: /home/submarine/ros_ws/install/ros2_sub/share/ros2_sub//models/tethys/materials/textures/Tethys_Roughness.png
-- Up-to-date: /home/submarine/ros_ws/install/ros2_sub/share/ros2_sub//models/tethys/materials/textures/Tethys_Normal.png
-- Up-to-date: /home/submarine/ros_ws/install/ros2_sub/share/ros2_sub//models/tethys/materials/textures/Tethys_Albedo.png
-- Up-to-date: /home/submarine/ros_ws/install/ros2_sub/share/ros2_sub//models/tethys/materials/textures/Tethys_Metalness.png
-- Up-to-date: /home/submarine/ros_ws/install/ros2_sub/share/ros2_sub//models/tethys/materials/scripts
-- Up-to-date: /home/submarine/ros_ws/install/ros2_sub/share/ros2_sub//models/tethys/materials/scripts/model.material
-- Up-to-date: /home/submarine/ros_ws/install/ros2_sub/share/ros2_sub//models/tethys/model.sdf
-- Up-to-date: /home/submarine/ros_ws/install/ros2_sub/share/ros2_sub//models/tethys/meshes
-- Up-to-date: /home/submarine/ros_ws/install/ros2_sub/share/ros2_sub//models/tethys/meshes/tethys.dae
-- Up-to-date: /home/submarine/ros_ws/install/ros2_sub/share/ros2_sub//models/tethys/meshes/propeller.dae
-- Up-to-date: /home/submarine/ros_ws/install/ros2_sub/share/ros2_sub//models/tethys/meshes/base.dae
-- Up-to-date: /home/submarine/ros_ws/install/ros2_sub/share/ros2_sub//models/tethys/meshes/MaxSonar.dae
-- Up-to-date: /home/submarine/ros_ws/install/ros2_sub/share/ros2_sub//models/tethys/model.config
-- Up-to-date: /home/submarine/ros_ws/install/ros2_sub/lib/ros2_sub/octo
-- Up-to-date: /home/submarine/ros_ws/install/ros2_sub/share/ament_index/resource_index/package_run_dependencies/ros2_sub
-- Up-to-date: /home/submarine/ros_ws/install/ros2_sub/share/ament_index/resource_index/parent_prefix_path/ros2_sub
-- Up-to-date: /home/submarine/ros_ws/install/ros2_sub/share/ros2_sub/environment/ament_prefix_path.sh
-- Up-to-date: /home/submarine/ros_ws/install/ros2_sub/share/ros2_sub/environment/ament_prefix_path.dsv
-- Up-to-date: /home/submarine/ros_ws/install/ros2_sub/share/ros2_sub/environment/path.sh
-- Up-to-date: /home/submarine/ros_ws/install/ros2_sub/share/ros2_sub/environment/path.dsv
-- Up-to-date: /home/submarine/ros_ws/install/ros2_sub/share/ros2_sub/local_setup.bash
-- Up-to-date: /home/submarine/ros_ws/install/ros2_sub/share/ros2_sub/local_setup.sh
-- Up-to-date: /home/submarine/ros_ws/install/ros2_sub/share/ros2_sub/local_setup.zsh
-- Up-to-date: /home/submarine/ros_ws/install/ros2_sub/share/ros2_sub/local_setup.dsv
-- Installing: /home/submarine/ros_ws/install/ros2_sub/share/ros2_sub/package.dsv
-- Up-to-date: /home/submarine/ros_ws/install/ros2_sub/share/ament_index/resource_index/packages/ros2_sub
-- Up-to-date: /home/submarine/ros_ws/install/ros2_sub/share/ros2_sub/cmake/ros2_subConfig.cmake
-- Up-to-date: /home/submarine/ros_ws/install/ros2_sub/share/ros2_sub/cmake/ros2_subConfig-version.cmake
-- Up-to-date: /home/submarine/ros_ws/install/ros2_sub/share/ros2_sub/package.xml
