[0.021s] Invoking command in '/home/submarine/ros_ws/build/octomap_server': CMAKE_PREFIX_PATH=/home/submarine/ros_ws/install/pcl_ros:/home/submarine/ryans_ws/install/orientation_msg:/home/submarine/ros_ws/install/ros_bt:/home/submarine/ros_ws/install/ros2_sub:/home/submarine/ros_ws/install/perception_pcl:/home/submarine/ros_ws/install/octomap_mapping:/home/submarine/ros_ws/install/octomap_server:/home/submarine/ros_ws/install/octomap_rviz_plugins:/home/submarine/ros_ws/install/controller_sub:/home/submarine/ros_ws/install/btcpp_ros2_samples:/home/submarine/ros_ws/install/behaviortree_ros2:/home/submarine/ros_ws/install/btcpp_ros2_interfaces:/opt/ros/jazzy/opt/gz_sim_vendor:/opt/ros/jazzy/opt/gz_sensors_vendor:/opt/ros/jazzy/opt/gz_physics_vendor:/opt/ros/jazzy/opt/sdformat_vendor:/opt/ros/jazzy/opt/gz_gui_vendor:/opt/ros/jazzy/opt/gz_transport_vendor:/opt/ros/jazzy/opt/gz_rendering_vendor:/opt/ros/jazzy/opt/gz_plugin_vendor:/opt/ros/jazzy/opt/gz_fuel_tools_vendor:/opt/ros/jazzy/opt/gz_msgs_vendor:/opt/ros/jazzy/opt/gz_common_vendor:/opt/ros/jazzy/opt/gz_math_vendor:/opt/ros/jazzy/opt/gz_utils_vendor:/opt/ros/jazzy/opt/gz_tools_vendor:/opt/ros/jazzy/opt/gz_ogre_next_vendor:/opt/ros/jazzy/opt/gz_dartsim_vendor:/opt/ros/jazzy/opt/gz_cmake_vendor:/home/submarine/ryans_ws/install/orientation_package:/home/submarine/ryans_ws/install/esc_pkg:/home/submarine/ros_ws/install/speed_sensor:/home/submarine/ros_ws/install/sonars:/home/submarine/ros_ws/install/orientation_package:/opt/ros/jazzy DEBUGINFOD_URLS=https://debuginfod.ubuntu.com LD_LIBRARY_PATH=/home/submarine/ros_ws/install/pcl_ros/lib:/home/submarine/ryans_ws/install/orientation_msg/lib:/home/submarine/ros_ws/install/octomap_server/lib:/home/submarine/ros_ws/install/octomap_rviz_plugins/lib:/home/submarine/ros_ws/install/behaviortree_ros2/lib:/home/submarine/ros_ws/install/btcpp_ros2_interfaces/lib:/opt/ros/jazzy/opt/gz_sim_vendor/lib:/opt/ros/jazzy/opt/gz_sensors_vendor/lib:/opt/ros/jazzy/opt/gz_physics_vendor/lib:/opt/ros/jazzy/opt/sdformat_vendor/lib:/opt/ros/jazzy/opt/rviz_ogre_vendor/lib:/opt/ros/jazzy/lib/aarch64-linux-gnu:/opt/ros/jazzy/opt/gz_gui_vendor/lib:/opt/ros/jazzy/opt/gz_transport_vendor/lib:/opt/ros/jazzy/opt/gz_rendering_vendor/lib:/opt/ros/jazzy/opt/gz_plugin_vendor/lib:/opt/ros/jazzy/opt/gz_fuel_tools_vendor/lib:/opt/ros/jazzy/opt/gz_msgs_vendor/lib:/opt/ros/jazzy/opt/gz_common_vendor/lib:/opt/ros/jazzy/opt/gz_math_vendor/lib:/opt/ros/jazzy/opt/gz_utils_vendor/lib:/opt/ros/jazzy/opt/gz_tools_vendor/lib:/opt/ros/jazzy/opt/gz_ogre_next_vendor/lib:/opt/ros/jazzy/opt/gz_dartsim_vendor/lib:/opt/ros/jazzy/opt/gz_cmake_vendor/lib:/opt/ros/jazzy/lib PS1=(bluerobotics-ping) \[\e]0;\u@\h: \w\a\]${debian_chroot:+($debian_chroot)}\[\033[01;32m\]\u@\h\[\033[00m\]:\[\033[01;34m\]\w\[\033[00m\]\$ VIRTUAL_ENV_PROMPT=(bluerobotics-ping) /usr/bin/cmake --build /home/submarine/ros_ws/build/octomap_server -- -j4 -l4
[0.201s] [  7%] Built target octomap_server_static
[0.210s] [ 15%] Built target octomap_server_node
[0.236s] [ 23%] Built target octomap_server_multilayer_node
[0.236s] [ 30%] Built target octomap_server_static_node
[0.327s] [ 38%] Built target color_octomap_server_node
[0.347s] [ 46%] Built target tracking_octomap_server_node
[0.359s] [ 53%] Built target octomap_saver_node
[0.372s] [ 61%] Built target octomap_server
[0.461s] [ 73%] Built target octomap_server_multilayer
[0.552s] [ 84%] Built target tracking_octomap_server
[0.631s] [ 92%] Built target color_octomap_server
[0.695s] [100%] Built target octomap_saver
[0.728s] Invoked command in '/home/submarine/ros_ws/build/octomap_server' returned '0': CMAKE_PREFIX_PATH=/home/submarine/ros_ws/install/pcl_ros:/home/submarine/ryans_ws/install/orientation_msg:/home/submarine/ros_ws/install/ros_bt:/home/submarine/ros_ws/install/ros2_sub:/home/submarine/ros_ws/install/perception_pcl:/home/submarine/ros_ws/install/octomap_mapping:/home/submarine/ros_ws/install/octomap_server:/home/submarine/ros_ws/install/octomap_rviz_plugins:/home/submarine/ros_ws/install/controller_sub:/home/submarine/ros_ws/install/btcpp_ros2_samples:/home/submarine/ros_ws/install/behaviortree_ros2:/home/submarine/ros_ws/install/btcpp_ros2_interfaces:/opt/ros/jazzy/opt/gz_sim_vendor:/opt/ros/jazzy/opt/gz_sensors_vendor:/opt/ros/jazzy/opt/gz_physics_vendor:/opt/ros/jazzy/opt/sdformat_vendor:/opt/ros/jazzy/opt/gz_gui_vendor:/opt/ros/jazzy/opt/gz_transport_vendor:/opt/ros/jazzy/opt/gz_rendering_vendor:/opt/ros/jazzy/opt/gz_plugin_vendor:/opt/ros/jazzy/opt/gz_fuel_tools_vendor:/opt/ros/jazzy/opt/gz_msgs_vendor:/opt/ros/jazzy/opt/gz_common_vendor:/opt/ros/jazzy/opt/gz_math_vendor:/opt/ros/jazzy/opt/gz_utils_vendor:/opt/ros/jazzy/opt/gz_tools_vendor:/opt/ros/jazzy/opt/gz_ogre_next_vendor:/opt/ros/jazzy/opt/gz_dartsim_vendor:/opt/ros/jazzy/opt/gz_cmake_vendor:/home/submarine/ryans_ws/install/orientation_package:/home/submarine/ryans_ws/install/esc_pkg:/home/submarine/ros_ws/install/speed_sensor:/home/submarine/ros_ws/install/sonars:/home/submarine/ros_ws/install/orientation_package:/opt/ros/jazzy DEBUGINFOD_URLS=https://debuginfod.ubuntu.com LD_LIBRARY_PATH=/home/submarine/ros_ws/install/pcl_ros/lib:/home/submarine/ryans_ws/install/orientation_msg/lib:/home/submarine/ros_ws/install/octomap_server/lib:/home/submarine/ros_ws/install/octomap_rviz_plugins/lib:/home/submarine/ros_ws/install/behaviortree_ros2/lib:/home/submarine/ros_ws/install/btcpp_ros2_interfaces/lib:/opt/ros/jazzy/opt/gz_sim_vendor/lib:/opt/ros/jazzy/opt/gz_sensors_vendor/lib:/opt/ros/jazzy/opt/gz_physics_vendor/lib:/opt/ros/jazzy/opt/sdformat_vendor/lib:/opt/ros/jazzy/opt/rviz_ogre_vendor/lib:/opt/ros/jazzy/lib/aarch64-linux-gnu:/opt/ros/jazzy/opt/gz_gui_vendor/lib:/opt/ros/jazzy/opt/gz_transport_vendor/lib:/opt/ros/jazzy/opt/gz_rendering_vendor/lib:/opt/ros/jazzy/opt/gz_plugin_vendor/lib:/opt/ros/jazzy/opt/gz_fuel_tools_vendor/lib:/opt/ros/jazzy/opt/gz_msgs_vendor/lib:/opt/ros/jazzy/opt/gz_common_vendor/lib:/opt/ros/jazzy/opt/gz_math_vendor/lib:/opt/ros/jazzy/opt/gz_utils_vendor/lib:/opt/ros/jazzy/opt/gz_tools_vendor/lib:/opt/ros/jazzy/opt/gz_ogre_next_vendor/lib:/opt/ros/jazzy/opt/gz_dartsim_vendor/lib:/opt/ros/jazzy/opt/gz_cmake_vendor/lib:/opt/ros/jazzy/lib PS1=(bluerobotics-ping) \[\e]0;\u@\h: \w\a\]${debian_chroot:+($debian_chroot)}\[\033[01;32m\]\u@\h\[\033[00m\]:\[\033[01;34m\]\w\[\033[00m\]\$ VIRTUAL_ENV_PROMPT=(bluerobotics-ping) /usr/bin/cmake --build /home/submarine/ros_ws/build/octomap_server -- -j4 -l4
[1.177s] Invoking command in '/home/submarine/ros_ws/build/octomap_server': CMAKE_PREFIX_PATH=/home/submarine/ros_ws/install/pcl_ros:/home/submarine/ryans_ws/install/orientation_msg:/home/submarine/ros_ws/install/ros_bt:/home/submarine/ros_ws/install/ros2_sub:/home/submarine/ros_ws/install/perception_pcl:/home/submarine/ros_ws/install/octomap_mapping:/home/submarine/ros_ws/install/octomap_server:/home/submarine/ros_ws/install/octomap_rviz_plugins:/home/submarine/ros_ws/install/controller_sub:/home/submarine/ros_ws/install/btcpp_ros2_samples:/home/submarine/ros_ws/install/behaviortree_ros2:/home/submarine/ros_ws/install/btcpp_ros2_interfaces:/opt/ros/jazzy/opt/gz_sim_vendor:/opt/ros/jazzy/opt/gz_sensors_vendor:/opt/ros/jazzy/opt/gz_physics_vendor:/opt/ros/jazzy/opt/sdformat_vendor:/opt/ros/jazzy/opt/gz_gui_vendor:/opt/ros/jazzy/opt/gz_transport_vendor:/opt/ros/jazzy/opt/gz_rendering_vendor:/opt/ros/jazzy/opt/gz_plugin_vendor:/opt/ros/jazzy/opt/gz_fuel_tools_vendor:/opt/ros/jazzy/opt/gz_msgs_vendor:/opt/ros/jazzy/opt/gz_common_vendor:/opt/ros/jazzy/opt/gz_math_vendor:/opt/ros/jazzy/opt/gz_utils_vendor:/opt/ros/jazzy/opt/gz_tools_vendor:/opt/ros/jazzy/opt/gz_ogre_next_vendor:/opt/ros/jazzy/opt/gz_dartsim_vendor:/opt/ros/jazzy/opt/gz_cmake_vendor:/home/submarine/ryans_ws/install/orientation_package:/home/submarine/ryans_ws/install/esc_pkg:/home/submarine/ros_ws/install/speed_sensor:/home/submarine/ros_ws/install/sonars:/home/submarine/ros_ws/install/orientation_package:/opt/ros/jazzy DEBUGINFOD_URLS=https://debuginfod.ubuntu.com LD_LIBRARY_PATH=/home/submarine/ros_ws/install/pcl_ros/lib:/home/submarine/ryans_ws/install/orientation_msg/lib:/home/submarine/ros_ws/install/octomap_server/lib:/home/submarine/ros_ws/install/octomap_rviz_plugins/lib:/home/submarine/ros_ws/install/behaviortree_ros2/lib:/home/submarine/ros_ws/install/btcpp_ros2_interfaces/lib:/opt/ros/jazzy/opt/gz_sim_vendor/lib:/opt/ros/jazzy/opt/gz_sensors_vendor/lib:/opt/ros/jazzy/opt/gz_physics_vendor/lib:/opt/ros/jazzy/opt/sdformat_vendor/lib:/opt/ros/jazzy/opt/rviz_ogre_vendor/lib:/opt/ros/jazzy/lib/aarch64-linux-gnu:/opt/ros/jazzy/opt/gz_gui_vendor/lib:/opt/ros/jazzy/opt/gz_transport_vendor/lib:/opt/ros/jazzy/opt/gz_rendering_vendor/lib:/opt/ros/jazzy/opt/gz_plugin_vendor/lib:/opt/ros/jazzy/opt/gz_fuel_tools_vendor/lib:/opt/ros/jazzy/opt/gz_msgs_vendor/lib:/opt/ros/jazzy/opt/gz_common_vendor/lib:/opt/ros/jazzy/opt/gz_math_vendor/lib:/opt/ros/jazzy/opt/gz_utils_vendor/lib:/opt/ros/jazzy/opt/gz_tools_vendor/lib:/opt/ros/jazzy/opt/gz_ogre_next_vendor/lib:/opt/ros/jazzy/opt/gz_dartsim_vendor/lib:/opt/ros/jazzy/opt/gz_cmake_vendor/lib:/opt/ros/jazzy/lib PS1=(bluerobotics-ping) \[\e]0;\u@\h: \w\a\]${debian_chroot:+($debian_chroot)}\[\033[01;32m\]\u@\h\[\033[00m\]:\[\033[01;34m\]\w\[\033[00m\]\$ VIRTUAL_ENV_PROMPT=(bluerobotics-ping) /usr/bin/cmake --install /home/submarine/ros_ws/build/octomap_server
[1.200s] -- Install configuration: ""
[1.201s] -- Up-to-date: /home/submarine/ros_ws/install/octomap_server/lib/octomap_server/octomap_server_static_node
[1.201s] -- Up-to-date: /home/submarine/ros_ws/install/octomap_server/lib/octomap_server/octomap_server_node
[1.201s] -- Up-to-date: /home/submarine/ros_ws/install/octomap_server/lib/octomap_server/octomap_server_multilayer_node
[1.201s] -- Up-to-date: /home/submarine/ros_ws/install/octomap_server/lib/octomap_server/tracking_octomap_server_node
[1.202s] -- Up-to-date: /home/submarine/ros_ws/install/octomap_server/lib/octomap_server/color_octomap_server_node
[1.204s] -- Up-to-date: /home/submarine/ros_ws/install/octomap_server/lib/octomap_server/octomap_saver_node
[1.205s] -- Up-to-date: /home/submarine/ros_ws/install/octomap_server/include
[1.205s] -- Up-to-date: /home/submarine/ros_ws/install/octomap_server/include/octomap_server
[1.205s] -- Up-to-date: /home/submarine/ros_ws/install/octomap_server/include/octomap_server/tracking_octomap_server.hpp
[1.205s] -- Up-to-date: /home/submarine/ros_ws/install/octomap_server/include/octomap_server/octomap_server.hpp
[1.205s] -- Up-to-date: /home/submarine/ros_ws/install/octomap_server/include/octomap_server/octomap_server_static.hpp
[1.205s] -- Up-to-date: /home/submarine/ros_ws/install/octomap_server/include/octomap_server/octomap_server_multilayer.hpp
[1.206s] -- Up-to-date: /home/submarine/ros_ws/install/octomap_server/share/octomap_server/environment/library_path.sh
[1.206s] -- Up-to-date: /home/submarine/ros_ws/install/octomap_server/share/octomap_server/environment/library_path.dsv
[1.206s] -- Up-to-date: /home/submarine/ros_ws/install/octomap_server/lib/liboctomap_server_static.so
[1.206s] -- Up-to-date: /home/submarine/ros_ws/install/octomap_server/lib/liboctomap_server.so
[1.208s] -- Up-to-date: /home/submarine/ros_ws/install/octomap_server/lib/liboctomap_server_multilayer.so
[1.209s] -- Up-to-date: /home/submarine/ros_ws/install/octomap_server/lib/libtracking_octomap_server.so
[1.209s] -- Up-to-date: /home/submarine/ros_ws/install/octomap_server/lib/libcolor_octomap_server.so
[1.209s] -- Up-to-date: /home/submarine/ros_ws/install/octomap_server/lib/liboctomap_saver.so
[1.209s] -- Up-to-date: /home/submarine/ros_ws/install/octomap_server/share/octomap_server/launch
[1.209s] -- Up-to-date: /home/submarine/ros_ws/install/octomap_server/share/octomap_server/launch/octomap_tracking_server.launch.xml
[1.209s] -- Up-to-date: /home/submarine/ros_ws/install/octomap_server/share/octomap_server/launch/octomap_tracking_client.launch.xml
[1.209s] -- Up-to-date: /home/submarine/ros_ws/install/octomap_server/share/octomap_server/launch/octomap_mapping.launch.xml
[1.209s] -- Up-to-date: /home/submarine/ros_ws/install/octomap_server/share/octomap_server/params
[1.210s] -- Up-to-date: /home/submarine/ros_ws/install/octomap_server/share/octomap_server/params/default.yaml
[1.210s] -- Up-to-date: /home/submarine/ros_ws/install/octomap_server/share/ament_index/resource_index/package_run_dependencies/octomap_server
[1.210s] -- Up-to-date: /home/submarine/ros_ws/install/octomap_server/share/ament_index/resource_index/parent_prefix_path/octomap_server
[1.210s] -- Up-to-date: /home/submarine/ros_ws/install/octomap_server/share/octomap_server/environment/ament_prefix_path.sh
[1.210s] -- Up-to-date: /home/submarine/ros_ws/install/octomap_server/share/octomap_server/environment/ament_prefix_path.dsv
[1.210s] -- Up-to-date: /home/submarine/ros_ws/install/octomap_server/share/octomap_server/environment/path.sh
[1.211s] -- Up-to-date: /home/submarine/ros_ws/install/octomap_server/share/octomap_server/environment/path.dsv
[1.211s] -- Up-to-date: /home/submarine/ros_ws/install/octomap_server/share/octomap_server/local_setup.bash
[1.211s] -- Up-to-date: /home/submarine/ros_ws/install/octomap_server/share/octomap_server/local_setup.sh
[1.211s] -- Up-to-date: /home/submarine/ros_ws/install/octomap_server/share/octomap_server/local_setup.zsh
[1.212s] -- Up-to-date: /home/submarine/ros_ws/install/octomap_server/share/octomap_server/local_setup.dsv
[1.212s] -- Installing: /home/submarine/ros_ws/install/octomap_server/share/octomap_server/package.dsv
[1.212s] -- Up-to-date: /home/submarine/ros_ws/install/octomap_server/share/ament_index/resource_index/packages/octomap_server
[1.212s] -- Up-to-date: /home/submarine/ros_ws/install/octomap_server/share/ament_index/resource_index/rclcpp_components/octomap_server
[1.212s] -- Up-to-date: /home/submarine/ros_ws/install/octomap_server/share/octomap_server/cmake/ament_cmake_export_dependencies-extras.cmake
[1.212s] -- Up-to-date: /home/submarine/ros_ws/install/octomap_server/share/octomap_server/cmake/ament_cmake_export_include_directories-extras.cmake
[1.213s] -- Up-to-date: /home/submarine/ros_ws/install/octomap_server/share/octomap_server/cmake/ament_cmake_export_libraries-extras.cmake
[1.213s] -- Up-to-date: /home/submarine/ros_ws/install/octomap_server/share/octomap_server/cmake/octomap_serverConfig.cmake
[1.213s] -- Up-to-date: /home/submarine/ros_ws/install/octomap_server/share/octomap_server/cmake/octomap_serverConfig-version.cmake
[1.213s] -- Up-to-date: /home/submarine/ros_ws/install/octomap_server/share/octomap_server/package.xml
[1.213s] -- Up-to-date: /home/submarine/ros_ws/install/octomap_server/lib/octomap_server/octomap_eraser_cli.py
[1.217s] Invoked command in '/home/submarine/ros_ws/build/octomap_server' returned '0': CMAKE_PREFIX_PATH=/home/submarine/ros_ws/install/pcl_ros:/home/submarine/ryans_ws/install/orientation_msg:/home/submarine/ros_ws/install/ros_bt:/home/submarine/ros_ws/install/ros2_sub:/home/submarine/ros_ws/install/perception_pcl:/home/submarine/ros_ws/install/octomap_mapping:/home/submarine/ros_ws/install/octomap_server:/home/submarine/ros_ws/install/octomap_rviz_plugins:/home/submarine/ros_ws/install/controller_sub:/home/submarine/ros_ws/install/btcpp_ros2_samples:/home/submarine/ros_ws/install/behaviortree_ros2:/home/submarine/ros_ws/install/btcpp_ros2_interfaces:/opt/ros/jazzy/opt/gz_sim_vendor:/opt/ros/jazzy/opt/gz_sensors_vendor:/opt/ros/jazzy/opt/gz_physics_vendor:/opt/ros/jazzy/opt/sdformat_vendor:/opt/ros/jazzy/opt/gz_gui_vendor:/opt/ros/jazzy/opt/gz_transport_vendor:/opt/ros/jazzy/opt/gz_rendering_vendor:/opt/ros/jazzy/opt/gz_plugin_vendor:/opt/ros/jazzy/opt/gz_fuel_tools_vendor:/opt/ros/jazzy/opt/gz_msgs_vendor:/opt/ros/jazzy/opt/gz_common_vendor:/opt/ros/jazzy/opt/gz_math_vendor:/opt/ros/jazzy/opt/gz_utils_vendor:/opt/ros/jazzy/opt/gz_tools_vendor:/opt/ros/jazzy/opt/gz_ogre_next_vendor:/opt/ros/jazzy/opt/gz_dartsim_vendor:/opt/ros/jazzy/opt/gz_cmake_vendor:/home/submarine/ryans_ws/install/orientation_package:/home/submarine/ryans_ws/install/esc_pkg:/home/submarine/ros_ws/install/speed_sensor:/home/submarine/ros_ws/install/sonars:/home/submarine/ros_ws/install/orientation_package:/opt/ros/jazzy DEBUGINFOD_URLS=https://debuginfod.ubuntu.com LD_LIBRARY_PATH=/home/submarine/ros_ws/install/pcl_ros/lib:/home/submarine/ryans_ws/install/orientation_msg/lib:/home/submarine/ros_ws/install/octomap_server/lib:/home/submarine/ros_ws/install/octomap_rviz_plugins/lib:/home/submarine/ros_ws/install/behaviortree_ros2/lib:/home/submarine/ros_ws/install/btcpp_ros2_interfaces/lib:/opt/ros/jazzy/opt/gz_sim_vendor/lib:/opt/ros/jazzy/opt/gz_sensors_vendor/lib:/opt/ros/jazzy/opt/gz_physics_vendor/lib:/opt/ros/jazzy/opt/sdformat_vendor/lib:/opt/ros/jazzy/opt/rviz_ogre_vendor/lib:/opt/ros/jazzy/lib/aarch64-linux-gnu:/opt/ros/jazzy/opt/gz_gui_vendor/lib:/opt/ros/jazzy/opt/gz_transport_vendor/lib:/opt/ros/jazzy/opt/gz_rendering_vendor/lib:/opt/ros/jazzy/opt/gz_plugin_vendor/lib:/opt/ros/jazzy/opt/gz_fuel_tools_vendor/lib:/opt/ros/jazzy/opt/gz_msgs_vendor/lib:/opt/ros/jazzy/opt/gz_common_vendor/lib:/opt/ros/jazzy/opt/gz_math_vendor/lib:/opt/ros/jazzy/opt/gz_utils_vendor/lib:/opt/ros/jazzy/opt/gz_tools_vendor/lib:/opt/ros/jazzy/opt/gz_ogre_next_vendor/lib:/opt/ros/jazzy/opt/gz_dartsim_vendor/lib:/opt/ros/jazzy/opt/gz_cmake_vendor/lib:/opt/ros/jazzy/lib PS1=(bluerobotics-ping) \[\e]0;\u@\h: \w\a\]${debian_chroot:+($debian_chroot)}\[\033[01;32m\]\u@\h\[\033[00m\]:\[\033[01;34m\]\w\[\033[00m\]\$ VIRTUAL_ENV_PROMPT=(bluerobotics-ping) /usr/bin/cmake --install /home/submarine/ros_ws/build/octomap_server
