[0.032s] Invoking command in '/home/submarine/ros_ws/build/orientation_msg': CMAKE_PREFIX_PATH=${CMAKE_PREFIX_PATH}:/home/submarine/ryans_ws/install/esc_pkg:/home/submarine/ros_ws/install/speed_sensor:/home/submarine/ros_ws/install/sonars:/home/submarine/ros_ws/install/orientation_package:/opt/ros/jazzy DEBUGINFOD_URLS=https://debuginfod.ubuntu.com PS1=(bluerobotics-ping) \[\e]0;\u@\h: \w\a\]${debian_chroot:+($debian_chroot)}\[\033[01;32m\]\u@\h\[\033[00m\]:\[\033[01;34m\]\w\[\033[00m\]\$ VIRTUAL_ENV_PROMPT=(bluerobotics-ping) /usr/bin/cmake --build /home/submarine/ros_ws/build/orientation_msg -- -j4 -l4
[0.236s] [  2%] Built target orientation_msg__rosidl_generator_type_description
[0.349s] [  2%] Built target ament_cmake_python_copy_orientation_msg
[0.371s] [ 20%] Built target orientation_msg__rosidl_generator_c
[0.414s] [ 22%] Built target orientation_msg__cpp
[0.490s] [ 31%] Built target orientation_msg__rosidl_typesupport_introspection_c
[0.567s] [ 40%] Built target orientation_msg__rosidl_typesupport_fastrtps_c
[0.596s] [ 50%] Built target orientation_msg__rosidl_typesupport_c
[0.715s] [ 59%] Built target orientation_msg__rosidl_typesupport_fastrtps_cpp
[0.766s] [ 68%] Built target orientation_msg__rosidl_typesupport_introspection_cpp
[0.775s] [ 77%] Built target orientation_msg__rosidl_typesupport_cpp
[0.873s] [ 77%] Built target orientation_msg
[0.932s] [ 79%] Built target orientation_msg__py
[1.025s] [ 86%] Built target orientation_msg__rosidl_generator_py
[1.139s] [ 90%] Built target orientation_msg_s__rosidl_typesupport_c
[1.150s] [ 95%] Built target orientation_msg_s__rosidl_typesupport_fastrtps_c
[1.151s] [100%] Built target orientation_msg_s__rosidl_typesupport_introspection_c
[1.294s] running egg_info
[1.319s] writing orientation_msg.egg-info/PKG-INFO
[1.321s] writing dependency_links to orientation_msg.egg-info/dependency_links.txt
[1.321s] writing top-level names to orientation_msg.egg-info/top_level.txt
[1.390s] reading manifest file 'orientation_msg.egg-info/SOURCES.txt'
[1.392s] writing manifest file 'orientation_msg.egg-info/SOURCES.txt'
[1.520s] [100%] Built target ament_cmake_python_build_orientation_msg_egg
[1.563s] Invoked command in '/home/submarine/ros_ws/build/orientation_msg' returned '0': CMAKE_PREFIX_PATH=${CMAKE_PREFIX_PATH}:/home/submarine/ryans_ws/install/esc_pkg:/home/submarine/ros_ws/install/speed_sensor:/home/submarine/ros_ws/install/sonars:/home/submarine/ros_ws/install/orientation_package:/opt/ros/jazzy DEBUGINFOD_URLS=https://debuginfod.ubuntu.com PS1=(bluerobotics-ping) \[\e]0;\u@\h: \w\a\]${debian_chroot:+($debian_chroot)}\[\033[01;32m\]\u@\h\[\033[00m\]:\[\033[01;34m\]\w\[\033[00m\]\$ VIRTUAL_ENV_PROMPT=(bluerobotics-ping) /usr/bin/cmake --build /home/submarine/ros_ws/build/orientation_msg -- -j4 -l4
[1.767s] Invoking command in '/home/submarine/ros_ws/build/orientation_msg': CMAKE_PREFIX_PATH=${CMAKE_PREFIX_PATH}:/home/submarine/ryans_ws/install/esc_pkg:/home/submarine/ros_ws/install/speed_sensor:/home/submarine/ros_ws/install/sonars:/home/submarine/ros_ws/install/orientation_package:/opt/ros/jazzy DEBUGINFOD_URLS=https://debuginfod.ubuntu.com PS1=(bluerobotics-ping) \[\e]0;\u@\h: \w\a\]${debian_chroot:+($debian_chroot)}\[\033[01;32m\]\u@\h\[\033[00m\]:\[\033[01;34m\]\w\[\033[00m\]\$ VIRTUAL_ENV_PROMPT=(bluerobotics-ping) /usr/bin/cmake --install /home/submarine/ros_ws/build/orientation_msg
[1.803s] -- Install configuration: ""
[1.804s] -- Up-to-date: /home/submarine/ros_ws/install/orientation_msg/share/ament_index/resource_index/rosidl_interfaces/orientation_msg
[1.804s] -- Up-to-date: /home/submarine/ros_ws/install/orientation_msg/share/orientation_msg/msg/Orientation.json
[1.804s] -- Up-to-date: /home/submarine/ros_ws/install/orientation_msg/share/orientation_msg/msg/Esc.json
[1.804s] -- Up-to-date: /home/submarine/ros_ws/install/orientation_msg/include/orientation_msg/orientation_msg
[1.804s] -- Up-to-date: /home/submarine/ros_ws/install/orientation_msg/include/orientation_msg/orientation_msg/msg
[1.805s] -- Up-to-date: /home/submarine/ros_ws/install/orientation_msg/include/orientation_msg/orientation_msg/msg/detail
[1.805s] -- Up-to-date: /home/submarine/ros_ws/install/orientation_msg/include/orientation_msg/orientation_msg/msg/detail/esc__description.c
[1.805s] -- Up-to-date: /home/submarine/ros_ws/install/orientation_msg/include/orientation_msg/orientation_msg/msg/detail/orientation__description.c
[1.806s] -- Up-to-date: /home/submarine/ros_ws/install/orientation_msg/include/orientation_msg/orientation_msg/msg/detail/orientation__type_support.c
[1.806s] -- Up-to-date: /home/submarine/ros_ws/install/orientation_msg/include/orientation_msg/orientation_msg/msg/detail/esc__functions.c
[1.807s] -- Up-to-date: /home/submarine/ros_ws/install/orientation_msg/include/orientation_msg/orientation_msg/msg/detail/orientation__struct.h
[1.807s] -- Up-to-date: /home/submarine/ros_ws/install/orientation_msg/include/orientation_msg/orientation_msg/msg/detail/orientation__type_support.h
[1.808s] -- Up-to-date: /home/submarine/ros_ws/install/orientation_msg/include/orientation_msg/orientation_msg/msg/detail/esc__struct.h
[1.808s] -- Up-to-date: /home/submarine/ros_ws/install/orientation_msg/include/orientation_msg/orientation_msg/msg/detail/orientation__functions.h
[1.808s] -- Up-to-date: /home/submarine/ros_ws/install/orientation_msg/include/orientation_msg/orientation_msg/msg/detail/esc__functions.h
[1.809s] -- Up-to-date: /home/submarine/ros_ws/install/orientation_msg/include/orientation_msg/orientation_msg/msg/detail/esc__type_support.c
[1.809s] -- Up-to-date: /home/submarine/ros_ws/install/orientation_msg/include/orientation_msg/orientation_msg/msg/detail/esc__type_support.h
[1.810s] -- Up-to-date: /home/submarine/ros_ws/install/orientation_msg/include/orientation_msg/orientation_msg/msg/detail/orientation__functions.c
[1.810s] -- Up-to-date: /home/submarine/ros_ws/install/orientation_msg/include/orientation_msg/orientation_msg/msg/esc.h
[1.810s] -- Up-to-date: /home/submarine/ros_ws/install/orientation_msg/include/orientation_msg/orientation_msg/msg/orientation.h
[1.814s] -- Up-to-date: /home/submarine/ros_ws/install/orientation_msg/include/orientation_msg/orientation_msg/msg/rosidl_generator_c__visibility_control.h
[1.814s] -- Up-to-date: /home/submarine/ros_ws/install/orientation_msg/share/orientation_msg/environment/library_path.sh
[1.814s] -- Up-to-date: /home/submarine/ros_ws/install/orientation_msg/share/orientation_msg/environment/library_path.dsv
[1.815s] -- Up-to-date: /home/submarine/ros_ws/install/orientation_msg/lib/liborientation_msg__rosidl_generator_c.so
[1.821s] -- Up-to-date: /home/submarine/ros_ws/install/orientation_msg/include/orientation_msg/orientation_msg
[1.822s] -- Up-to-date: /home/submarine/ros_ws/install/orientation_msg/include/orientation_msg/orientation_msg/msg
[1.822s] -- Up-to-date: /home/submarine/ros_ws/install/orientation_msg/include/orientation_msg/orientation_msg/msg/detail
[1.822s] -- Up-to-date: /home/submarine/ros_ws/install/orientation_msg/include/orientation_msg/orientation_msg/msg/detail/orientation__rosidl_typesupport_fastrtps_c.h
[1.822s] -- Up-to-date: /home/submarine/ros_ws/install/orientation_msg/include/orientation_msg/orientation_msg/msg/detail/esc__rosidl_typesupport_fastrtps_c.h
[1.823s] -- Up-to-date: /home/submarine/ros_ws/install/orientation_msg/include/orientation_msg/orientation_msg/msg/rosidl_typesupport_fastrtps_c__visibility_control.h
[1.823s] -- Up-to-date: /home/submarine/ros_ws/install/orientation_msg/lib/liborientation_msg__rosidl_typesupport_fastrtps_c.so
[1.823s] -- Up-to-date: /home/submarine/ros_ws/install/orientation_msg/include/orientation_msg/orientation_msg
[1.823s] -- Up-to-date: /home/submarine/ros_ws/install/orientation_msg/include/orientation_msg/orientation_msg/msg
[1.823s] -- Up-to-date: /home/submarine/ros_ws/install/orientation_msg/include/orientation_msg/orientation_msg/msg/detail
[1.823s] -- Up-to-date: /home/submarine/ros_ws/install/orientation_msg/include/orientation_msg/orientation_msg/msg/detail/orientation__type_support.c
[1.823s] -- Up-to-date: /home/submarine/ros_ws/install/orientation_msg/include/orientation_msg/orientation_msg/msg/detail/esc__rosidl_typesupport_introspection_c.h
[1.823s] -- Up-to-date: /home/submarine/ros_ws/install/orientation_msg/include/orientation_msg/orientation_msg/msg/detail/orientation__rosidl_typesupport_introspection_c.h
[1.824s] -- Up-to-date: /home/submarine/ros_ws/install/orientation_msg/include/orientation_msg/orientation_msg/msg/detail/esc__type_support.c
[1.832s] -- Up-to-date: /home/submarine/ros_ws/install/orientation_msg/include/orientation_msg/orientation_msg/msg/rosidl_typesupport_introspection_c__visibility_control.h
[1.833s] -- Up-to-date: /home/submarine/ros_ws/install/orientation_msg/lib/liborientation_msg__rosidl_typesupport_introspection_c.so
[1.833s] -- Up-to-date: /home/submarine/ros_ws/install/orientation_msg/lib/liborientation_msg__rosidl_typesupport_c.so
[1.833s] -- Up-to-date: /home/submarine/ros_ws/install/orientation_msg/include/orientation_msg/orientation_msg
[1.836s] -- Up-to-date: /home/submarine/ros_ws/install/orientation_msg/include/orientation_msg/orientation_msg/msg
[1.836s] -- Up-to-date: /home/submarine/ros_ws/install/orientation_msg/include/orientation_msg/orientation_msg/msg/detail
[1.836s] -- Up-to-date: /home/submarine/ros_ws/install/orientation_msg/include/orientation_msg/orientation_msg/msg/detail/esc__traits.hpp
[1.836s] -- Up-to-date: /home/submarine/ros_ws/install/orientation_msg/include/orientation_msg/orientation_msg/msg/detail/esc__struct.hpp
[1.837s] -- Up-to-date: /home/submarine/ros_ws/install/orientation_msg/include/orientation_msg/orientation_msg/msg/detail/esc__type_support.hpp
[1.837s] -- Up-to-date: /home/submarine/ros_ws/install/orientation_msg/include/orientation_msg/orientation_msg/msg/detail/orientation__traits.hpp
[1.837s] -- Up-to-date: /home/submarine/ros_ws/install/orientation_msg/include/orientation_msg/orientation_msg/msg/detail/orientation__builder.hpp
[1.837s] -- Up-to-date: /home/submarine/ros_ws/install/orientation_msg/include/orientation_msg/orientation_msg/msg/detail/orientation__struct.hpp
[1.837s] -- Up-to-date: /home/submarine/ros_ws/install/orientation_msg/include/orientation_msg/orientation_msg/msg/detail/esc__builder.hpp
[1.840s] -- Up-to-date: /home/submarine/ros_ws/install/orientation_msg/include/orientation_msg/orientation_msg/msg/detail/orientation__type_support.hpp
[1.840s] -- Up-to-date: /home/submarine/ros_ws/install/orientation_msg/include/orientation_msg/orientation_msg/msg/esc.hpp
[1.841s] -- Up-to-date: /home/submarine/ros_ws/install/orientation_msg/include/orientation_msg/orientation_msg/msg/rosidl_generator_cpp__visibility_control.hpp
[1.841s] -- Up-to-date: /home/submarine/ros_ws/install/orientation_msg/include/orientation_msg/orientation_msg/msg/orientation.hpp
[1.841s] -- Up-to-date: /home/submarine/ros_ws/install/orientation_msg/include/orientation_msg/orientation_msg
[1.841s] -- Up-to-date: /home/submarine/ros_ws/install/orientation_msg/include/orientation_msg/orientation_msg/msg
[1.841s] -- Up-to-date: /home/submarine/ros_ws/install/orientation_msg/include/orientation_msg/orientation_msg/msg/detail
[1.842s] -- Up-to-date: /home/submarine/ros_ws/install/orientation_msg/include/orientation_msg/orientation_msg/msg/detail/dds_fastrtps
[1.842s] -- Up-to-date: /home/submarine/ros_ws/install/orientation_msg/include/orientation_msg/orientation_msg/msg/detail/esc__rosidl_typesupport_fastrtps_cpp.hpp
[1.842s] -- Up-to-date: /home/submarine/ros_ws/install/orientation_msg/include/orientation_msg/orientation_msg/msg/detail/orientation__rosidl_typesupport_fastrtps_cpp.hpp
[1.842s] -- Up-to-date: /home/submarine/ros_ws/install/orientation_msg/include/orientation_msg/orientation_msg/msg/rosidl_typesupport_fastrtps_cpp__visibility_control.h
[1.842s] -- Up-to-date: /home/submarine/ros_ws/install/orientation_msg/lib/liborientation_msg__rosidl_typesupport_fastrtps_cpp.so
[1.842s] -- Up-to-date: /home/submarine/ros_ws/install/orientation_msg/include/orientation_msg/orientation_msg
[1.842s] -- Up-to-date: /home/submarine/ros_ws/install/orientation_msg/include/orientation_msg/orientation_msg/msg
[1.842s] -- Up-to-date: /home/submarine/ros_ws/install/orientation_msg/include/orientation_msg/orientation_msg/msg/detail
[1.843s] -- Up-to-date: /home/submarine/ros_ws/install/orientation_msg/include/orientation_msg/orientation_msg/msg/detail/esc__rosidl_typesupport_introspection_cpp.hpp
[1.843s] -- Up-to-date: /home/submarine/ros_ws/install/orientation_msg/include/orientation_msg/orientation_msg/msg/detail/orientation__type_support.cpp
[1.843s] -- Up-to-date: /home/submarine/ros_ws/install/orientation_msg/include/orientation_msg/orientation_msg/msg/detail/esc__type_support.cpp
[1.845s] -- Up-to-date: /home/submarine/ros_ws/install/orientation_msg/include/orientation_msg/orientation_msg/msg/detail/orientation__rosidl_typesupport_introspection_cpp.hpp
[1.845s] -- Up-to-date: /home/submarine/ros_ws/install/orientation_msg/lib/liborientation_msg__rosidl_typesupport_introspection_cpp.so
[1.846s] -- Up-to-date: /home/submarine/ros_ws/install/orientation_msg/lib/liborientation_msg__rosidl_typesupport_cpp.so
[1.847s] -- Up-to-date: /home/submarine/ros_ws/install/orientation_msg/share/orientation_msg/environment/pythonpath.sh
[1.847s] -- Up-to-date: /home/submarine/ros_ws/install/orientation_msg/share/orientation_msg/environment/pythonpath.dsv
[1.847s] -- Up-to-date: /home/submarine/ros_ws/install/orientation_msg/lib/python3.12/site-packages/orientation_msg-0.0.0-py3.12.egg-info
[1.847s] -- Installing: /home/submarine/ros_ws/install/orientation_msg/lib/python3.12/site-packages/orientation_msg-0.0.0-py3.12.egg-info/SOURCES.txt
[1.847s] -- Installing: /home/submarine/ros_ws/install/orientation_msg/lib/python3.12/site-packages/orientation_msg-0.0.0-py3.12.egg-info/PKG-INFO
[1.847s] -- Installing: /home/submarine/ros_ws/install/orientation_msg/lib/python3.12/site-packages/orientation_msg-0.0.0-py3.12.egg-info/dependency_links.txt
[1.847s] -- Installing: /home/submarine/ros_ws/install/orientation_msg/lib/python3.12/site-packages/orientation_msg-0.0.0-py3.12.egg-info/top_level.txt
[1.847s] -- Up-to-date: /home/submarine/ros_ws/install/orientation_msg/lib/python3.12/site-packages/orientation_msg
[1.848s] -- Up-to-date: /home/submarine/ros_ws/install/orientation_msg/lib/python3.12/site-packages/orientation_msg/orientation_msg_s__rosidl_typesupport_introspection_c.so
[1.848s] -- Up-to-date: /home/submarine/ros_ws/install/orientation_msg/lib/python3.12/site-packages/orientation_msg/_orientation_msg_s.ep.rosidl_typesupport_fastrtps_c.c
[1.848s] -- Up-to-date: /home/submarine/ros_ws/install/orientation_msg/lib/python3.12/site-packages/orientation_msg/_orientation_msg_s.ep.rosidl_typesupport_c.c
[1.848s] -- Up-to-date: /home/submarine/ros_ws/install/orientation_msg/lib/python3.12/site-packages/orientation_msg/orientation_msg_s__rosidl_typesupport_c.so
[1.851s] -- Up-to-date: /home/submarine/ros_ws/install/orientation_msg/lib/python3.12/site-packages/orientation_msg/orientation_msg_s__rosidl_typesupport_fastrtps_c.so
[1.852s] -- Up-to-date: /home/submarine/ros_ws/install/orientation_msg/lib/python3.12/site-packages/orientation_msg/__init__.py
[1.852s] -- Up-to-date: /home/submarine/ros_ws/install/orientation_msg/lib/python3.12/site-packages/orientation_msg/_orientation_msg_s.ep.rosidl_typesupport_introspection_c.c
[1.852s] -- Up-to-date: /home/submarine/ros_ws/install/orientation_msg/lib/python3.12/site-packages/orientation_msg/msg
[1.852s] -- Up-to-date: /home/submarine/ros_ws/install/orientation_msg/lib/python3.12/site-packages/orientation_msg/msg/_esc.py
[1.852s] -- Up-to-date: /home/submarine/ros_ws/install/orientation_msg/lib/python3.12/site-packages/orientation_msg/msg/_esc_s.c
[1.852s] -- Up-to-date: /home/submarine/ros_ws/install/orientation_msg/lib/python3.12/site-packages/orientation_msg/msg/__init__.py
[1.852s] -- Up-to-date: /home/submarine/ros_ws/install/orientation_msg/lib/python3.12/site-packages/orientation_msg/msg/_orientation.py
[1.852s] -- Up-to-date: /home/submarine/ros_ws/install/orientation_msg/lib/python3.12/site-packages/orientation_msg/msg/_orientation_s.c
[1.939s] Listing '/home/submarine/ros_ws/install/orientation_msg/lib/python3.12/site-packages/orientation_msg'...
[1.939s] Listing '/home/submarine/ros_ws/install/orientation_msg/lib/python3.12/site-packages/orientation_msg/msg'...
[1.965s] -- Up-to-date: /home/submarine/ros_ws/install/orientation_msg/lib/python3.12/site-packages/orientation_msg/orientation_msg_s__rosidl_typesupport_fastrtps_c.so
[1.965s] -- Up-to-date: /home/submarine/ros_ws/install/orientation_msg/lib/python3.12/site-packages/orientation_msg/orientation_msg_s__rosidl_typesupport_introspection_c.so
[1.966s] -- Up-to-date: /home/submarine/ros_ws/install/orientation_msg/lib/python3.12/site-packages/orientation_msg/orientation_msg_s__rosidl_typesupport_c.so
[1.967s] -- Up-to-date: /home/submarine/ros_ws/install/orientation_msg/lib/liborientation_msg__rosidl_generator_py.so
[1.968s] -- Up-to-date: /home/submarine/ros_ws/install/orientation_msg/share/orientation_msg/msg/Orientation.idl
[1.968s] -- Up-to-date: /home/submarine/ros_ws/install/orientation_msg/share/orientation_msg/msg/Esc.idl
[1.971s] -- Up-to-date: /home/submarine/ros_ws/install/orientation_msg/share/orientation_msg/msg/Orientation.msg
[1.972s] -- Up-to-date: /home/submarine/ros_ws/install/orientation_msg/share/orientation_msg/msg/Esc.msg
[1.973s] -- Up-to-date: /home/submarine/ros_ws/install/orientation_msg/share/ament_index/resource_index/package_run_dependencies/orientation_msg
[1.973s] -- Up-to-date: /home/submarine/ros_ws/install/orientation_msg/share/ament_index/resource_index/parent_prefix_path/orientation_msg
[1.973s] -- Up-to-date: /home/submarine/ros_ws/install/orientation_msg/share/orientation_msg/environment/ament_prefix_path.sh
[1.973s] -- Up-to-date: /home/submarine/ros_ws/install/orientation_msg/share/orientation_msg/environment/ament_prefix_path.dsv
[1.974s] -- Up-to-date: /home/submarine/ros_ws/install/orientation_msg/share/orientation_msg/environment/path.sh
[1.974s] -- Up-to-date: /home/submarine/ros_ws/install/orientation_msg/share/orientation_msg/environment/path.dsv
[1.974s] -- Up-to-date: /home/submarine/ros_ws/install/orientation_msg/share/orientation_msg/local_setup.bash
[1.974s] -- Up-to-date: /home/submarine/ros_ws/install/orientation_msg/share/orientation_msg/local_setup.sh
[1.974s] -- Up-to-date: /home/submarine/ros_ws/install/orientation_msg/share/orientation_msg/local_setup.zsh
[1.974s] -- Up-to-date: /home/submarine/ros_ws/install/orientation_msg/share/orientation_msg/local_setup.dsv
[1.974s] -- Installing: /home/submarine/ros_ws/install/orientation_msg/share/orientation_msg/package.dsv
[1.974s] -- Up-to-date: /home/submarine/ros_ws/install/orientation_msg/share/ament_index/resource_index/packages/orientation_msg
[1.975s] -- Up-to-date: /home/submarine/ros_ws/install/orientation_msg/share/orientation_msg/cmake/export_orientation_msg__rosidl_generator_cExport.cmake
[1.975s] -- Up-to-date: /home/submarine/ros_ws/install/orientation_msg/share/orientation_msg/cmake/export_orientation_msg__rosidl_generator_cExport-noconfig.cmake
[1.975s] -- Up-to-date: /home/submarine/ros_ws/install/orientation_msg/share/orientation_msg/cmake/export_orientation_msg__rosidl_typesupport_fastrtps_cExport.cmake
[1.979s] -- Up-to-date: /home/submarine/ros_ws/install/orientation_msg/share/orientation_msg/cmake/export_orientation_msg__rosidl_typesupport_fastrtps_cExport-noconfig.cmake
[1.979s] -- Up-to-date: /home/submarine/ros_ws/install/orientation_msg/share/orientation_msg/cmake/orientation_msg__rosidl_typesupport_introspection_cExport.cmake
[1.980s] -- Up-to-date: /home/submarine/ros_ws/install/orientation_msg/share/orientation_msg/cmake/orientation_msg__rosidl_typesupport_introspection_cExport-noconfig.cmake
[1.980s] -- Up-to-date: /home/submarine/ros_ws/install/orientation_msg/share/orientation_msg/cmake/orientation_msg__rosidl_typesupport_cExport.cmake
[1.980s] -- Up-to-date: /home/submarine/ros_ws/install/orientation_msg/share/orientation_msg/cmake/orientation_msg__rosidl_typesupport_cExport-noconfig.cmake
[1.980s] -- Up-to-date: /home/submarine/ros_ws/install/orientation_msg/share/orientation_msg/cmake/export_orientation_msg__rosidl_generator_cppExport.cmake
[1.980s] -- Up-to-date: /home/submarine/ros_ws/install/orientation_msg/share/orientation_msg/cmake/export_orientation_msg__rosidl_typesupport_fastrtps_cppExport.cmake
[1.980s] -- Up-to-date: /home/submarine/ros_ws/install/orientation_msg/share/orientation_msg/cmake/export_orientation_msg__rosidl_typesupport_fastrtps_cppExport-noconfig.cmake
[1.981s] -- Up-to-date: /home/submarine/ros_ws/install/orientation_msg/share/orientation_msg/cmake/orientation_msg__rosidl_typesupport_introspection_cppExport.cmake
[1.981s] -- Up-to-date: /home/submarine/ros_ws/install/orientation_msg/share/orientation_msg/cmake/orientation_msg__rosidl_typesupport_introspection_cppExport-noconfig.cmake
[1.981s] -- Up-to-date: /home/submarine/ros_ws/install/orientation_msg/share/orientation_msg/cmake/orientation_msg__rosidl_typesupport_cppExport.cmake
[1.981s] -- Up-to-date: /home/submarine/ros_ws/install/orientation_msg/share/orientation_msg/cmake/orientation_msg__rosidl_typesupport_cppExport-noconfig.cmake
[1.982s] -- Up-to-date: /home/submarine/ros_ws/install/orientation_msg/share/orientation_msg/cmake/export_orientation_msg__rosidl_generator_pyExport.cmake
[1.983s] -- Up-to-date: /home/submarine/ros_ws/install/orientation_msg/share/orientation_msg/cmake/export_orientation_msg__rosidl_generator_pyExport-noconfig.cmake
[1.983s] -- Up-to-date: /home/submarine/ros_ws/install/orientation_msg/share/orientation_msg/cmake/rosidl_cmake-extras.cmake
[1.983s] -- Up-to-date: /home/submarine/ros_ws/install/orientation_msg/share/orientation_msg/cmake/ament_cmake_export_include_directories-extras.cmake
[1.983s] -- Up-to-date: /home/submarine/ros_ws/install/orientation_msg/share/orientation_msg/cmake/ament_cmake_export_libraries-extras.cmake
[1.983s] -- Up-to-date: /home/submarine/ros_ws/install/orientation_msg/share/orientation_msg/cmake/ament_cmake_export_targets-extras.cmake
[1.983s] -- Up-to-date: /home/submarine/ros_ws/install/orientation_msg/share/orientation_msg/cmake/rosidl_cmake_export_typesupport_targets-extras.cmake
[1.983s] -- Up-to-date: /home/submarine/ros_ws/install/orientation_msg/share/orientation_msg/cmake/ament_cmake_export_dependencies-extras.cmake
[1.983s] -- Up-to-date: /home/submarine/ros_ws/install/orientation_msg/share/orientation_msg/cmake/rosidl_cmake_export_typesupport_libraries-extras.cmake
[1.985s] -- Up-to-date: /home/submarine/ros_ws/install/orientation_msg/share/orientation_msg/cmake/orientation_msgConfig.cmake
[1.985s] -- Up-to-date: /home/submarine/ros_ws/install/orientation_msg/share/orientation_msg/cmake/orientation_msgConfig-version.cmake
[1.985s] -- Up-to-date: /home/submarine/ros_ws/install/orientation_msg/share/orientation_msg/package.xml
[1.988s] Invoked command in '/home/submarine/ros_ws/build/orientation_msg' returned '0': CMAKE_PREFIX_PATH=${CMAKE_PREFIX_PATH}:/home/submarine/ryans_ws/install/esc_pkg:/home/submarine/ros_ws/install/speed_sensor:/home/submarine/ros_ws/install/sonars:/home/submarine/ros_ws/install/orientation_package:/opt/ros/jazzy DEBUGINFOD_URLS=https://debuginfod.ubuntu.com PS1=(bluerobotics-ping) \[\e]0;\u@\h: \w\a\]${debian_chroot:+($debian_chroot)}\[\033[01;32m\]\u@\h\[\033[00m\]:\[\033[01;34m\]\w\[\033[00m\]\$ VIRTUAL_ENV_PROMPT=(bluerobotics-ping) /usr/bin/cmake --install /home/submarine/ros_ws/build/orientation_msg
